[2023-09-29 20:36:39]	compilation failed at : "c:\Users\赵建华\Desktop\keilvs\9-29\project\src\main.c", exit code: 2
command: 
  "d:\keil\C51\BIN\C51.exe" .\src\main.c OMF2 TABS(4) CODE NOCOND SYMBOLS PRINT(.\build\Release\src\main.lst) INCDIR(d:/keil/C51/INC;src) DEFINE(__UVISION_VERSION='526') OPTIMIZE(8,SPEED) SMALL ROM(LARGE) OBJECT(.\build\Release\src\main.o)
   at unify_builder.Program.Main(String[] args_)
---
C51 COMPILER V9.54 - SN: K1DZC-GDGGZC
COPYRIGHT Copyright (C) 2012 - 2015 ARM Ltd and ARM Germany GmbH. All rights reserved.
*** ERROR C202 IN LINE 9 OF .\SRC\MAIN.C: 'unsignedchar': undefined identifier
*** ERROR C202 IN LINE 11 OF .\SRC\MAIN.C: 'unsignedchari': undefined identifier
*** ERROR C202 IN LINE 13 OF .\SRC\MAIN.C: 'i': undefined identifier
*** ERROR C202 IN LINE 15 OF .\SRC\MAIN.C: 'j': undefined identifier
*** ERROR C202 IN LINE 17 OF .\SRC\MAIN.C: 'p1': undefined identifier
*** ERROR C202 IN LINE 19 OF .\SRC\MAIN.C: 'p2': undefined identifier
*** ERROR C202 IN LINE 21 OF .\SRC\MAIN.C: 'p1': undefined identifier

C51 COMPILATION COMPLETE.  0 WARNING(S),  7 ERROR(S)

[2023-09-29 20:36:45]	compilation failed at : "c:\Users\赵建华\Desktop\keilvs\9-29\project\src\main.c", exit code: 2
command: 
  "d:\keil\C51\BIN\C51.exe" .\src\main.c OMF2 TABS(4) CODE NOCOND SYMBOLS PRINT(.\build\Release\src\main.lst) INCDIR(d:/keil/C51/INC;src) DEFINE(__UVISION_VERSION='526') OPTIMIZE(8,SPEED) SMALL ROM(LARGE) OBJECT(.\build\Release\src\main.o)
   at unify_builder.Program.Main(String[] args_)
---
C51 COMPILER V9.54 - SN: K1DZC-GDGGZC
COPYRIGHT Copyright (C) 2012 - 2015 ARM Ltd and ARM Germany GmbH. All rights reserved.
*** ERROR C202 IN LINE 13 OF .\SRC\MAIN.C: 'i': undefined identifier
*** ERROR C202 IN LINE 17 OF .\SRC\MAIN.C: 'i': undefined identifier

C51 COMPILATION COMPLETE.  0 WARNING(S),  2 ERROR(S)

[2023-09-29 20:37:00]	[done]
	build successfully !

