[2023-08-09 22:26:21]	[done]
	build successfully !

[2023-08-09 22:27:21]	[done]
	build successfully !

[2023-08-09 22:27:54]	compilation failed at : "c:\Users\赵建华\Desktop\keilvs\8-9-2直流电机调速\project\src\main.c", exit code: 2
command: 
  "d:\keil\C51\BIN\C51.exe" .\src\main.c OMF2 TABS(4) CODE NOCOND SYMBOLS PRINT(.\build\Release\src\main.lst) INCDIR(d:/keil/C51/INC;src) DEFINE(__UVISION_VERSION='526') OPTIMIZE(8,SPEED) SMALL ROM(LARGE) OBJECT(.\build\Release\src\main.o)
   at unify_builder.Program.Main(String[] args_)
---
C51 COMPILER V9.54 - SN: K1DZC-GDGGZC
COPYRIGHT Copyright (C) 2012 - 2015 ARM Ltd and ARM Germany GmbH. All rights reserved.
*** ERROR C141 IN LINE 11 OF .\SRC\MAIN.C: syntax error near '='

C51 COMPILATION COMPLETE.  0 WARNING(S),  1 ERROR(S)

[2023-08-09 22:28:00]	[done]
	build successfully !

[2023-08-09 22:38:10]	[done]
	build successfully !

[2023-08-09 22:41:18]	[done]
	build successfully !

[2023-08-09 22:42:09]	[done]
	build successfully !

[2023-08-09 22:44:12]	[done]
	build successfully !

[2023-08-09 22:46:37]	[done]
	build successfully !

[2023-08-09 22:48:07]	[done]
	build successfully !

[2023-08-09 22:49:31]	[done]
	build successfully !

[2023-08-09 22:51:43]	[done]
	build successfully !

[2023-08-09 22:52:08]	[done]
	build successfully !

[2023-08-09 22:57:04]	[done]
	build successfully !

[2023-08-09 22:58:02]	[done]
	build successfully !

[2023-08-09 22:58:21]	[done]
	build successfully !

[2023-08-09 22:59:43]	[done]
	build successfully !

[2023-08-09 23:00:54]	[done]
	build successfully !

[2023-08-09 23:02:40]	[done]
	build successfully !

[2023-08-09 23:04:48]	[done]
	build successfully !

