[2023-08-01 22:15:26]	[done]
	build successfully !

[2023-08-01 22:42:26]	[done]
	build successfully !

[2023-08-01 22:44:47]	[done]
	build successfully !

[2023-08-01 22:49:44]	compilation failed at : "c:\Users\赵建华\Desktop\keilvs\8-1AT24C02数据储存\project\src\AT24C02.c", exit code: 2
command: 
  "d:\keil\C51\BIN\C51.exe" .\src\AT24C02.c OMF2 TABS(4) CODE NOCOND SYMBOLS PRINT(.\build\Release\src\AT24C02.lst) INCDIR(d:/keil/C51/INC;src) DEFINE(__UVISION_VERSION='526') OPTIMIZE(8,SPEED) SMALL ROM(LARGE) OBJECT(.\build\Release\src\AT24C02.o)
   at unify_builder.Program.Main(String[] args_)
---
C51 COMPILER V9.54 - SN: K1DZC-GDGGZC
COPYRIGHT Copyright (C) 2012 - 2015 ARM Ltd and ARM Germany GmbH. All rights reserved.
*** ERROR C141 IN LINE 10 OF .\SRC\AT24C02.C: syntax error near ';'
*** ERROR C141 IN LINE 10 OF .\SRC\AT24C02.C: syntax error near ')'

C51 COMPILATION COMPLETE.  0 WARNING(S),  2 ERROR(S)

[2023-08-01 22:50:43]	compilation failed at : "c:\Users\赵建华\Desktop\keilvs\8-1AT24C02数据储存\project\src\AT24C02.c", exit code: 2
command: 
  "d:\keil\C51\BIN\C51.exe" .\src\AT24C02.c OMF2 TABS(4) CODE NOCOND SYMBOLS PRINT(.\build\Release\src\AT24C02.lst) INCDIR(d:/keil/C51/INC;src) DEFINE(__UVISION_VERSION='526') OPTIMIZE(8,SPEED) SMALL ROM(LARGE) OBJECT(.\build\Release\src\AT24C02.o)
   at unify_builder.Program.Main(String[] args_)
---
C51 COMPILER V9.54 - SN: K1DZC-GDGGZC
COPYRIGHT Copyright (C) 2012 - 2015 ARM Ltd and ARM Germany GmbH. All rights reserved.
*** ERROR C141 IN LINE 10 OF .\SRC\AT24C02.C: syntax error near ';'
*** ERROR C141 IN LINE 10 OF .\SRC\AT24C02.C: syntax error near ')'

C51 COMPILATION COMPLETE.  0 WARNING(S),  2 ERROR(S)

[2023-08-01 22:51:56]	compilation failed at : "c:\Users\赵建华\Desktop\keilvs\8-1AT24C02数据储存\project\src\AT24C02.c", exit code: 2
command: 
  "d:\keil\C51\BIN\C51.exe" .\src\AT24C02.c OMF2 TABS(4) CODE NOCOND SYMBOLS PRINT(.\build\Release\src\AT24C02.lst) INCDIR(d:/keil/C51/INC;src) DEFINE(__UVISION_VERSION='526') OPTIMIZE(8,SPEED) SMALL ROM(LARGE) OBJECT(.\build\Release\src\AT24C02.o)
   at unify_builder.Program.Main(String[] args_)
---
C51 COMPILER V9.54 - SN: K1DZC-GDGGZC
COPYRIGHT Copyright (C) 2012 - 2015 ARM Ltd and ARM Germany GmbH. All rights reserved.
*** ERROR C141 IN LINE 10 OF .\SRC\AT24C02.C: syntax error near ';'
*** ERROR C141 IN LINE 10 OF .\SRC\AT24C02.C: syntax error near ')'

C51 COMPILATION COMPLETE.  0 WARNING(S),  2 ERROR(S)

[2023-08-01 22:52:33]	[done]
	build successfully !

[2023-08-01 22:56:22]	[done]
	build successfully !

[2023-08-01 22:59:56]	[done]
	build successfully !

[2023-08-01 23:02:46]	[done]
	build successfully !

[2023-08-01 23:03:38]	[done]
	build successfully !

[2023-08-01 23:04:15]	[done]
	build successfully !

[2023-08-01 23:04:39]	[done]
	build successfully !

[2023-08-01 23:05:31]	[done]
	build successfully !

[2023-08-01 23:14:38]	compilation failed at : "c:\Users\赵建华\Desktop\keilvs\8-1AT24C02数据储存\project\src\main.c", exit code: 2
command: 
  "d:\keil\C51\BIN\C51.exe" .\src\main.c OMF2 TABS(4) CODE NOCOND SYMBOLS PRINT(.\build\Release\src\main.lst) INCDIR(d:/keil/C51/INC;src) DEFINE(__UVISION_VERSION='526') OPTIMIZE(8,SPEED) SMALL ROM(LARGE) OBJECT(.\build\Release\src\main.o)
   at unify_builder.Program.Main(String[] args_)
---
C51 COMPILER V9.54 - SN: K1DZC-GDGGZC
COPYRIGHT Copyright (C) 2012 - 2015 ARM Ltd and ARM Germany GmbH. All rights reserved.
*** ERROR C202 IN LINE 27 OF .\SRC\MAIN.C: 'Num': undefined identifier
*** ERROR C202 IN LINE 32 OF .\SRC\MAIN.C: 'Num': undefined identifier

C51 COMPILATION COMPLETE.  0 WARNING(S),  2 ERROR(S)

[2023-08-01 23:15:12]	[done]
	build successfully !

[2023-08-01 23:20:47]	[done]
	build successfully !

