C51 COMPILER V9.54   MAIN                                                                  09/28/2023 23:19:48 PAGE 1   


C51 COMPILER V9.54, COMPILATION OF MODULE MAIN
OBJECT MODULE PLACED IN .\build\Release\src\main.o
COMPILER INVOKED BY: d:\keil\C51\BIN\C51.exe .\SRC\MAIN.C OMF2 TABS(4) CODE NOCOND SYMBOLS PRINT(.\build\Release\src\mai
                    -n.lst) INCDIR(d:/keil/C51/INC;src) DEFINE(__UVISION_VERSION=526) OPTIMIZE(8,SPEED) SMALL ROM(LARGE) OBJECT(.\build\Relea
                    -se\src\main.o)

line level    source

   1          //实例5：通过对P3口地址的操作流水点亮8位LED
   2          
   3          #include<reg51.h>    //包含单片机寄存器的头文件
   4          
   5          sfr x=0xb0;    //P3口在存储器中的地址是b0H，通过sfr可定义8051内核单片机
   6          
   7          //的所有内部8位特殊功能寄存器,对地址x的操作也就是对P1口的操作
   8          
   9          /****************************************
  10          
  11          函数功能：延时一段时间
  12          
  13          *****************************************/
  14          
  15          void delay(void)
  16          
  17          {
  18   1      
  19   1      unsigned char i,j;
  20   1      
  21   1      for(i=0;i<250;i++)
  22   1      
  23   1      for(j=0;j<250;j++)
  24   1      
  25   1      ;    //利用循环等待若干机器周期，从而延时一段时间
  26   1      
  27   1      }
  28          
  29          /*****************************************
  30          
  31          函数功能：主函数
  32          
  33          ******************************************/
  34          
  35          void main(void)
  36          
  37          {
  38   1      
  39   1      while(1)
  40   1      
  41   1      {
  42   2      
  43   2      x=0xfe;   //第一个灯亮
  44   2      
  45   2      delay();  //调用延时函数
  46   2      
  47   2      x=0xfd;  //第二个灯亮
  48   2      
  49   2      delay();  //调用延时函数
  50   2      
  51   2      x=0xfb;  //第三个灯亮
  52   2      
  53   2      delay();  //调用延时函数
C51 COMPILER V9.54   MAIN                                                                  09/28/2023 23:19:48 PAGE 2   

  54   2      
  55   2      x=0xf7;  //第四个灯亮
  56   2      
  57   2      delay();  //调用延时函数
  58   2      
  59   2      x=0xef;   //第五个灯亮
  60   2      
  61   2      delay();  //调用延时函数
  62   2      
  63   2      x=0xdf;   //第六个灯亮
  64   2      
  65   2      delay();  //调用延时函数
  66   2      
  67   2      x=0xbf;   //第七个灯亮
  68   2      
  69   2      delay();  //调用延时函数
  70   2      
  71   2      x=0x7f;   //第八个灯亮
  72   2      
  73   2      delay();  //调用延时函数
  74   2      
  75   2      }
  76   1      
  77   1      }
C51 COMPILER V9.54   MAIN                                                                  09/28/2023 23:19:48 PAGE 3   

ASSEMBLY LISTING OF GENERATED OBJECT CODE


             ; FUNCTION delay (BEGIN)
                                           ; SOURCE LINE # 15
                                           ; SOURCE LINE # 17
                                           ; SOURCE LINE # 21
;---- Variable 'i' assigned to Register 'R7' ----
0000 E4                CLR     A
0001 FF                MOV     R7,A
0002         ?C0001:
                                           ; SOURCE LINE # 23
;---- Variable 'j' assigned to Register 'R6' ----
0002 E4                CLR     A
0003 FE                MOV     R6,A
0004         ?C0004:
0004 0E                INC     R6
0005 BEFAFC            CJNE    R6,#0FAH,?C0004
0008         ?C0003:
0008 0F                INC     R7
0009 BFFAF6            CJNE    R7,#0FAH,?C0001
                                           ; SOURCE LINE # 27
000C         ?C0007:
000C 22                RET     
             ; FUNCTION delay (END)

             ; FUNCTION main (BEGIN)
                                           ; SOURCE LINE # 35
                                           ; SOURCE LINE # 37
0000         ?C0008:
                                           ; SOURCE LINE # 39
                                           ; SOURCE LINE # 41
                                           ; SOURCE LINE # 43
0000 75B0FE            MOV     x,#0FEH
                                           ; SOURCE LINE # 45
0003 120000      R     LCALL   delay
                                           ; SOURCE LINE # 47
0006 75B0FD            MOV     x,#0FDH
                                           ; SOURCE LINE # 49
0009 120000      R     LCALL   delay
                                           ; SOURCE LINE # 51
000C 75B0FB            MOV     x,#0FBH
                                           ; SOURCE LINE # 53
000F 120000      R     LCALL   delay
                                           ; SOURCE LINE # 55
0012 75B0F7            MOV     x,#0F7H
                                           ; SOURCE LINE # 57
0015 120000      R     LCALL   delay
                                           ; SOURCE LINE # 59
0018 75B0EF            MOV     x,#0EFH
                                           ; SOURCE LINE # 61
001B 120000      R     LCALL   delay
                                           ; SOURCE LINE # 63
001E 75B0DF            MOV     x,#0DFH
                                           ; SOURCE LINE # 65
0021 120000      R     LCALL   delay
                                           ; SOURCE LINE # 67
0024 75B0BF            MOV     x,#0BFH
                                           ; SOURCE LINE # 69
0027 120000      R     LCALL   delay
                                           ; SOURCE LINE # 71
002A 75B07F            MOV     x,#07FH
C51 COMPILER V9.54   MAIN                                                                  09/28/2023 23:19:48 PAGE 4   

                                           ; SOURCE LINE # 73
002D 120000      R     LCALL   delay
                                           ; SOURCE LINE # 75
0030 80CE              SJMP    ?C0008
             ; FUNCTION main (END)

C51 COMPILER V9.54   MAIN                                                                  09/28/2023 23:19:48 PAGE 5   

NAME                                    CLASS   MSPACE  TYPE    OFFSET  SIZE
====                                    =====   ======  ====    ======  ====


P0 . . . . . . . . . . . . . . . . . .  SFR      DATA   U_CHAR   0080H  1
P1 . . . . . . . . . . . . . . . . . .  SFR      DATA   U_CHAR   0090H  1
P2 . . . . . . . . . . . . . . . . . .  SFR      DATA   U_CHAR   00A0H  1
P3 . . . . . . . . . . . . . . . . . .  SFR      DATA   U_CHAR   00B0H  1
T0 . . . . . . . . . . . . . . . . . .  ABSBIT   -----  BIT      00B4H  1
AC . . . . . . . . . . . . . . . . . .  ABSBIT   -----  BIT      00D6H  1
T1 . . . . . . . . . . . . . . . . . .  ABSBIT   -----  BIT      00B5H  1
EA . . . . . . . . . . . . . . . . . .  ABSBIT   -----  BIT      00AFH  1
IE . . . . . . . . . . . . . . . . . .  SFR      DATA   U_CHAR   00A8H  1
delay. . . . . . . . . . . . . . . . .  PUBLIC   CODE   PROC     0000H  -----
  i. . . . . . . . . . . . . . . . . .  * REG *  DATA   U_CHAR   0007H  1
  j. . . . . . . . . . . . . . . . . .  * REG *  DATA   U_CHAR   0006H  1
RD . . . . . . . . . . . . . . . . . .  ABSBIT   -----  BIT      00B7H  1
ES . . . . . . . . . . . . . . . . . .  ABSBIT   -----  BIT      00ACH  1
IP . . . . . . . . . . . . . . . . . .  SFR      DATA   U_CHAR   00B8H  1
RI . . . . . . . . . . . . . . . . . .  ABSBIT   -----  BIT      0098H  1
INT0 . . . . . . . . . . . . . . . . .  ABSBIT   -----  BIT      00B2H  1
CY . . . . . . . . . . . . . . . . . .  ABSBIT   -----  BIT      00D7H  1
TI . . . . . . . . . . . . . . . . . .  ABSBIT   -----  BIT      0099H  1
INT1 . . . . . . . . . . . . . . . . .  ABSBIT   -----  BIT      00B3H  1
PS . . . . . . . . . . . . . . . . . .  ABSBIT   -----  BIT      00BCH  1
SP . . . . . . . . . . . . . . . . . .  SFR      DATA   U_CHAR   0081H  1
OV . . . . . . . . . . . . . . . . . .  ABSBIT   -----  BIT      00D2H  1
main . . . . . . . . . . . . . . . . .  PUBLIC   CODE   PROC     0000H  -----
WR . . . . . . . . . . . . . . . . . .  ABSBIT   -----  BIT      00B6H  1
SBUF . . . . . . . . . . . . . . . . .  SFR      DATA   U_CHAR   0099H  1
PCON . . . . . . . . . . . . . . . . .  SFR      DATA   U_CHAR   0087H  1
SCON . . . . . . . . . . . . . . . . .  SFR      DATA   U_CHAR   0098H  1
TMOD . . . . . . . . . . . . . . . . .  SFR      DATA   U_CHAR   0089H  1
TCON . . . . . . . . . . . . . . . . .  SFR      DATA   U_CHAR   0088H  1
IE0. . . . . . . . . . . . . . . . . .  ABSBIT   -----  BIT      0089H  1
IE1. . . . . . . . . . . . . . . . . .  ABSBIT   -----  BIT      008BH  1
B. . . . . . . . . . . . . . . . . . .  SFR      DATA   U_CHAR   00F0H  1
ACC. . . . . . . . . . . . . . . . . .  SFR      DATA   U_CHAR   00E0H  1
ET0. . . . . . . . . . . . . . . . . .  ABSBIT   -----  BIT      00A9H  1
ET1. . . . . . . . . . . . . . . . . .  ABSBIT   -----  BIT      00ABH  1
TF0. . . . . . . . . . . . . . . . . .  ABSBIT   -----  BIT      008DH  1
TF1. . . . . . . . . . . . . . . . . .  ABSBIT   -----  BIT      008FH  1
RB8. . . . . . . . . . . . . . . . . .  ABSBIT   -----  BIT      009AH  1
TH0. . . . . . . . . . . . . . . . . .  SFR      DATA   U_CHAR   008CH  1
EX0. . . . . . . . . . . . . . . . . .  ABSBIT   -----  BIT      00A8H  1
IT0. . . . . . . . . . . . . . . . . .  ABSBIT   -----  BIT      0088H  1
TH1. . . . . . . . . . . . . . . . . .  SFR      DATA   U_CHAR   008DH  1
TB8. . . . . . . . . . . . . . . . . .  ABSBIT   -----  BIT      009BH  1
EX1. . . . . . . . . . . . . . . . . .  ABSBIT   -----  BIT      00AAH  1
IT1. . . . . . . . . . . . . . . . . .  ABSBIT   -----  BIT      008AH  1
P. . . . . . . . . . . . . . . . . . .  ABSBIT   -----  BIT      00D0H  1
SM0. . . . . . . . . . . . . . . . . .  ABSBIT   -----  BIT      009FH  1
TL0. . . . . . . . . . . . . . . . . .  SFR      DATA   U_CHAR   008AH  1
SM1. . . . . . . . . . . . . . . . . .  ABSBIT   -----  BIT      009EH  1
TL1. . . . . . . . . . . . . . . . . .  SFR      DATA   U_CHAR   008BH  1
SM2. . . . . . . . . . . . . . . . . .  ABSBIT   -----  BIT      009DH  1
PT0. . . . . . . . . . . . . . . . . .  ABSBIT   -----  BIT      00B9H  1
PT1. . . . . . . . . . . . . . . . . .  ABSBIT   -----  BIT      00BBH  1
RS0. . . . . . . . . . . . . . . . . .  ABSBIT   -----  BIT      00D3H  1
TR0. . . . . . . . . . . . . . . . . .  ABSBIT   -----  BIT      008CH  1
RS1. . . . . . . . . . . . . . . . . .  ABSBIT   -----  BIT      00D4H  1
C51 COMPILER V9.54   MAIN                                                                  09/28/2023 23:19:48 PAGE 6   

NAME                                    CLASS   MSPACE  TYPE    OFFSET  SIZE
====                                    =====   ======  ====    ======  ====


TR1. . . . . . . . . . . . . . . . . .  ABSBIT   -----  BIT      008EH  1
PX0. . . . . . . . . . . . . . . . . .  ABSBIT   -----  BIT      00B8H  1
PX1. . . . . . . . . . . . . . . . . .  ABSBIT   -----  BIT      00BAH  1
DPH. . . . . . . . . . . . . . . . . .  SFR      DATA   U_CHAR   0083H  1
DPL. . . . . . . . . . . . . . . . . .  SFR      DATA   U_CHAR   0082H  1
REN. . . . . . . . . . . . . . . . . .  ABSBIT   -----  BIT      009CH  1
RXD. . . . . . . . . . . . . . . . . .  ABSBIT   -----  BIT      00B0H  1
TXD. . . . . . . . . . . . . . . . . .  ABSBIT   -----  BIT      00B1H  1
F0 . . . . . . . . . . . . . . . . . .  ABSBIT   -----  BIT      00D5H  1
x. . . . . . . . . . . . . . . . . . .  SFR      DATA   U_CHAR   00B0H  1
PSW. . . . . . . . . . . . . . . . . .  SFR      DATA   U_CHAR   00D0H  1


MODULE INFORMATION:   STATIC OVERLAYABLE
   CODE SIZE        =     63    ----
   CONSTANT SIZE    =   ----    ----
   XDATA SIZE       =   ----    ----
   PDATA SIZE       =   ----    ----
   DATA SIZE        =   ----    ----
   IDATA SIZE       =   ----    ----
   BIT SIZE         =   ----    ----
   EDATA SIZE       =   ----    ----
   HDATA SIZE       =   ----    ----
   XDATA CONST SIZE =   ----    ----
   FAR CONST SIZE   =   ----    ----
END OF MODULE INFORMATION.


C51 COMPILATION COMPLETE.  0 WARNING(S),  0 ERROR(S)
