C51 COMPILER V9.54   MAIN                                                                  10/14/2023 21:40:06 PAGE 1   


C51 COMPILER V9.54, COMPILATION OF MODULE MAIN
OBJECT MODULE PLACED IN .\build\Release\src\main.o
COMPILER INVOKED BY: d:\keil\C51\BIN\C51.exe .\SRC\MAIN.C OMF2 TABS(4) CODE NOCOND SYMBOLS PRINT(.\build\Release\src\mai
                    -n.lst) INCDIR(d:/keil/C51/INC;src) DEFINE(__UVISION_VERSION=526) OPTIMIZE(8,SPEED) SMALL ROM(LARGE) OBJECT(.\build\Relea
                    -se\src\main.o)

line level    source

   1          /*
   2              名称:TIMER0,TIMER1,INT0中断控制报警器与旋转灯
   3              说明:定时器控制报警灯旋转显示,并发出警报声
   4          
   5          */
   6          
   7          #include<reg52.h>
   8          #include<intrins.h>
   9          #define INT8U unsigned char
  10          #define INT16U unsigned int 
  11          
  12          sbit SPK=P3^7;
  13          INT8U FRQ=0x00;
  14          
  15          //延时
  16          void delay_ms(INT16U x)
  17          {
  18   1          INT8U t;
  19   1          while(x--)
  20   1          {
  21   2              for(t=0;t<120;t++);
  22   2          }
  23   1      }
  24          
  25          //主程序
  26          void main()
  27          {
  28   1          P2=0x00;//关闭所有LED
  29   1          TMOD=0x11;//两个定时器均工作在模式1
  30   1          TH0=0xFE;//定时器初值为0xFE00
  31   1          TL0=0x00;
  32   1          IT0=1;//下降沿触发INT0中断
  33   1          IE=0x8B;//开启0,1,3号中断(INT0,T0,T1)
  34   1          IP=0x01;//INT0设为高优先级
  35   1          TR0=0;//定时器启停由INT0中断控制,初始为关闭
  36   1          TR1=0;
  37   1          while(1)//循环过程中递增频率,溢出后再次递增
  38   1          {
  39   2              FRQ++;
  40   2              delay_ms(1);
  41   2          }
  42   1      }
  43          
  44          //INT0中断
  45          void ex0_int() interrupt 0
  46          {
  47   1          TR0=!TR0;//开启或停止两个定时器,分别控制报警声和LED旋转
  48   1          TR1=!TR1;
  49   1          if(P2==0x00)
  50   1              P2=0xE0;//开启三个灯旋转(0xE0即1110 0000)
  51   1          else
  52   1              P2=0x00;//关闭所有LED   
  53   1      }
C51 COMPILER V9.54   MAIN                                                                  10/14/2023 21:40:06 PAGE 2   

  54          
  55          //TIMER0中断
  56          void Timer0() interrupt 1
  57          {
  58   1          TH0=0xFE;
  59   1          TL0=FRQ;
  60   1          SPK=~SPK;
  61   1      }
  62          
  63          //TIEMR1中断
  64          void Timer1() interrupt 3
  65          {
  66   1          TH1=-45000>>8;
  67   1          TL1=-45000&0x1F;
  68   1          P2=_crol_(P2,1);
  69   1      }
C51 COMPILER V9.54   MAIN                                                                  10/14/2023 21:40:06 PAGE 3   

ASSEMBLY LISTING OF GENERATED OBJECT CODE


             ; FUNCTION _delay_ms (BEGIN)
                                           ; SOURCE LINE # 16
;---- Variable 't' assigned to Register 'R5' ----
;---- Variable 'x' assigned to Register 'R6/R7' ----
                                           ; SOURCE LINE # 17
0000         ?C0001:
                                           ; SOURCE LINE # 19
0000 EF                MOV     A,R7
0001 1F                DEC     R7
0002 AA06              MOV     R2,AR6
0004 7001              JNZ     ?C0015
0006 1E                DEC     R6
0007         ?C0015:
0007 4A                ORL     A,R2
0008 600B              JZ      ?C0006
                                           ; SOURCE LINE # 20
                                           ; SOURCE LINE # 21
000A E4                CLR     A
000B FD                MOV     R5,A
000C         ?C0003:
000C ED                MOV     A,R5
000D C3                CLR     C
000E 9478              SUBB    A,#078H
0010 50EE              JNC     ?C0001
0012 0D                INC     R5
0013 80F7              SJMP    ?C0003
                                           ; SOURCE LINE # 22
                                           ; SOURCE LINE # 23
0015         ?C0006:
0015 22                RET     
             ; FUNCTION _delay_ms (END)

             ; FUNCTION main (BEGIN)
                                           ; SOURCE LINE # 26
                                           ; SOURCE LINE # 27
                                           ; SOURCE LINE # 28
0000 E4                CLR     A
0001 F5A0              MOV     P2,A
                                           ; SOURCE LINE # 29
0003 758911            MOV     TMOD,#011H
                                           ; SOURCE LINE # 30
0006 758CFE            MOV     TH0,#0FEH
                                           ; SOURCE LINE # 31
0009 F58A              MOV     TL0,A
                                           ; SOURCE LINE # 32
000B D288              SETB    IT0
                                           ; SOURCE LINE # 33
000D 75A88B            MOV     IE,#08BH
                                           ; SOURCE LINE # 34
0010 75B801            MOV     IP,#01H
                                           ; SOURCE LINE # 35
0013 C28C              CLR     TR0
                                           ; SOURCE LINE # 36
0015 C28E              CLR     TR1
0017         ?C0007:
                                           ; SOURCE LINE # 37
                                           ; SOURCE LINE # 38
                                           ; SOURCE LINE # 39
0017 0500        R     INC     FRQ
C51 COMPILER V9.54   MAIN                                                                  10/14/2023 21:40:06 PAGE 4   

                                           ; SOURCE LINE # 40
0019 7F01              MOV     R7,#01H
001B 7E00              MOV     R6,#00H
001D 120000      R     LCALL   _delay_ms
                                           ; SOURCE LINE # 41
0020 80F5              SJMP    ?C0007
             ; FUNCTION main (END)

             ; FUNCTION ex0_int (BEGIN)
0000 C0E0              PUSH    ACC
                                           ; SOURCE LINE # 45
                                           ; SOURCE LINE # 47
0002 B28C              CPL     TR0
                                           ; SOURCE LINE # 48
0004 B28E              CPL     TR1
                                           ; SOURCE LINE # 49
0006 E5A0              MOV     A,P2
0008 7005              JNZ     ?C0010
                                           ; SOURCE LINE # 50
000A 75A0E0            MOV     P2,#0E0H
000D 8003              SJMP    ?C0012
000F         ?C0010:
                                           ; SOURCE LINE # 52
000F 75A000            MOV     P2,#00H
                                           ; SOURCE LINE # 53
0012         ?C0012:
0012 D0E0              POP     ACC
0014 32                RETI    
             ; FUNCTION ex0_int (END)

             ; FUNCTION Timer0 (BEGIN)
                                           ; SOURCE LINE # 56
                                           ; SOURCE LINE # 58
0000 758CFE            MOV     TH0,#0FEH
                                           ; SOURCE LINE # 59
0003 85008A      R     MOV     TL0,FRQ
                                           ; SOURCE LINE # 60
0006 B2B7              CPL     SPK
                                           ; SOURCE LINE # 61
0008 32                RETI    
             ; FUNCTION Timer0 (END)

             ; FUNCTION Timer1 (BEGIN)
0000 C0E0              PUSH    ACC
0002 C0D0              PUSH    PSW
0004 75D000            MOV     PSW,#00H
0007 C000              PUSH    AR0
0009 C007              PUSH    AR7
                                           ; SOURCE LINE # 64
                                           ; SOURCE LINE # 66
000B 758D50            MOV     TH1,#050H
                                           ; SOURCE LINE # 67
000E 758B18            MOV     TL1,#018H
                                           ; SOURCE LINE # 68
0011 AFA0              MOV     R7,P2
0013 7801              MOV     R0,#01H
0015 EF                MOV     A,R7
0016 08                INC     R0
0017 8001              SJMP    ?C0017
0019         ?C0016:
0019 23                RL      A
001A         ?C0017:
C51 COMPILER V9.54   MAIN                                                                  10/14/2023 21:40:06 PAGE 5   

001A D8FD              DJNZ    R0,?C0016
001C F5A0              MOV     P2,A
                                           ; SOURCE LINE # 69
001E D007              POP     AR7
0020 D000              POP     AR0
0022 D0D0              POP     PSW
0024 D0E0              POP     ACC
0026 32                RETI    
             ; FUNCTION Timer1 (END)

C51 COMPILER V9.54   MAIN                                                                  10/14/2023 21:40:06 PAGE 6   

NAME                                    CLASS   MSPACE  TYPE    OFFSET  SIZE
====                                    =====   ======  ====    ======  ====


P0 . . . . . . . . . . . . . . . . . .  SFR      DATA   U_CHAR   0080H  1
P1 . . . . . . . . . . . . . . . . . .  SFR      DATA   U_CHAR   0090H  1
P2 . . . . . . . . . . . . . . . . . .  SFR      DATA   U_CHAR   00A0H  1
P3 . . . . . . . . . . . . . . . . . .  SFR      DATA   U_CHAR   00B0H  1
T0 . . . . . . . . . . . . . . . . . .  ABSBIT   -----  BIT      00B4H  1
AC . . . . . . . . . . . . . . . . . .  ABSBIT   -----  BIT      00D6H  1
T1 . . . . . . . . . . . . . . . . . .  ABSBIT   -----  BIT      00B5H  1
T2 . . . . . . . . . . . . . . . . . .  ABSBIT   -----  BIT      0090H  1
EA . . . . . . . . . . . . . . . . . .  ABSBIT   -----  BIT      00AFH  1
IE . . . . . . . . . . . . . . . . . .  SFR      DATA   U_CHAR   00A8H  1
EXF2 . . . . . . . . . . . . . . . . .  ABSBIT   -----  BIT      00CEH  1
RD . . . . . . . . . . . . . . . . . .  ABSBIT   -----  BIT      00B7H  1
ES . . . . . . . . . . . . . . . . . .  ABSBIT   -----  BIT      00ACH  1
IP . . . . . . . . . . . . . . . . . .  SFR      DATA   U_CHAR   00B8H  1
RI . . . . . . . . . . . . . . . . . .  ABSBIT   -----  BIT      0098H  1
INT0 . . . . . . . . . . . . . . . . .  ABSBIT   -----  BIT      00B2H  1
CY . . . . . . . . . . . . . . . . . .  ABSBIT   -----  BIT      00D7H  1
TI . . . . . . . . . . . . . . . . . .  ABSBIT   -----  BIT      0099H  1
INT1 . . . . . . . . . . . . . . . . .  ABSBIT   -----  BIT      00B3H  1
RCAP2H . . . . . . . . . . . . . . . .  SFR      DATA   U_CHAR   00CBH  1
PS . . . . . . . . . . . . . . . . . .  ABSBIT   -----  BIT      00BCH  1
SP . . . . . . . . . . . . . . . . . .  SFR      DATA   U_CHAR   0081H  1
T2EX . . . . . . . . . . . . . . . . .  ABSBIT   -----  BIT      0091H  1
OV . . . . . . . . . . . . . . . . . .  ABSBIT   -----  BIT      00D2H  1
RCAP2L . . . . . . . . . . . . . . . .  SFR      DATA   U_CHAR   00CAH  1
main . . . . . . . . . . . . . . . . .  PUBLIC   CODE   PROC     0000H  -----
C_T2 . . . . . . . . . . . . . . . . .  ABSBIT   -----  BIT      00C9H  1
WR . . . . . . . . . . . . . . . . . .  ABSBIT   -----  BIT      00B6H  1
RCLK . . . . . . . . . . . . . . . . .  ABSBIT   -----  BIT      00CDH  1
TCLK . . . . . . . . . . . . . . . . .  ABSBIT   -----  BIT      00CCH  1
SBUF . . . . . . . . . . . . . . . . .  SFR      DATA   U_CHAR   0099H  1
PCON . . . . . . . . . . . . . . . . .  SFR      DATA   U_CHAR   0087H  1
Timer0 . . . . . . . . . . . . . . . .  PUBLIC   CODE   PROC     0000H  -----
SCON . . . . . . . . . . . . . . . . .  SFR      DATA   U_CHAR   0098H  1
Timer1 . . . . . . . . . . . . . . . .  PUBLIC   CODE   PROC     0000H  -----
TMOD . . . . . . . . . . . . . . . . .  SFR      DATA   U_CHAR   0089H  1
TCON . . . . . . . . . . . . . . . . .  SFR      DATA   U_CHAR   0088H  1
ex0_int. . . . . . . . . . . . . . . .  PUBLIC   CODE   PROC     0000H  -----
IE0. . . . . . . . . . . . . . . . . .  ABSBIT   -----  BIT      0089H  1
IE1. . . . . . . . . . . . . . . . . .  ABSBIT   -----  BIT      008BH  1
B. . . . . . . . . . . . . . . . . . .  SFR      DATA   U_CHAR   00F0H  1
CP_RL2 . . . . . . . . . . . . . . . .  ABSBIT   -----  BIT      00C8H  1
ACC. . . . . . . . . . . . . . . . . .  SFR      DATA   U_CHAR   00E0H  1
ET0. . . . . . . . . . . . . . . . . .  ABSBIT   -----  BIT      00A9H  1
ET1. . . . . . . . . . . . . . . . . .  ABSBIT   -----  BIT      00ABH  1
TF0. . . . . . . . . . . . . . . . . .  ABSBIT   -----  BIT      008DH  1
ET2. . . . . . . . . . . . . . . . . .  ABSBIT   -----  BIT      00ADH  1
TF1. . . . . . . . . . . . . . . . . .  ABSBIT   -----  BIT      008FH  1
TF2. . . . . . . . . . . . . . . . . .  ABSBIT   -----  BIT      00CFH  1
RB8. . . . . . . . . . . . . . . . . .  ABSBIT   -----  BIT      009AH  1
TH0. . . . . . . . . . . . . . . . . .  SFR      DATA   U_CHAR   008CH  1
EX0. . . . . . . . . . . . . . . . . .  ABSBIT   -----  BIT      00A8H  1
IT0. . . . . . . . . . . . . . . . . .  ABSBIT   -----  BIT      0088H  1
TH1. . . . . . . . . . . . . . . . . .  SFR      DATA   U_CHAR   008DH  1
TB8. . . . . . . . . . . . . . . . . .  ABSBIT   -----  BIT      009BH  1
EX1. . . . . . . . . . . . . . . . . .  ABSBIT   -----  BIT      00AAH  1
IT1. . . . . . . . . . . . . . . . . .  ABSBIT   -----  BIT      008AH  1
C51 COMPILER V9.54   MAIN                                                                  10/14/2023 21:40:06 PAGE 7   

NAME                                    CLASS   MSPACE  TYPE    OFFSET  SIZE
====                                    =====   ======  ====    ======  ====


TH2. . . . . . . . . . . . . . . . . .  SFR      DATA   U_CHAR   00CDH  1
P. . . . . . . . . . . . . . . . . . .  ABSBIT   -----  BIT      00D0H  1
SM0. . . . . . . . . . . . . . . . . .  ABSBIT   -----  BIT      009FH  1
TL0. . . . . . . . . . . . . . . . . .  SFR      DATA   U_CHAR   008AH  1
SM1. . . . . . . . . . . . . . . . . .  ABSBIT   -----  BIT      009EH  1
TL1. . . . . . . . . . . . . . . . . .  SFR      DATA   U_CHAR   008BH  1
SM2. . . . . . . . . . . . . . . . . .  ABSBIT   -----  BIT      009DH  1
TL2. . . . . . . . . . . . . . . . . .  SFR      DATA   U_CHAR   00CCH  1
_delay_ms. . . . . . . . . . . . . . .  PUBLIC   CODE   PROC     0000H  -----
  x. . . . . . . . . . . . . . . . . .  * REG *  DATA   U_INT    0006H  2
  t. . . . . . . . . . . . . . . . . .  * REG *  DATA   U_CHAR   0005H  1
PT0. . . . . . . . . . . . . . . . . .  ABSBIT   -----  BIT      00B9H  1
PT1. . . . . . . . . . . . . . . . . .  ABSBIT   -----  BIT      00BBH  1
RS0. . . . . . . . . . . . . . . . . .  ABSBIT   -----  BIT      00D3H  1
PT2. . . . . . . . . . . . . . . . . .  ABSBIT   -----  BIT      00BDH  1
TR0. . . . . . . . . . . . . . . . . .  ABSBIT   -----  BIT      008CH  1
RS1. . . . . . . . . . . . . . . . . .  ABSBIT   -----  BIT      00D4H  1
TR1. . . . . . . . . . . . . . . . . .  ABSBIT   -----  BIT      008EH  1
TR2. . . . . . . . . . . . . . . . . .  ABSBIT   -----  BIT      00CAH  1
PX0. . . . . . . . . . . . . . . . . .  ABSBIT   -----  BIT      00B8H  1
PX1. . . . . . . . . . . . . . . . . .  ABSBIT   -----  BIT      00BAH  1
DPH. . . . . . . . . . . . . . . . . .  SFR      DATA   U_CHAR   0083H  1
DPL. . . . . . . . . . . . . . . . . .  SFR      DATA   U_CHAR   0082H  1
EXEN2. . . . . . . . . . . . . . . . .  ABSBIT   -----  BIT      00CBH  1
REN. . . . . . . . . . . . . . . . . .  ABSBIT   -----  BIT      009CH  1
T2CON. . . . . . . . . . . . . . . . .  SFR      DATA   U_CHAR   00C8H  1
FRQ. . . . . . . . . . . . . . . . . .  PUBLIC   DATA   U_CHAR   0000H  1
SPK. . . . . . . . . . . . . . . . . .  ABSBIT   -----  BIT      00B7H  1
RXD. . . . . . . . . . . . . . . . . .  ABSBIT   -----  BIT      00B0H  1
TXD. . . . . . . . . . . . . . . . . .  ABSBIT   -----  BIT      00B1H  1
F0 . . . . . . . . . . . . . . . . . .  ABSBIT   -----  BIT      00D5H  1
PSW. . . . . . . . . . . . . . . . . .  SFR      DATA   U_CHAR   00D0H  1


MODULE INFORMATION:   STATIC OVERLAYABLE
   CODE SIZE        =    134    ----
   CONSTANT SIZE    =   ----    ----
   XDATA SIZE       =   ----    ----
   PDATA SIZE       =   ----    ----
   DATA SIZE        =      1    ----
   IDATA SIZE       =   ----    ----
   BIT SIZE         =   ----    ----
   EDATA SIZE       =   ----    ----
   HDATA SIZE       =   ----    ----
   XDATA CONST SIZE =   ----    ----
   FAR CONST SIZE   =   ----    ----
END OF MODULE INFORMATION.


C51 COMPILATION COMPLETE.  0 WARNING(S),  0 ERROR(S)
