C51 COMPILER V9.54   MAIN                                                                  07/27/2023 22:41:46 PAGE 1   


C51 COMPILER V9.54, COMPILATION OF MODULE MAIN
OBJECT MODULE PLACED IN .\build\Release\src\main.o
COMPILER INVOKED BY: d:\keil\C51\BIN\C51.exe .\SRC\MAIN.C OMF2 TABS(4) CODE NOCOND SYMBOLS PRINT(.\build\Release\src\mai
                    -n.lst) INCDIR(d:/keil/C51/INC;src) DEFINE(__UVISION_VERSION=526) OPTIMIZE(8,SPEED) SMALL ROM(LARGE) OBJECT(.\build\Relea
                    -se\src\main.o)

line level    source

   1          #include<REG51.H>
   2          #include"Delay.h"
   3          #include"MatrixLED.h"
   4          
   5          unsigned char code Animation[]={
   6              0x00,0x00,0x00,0x00,0x00,0x00,0x00,0x00,
   7              0xFF,0x08,0x08,0x08,0xFF,0x00,0x00,0x0E,
   8              0x15,0x15,0x15,0x08,0x00,0x7E,0x01,0x01,
   9              0x02,0x00,0x7E,0x01,0x01,0x02,0x1C,0x22,
  10              0x22,0x22,0x1C,0x00,0x7E,0x01,0x02,0x00,
  11              0x00,0x00,0x00,0x00,0x00,0x00,0x00,0x00,
  12          };
  13          
  14          
  15          void main()
  16          {
  17   1          unsigned char i,Offset=3,Count=0;
  18   1          MatrixLED_Init();
  19   1          while(1)
  20   1          {
  21   2              for(i=0;i<8;i++)
  22   2              {
  23   3                   MatrixLED_ShowColumn(i,Animation[i+Offset]);
  24   3              }
  25   2              Count++;
  26   2              if(Count>10)
  27   2              {
  28   3                  Count=0;
  29   3                  Offset++;
  30   3                  if(Offset>40)
  31   3                  {
  32   4                      Offset=0;
  33   4                  }
  34   3              }
  35   2          }
  36   1      }
C51 COMPILER V9.54   MAIN                                                                  07/27/2023 22:41:46 PAGE 2   

ASSEMBLY LISTING OF GENERATED OBJECT CODE


             ; FUNCTION main (BEGIN)
                                           ; SOURCE LINE # 15
                                           ; SOURCE LINE # 16
                                           ; SOURCE LINE # 17
0000 750003      R     MOV     Offset,#03H
0003 E4                CLR     A
0004 F500        R     MOV     Count,A
                                           ; SOURCE LINE # 18
0006 120000      E     LCALL   MatrixLED_Init
0009         ?C0001:
                                           ; SOURCE LINE # 19
                                           ; SOURCE LINE # 20
                                           ; SOURCE LINE # 21
0009 E4                CLR     A
000A F500        R     MOV     i,A
000C         ?C0003:
                                           ; SOURCE LINE # 22
                                           ; SOURCE LINE # 23
000C E500        R     MOV     A,i
000E 2500        R     ADD     A,Offset
0010 900000      R     MOV     DPTR,#Animation
0013 93                MOVC    A,@A+DPTR
0014 FD                MOV     R5,A
0015 7C00              MOV     R4,#00H
0017 AF00        R     MOV     R7,i
0019 120000      E     LCALL   _MatrixLED_ShowColumn
                                           ; SOURCE LINE # 24
001C 0500        R     INC     i
001E E500        R     MOV     A,i
0020 C3                CLR     C
0021 9408              SUBB    A,#08H
0023 40E7              JC      ?C0003
0025         ?C0004:
                                           ; SOURCE LINE # 25
0025 0500        R     INC     Count
                                           ; SOURCE LINE # 26
0027 E500        R     MOV     A,Count
0029 D3                SETB    C
002A 940A              SUBB    A,#0AH
002C 40DB              JC      ?C0001
                                           ; SOURCE LINE # 27
                                           ; SOURCE LINE # 28
002E E4                CLR     A
002F F500        R     MOV     Count,A
                                           ; SOURCE LINE # 29
0031 0500        R     INC     Offset
                                           ; SOURCE LINE # 30
0033 E500        R     MOV     A,Offset
0035 D3                SETB    C
0036 9428              SUBB    A,#028H
0038 40CF              JC      ?C0001
                                           ; SOURCE LINE # 31
                                           ; SOURCE LINE # 32
003A E4                CLR     A
003B F500        R     MOV     Offset,A
                                           ; SOURCE LINE # 33
                                           ; SOURCE LINE # 34
                                           ; SOURCE LINE # 35
003D 80CA              SJMP    ?C0001
C51 COMPILER V9.54   MAIN                                                                  07/27/2023 22:41:46 PAGE 3   

             ; FUNCTION main (END)

C51 COMPILER V9.54   MAIN                                                                  07/27/2023 22:41:46 PAGE 4   

NAME                                    CLASS   MSPACE  TYPE    OFFSET  SIZE
====                                    =====   ======  ====    ======  ====


P0 . . . . . . . . . . . . . . . . . .  SFR      DATA   U_CHAR   0080H  1
P1 . . . . . . . . . . . . . . . . . .  SFR      DATA   U_CHAR   0090H  1
P2 . . . . . . . . . . . . . . . . . .  SFR      DATA   U_CHAR   00A0H  1
P3 . . . . . . . . . . . . . . . . . .  SFR      DATA   U_CHAR   00B0H  1
T0 . . . . . . . . . . . . . . . . . .  ABSBIT   -----  BIT      00B4H  1
AC . . . . . . . . . . . . . . . . . .  ABSBIT   -----  BIT      00D6H  1
T1 . . . . . . . . . . . . . . . . . .  ABSBIT   -----  BIT      00B5H  1
EA . . . . . . . . . . . . . . . . . .  ABSBIT   -----  BIT      00AFH  1
IE . . . . . . . . . . . . . . . . . .  SFR      DATA   U_CHAR   00A8H  1
RD . . . . . . . . . . . . . . . . . .  ABSBIT   -----  BIT      00B7H  1
ES . . . . . . . . . . . . . . . . . .  ABSBIT   -----  BIT      00ACH  1
IP . . . . . . . . . . . . . . . . . .  SFR      DATA   U_CHAR   00B8H  1
RI . . . . . . . . . . . . . . . . . .  ABSBIT   -----  BIT      0098H  1
INT0 . . . . . . . . . . . . . . . . .  ABSBIT   -----  BIT      00B2H  1
CY . . . . . . . . . . . . . . . . . .  ABSBIT   -----  BIT      00D7H  1
TI . . . . . . . . . . . . . . . . . .  ABSBIT   -----  BIT      0099H  1
INT1 . . . . . . . . . . . . . . . . .  ABSBIT   -----  BIT      00B3H  1
PS . . . . . . . . . . . . . . . . . .  ABSBIT   -----  BIT      00BCH  1
SP . . . . . . . . . . . . . . . . . .  SFR      DATA   U_CHAR   0081H  1
OV . . . . . . . . . . . . . . . . . .  ABSBIT   -----  BIT      00D2H  1
Animation. . . . . . . . . . . . . . .  PUBLIC   CODE   ARRAY    0000H  48
main . . . . . . . . . . . . . . . . .  PUBLIC   CODE   PROC     0000H  -----
  i. . . . . . . . . . . . . . . . . .  AUTO     DATA   U_CHAR   0000H  1
  Offset . . . . . . . . . . . . . . .  AUTO     DATA   U_CHAR   0001H  1
  Count. . . . . . . . . . . . . . . .  AUTO     DATA   U_CHAR   0002H  1
WR . . . . . . . . . . . . . . . . . .  ABSBIT   -----  BIT      00B6H  1
SBUF . . . . . . . . . . . . . . . . .  SFR      DATA   U_CHAR   0099H  1
PCON . . . . . . . . . . . . . . . . .  SFR      DATA   U_CHAR   0087H  1
SCON . . . . . . . . . . . . . . . . .  SFR      DATA   U_CHAR   0098H  1
TMOD . . . . . . . . . . . . . . . . .  SFR      DATA   U_CHAR   0089H  1
TCON . . . . . . . . . . . . . . . . .  SFR      DATA   U_CHAR   0088H  1
IE0. . . . . . . . . . . . . . . . . .  ABSBIT   -----  BIT      0089H  1
IE1. . . . . . . . . . . . . . . . . .  ABSBIT   -----  BIT      008BH  1
B. . . . . . . . . . . . . . . . . . .  SFR      DATA   U_CHAR   00F0H  1
_MatrixLED_ShowColumn. . . . . . . . .  EXTERN   CODE   PROC     -----  -----
MatrixLED_Init . . . . . . . . . . . .  EXTERN   CODE   PROC     -----  -----
ACC. . . . . . . . . . . . . . . . . .  SFR      DATA   U_CHAR   00E0H  1
ET0. . . . . . . . . . . . . . . . . .  ABSBIT   -----  BIT      00A9H  1
ET1. . . . . . . . . . . . . . . . . .  ABSBIT   -----  BIT      00ABH  1
TF0. . . . . . . . . . . . . . . . . .  ABSBIT   -----  BIT      008DH  1
TF1. . . . . . . . . . . . . . . . . .  ABSBIT   -----  BIT      008FH  1
RB8. . . . . . . . . . . . . . . . . .  ABSBIT   -----  BIT      009AH  1
TH0. . . . . . . . . . . . . . . . . .  SFR      DATA   U_CHAR   008CH  1
EX0. . . . . . . . . . . . . . . . . .  ABSBIT   -----  BIT      00A8H  1
IT0. . . . . . . . . . . . . . . . . .  ABSBIT   -----  BIT      0088H  1
TH1. . . . . . . . . . . . . . . . . .  SFR      DATA   U_CHAR   008DH  1
TB8. . . . . . . . . . . . . . . . . .  ABSBIT   -----  BIT      009BH  1
EX1. . . . . . . . . . . . . . . . . .  ABSBIT   -----  BIT      00AAH  1
IT1. . . . . . . . . . . . . . . . . .  ABSBIT   -----  BIT      008AH  1
P. . . . . . . . . . . . . . . . . . .  ABSBIT   -----  BIT      00D0H  1
SM0. . . . . . . . . . . . . . . . . .  ABSBIT   -----  BIT      009FH  1
TL0. . . . . . . . . . . . . . . . . .  SFR      DATA   U_CHAR   008AH  1
SM1. . . . . . . . . . . . . . . . . .  ABSBIT   -----  BIT      009EH  1
TL1. . . . . . . . . . . . . . . . . .  SFR      DATA   U_CHAR   008BH  1
SM2. . . . . . . . . . . . . . . . . .  ABSBIT   -----  BIT      009DH  1
PT0. . . . . . . . . . . . . . . . . .  ABSBIT   -----  BIT      00B9H  1
PT1. . . . . . . . . . . . . . . . . .  ABSBIT   -----  BIT      00BBH  1
C51 COMPILER V9.54   MAIN                                                                  07/27/2023 22:41:46 PAGE 5   

NAME                                    CLASS   MSPACE  TYPE    OFFSET  SIZE
====                                    =====   ======  ====    ======  ====


RS0. . . . . . . . . . . . . . . . . .  ABSBIT   -----  BIT      00D3H  1
TR0. . . . . . . . . . . . . . . . . .  ABSBIT   -----  BIT      008CH  1
RS1. . . . . . . . . . . . . . . . . .  ABSBIT   -----  BIT      00D4H  1
TR1. . . . . . . . . . . . . . . . . .  ABSBIT   -----  BIT      008EH  1
PX0. . . . . . . . . . . . . . . . . .  ABSBIT   -----  BIT      00B8H  1
PX1. . . . . . . . . . . . . . . . . .  ABSBIT   -----  BIT      00BAH  1
DPH. . . . . . . . . . . . . . . . . .  SFR      DATA   U_CHAR   0083H  1
DPL. . . . . . . . . . . . . . . . . .  SFR      DATA   U_CHAR   0082H  1
REN. . . . . . . . . . . . . . . . . .  ABSBIT   -----  BIT      009CH  1
RXD. . . . . . . . . . . . . . . . . .  ABSBIT   -----  BIT      00B0H  1
TXD. . . . . . . . . . . . . . . . . .  ABSBIT   -----  BIT      00B1H  1
F0 . . . . . . . . . . . . . . . . . .  ABSBIT   -----  BIT      00D5H  1
PSW. . . . . . . . . . . . . . . . . .  SFR      DATA   U_CHAR   00D0H  1


MODULE INFORMATION:   STATIC OVERLAYABLE
   CODE SIZE        =     63    ----
   CONSTANT SIZE    =     48    ----
   XDATA SIZE       =   ----    ----
   PDATA SIZE       =   ----    ----
   DATA SIZE        =   ----       3
   IDATA SIZE       =   ----    ----
   BIT SIZE         =   ----    ----
   EDATA SIZE       =   ----    ----
   HDATA SIZE       =   ----    ----
   XDATA CONST SIZE =   ----    ----
   FAR CONST SIZE   =   ----    ----
END OF MODULE INFORMATION.


C51 COMPILATION COMPLETE.  0 WARNING(S),  0 ERROR(S)
