C51 COMPILER V9.54   MATRIXLED                                                             07/27/2023 22:41:46 PAGE 1   


C51 COMPILER V9.54, COMPILATION OF MODULE MATRIXLED
OBJECT MODULE PLACED IN .\build\Release\src\MatrixLED.o
COMPILER INVOKED BY: d:\keil\C51\BIN\C51.exe .\SRC\MATRIXLED.C OMF2 TABS(4) CODE NOCOND SYMBOLS PRINT(.\build\Release\sr
                    -c\MatrixLED.lst) INCDIR(d:/keil/C51/INC;src) DEFINE(__UVISION_VERSION=526) OPTIMIZE(8,SPEED) SMALL ROM(LARGE) OBJECT(.\b
                    -uild\Release\src\MatrixLED.o)

line level    source

   1          #include<REG51.H>
   2          #include"Delay.h"
   3          
   4          
   5          sbit RCK=P3^5;   //RCLK
   6          sbit SCK=P3^6;   //SRCLK
   7          sbit SER=P3^4;   //SER
   8          #define MATRIX_LED_PORT P0
   9          
  10          //74HC595 写入一个字节
  11          void _74HC595_WriteByte(unsigned char Byte)
  12          {
  13   1          unsigned char i;
  14   1          //P2=~Byte;
  15   1          for(i=0;i<8;i++)
  16   1          {
  17   2              SER=Byte&(0x80>>i);
  18   2              SCK=1;
  19   2              SCK=0;
  20   2          }
  21   1          RCK=1;
  22   1          RCK=0;
  23   1      }
  24          
  25          //LED    点阵屏显示一列数据
  26          void MatrixLED_ShowColumn(unsigned char Column,Data)
  27          {
  28   1          _74HC595_WriteByte(Data);
  29   1          MATRIX_LED_PORT=~(0x80>>Column);
  30   1          Delay(1);
  31   1          MATRIX_LED_PORT=0xFF;
  32   1      }
  33          
  34          //点阵屏初始化
  35           void MatrixLED_Init()
  36           {
  37   1          SCK=0;
  38   1          RCK=0;
  39   1       }
C51 COMPILER V9.54   MATRIXLED                                                             07/27/2023 22:41:46 PAGE 2   

ASSEMBLY LISTING OF GENERATED OBJECT CODE


             ; FUNCTION __74HC595_WriteByte (BEGIN)
                                           ; SOURCE LINE # 11
;---- Variable 'Byte' assigned to Register 'R5' ----
0000 AD07              MOV     R5,AR7
                                           ; SOURCE LINE # 12
                                           ; SOURCE LINE # 15
;---- Variable 'i' assigned to Register 'R3' ----
0002 E4                CLR     A
0003 FB                MOV     R3,A
0004         ?C0001:
                                           ; SOURCE LINE # 16
                                           ; SOURCE LINE # 17
0004 7480              MOV     A,#080H
0006 7E00              MOV     R6,#00H
0008 A803              MOV     R0,AR3
000A 08                INC     R0
000B 8006              SJMP    ?C0008
000D         ?C0007:
000D CE                XCH     A,R6
000E A2E7              MOV     C,ACC.7
0010 13                RRC     A
0011 CE                XCH     A,R6
0012 13                RRC     A
0013         ?C0008:
0013 D8F8              DJNZ    R0,?C0007
0015 FF                MOV     R7,A
0016 ED                MOV     A,R5
0017 F582              MOV     DPL,A
0019 EF                MOV     A,R7
001A 5582              ANL     A,DPL
001C 24FF              ADD     A,#0FFH
001E 92B4              MOV     SER,C
                                           ; SOURCE LINE # 18
0020 D2B6              SETB    SCK
                                           ; SOURCE LINE # 19
0022 C2B6              CLR     SCK
                                           ; SOURCE LINE # 20
0024 0B                INC     R3
0025 BB08DC            CJNE    R3,#08H,?C0001
0028         ?C0002:
                                           ; SOURCE LINE # 21
0028 D2B5              SETB    RCK
                                           ; SOURCE LINE # 22
002A C2B5              CLR     RCK
                                           ; SOURCE LINE # 23
002C 22                RET     
             ; FUNCTION __74HC595_WriteByte (END)

             ; FUNCTION _MatrixLED_ShowColumn (BEGIN)
                                           ; SOURCE LINE # 26
;---- Variable 'Data' assigned to Register 'R4/R5' ----
;---- Variable 'Column' assigned to Register 'R2' ----
0000 AA07              MOV     R2,AR7
                                           ; SOURCE LINE # 27
                                           ; SOURCE LINE # 28
0002 AF05              MOV     R7,AR5
0004 120000      R     LCALL   __74HC595_WriteByte
                                           ; SOURCE LINE # 29
0007 AF02              MOV     R7,AR2
C51 COMPILER V9.54   MATRIXLED                                                             07/27/2023 22:41:46 PAGE 3   

0009 7480              MOV     A,#080H
000B A807              MOV     R0,AR7
000D 08                INC     R0
000E 8002              SJMP    ?C0010
0010         ?C0009:
0010 C3                CLR     C
0011 13                RRC     A
0012         ?C0010:
0012 D8FC              DJNZ    R0,?C0009
0014 F4                CPL     A
0015 F580              MOV     P0,A
                                           ; SOURCE LINE # 30
0017 7F01              MOV     R7,#01H
0019 7E00              MOV     R6,#00H
001B 120000      E     LCALL   _Delay
                                           ; SOURCE LINE # 31
001E 7580FF            MOV     P0,#0FFH
                                           ; SOURCE LINE # 32
0021 22                RET     
             ; FUNCTION _MatrixLED_ShowColumn (END)

             ; FUNCTION MatrixLED_Init (BEGIN)
                                           ; SOURCE LINE # 35
                                           ; SOURCE LINE # 36
                                           ; SOURCE LINE # 37
0000 C2B6              CLR     SCK
                                           ; SOURCE LINE # 38
0002 C2B5              CLR     RCK
                                           ; SOURCE LINE # 39
0004 22                RET     
             ; FUNCTION MatrixLED_Init (END)

C51 COMPILER V9.54   MATRIXLED                                                             07/27/2023 22:41:46 PAGE 4   

NAME                                    CLASS   MSPACE  TYPE    OFFSET  SIZE
====                                    =====   ======  ====    ======  ====


P0 . . . . . . . . . . . . . . . . . .  SFR      DATA   U_CHAR   0080H  1
__74HC595_WriteByte. . . . . . . . . .  PUBLIC   CODE   PROC     0000H  -----
  Byte . . . . . . . . . . . . . . . .  * REG *  DATA   U_CHAR   0005H  1
  i. . . . . . . . . . . . . . . . . .  * REG *  DATA   U_CHAR   0003H  1
P1 . . . . . . . . . . . . . . . . . .  SFR      DATA   U_CHAR   0090H  1
P2 . . . . . . . . . . . . . . . . . .  SFR      DATA   U_CHAR   00A0H  1
P3 . . . . . . . . . . . . . . . . . .  SFR      DATA   U_CHAR   00B0H  1
T0 . . . . . . . . . . . . . . . . . .  ABSBIT   -----  BIT      00B4H  1
AC . . . . . . . . . . . . . . . . . .  ABSBIT   -----  BIT      00D6H  1
T1 . . . . . . . . . . . . . . . . . .  ABSBIT   -----  BIT      00B5H  1
EA . . . . . . . . . . . . . . . . . .  ABSBIT   -----  BIT      00AFH  1
IE . . . . . . . . . . . . . . . . . .  SFR      DATA   U_CHAR   00A8H  1
RD . . . . . . . . . . . . . . . . . .  ABSBIT   -----  BIT      00B7H  1
ES . . . . . . . . . . . . . . . . . .  ABSBIT   -----  BIT      00ACH  1
IP . . . . . . . . . . . . . . . . . .  SFR      DATA   U_CHAR   00B8H  1
RI . . . . . . . . . . . . . . . . . .  ABSBIT   -----  BIT      0098H  1
INT0 . . . . . . . . . . . . . . . . .  ABSBIT   -----  BIT      00B2H  1
CY . . . . . . . . . . . . . . . . . .  ABSBIT   -----  BIT      00D7H  1
TI . . . . . . . . . . . . . . . . . .  ABSBIT   -----  BIT      0099H  1
INT1 . . . . . . . . . . . . . . . . .  ABSBIT   -----  BIT      00B3H  1
PS . . . . . . . . . . . . . . . . . .  ABSBIT   -----  BIT      00BCH  1
SP . . . . . . . . . . . . . . . . . .  SFR      DATA   U_CHAR   0081H  1
OV . . . . . . . . . . . . . . . . . .  ABSBIT   -----  BIT      00D2H  1
WR . . . . . . . . . . . . . . . . . .  ABSBIT   -----  BIT      00B6H  1
SBUF . . . . . . . . . . . . . . . . .  SFR      DATA   U_CHAR   0099H  1
PCON . . . . . . . . . . . . . . . . .  SFR      DATA   U_CHAR   0087H  1
SCON . . . . . . . . . . . . . . . . .  SFR      DATA   U_CHAR   0098H  1
TMOD . . . . . . . . . . . . . . . . .  SFR      DATA   U_CHAR   0089H  1
TCON . . . . . . . . . . . . . . . . .  SFR      DATA   U_CHAR   0088H  1
IE0. . . . . . . . . . . . . . . . . .  ABSBIT   -----  BIT      0089H  1
IE1. . . . . . . . . . . . . . . . . .  ABSBIT   -----  BIT      008BH  1
B. . . . . . . . . . . . . . . . . . .  SFR      DATA   U_CHAR   00F0H  1
MatrixLED_Init . . . . . . . . . . . .  PUBLIC   CODE   PROC     0000H  -----
_MatrixLED_ShowColumn. . . . . . . . .  PUBLIC   CODE   PROC     0000H  -----
  Column . . . . . . . . . . . . . . .  * REG *  DATA   U_CHAR   0002H  1
  Data . . . . . . . . . . . . . . . .  * REG *  DATA   INT      0004H  2
ACC. . . . . . . . . . . . . . . . . .  SFR      DATA   U_CHAR   00E0H  1
ET0. . . . . . . . . . . . . . . . . .  ABSBIT   -----  BIT      00A9H  1
ET1. . . . . . . . . . . . . . . . . .  ABSBIT   -----  BIT      00ABH  1
TF0. . . . . . . . . . . . . . . . . .  ABSBIT   -----  BIT      008DH  1
TF1. . . . . . . . . . . . . . . . . .  ABSBIT   -----  BIT      008FH  1
RB8. . . . . . . . . . . . . . . . . .  ABSBIT   -----  BIT      009AH  1
TH0. . . . . . . . . . . . . . . . . .  SFR      DATA   U_CHAR   008CH  1
EX0. . . . . . . . . . . . . . . . . .  ABSBIT   -----  BIT      00A8H  1
IT0. . . . . . . . . . . . . . . . . .  ABSBIT   -----  BIT      0088H  1
TH1. . . . . . . . . . . . . . . . . .  SFR      DATA   U_CHAR   008DH  1
TB8. . . . . . . . . . . . . . . . . .  ABSBIT   -----  BIT      009BH  1
EX1. . . . . . . . . . . . . . . . . .  ABSBIT   -----  BIT      00AAH  1
IT1. . . . . . . . . . . . . . . . . .  ABSBIT   -----  BIT      008AH  1
P. . . . . . . . . . . . . . . . . . .  ABSBIT   -----  BIT      00D0H  1
SM0. . . . . . . . . . . . . . . . . .  ABSBIT   -----  BIT      009FH  1
TL0. . . . . . . . . . . . . . . . . .  SFR      DATA   U_CHAR   008AH  1
SM1. . . . . . . . . . . . . . . . . .  ABSBIT   -----  BIT      009EH  1
TL1. . . . . . . . . . . . . . . . . .  SFR      DATA   U_CHAR   008BH  1
SM2. . . . . . . . . . . . . . . . . .  ABSBIT   -----  BIT      009DH  1
PT0. . . . . . . . . . . . . . . . . .  ABSBIT   -----  BIT      00B9H  1
PT1. . . . . . . . . . . . . . . . . .  ABSBIT   -----  BIT      00BBH  1
C51 COMPILER V9.54   MATRIXLED                                                             07/27/2023 22:41:46 PAGE 5   

NAME                                    CLASS   MSPACE  TYPE    OFFSET  SIZE
====                                    =====   ======  ====    ======  ====


RS0. . . . . . . . . . . . . . . . . .  ABSBIT   -----  BIT      00D3H  1
TR0. . . . . . . . . . . . . . . . . .  ABSBIT   -----  BIT      008CH  1
RS1. . . . . . . . . . . . . . . . . .  ABSBIT   -----  BIT      00D4H  1
TR1. . . . . . . . . . . . . . . . . .  ABSBIT   -----  BIT      008EH  1
PX0. . . . . . . . . . . . . . . . . .  ABSBIT   -----  BIT      00B8H  1
PX1. . . . . . . . . . . . . . . . . .  ABSBIT   -----  BIT      00BAH  1
DPH. . . . . . . . . . . . . . . . . .  SFR      DATA   U_CHAR   0083H  1
RCK. . . . . . . . . . . . . . . . . .  ABSBIT   -----  BIT      00B5H  1
DPL. . . . . . . . . . . . . . . . . .  SFR      DATA   U_CHAR   0082H  1
SCK. . . . . . . . . . . . . . . . . .  ABSBIT   -----  BIT      00B6H  1
REN. . . . . . . . . . . . . . . . . .  ABSBIT   -----  BIT      009CH  1
SER. . . . . . . . . . . . . . . . . .  ABSBIT   -----  BIT      00B4H  1
RXD. . . . . . . . . . . . . . . . . .  ABSBIT   -----  BIT      00B0H  1
TXD. . . . . . . . . . . . . . . . . .  ABSBIT   -----  BIT      00B1H  1
_Delay . . . . . . . . . . . . . . . .  EXTERN   CODE   PROC     -----  -----
F0 . . . . . . . . . . . . . . . . . .  ABSBIT   -----  BIT      00D5H  1
PSW. . . . . . . . . . . . . . . . . .  SFR      DATA   U_CHAR   00D0H  1


MODULE INFORMATION:   STATIC OVERLAYABLE
   CODE SIZE        =     84    ----
   CONSTANT SIZE    =   ----    ----
   XDATA SIZE       =   ----    ----
   PDATA SIZE       =   ----    ----
   DATA SIZE        =   ----    ----
   IDATA SIZE       =   ----    ----
   BIT SIZE         =   ----    ----
   EDATA SIZE       =   ----    ----
   HDATA SIZE       =   ----    ----
   XDATA CONST SIZE =   ----    ----
   FAR CONST SIZE   =   ----    ----
END OF MODULE INFORMATION.


C51 COMPILATION COMPLETE.  0 WARNING(S),  0 ERROR(S)
