C51 COMPILER V9.54   MAIN                                                                  09/18/2023 12:43:29 PAGE 1   


C51 COMPILER V9.54, COMPILATION OF MODULE MAIN
OBJECT MODULE PLACED IN .\build\Release\src\main.o
COMPILER INVOKED BY: d:\keil\C51\BIN\C51.exe .\SRC\MAIN.C OMF2 TABS(4) CODE NOCOND SYMBOLS PRINT(.\build\Release\src\mai
                    -n.lst) INCDIR(d:/keil/C51/INC;src) DEFINE(__UVISION_VERSION=526) OPTIMIZE(8,SPEED) SMALL ROM(LARGE) OBJECT(.\build\Relea
                    -se\src\main.o)

line level    source

   1          //实例28：用有参函数控制P0口8位LED流水速度
   2          
   3          #include<reg51.h>
   4          
   5          /*************************************************
   6          
   7          函数功能：延时一段时间
   8          
   9          *************************************************/
  10          
  11          void delay(unsigned char x)
  12          
  13          {
  14   1      
  15   1      unsigned char m,n;
  16   1      
  17   1      for(m=0;m<x;m++)
  18   1      
  19   1      for(n=0;n<200;n++)
  20   1      
  21   1      ;
  22   1      
  23   1      }
  24          
  25          /*************************************************
  26          
  27          函数功能：主函数
  28          
  29          *************************************************/
  30          
  31          void main(void)
  32          
  33          {
  34   1      
  35   1      unsigned char i;
  36   1      
  37   1      unsigned  char code Tab[]={0xFE,0xFD,0xFB,0xF7,0xEF,0xDF,0xBF,0x7F};//流水灯控制码
  38   1      
  39   1      while(1)
  40   1      
  41   1      {
  42   2      
  43   2      //快速流水点亮LED
  44   2      
  45   2      for(i=0;i<8;i++)//共8个流水灯控制码
  46   2      
  47   2      {
  48   3      
  49   3      P0=Tab[i];
  50   3      
  51   3      delay(100);   //延时约60ms,(3*100*200=60000μs）
  52   3      
  53   3      }
C51 COMPILER V9.54   MAIN                                                                  09/18/2023 12:43:29 PAGE 2   

  54   2      
  55   2      //慢速流水点亮LED
  56   2      
  57   2      for(i=0;i<8;i++)//共8个流水灯控制码
  58   2      
  59   2      {
  60   3      
  61   3      P0=Tab[i];
  62   3      
  63   3      delay(250);   //延时约150ms,(3*250*200=150000μs）
  64   3      
  65   3      }
  66   2      
  67   2      }
  68   1      
  69   1      }
C51 COMPILER V9.54   MAIN                                                                  09/18/2023 12:43:29 PAGE 3   

ASSEMBLY LISTING OF GENERATED OBJECT CODE


             ; FUNCTION _delay (BEGIN)
                                           ; SOURCE LINE # 11
;---- Variable 'x' assigned to Register 'R7' ----
                                           ; SOURCE LINE # 13
                                           ; SOURCE LINE # 17
;---- Variable 'm' assigned to Register 'R6' ----
0000 E4                CLR     A
0001 FE                MOV     R6,A
0002         ?C0001:
0002 EE                MOV     A,R6
0003 C3                CLR     C
0004 9F                SUBB    A,R7
0005 5009              JNC     ?C0007
                                           ; SOURCE LINE # 19
;---- Variable 'n' assigned to Register 'R5' ----
0007 E4                CLR     A
0008 FD                MOV     R5,A
0009         ?C0004:
0009 0D                INC     R5
000A BDC8FC            CJNE    R5,#0C8H,?C0004
000D         ?C0003:
000D 0E                INC     R6
000E 80F2              SJMP    ?C0001
                                           ; SOURCE LINE # 23
0010         ?C0007:
0010 22                RET     
             ; FUNCTION _delay (END)

             ; FUNCTION main (BEGIN)
                                           ; SOURCE LINE # 31
                                           ; SOURCE LINE # 33
0000         ?C0008:
                                           ; SOURCE LINE # 39
                                           ; SOURCE LINE # 41
                                           ; SOURCE LINE # 45
;---- Variable 'i' assigned to Register 'R4' ----
0000 E4                CLR     A
0001 FC                MOV     R4,A
0002         ?C0010:
                                           ; SOURCE LINE # 47
                                           ; SOURCE LINE # 49
0002 EC                MOV     A,R4
0003 900000      R     MOV     DPTR,#Tab
0006 93                MOVC    A,@A+DPTR
0007 F580              MOV     P0,A
                                           ; SOURCE LINE # 51
0009 7F64              MOV     R7,#064H
000B 120000      R     LCALL   _delay
                                           ; SOURCE LINE # 53
000E 0C                INC     R4
000F BC08F0            CJNE    R4,#08H,?C0010
0012         ?C0011:
                                           ; SOURCE LINE # 57
0012 E4                CLR     A
0013 FC                MOV     R4,A
0014         ?C0013:
0014 EC                MOV     A,R4
0015 C3                CLR     C
0016 9408              SUBB    A,#08H
C51 COMPILER V9.54   MAIN                                                                  09/18/2023 12:43:29 PAGE 4   

0018 50E6              JNC     ?C0008
                                           ; SOURCE LINE # 59
                                           ; SOURCE LINE # 61
001A EC                MOV     A,R4
001B 900000      R     MOV     DPTR,#Tab
001E 93                MOVC    A,@A+DPTR
001F F580              MOV     P0,A
                                           ; SOURCE LINE # 63
0021 7FFA              MOV     R7,#0FAH
0023 120000      R     LCALL   _delay
                                           ; SOURCE LINE # 65
0026 0C                INC     R4
0027 80EB              SJMP    ?C0013
             ; FUNCTION main (END)

C51 COMPILER V9.54   MAIN                                                                  09/18/2023 12:43:29 PAGE 5   

NAME                                    CLASS   MSPACE  TYPE    OFFSET  SIZE
====                                    =====   ======  ====    ======  ====


P0 . . . . . . . . . . . . . . . . . .  SFR      DATA   U_CHAR   0080H  1
P1 . . . . . . . . . . . . . . . . . .  SFR      DATA   U_CHAR   0090H  1
P2 . . . . . . . . . . . . . . . . . .  SFR      DATA   U_CHAR   00A0H  1
P3 . . . . . . . . . . . . . . . . . .  SFR      DATA   U_CHAR   00B0H  1
T0 . . . . . . . . . . . . . . . . . .  ABSBIT   -----  BIT      00B4H  1
AC . . . . . . . . . . . . . . . . . .  ABSBIT   -----  BIT      00D6H  1
T1 . . . . . . . . . . . . . . . . . .  ABSBIT   -----  BIT      00B5H  1
EA . . . . . . . . . . . . . . . . . .  ABSBIT   -----  BIT      00AFH  1
IE . . . . . . . . . . . . . . . . . .  SFR      DATA   U_CHAR   00A8H  1
_delay . . . . . . . . . . . . . . . .  PUBLIC   CODE   PROC     0000H  -----
  x. . . . . . . . . . . . . . . . . .  * REG *  DATA   U_CHAR   0007H  1
  m. . . . . . . . . . . . . . . . . .  * REG *  DATA   U_CHAR   0006H  1
  n. . . . . . . . . . . . . . . . . .  * REG *  DATA   U_CHAR   0005H  1
RD . . . . . . . . . . . . . . . . . .  ABSBIT   -----  BIT      00B7H  1
ES . . . . . . . . . . . . . . . . . .  ABSBIT   -----  BIT      00ACH  1
IP . . . . . . . . . . . . . . . . . .  SFR      DATA   U_CHAR   00B8H  1
RI . . . . . . . . . . . . . . . . . .  ABSBIT   -----  BIT      0098H  1
INT0 . . . . . . . . . . . . . . . . .  ABSBIT   -----  BIT      00B2H  1
CY . . . . . . . . . . . . . . . . . .  ABSBIT   -----  BIT      00D7H  1
TI . . . . . . . . . . . . . . . . . .  ABSBIT   -----  BIT      0099H  1
INT1 . . . . . . . . . . . . . . . . .  ABSBIT   -----  BIT      00B3H  1
PS . . . . . . . . . . . . . . . . . .  ABSBIT   -----  BIT      00BCH  1
SP . . . . . . . . . . . . . . . . . .  SFR      DATA   U_CHAR   0081H  1
OV . . . . . . . . . . . . . . . . . .  ABSBIT   -----  BIT      00D2H  1
main . . . . . . . . . . . . . . . . .  PUBLIC   CODE   PROC     0000H  -----
  i. . . . . . . . . . . . . . . . . .  * REG *  DATA   U_CHAR   0004H  1
  Tab. . . . . . . . . . . . . . . . .  STATIC   CODE   ARRAY    0000H  8
WR . . . . . . . . . . . . . . . . . .  ABSBIT   -----  BIT      00B6H  1
SBUF . . . . . . . . . . . . . . . . .  SFR      DATA   U_CHAR   0099H  1
PCON . . . . . . . . . . . . . . . . .  SFR      DATA   U_CHAR   0087H  1
SCON . . . . . . . . . . . . . . . . .  SFR      DATA   U_CHAR   0098H  1
TMOD . . . . . . . . . . . . . . . . .  SFR      DATA   U_CHAR   0089H  1
TCON . . . . . . . . . . . . . . . . .  SFR      DATA   U_CHAR   0088H  1
IE0. . . . . . . . . . . . . . . . . .  ABSBIT   -----  BIT      0089H  1
IE1. . . . . . . . . . . . . . . . . .  ABSBIT   -----  BIT      008BH  1
B. . . . . . . . . . . . . . . . . . .  SFR      DATA   U_CHAR   00F0H  1
ACC. . . . . . . . . . . . . . . . . .  SFR      DATA   U_CHAR   00E0H  1
ET0. . . . . . . . . . . . . . . . . .  ABSBIT   -----  BIT      00A9H  1
ET1. . . . . . . . . . . . . . . . . .  ABSBIT   -----  BIT      00ABH  1
TF0. . . . . . . . . . . . . . . . . .  ABSBIT   -----  BIT      008DH  1
TF1. . . . . . . . . . . . . . . . . .  ABSBIT   -----  BIT      008FH  1
RB8. . . . . . . . . . . . . . . . . .  ABSBIT   -----  BIT      009AH  1
TH0. . . . . . . . . . . . . . . . . .  SFR      DATA   U_CHAR   008CH  1
EX0. . . . . . . . . . . . . . . . . .  ABSBIT   -----  BIT      00A8H  1
IT0. . . . . . . . . . . . . . . . . .  ABSBIT   -----  BIT      0088H  1
TH1. . . . . . . . . . . . . . . . . .  SFR      DATA   U_CHAR   008DH  1
TB8. . . . . . . . . . . . . . . . . .  ABSBIT   -----  BIT      009BH  1
EX1. . . . . . . . . . . . . . . . . .  ABSBIT   -----  BIT      00AAH  1
IT1. . . . . . . . . . . . . . . . . .  ABSBIT   -----  BIT      008AH  1
P. . . . . . . . . . . . . . . . . . .  ABSBIT   -----  BIT      00D0H  1
SM0. . . . . . . . . . . . . . . . . .  ABSBIT   -----  BIT      009FH  1
TL0. . . . . . . . . . . . . . . . . .  SFR      DATA   U_CHAR   008AH  1
SM1. . . . . . . . . . . . . . . . . .  ABSBIT   -----  BIT      009EH  1
TL1. . . . . . . . . . . . . . . . . .  SFR      DATA   U_CHAR   008BH  1
SM2. . . . . . . . . . . . . . . . . .  ABSBIT   -----  BIT      009DH  1
PT0. . . . . . . . . . . . . . . . . .  ABSBIT   -----  BIT      00B9H  1
PT1. . . . . . . . . . . . . . . . . .  ABSBIT   -----  BIT      00BBH  1
C51 COMPILER V9.54   MAIN                                                                  09/18/2023 12:43:29 PAGE 6   

NAME                                    CLASS   MSPACE  TYPE    OFFSET  SIZE
====                                    =====   ======  ====    ======  ====


RS0. . . . . . . . . . . . . . . . . .  ABSBIT   -----  BIT      00D3H  1
TR0. . . . . . . . . . . . . . . . . .  ABSBIT   -----  BIT      008CH  1
RS1. . . . . . . . . . . . . . . . . .  ABSBIT   -----  BIT      00D4H  1
TR1. . . . . . . . . . . . . . . . . .  ABSBIT   -----  BIT      008EH  1
PX0. . . . . . . . . . . . . . . . . .  ABSBIT   -----  BIT      00B8H  1
PX1. . . . . . . . . . . . . . . . . .  ABSBIT   -----  BIT      00BAH  1
DPH. . . . . . . . . . . . . . . . . .  SFR      DATA   U_CHAR   0083H  1
DPL. . . . . . . . . . . . . . . . . .  SFR      DATA   U_CHAR   0082H  1
REN. . . . . . . . . . . . . . . . . .  ABSBIT   -----  BIT      009CH  1
RXD. . . . . . . . . . . . . . . . . .  ABSBIT   -----  BIT      00B0H  1
TXD. . . . . . . . . . . . . . . . . .  ABSBIT   -----  BIT      00B1H  1
F0 . . . . . . . . . . . . . . . . . .  ABSBIT   -----  BIT      00D5H  1
PSW. . . . . . . . . . . . . . . . . .  SFR      DATA   U_CHAR   00D0H  1


MODULE INFORMATION:   STATIC OVERLAYABLE
   CODE SIZE        =     58    ----
   CONSTANT SIZE    =      8    ----
   XDATA SIZE       =   ----    ----
   PDATA SIZE       =   ----    ----
   DATA SIZE        =   ----    ----
   IDATA SIZE       =   ----    ----
   BIT SIZE         =   ----    ----
   EDATA SIZE       =   ----    ----
   HDATA SIZE       =   ----    ----
   XDATA CONST SIZE =   ----    ----
   FAR CONST SIZE   =   ----    ----
END OF MODULE INFORMATION.


C51 COMPILATION COMPLETE.  0 WARNING(S),  0 ERROR(S)
