[2023-10-18 21:03:01]	compilation failed at : "c:\Users\ÕÔ½¨»ª\Desktop\keilvs\10-18\project1\src\main.c", exit code: 2
command: 
  "d:\keil\C51\BIN\C51.exe" .\src\main.c OMF2 TABS(4) CODE NOCOND SYMBOLS PRINT(.\build\Release\src\main.lst) INCDIR(d:/keil/C51/INC;src) DEFINE(__UVISION_VERSION='526') OPTIMIZE(8,SPEED) SMALL ROM(LARGE) OBJECT(.\build\Release\src\main.o)
   at unify_builder.Program.Main(String[] args_)
---
C51 COMPILER V9.54 - SN: K1DZC-GDGGZC
COPYRIGHT Copyright (C) 2012 - 2015 ARM Ltd and ARM Germany GmbH. All rights reserved.
*** ERROR C141 IN LINE 427 OF .\SRC\MAIN.C: syntax error near '--'
*** ERROR C100 IN LINE 428 OF .\SRC\MAIN.C: unprintable character 0xD6 skipped
*** ERROR C100 IN LINE 428 OF .\SRC\MAIN.C: unprintable character 0xF8 skipped
*** ERROR C100 IN LINE 428 OF .\SRC\MAIN.C: unprintable character 0xD7 skipped
*** ERROR C100 IN LINE 428 OF .\SRC\MAIN.C: unprintable character 0xF7 skipped
*** ERROR C100 IN LINE 428 OF .\SRC\MAIN.C: unprintable character 0xC8 skipped
*** ERROR C100 IN LINE 428 OF .\SRC\MAIN.C: unprintable character 0xA8 skipped
*** ERROR C100 IN LINE 428 OF .\SRC\MAIN.C: unprintable character 0xB9 skipped
*** ERROR C100 IN LINE 428 OF .\SRC\MAIN.C: unprintable character 0xE9 skipped
*** ERROR C100 IN LINE 428 OF .\SRC\MAIN.C: unprintable character 0xD7 skipped
*** ERROR C100 IN LINE 428 OF .\SRC\MAIN.C: unprintable character 0xF7 skipped
*** ERROR C100 IN LINE 428 OF .\SRC\MAIN.C: unprintable character 0xD5 skipped
*** ERROR C100 IN LINE 428 OF .\SRC\MAIN.C: unprintable character 0xDF skipped
*** ERROR C100 IN LINE 428 OF .\SRC\MAIN.C: unprintable character 0xCB skipped
*** ERROR C100 IN LINE 428 OF .\SRC\MAIN.C: unprintable character 0xF9 skipped
*** ERROR C100 IN LINE 428 OF .\SRC\MAIN.C: unprintable character 0xD3 skipped
*** ERROR C100 IN LINE 428 OF .\SRC\MAIN.C: unprintable character 0xD0 skipped
*** ERROR C100 IN LINE 428 OF .\SRC\MAIN.C: unprintable character 0xA3 skipped
*** ERROR C100 IN LINE 428 OF .\SRC\MAIN.C: unprintable character 0xBA skipped
*** ERROR C100 IN LINE 428 OF .\SRC\MAIN.C: unprintable character 0xC0 skipped
*** ERROR C100 IN LINE 428 OF .\SRC\MAIN.C: unprintable character 0xB4 skipped
*** ERROR C100 IN LINE 428 OF .\SRC\MAIN.C: unprintable character 0xD7 skipped
*** ERROR C100 IN LINE 428 OF .\SRC\MAIN.C: unprintable character 0xD4 skipped
*** ERROR C100 IN LINE 428 OF .\SRC\MAIN.C: unprintable character 0xB2 skipped
*** ERROR C100 IN LINE 428 OF .\SRC\MAIN.C: unprintable character 0xA9 skipped
*** ERROR C100 IN LINE 428 OF .\SRC\MAIN.C: unprintable character 0xBF skipped
*** ERROR C100 IN LINE 428 OF .\SRC\MAIN.C: unprintable character 0xCD skipped
*** ERROR C100 IN LINE 428 OF .\SRC\MAIN.C: unprintable character 0xD7 skipped
*** ERROR C100 IN LINE 428 OF .\SRC\MAIN.C: unprintable character 0xF7 skipped
*** ERROR C100 IN LINE 428 OF .\SRC\MAIN.C: unprintable character 0xD5 skipped
*** ERROR C100 IN LINE 428 OF .\SRC\MAIN.C: unprintable character 0xDF skipped
*** ERROR C100 IN LINE 428 OF .\SRC\MAIN.C: unprintable character 0xB5 skipped
*** ERROR C100 IN LINE 428 OF .\SRC\MAIN.C: unprintable character 0xC4 skipped
*** ERROR C100 IN LINE 428 OF .\SRC\MAIN.C: unprintable character 0xD4 skipped
*** ERROR C100 IN LINE 428 OF .\SRC\MAIN.C: unprintable character 0xAD skipped
*** ERROR C100 IN LINE 428 OF .\SRC\MAIN.C: unprintable character 0xB4 skipped
*** ERROR C100 IN LINE 428 OF .\SRC\MAIN.C: unprintable character 0xB4 skipped
*** ERROR C100 IN LINE 428 OF .\SRC\MAIN.C: unprintable character 0xD7 skipped
*** ERROR C100 IN LINE 428 OF .\SRC\MAIN.C: unprintable character 0xF7 skipped
*** ERROR C100 IN LINE 428 OF .\SRC\MAIN.C: unprintable character 0xC6 skipped
*** ERROR C100 IN LINE 428 OF .\SRC\MAIN.C: unprintable character 0xB7 skipped
*** ERROR C100 IN LINE 428 OF .\SRC\MAIN.C: unprintable character 0xA3 skipped
*** ERROR C100 IN LINE 428 OF .\SRC\MAIN.C: unprintable character 0xAC skipped
*** ERROR C100 IN LINE 428 OF .\SRC\MAIN.C: unprintable character 0xC7 skipped
*** ERROR C100 IN LINE 428 OF .\SRC\MAIN.C: unprintable character 0xEB skipped
*** ERROR C100 IN LINE 428 OF .\SRC\MAIN.C: unprintable character 0xC1 skipped
*** ERROR C100 IN LINE 428 OF .\SRC\MAIN.C: unprintable character 0xAA skipped
*** ERROR C100 IN LINE 428 OF .\SRC\MAIN.C: unprintable character 0xCF skipped
*** ERROR C100 IN LINE 428 OF .\SRC\MAIN.C: unprintable character 0xB5 skipped
*** ERROR C100 IN LINE 428 OF .\SRC\MAIN.C: unprintable character 0xD7 skipped
*** ERROR C100 IN LINE 428 OF .\SRC\MAIN.C: unprintable character 0xF7 skipped
*** ERROR C100 IN LINE 428 OF .\SRC\MAIN.C: unprintable character 0xD5 skipped
*** ERROR C100 IN LINE 428 OF .\SRC\MAIN.C: unprintable character 0xDF skipped
*** ERROR C100 IN LINE 428 OF .\SRC\MAIN.C: unprintable character 0xBB skipped
*** ERROR C100 IN LINE 428 OF .\SRC\MAIN.C: unprintable character 0xF1 skipped
*** ERROR C100 IN LINE 428 OF .\SRC\MAIN.C: unprintable character 0xC8 skipped
*** ERROR C100 IN LINE 428 OF .\SRC\MAIN.C: unprintable character 0xA1 skipped
*** ERROR C100 IN LINE 428 OF .\SRC\MAIN.C: unprintable character 0xD7 skipped
*** ERROR C100 IN LINE 428 OF .\SRC\MAIN.C: unprintable character 0xAA skipped
*** ERROR C100 IN LINE 428 OF .\SRC\MAIN.C: unprintable character 0xD4 skipped
*** ERROR C100 IN LINE 428 OF .\SRC\MAIN.C: unprintable character 0xD8 skipped
*** ERROR C100 IN LINE 428 OF .\SRC\MAIN.C: unprintable character 0xCA skipped
*** ERROR C100 IN LINE 428 OF .\SRC\MAIN.C: unprintable character 0xDA skipped
*** ERROR C100 IN LINE 428 OF .\SRC\MAIN.C: unprintable character 0xC8 skipped
*** ERROR C100 IN LINE 428 OF .\SRC\MAIN.C: unprintable character 0xA8 skipped
*** ERROR C100 IN LINE 428 OF .\SRC\MAIN.C: unprintable character 0xA3 skipped
*** ERROR C100 IN LINE 428 OF .\SRC\MAIN.C: unprintable character 0xAC skipped
*** ERROR C100 IN LINE 428 OF .\SRC\MAIN.C: unprintable character 0xB7 skipped
*** ERROR C100 IN LINE 428 OF .\SRC\MAIN.C: unprintable character 0xF1 skipped
*** ERROR C100 IN LINE 428 OF .\SRC\MAIN.C: unprintable character 0xD4 skipped
*** ERROR C100 IN LINE 428 OF .\SRC\MAIN.C: unprintable character 0xF2 skipped
*** ERROR C100 IN LINE 428 OF .\SRC\MAIN.C: unprintable character 0xBD skipped
*** ERROR C100 IN LINE 428 OF .\SRC\MAIN.C: unprintable character 0xAB skipped
*** ERROR C100 IN LINE 428 OF .\SRC\MAIN.C: unprintable character 0xD7 skipped
*** ERROR C100 IN LINE 428 OF .\SRC\MAIN.C: unprintable character 0xB7 skipped
*** ERROR C100 IN LINE 428 OF .\SRC\MAIN.C: unprintable character 0xBE skipped
*** ERROR C100 IN LINE 428 OF .\SRC\MAIN.C: unprintable character 0xBF skipped
*** ERROR C100 IN LINE 428 OF .\SRC\MAIN.C: unprintable character 0xB7 skipped
*** ERROR C100 IN LINE 428 OF .\SRC\MAIN.C: unprintable character 0xA8 skipped
*** ERROR C100 IN LINE 428 OF .\SRC\MAIN.C: unprintable character 0xC2 skipped
*** ERROR C100 IN LINE 428 OF .\SRC\MAIN.C: unprintable character 0xC9 skipped
*** ERROR C100 IN LINE 428 OF .\SRC\MAIN.C: unprintable character 0xD4 skipped
*** ERROR C100 IN LINE 428 OF .\SRC\MAIN.C: unprintable character 0xF0 skipped
*** ERROR C100 IN LINE 428 OF .\SRC\MAIN.C: unprintable character 0xC8 skipped
*** ERROR C100 IN LINE 428 OF .\SRC\MAIN.C: unprintable character 0xCE skipped
*** ERROR C100 IN LINE 429 OF .\SRC\MAIN.C: unprintable character 0xB5 skipped
*** ERROR C100 IN LINE 429 OF .\SRC\MAIN.C: unprintable character 0xA5 skipped
*** ERROR C100 IN LINE 429 OF .\SRC\MAIN.C: unprintable character 0xC6 skipped
*** ERROR C100 IN LINE 429 OF .\SRC\MAIN.C: unprintable character 0xAC skipped
*** ERROR C100 IN LINE 429 OF .\SRC\MAIN.C: unprintable character 0xBB skipped
*** ERROR C100 IN LINE 429 OF .\SRC\MAIN.C: unprintable character 0xFA skipped
*** ERROR C129 IN LINE 429 OF .\SRC\MAIN.C: missing ';' before '51'

C51 COMPILATION COMPLETE.  0 WARNING(S),  92 ERROR(S)

