[2023-07-23 22:22:56]	compilation failed at : "c:\Users\赵建华\Desktop\keilvs\7-23定时器时钟\project\src\LCD1602.c", exit code: 2
command: 
  "d:\keil\C51\BIN\C51.exe" .\src\LCD1602.c OMF2 TABS(4) CODE NOCOND SYMBOLS PRINT(.\build\Release\src\LCD1602.lst) INCDIR(d:/keil/C51/INC;src) DEFINE(__UVISION_VERSION='526') OPTIMIZE(8,SPEED) SMALL ROM(LARGE) OBJECT(.\build\Release\src\LCD1602.o)
   at unify_builder.Program.Main(String[] args_)
---
C51 COMPILER V9.54 - SN: K1DZC-GDGGZC
COPYRIGHT Copyright (C) 2012 - 2015 ARM Ltd and ARM Germany GmbH. All rights reserved.
*** WARNING C318 IN LINE 1 OF .\SRC\LCD1602.C: can't open file 'REGX52.H'
*** ERROR C202 IN LINE 4 OF .\SRC\LCD1602.C: 'P2': undefined identifier
*** ERROR C202 IN LINE 5 OF .\SRC\LCD1602.C: 'P2': undefined identifier
*** ERROR C202 IN LINE 6 OF .\SRC\LCD1602.C: 'P2': undefined identifier
*** ERROR C202 IN LINE 34 OF .\SRC\LCD1602.C: 'LCD_RS': undefined identifier
*** ERROR C202 IN LINE 35 OF .\SRC\LCD1602.C: 'LCD_RW': undefined identifier
*** ERROR C202 IN LINE 36 OF .\SRC\LCD1602.C: 'P0': undefined identifier
*** ERROR C202 IN LINE 37 OF .\SRC\LCD1602.C: 'LCD_EN': undefined identifier
*** ERROR C202 IN LINE 39 OF .\SRC\LCD1602.C: 'LCD_EN': undefined identifier
*** ERROR C202 IN LINE 50 OF .\SRC\LCD1602.C: 'LCD_RS': undefined identifier
*** ERROR C202 IN LINE 51 OF .\SRC\LCD1602.C: 'LCD_RW': undefined identifier
*** ERROR C202 IN LINE 52 OF .\SRC\LCD1602.C: 'P0': undefined identifier
*** ERROR C202 IN LINE 53 OF .\SRC\LCD1602.C: 'LCD_EN': undefined identifier
*** ERROR C202 IN LINE 55 OF .\SRC\LCD1602.C: 'LCD_EN': undefined identifier

C51 COMPILATION COMPLETE.  1 WARNING(S),  13 ERROR(S)

[2023-07-23 22:23:14]	[done]
	build successfully !

[2023-07-23 22:25:10]	[done]
	build successfully !

[2023-07-23 22:29:07]	link failed !, exit code: 2
   at unify_builder.Program.Main(String[] args_)
---

LX51 LINKER/LOCATER V4.66.41.0 - SN: K1DZC-GDGGZC
COPYRIGHT ARM Germany GmbH 1995 - 2015
@c:\Users\赵建华\Desktop\keilvs\7-23定时器时钟\project\build\Release\project.lnp .\build\Release\src\Delay.o,.\build\Release\src\LCD1602.o,.\build\Release\src\Timer0.o,.\build\Release\src\main.o TO .\build\Release\project
PRINT(.\build\Release\project.map) REMOVEUNUSED

*** ERROR L127: UNRESOLVED EXTERNAL SYMBOL
    SYMBOL:  Timer0Init
    MODULE:  .\BUILD\RELEASE\SRC\MAIN.O (MAIN)

*** ERROR L128: REFERENCE MADE TO UNRESOLVED EXTERNAL
    SYMBOL:  Timer0Init
    MODULE:  .\BUILD\RELEASE\SRC\MAIN.O (MAIN)
    ADDRESS: 1000101H

Program Size: data=21.0 xdata=0 const=0 code=461
LX51 RUN COMPLETE.  0 WARNING(S),  2 ERROR(S)


[2023-07-23 22:29:51]	[done]
	build successfully !

[2023-07-23 22:33:13]	[done]
	build successfully !

[2023-07-23 22:33:38]	[done]
	build successfully !

[2023-07-23 22:52:56]	[done]
	build successfully !

