C51 COMPILER V9.54   LCD1602                                                               08/11/2023 15:15:38 PAGE 1   


C51 COMPILER V9.54, COMPILATION OF MODULE LCD1602
OBJECT MODULE PLACED IN .\build\Release\src\LCD1602.o
COMPILER INVOKED BY: d:\keil\C51\BIN\C51.exe .\SRC\LCD1602.C OMF2 TABS(4) CODE NOCOND SYMBOLS PRINT(.\build\Release\src\
                    -LCD1602.lst) INCDIR(d:/keil/C51/INC;src) DEFINE(__UVISION_VERSION=526) OPTIMIZE(8,SPEED) SMALL ROM(LARGE) OBJECT(.\build
                    -\Release\src\LCD1602.o)

line level    source

   1          #include<REG51.H>
   2          
   3          
   4          
   5          #define LCD_DataPort P0
   6          
   7          sbit LCD_RS=P2^6;
   8          sbit LCD_RW=P2^5;
   9          sbit LCD_EN=P2^7;
  10          
  11          
  12          //ÂáΩÊï∞ÂÆö‰πâÔº?
  13          /**
  14            * @brief  LCD1602Âª∂Êó∂ÂáΩÊï∞Ôº?12MHzË∞ÉÁî®ÂèØÂª∂Êó?1ms
  15            * @param  Êó?
  16            * @retval Êó?
  17            */
  18          void LCD_Delay()
  19          {
  20   1          unsigned char i, j;
  21   1      
  22   1          i = 2;
  23   1          j = 239;
  24   1          do
  25   1          {
  26   2              while (--j);
  27   2          } while (--i);
  28   1      }
  29          
  30          /**
  31            * @brief  LCD1602ÂÜôÂëΩ‰ª?
  32            * @param  Command Ë¶ÅÂÜôÂÖ•ÁöÑÂëΩ‰ª§
  33            * @retval Êó?
  34            */
  35          void LCD_WriteCommand(unsigned char Command)
  36          {
  37   1          LCD_RS=0;
  38   1          LCD_RW=0;
  39   1          LCD_DataPort=Command;
  40   1          LCD_EN=1;
  41   1          LCD_Delay();
  42   1          LCD_EN=0;
  43   1          LCD_Delay();
  44   1      }
  45          
  46          /**
  47            * @brief  LCD1602ÂÜôÊï∞Êç?
  48            * @param  Data Ë¶ÅÂÜôÂÖ•ÁöÑÊï∞ÊçÆ
  49            * @retval Êó?
  50            */
  51          void LCD_WriteData(unsigned char Data)
  52          {
  53   1          LCD_RS=1;
C51 COMPILER V9.54   LCD1602                                                               08/11/2023 15:15:38 PAGE 2   

  54   1          LCD_RW=0;
  55   1          LCD_DataPort=Data;
  56   1          LCD_EN=1;
  57   1          LCD_Delay();
  58   1          LCD_EN=0;
  59   1          LCD_Delay();
  60   1      }
  61          
  62          /**
  63            * @brief  LCD1602ËÆæÁΩÆÂÖâÊ†á‰ΩçÁΩÆ
  64            * @param  Line Ë°å‰ΩçÁΩÆÔºåËåÉÂõ¥Ôº?1~2
  65            * @param  Column Âàó‰ΩçÁΩÆÔºåËåÉÂõ¥Ôº?1~16
  66            * @retval Êó?
  67            */
  68          void LCD_SetCursor(unsigned char Line,unsigned char Column)
  69          {
  70   1          if(Line==1)
  71   1          {
  72   2              LCD_WriteCommand(0x80|(Column-1));
  73   2          }
  74   1          else if(Line==2)
  75   1          {
  76   2              LCD_WriteCommand(0x80|(Column-1+0x40));
  77   2          }
  78   1      }
  79          
  80          /**
  81            * @brief  LCD1602ÂàùÂßãÂåñÂáΩÊï?
  82            * @param  Êó?
  83            * @retval Êó?
  84            */
  85          void LCD_Init()
  86          {
  87   1          LCD_WriteCommand(0x38);//ÂÖ´‰ΩçÊï∞ÊçÆÊé•Âè£Ôºå‰∏§Ë°åÊòæÁ§∫Ôºå5*7ÁÇπÈòµ
  88   1          LCD_WriteCommand(0x0c);//ÊòæÁ§∫ÂºÄÔºåÂÖâÊ†áÂÖ≥ÔºåÈó™ÁÉÅÂÖ≥
  89   1          LCD_WriteCommand(0x06);//Êï∞ÊçÆËØªÂÜôÊìç‰ΩúÂêéÔºåÂÖâÊ†áËá™Âä®Âä†‰∏ÄÔºåÁîªÈù¢‰∏çÂä?
  90   1          LCD_WriteCommand(0x01);//ÂÖâÊ†áÂ§ç‰ΩçÔºåÊ∏ÖÂ±?
  91   1      }
  92          
  93          /**
  94            * @brief  Âú®LCD1602ÊåáÂÆö‰ΩçÁΩÆ‰∏äÊòæÁ§∫‰∏Ä‰∏™Â≠óÁ¨?
  95            * @param  Line Ë°å‰ΩçÁΩÆÔºåËåÉÂõ¥Ôº?1~2
  96            * @param  Column Âàó‰ΩçÁΩÆÔºåËåÉÂõ¥Ôº?1~16
  97            * @param  Char Ë¶ÅÊòæÁ§∫ÁöÑÂ≠óÁ¨¶
  98            * @retval Êó?
  99            */
 100          void LCD_ShowChar(unsigned char Line,unsigned char Column,char Char)
 101          {
 102   1          LCD_SetCursor(Line,Column);
 103   1          LCD_WriteData(Char);
 104   1      }
 105          
 106          /**
 107            * @brief  Âú®LCD1602ÊåáÂÆö‰ΩçÁΩÆÂºÄÂßãÊòæÁ§∫ÊâÄÁªôÂ≠óÁ¨¶‰∏≤
 108            * @param  Line Ëµ∑ÂßãË°å‰ΩçÁΩÆÔºåËåÉÂõ¥Ôº?1~2
 109            * @param  Column Ëµ∑ÂßãÂàó‰ΩçÁΩÆÔºåËåÉÂõ¥Ôº?1~16
 110            * @param  String Ë¶ÅÊòæÁ§∫ÁöÑÂ≠óÁ¨¶‰∏?
 111            * @retval Êó?
 112            */
 113          void LCD_ShowString(unsigned char Line,unsigned char Column,char *String)
 114          {
 115   1          unsigned char i;
C51 COMPILER V9.54   LCD1602                                                               08/11/2023 15:15:38 PAGE 3   

 116   1          LCD_SetCursor(Line,Column);
 117   1          for(i=0;String[i]!='\0';i++)
 118   1          {
 119   2              LCD_WriteData(String[i]);
 120   2          }
 121   1      }
 122          
 123          /**
 124            * @brief  ËøîÂõûÂÄ?=XÁöÑYÊ¨°Êñπ
 125            */
 126          int LCD_Pow(int X,int Y)
 127          {
 128   1          unsigned char i;
 129   1          int Result=1;
 130   1          for(i=0;i<Y;i++)
 131   1          {
 132   2              Result*=X;
 133   2          }
 134   1          return Result;
 135   1      }
 136          
 137          /**
 138            * @brief  Âú®LCD1602ÊåáÂÆö‰ΩçÁΩÆÂºÄÂßãÊòæÁ§∫ÊâÄÁªôÊï∞Â≠?
 139            * @param  Line Ëµ∑ÂßãË°å‰ΩçÁΩÆÔºåËåÉÂõ¥Ôº?1~2
 140            * @param  Column Ëµ∑ÂßãÂàó‰ΩçÁΩÆÔºåËåÉÂõ¥Ôº?1~16
 141            * @param  Number Ë¶ÅÊòæÁ§∫ÁöÑÊï∞Â≠óÔºåËåÉÂõ¥Ôºö0~65535
 142            * @param  Length Ë¶ÅÊòæÁ§∫Êï∞Â≠óÁöÑÈïøÂ∫¶ÔºåËåÉÂõ¥Ôºö1~5
 143            * @retval Êó?
 144            */
 145          void LCD_ShowNum(unsigned char Line,unsigned char Column,unsigned int Number,unsigned char Length)
 146          {
 147   1          unsigned char i;
 148   1          LCD_SetCursor(Line,Column);
 149   1          for(i=Length;i>0;i--)
 150   1          {
 151   2              LCD_WriteData(Number/LCD_Pow(10,i-1)%10+'0');
 152   2          }
 153   1      }
 154          
 155          /**
 156            * @brief  Âú®LCD1602ÊåáÂÆö‰ΩçÁΩÆÂºÄÂßã‰ª•ÊúâÁ¨¶Âè∑ÂçÅËøõÂà∂ÊòæÁ§∫ÊâÄÁªôÊï∞Â≠?
 157            * @param  Line Ëµ∑ÂßãË°å‰ΩçÁΩÆÔºåËåÉÂõ¥Ôº?1~2
 158            * @param  Column Ëµ∑ÂßãÂàó‰ΩçÁΩÆÔºåËåÉÂõ¥Ôº?1~16
 159            * @param  Number Ë¶ÅÊòæÁ§∫ÁöÑÊï∞Â≠óÔºåËåÉÂõ¥Ôºö-32768~32767
 160            * @param  Length Ë¶ÅÊòæÁ§∫Êï∞Â≠óÁöÑÈïøÂ∫¶ÔºåËåÉÂõ¥Ôºö1~5
 161            * @retval Êó?
 162            */
 163          void LCD_ShowSignedNum(unsigned char Line,unsigned char Column,int Number,unsigned char Length)
 164          {
 165   1          unsigned char i;
 166   1          unsigned int Number1;
 167   1          LCD_SetCursor(Line,Column);
 168   1          if(Number>=0)
 169   1          {
 170   2              LCD_WriteData('+');
 171   2              Number1=Number;
 172   2          }
 173   1          else
 174   1          {
 175   2              LCD_WriteData('-');
 176   2              Number1=-Number;
 177   2          }
C51 COMPILER V9.54   LCD1602                                                               08/11/2023 15:15:38 PAGE 4   

 178   1          for(i=Length;i>0;i--)
 179   1          {
 180   2              LCD_WriteData(Number1/LCD_Pow(10,i-1)%10+'0');
 181   2          }
 182   1      }
 183          
 184          /**
 185            * @brief  Âú®LCD1602ÊåáÂÆö‰ΩçÁΩÆÂºÄÂßã‰ª•ÂçÅÂÖ≠ËøõÂà∂ÊòæÁ§∫ÊâÄÁªôÊï∞Â≠?
 186            * @param  Line Ëµ∑ÂßãË°å‰ΩçÁΩÆÔºåËåÉÂõ¥Ôº?1~2
 187            * @param  Column Ëµ∑ÂßãÂàó‰ΩçÁΩÆÔºåËåÉÂõ¥Ôº?1~16
 188            * @param  Number Ë¶ÅÊòæÁ§∫ÁöÑÊï∞Â≠óÔºåËåÉÂõ¥Ôºö0~0xFFFF
 189            * @param  Length Ë¶ÅÊòæÁ§∫Êï∞Â≠óÁöÑÈïøÂ∫¶ÔºåËåÉÂõ¥Ôºö1~4
 190            * @retval Êó?
 191            */
 192          void LCD_ShowHexNum(unsigned char Line,unsigned char Column,unsigned int Number,unsigned char Length)
 193          {
 194   1          unsigned char i,SingleNumber;
 195   1          LCD_SetCursor(Line,Column);
 196   1          for(i=Length;i>0;i--)
 197   1          {
 198   2              SingleNumber=Number/LCD_Pow(16,i-1)%16;
 199   2              if(SingleNumber<10)
 200   2              {
 201   3                  LCD_WriteData(SingleNumber+'0');
 202   3              }
 203   2              else
 204   2              {
 205   3                  LCD_WriteData(SingleNumber-10+'A');
 206   3              }
 207   2          }
 208   1      }
 209          
 210          /**
 211            * @brief  Âú®LCD1602ÊåáÂÆö‰ΩçÁΩÆÂºÄÂßã‰ª•‰∫åËøõÂà∂ÊòæÁ§∫ÊâÄÁªôÊï∞Â≠?
 212            * @param  Line Ëµ∑ÂßãË°å‰ΩçÁΩÆÔºåËåÉÂõ¥Ôº?1~2
 213            * @param  Column Ëµ∑ÂßãÂàó‰ΩçÁΩÆÔºåËåÉÂõ¥Ôº?1~16
 214            * @param  Number Ë¶ÅÊòæÁ§∫ÁöÑÊï∞Â≠óÔºåËåÉÂõ¥Ôºö0~1111 1111 1111 1111
 215            * @param  Length Ë¶ÅÊòæÁ§∫Êï∞Â≠óÁöÑÈïøÂ∫¶ÔºåËåÉÂõ¥Ôºö1~16
 216            * @retval Êó?
 217            */
 218          void LCD_ShowBinNum(unsigned char Line,unsigned char Column,unsigned int Number,unsigned char Length)
 219          {
 220   1          unsigned char i;
 221   1          LCD_SetCursor(Line,Column);
 222   1          for(i=Length;i>0;i--)
 223   1          {
 224   2              LCD_WriteData(Number/LCD_Pow(2,i-1)%2+'0');
 225   2          }
 226   1      }
C51 COMPILER V9.54   LCD1602                                                               08/11/2023 15:15:38 PAGE 5   

ASSEMBLY LISTING OF GENERATED OBJECT CODE


             ; FUNCTION L?0048 (BEGIN)
0000 C2A5              CLR     LCD_RW
0002 8F80              MOV     P0,R7
0004 D2A7              SETB    LCD_EN
             ; FUNCTION LCD_Delay (BEGIN)
                                           ; SOURCE LINE # 18
                                           ; SOURCE LINE # 19
                                           ; SOURCE LINE # 22
;---- Variable 'i' assigned to Register 'R7' ----
0006 7F02              MOV     R7,#02H
                                           ; SOURCE LINE # 23
;---- Variable 'j' assigned to Register 'R6' ----
0008 7EEF              MOV     R6,#0EFH
                                           ; SOURCE LINE # 25
000A         ?C0004:
                                           ; SOURCE LINE # 26
000A DEFE              DJNZ    R6,?C0004
000C         ?C0005:
                                           ; SOURCE LINE # 27
000C         ?C0001:
000C DFFC              DJNZ    R7,?C0004
                                           ; SOURCE LINE # 28
000E 22                RET     
             ; FUNCTION LCD_Delay (END)

             ; FUNCTION _LCD_WriteCommand (BEGIN)
                                           ; SOURCE LINE # 35
;---- Variable 'Command' assigned to Register 'R7' ----
                                           ; SOURCE LINE # 36
                                           ; SOURCE LINE # 37
0000 C2A6              CLR     LCD_RS
                                           ; SOURCE LINE # 38
                                           ; SOURCE LINE # 39
                                           ; SOURCE LINE # 40
                                           ; SOURCE LINE # 41
0002 120000      R     LCALL   L?0048
                                           ; SOURCE LINE # 42
0005 C2A7              CLR     LCD_EN
                                           ; SOURCE LINE # 43
0007 020000      R     LJMP    LCD_Delay
             ; FUNCTION _LCD_WriteCommand (END)

             ; FUNCTION L?0047 (BEGIN)
0000 CF                XCH     A,R7
0001 CD                XCH     A,R5
0002 CF                XCH     A,R7
0003 CE                XCH     A,R6
0004 CC                XCH     A,R4
0005 CE                XCH     A,R6
0006 120000      E     LCALL   ?C?UIDIV
0009 7C00              MOV     R4,#00H
000B 7D0A              MOV     R5,#0AH
000D 120000      E     LCALL   ?C?UIDIV
0010 ED                MOV     A,R5
0011 2430              ADD     A,#030H
0013 FF                MOV     R7,A
             ; FUNCTION _LCD_WriteData (BEGIN)
                                           ; SOURCE LINE # 51
;---- Variable 'Data' assigned to Register 'R7' ----
C51 COMPILER V9.54   LCD1602                                                               08/11/2023 15:15:38 PAGE 6   

                                           ; SOURCE LINE # 52
                                           ; SOURCE LINE # 53
0014 D2A6              SETB    LCD_RS
                                           ; SOURCE LINE # 54
                                           ; SOURCE LINE # 55
                                           ; SOURCE LINE # 56
                                           ; SOURCE LINE # 57
0016 120000      R     LCALL   L?0048
                                           ; SOURCE LINE # 58
0019 C2A7              CLR     LCD_EN
                                           ; SOURCE LINE # 59
001B 020000      R     LJMP    LCD_Delay
             ; FUNCTION _LCD_WriteData (END)

             ; FUNCTION _LCD_SetCursor (BEGIN)
                                           ; SOURCE LINE # 68
;---- Variable 'Column' assigned to Register 'R5' ----
;---- Variable 'Line' assigned to Register 'R6' ----
0000 AE07              MOV     R6,AR7
                                           ; SOURCE LINE # 69
                                           ; SOURCE LINE # 70
0002 BE0104            CJNE    R6,#01H,?C0009
                                           ; SOURCE LINE # 71
                                           ; SOURCE LINE # 72
0005 ED                MOV     A,R5
0006 14                DEC     A
                                           ; SOURCE LINE # 73
0007 8006              SJMP    ?C0043
0009         ?C0009:
                                           ; SOURCE LINE # 74
0009 BE0209            CJNE    R6,#02H,?C0012
                                           ; SOURCE LINE # 75
                                           ; SOURCE LINE # 76
000C ED                MOV     A,R5
000D 243F              ADD     A,#03FH
000F         ?C0043:
000F 4480              ORL     A,#080H
0011 FF                MOV     R7,A
0012 120000      R     LCALL   _LCD_WriteCommand
                                           ; SOURCE LINE # 77
                                           ; SOURCE LINE # 78
0015         ?C0012:
0015 22                RET     
             ; FUNCTION _LCD_SetCursor (END)

             ; FUNCTION LCD_Init (BEGIN)
                                           ; SOURCE LINE # 85
                                           ; SOURCE LINE # 86
                                           ; SOURCE LINE # 87
0000 7F38              MOV     R7,#038H
0002 120000      R     LCALL   _LCD_WriteCommand
                                           ; SOURCE LINE # 88
0005 7F0C              MOV     R7,#0CH
0007 120000      R     LCALL   _LCD_WriteCommand
                                           ; SOURCE LINE # 89
000A 7F06              MOV     R7,#06H
000C 120000      R     LCALL   _LCD_WriteCommand
                                           ; SOURCE LINE # 90
000F 7F01              MOV     R7,#01H
0011 020000      R     LJMP    _LCD_WriteCommand
             ; FUNCTION LCD_Init (END)

C51 COMPILER V9.54   LCD1602                                                               08/11/2023 15:15:38 PAGE 7   

             ; FUNCTION _LCD_ShowChar (BEGIN)
                                           ; SOURCE LINE # 100
;---- Variable 'Line' assigned to Register 'R6' ----
;---- Variable 'Char' assigned to Register 'R4' ----
0000 AC03              MOV     R4,AR3
;---- Variable 'Column' assigned to Register 'R5' ----
                                           ; SOURCE LINE # 101
                                           ; SOURCE LINE # 102
0002 120000      R     LCALL   _LCD_SetCursor
                                           ; SOURCE LINE # 103
0005 AF04              MOV     R7,AR4
0007 020000      R     LJMP    _LCD_WriteData
             ; FUNCTION _LCD_ShowChar (END)

             ; FUNCTION _LCD_ShowString (BEGIN)
                                           ; SOURCE LINE # 113
0000 8B00        R     MOV     String,R3
0002 8A00        R     MOV     String+01H,R2
0004 8900        R     MOV     String+02H,R1
;---- Variable 'Column' assigned to Register 'R5' ----
;---- Variable 'Line' assigned to Register 'R7' ----
                                           ; SOURCE LINE # 114
                                           ; SOURCE LINE # 116
0006 120000      R     LCALL   _LCD_SetCursor
                                           ; SOURCE LINE # 117
;---- Variable 'i' assigned to Register 'R5' ----
0009 E4                CLR     A
000A FD                MOV     R5,A
000B         ?C0015:
000B AB00        R     MOV     R3,String
000D AA00        R     MOV     R2,String+01H
000F A900        R     MOV     R1,String+02H
0011 8D82              MOV     DPL,R5
0013 758300            MOV     DPH,#00H
0016 120000      E     LCALL   ?C?CLDOPTR
0019 FF                MOV     R7,A
001A 6006              JZ      ?C0018
                                           ; SOURCE LINE # 118
                                           ; SOURCE LINE # 119
001C 120000      R     LCALL   _LCD_WriteData
                                           ; SOURCE LINE # 120
001F 0D                INC     R5
0020 80E9              SJMP    ?C0015
                                           ; SOURCE LINE # 121
0022         ?C0018:
0022 22                RET     
             ; FUNCTION _LCD_ShowString (END)

             ; FUNCTION L?0045 (BEGIN)
0000 7F0A              MOV     R7,#0AH
0002         L?0046:
0002 EA                MOV     A,R2
0003 24FF              ADD     A,#0FFH
0005 FD                MOV     R5,A
0006 E4                CLR     A
0007 34FF              ADDC    A,#0FFH
0009 FC                MOV     R4,A
000A 7E00              MOV     R6,#00H
             ; FUNCTION _LCD_Pow (BEGIN)
                                           ; SOURCE LINE # 126
000C 8E00        R     MOV     X,R6
000E 8F00        R     MOV     X+01H,R7
C51 COMPILER V9.54   LCD1602                                                               08/11/2023 15:15:38 PAGE 8   

0010 8C00        R     MOV     Y,R4
0012 8D00        R     MOV     Y+01H,R5
                                           ; SOURCE LINE # 127
                                           ; SOURCE LINE # 129
;---- Variable 'Result' assigned to Register 'R6/R7' ----
0014 7F01              MOV     R7,#01H
0016 7E00              MOV     R6,#00H
                                           ; SOURCE LINE # 130
;---- Variable 'i' assigned to Register 'R3' ----
0018 E4                CLR     A
0019 FB                MOV     R3,A
001A         ?C0019:
001A EB                MOV     A,R3
001B C3                CLR     C
001C 9500        R     SUBB    A,Y+01H
001E E500        R     MOV     A,Y
0020 6480              XRL     A,#080H
0022 F8                MOV     R0,A
0023 7480              MOV     A,#080H
0025 98                SUBB    A,R0
0026 500A              JNC     ?C0020
                                           ; SOURCE LINE # 131
                                           ; SOURCE LINE # 132
0028 AC00        R     MOV     R4,X
002A AD00        R     MOV     R5,X+01H
002C 120000      E     LCALL   ?C?IMUL
                                           ; SOURCE LINE # 133
002F 0B                INC     R3
0030 80E8              SJMP    ?C0019
0032         ?C0020:
                                           ; SOURCE LINE # 134
                                           ; SOURCE LINE # 135
0032         ?C0022:
0032 22                RET     
             ; FUNCTION _LCD_Pow (END)

             ; FUNCTION _LCD_ShowNum (BEGIN)
                                           ; SOURCE LINE # 145
0000 8A00        R     MOV     Number,R2
0002 8B00        R     MOV     Number+01H,R3
;---- Variable 'Column' assigned to Register 'R5' ----
;---- Variable 'Line' assigned to Register 'R7' ----
                                           ; SOURCE LINE # 146
                                           ; SOURCE LINE # 148
0004 120000      R     LCALL   _LCD_SetCursor
                                           ; SOURCE LINE # 149
;---- Variable 'i' assigned to Register 'R2' ----
0007 AA00        R     MOV     R2,Length
0009         ?C0023:
0009 EA                MOV     A,R2
000A D3                SETB    C
000B 9400              SUBB    A,#00H
000D 400D              JC      ?C0026
                                           ; SOURCE LINE # 150
                                           ; SOURCE LINE # 151
000F 120000      R     LCALL   L?0045
0012 AC00        R     MOV     R4,Number
0014 AD00        R     MOV     R5,Number+01H
0016 120000      R     LCALL   L?0047
                                           ; SOURCE LINE # 152
0019 1A                DEC     R2
001A 80ED              SJMP    ?C0023
C51 COMPILER V9.54   LCD1602                                                               08/11/2023 15:15:38 PAGE 9   

                                           ; SOURCE LINE # 153
001C         ?C0026:
001C 22                RET     
             ; FUNCTION _LCD_ShowNum (END)

             ; FUNCTION _LCD_ShowSignedNum (BEGIN)
                                           ; SOURCE LINE # 163
;---- Variable 'Line' assigned to Register 'R7' ----
;---- Variable 'Number' assigned to Register 'R2/R3' ----
;---- Variable 'Column' assigned to Register 'R5' ----
                                           ; SOURCE LINE # 164
                                           ; SOURCE LINE # 167
0000 120000      R     LCALL   _LCD_SetCursor
                                           ; SOURCE LINE # 168
0003 C3                CLR     C
0004 EA                MOV     A,R2
0005 6480              XRL     A,#080H
0007 9480              SUBB    A,#080H
0009 400B              JC      ?C0027
                                           ; SOURCE LINE # 169
                                           ; SOURCE LINE # 170
000B 7F2B              MOV     R7,#02BH
000D 120000      R     LCALL   _LCD_WriteData
                                           ; SOURCE LINE # 171
0010 8A00        R     MOV     Number1,R2
0012 8B00        R     MOV     Number1+01H,R3
                                           ; SOURCE LINE # 172
0014 800E              SJMP    ?C0028
0016         ?C0027:
                                           ; SOURCE LINE # 174
                                           ; SOURCE LINE # 175
0016 7F2D              MOV     R7,#02DH
0018 120000      R     LCALL   _LCD_WriteData
                                           ; SOURCE LINE # 176
001B C3                CLR     C
001C E4                CLR     A
001D 9B                SUBB    A,R3
001E F500        R     MOV     Number1+01H,A
0020 E4                CLR     A
0021 9A                SUBB    A,R2
0022 F500        R     MOV     Number1,A
                                           ; SOURCE LINE # 177
0024         ?C0028:
                                           ; SOURCE LINE # 178
;---- Variable 'i' assigned to Register 'R2' ----
0024 AA00        R     MOV     R2,Length
0026         ?C0029:
0026 EA                MOV     A,R2
0027 D3                SETB    C
0028 9400              SUBB    A,#00H
002A 400D              JC      ?C0032
                                           ; SOURCE LINE # 179
                                           ; SOURCE LINE # 180
002C 120000      R     LCALL   L?0045
002F AC00        R     MOV     R4,Number1
0031 AD00        R     MOV     R5,Number1+01H
0033 120000      R     LCALL   L?0047
                                           ; SOURCE LINE # 181
0036 1A                DEC     R2
0037 80ED              SJMP    ?C0029
                                           ; SOURCE LINE # 182
0039         ?C0032:
C51 COMPILER V9.54   LCD1602                                                               08/11/2023 15:15:38 PAGE 10  

0039 22                RET     
             ; FUNCTION _LCD_ShowSignedNum (END)

             ; FUNCTION _LCD_ShowHexNum (BEGIN)
                                           ; SOURCE LINE # 192
0000 8A00        R     MOV     Number,R2
0002 8B00        R     MOV     Number+01H,R3
;---- Variable 'Column' assigned to Register 'R5' ----
;---- Variable 'Line' assigned to Register 'R7' ----
                                           ; SOURCE LINE # 193
                                           ; SOURCE LINE # 195
0004 120000      R     LCALL   _LCD_SetCursor
                                           ; SOURCE LINE # 196
;---- Variable 'i' assigned to Register 'R2' ----
0007 AA00        R     MOV     R2,Length
0009         ?C0033:
0009 EA                MOV     A,R2
000A D3                SETB    C
000B 9400              SUBB    A,#00H
000D 4029              JC      ?C0038
                                           ; SOURCE LINE # 197
                                           ; SOURCE LINE # 198
000F 7F10              MOV     R7,#010H
0011 120000      R     LCALL   L?0046
0014 AC00        R     MOV     R4,Number
0016 AD00        R     MOV     R5,Number+01H
0018 CF                XCH     A,R7
0019 CD                XCH     A,R5
001A CF                XCH     A,R7
001B CE                XCH     A,R6
001C CC                XCH     A,R4
001D CE                XCH     A,R6
001E 120000      E     LCALL   ?C?UIDIV
0021 EF                MOV     A,R7
0022 540F              ANL     A,#0FH
;---- Variable 'SingleNumber' assigned to Register 'R6' ----
0024 FE                MOV     R6,A
                                           ; SOURCE LINE # 199
0025 C3                CLR     C
0026 940A              SUBB    A,#0AH
0028 EE                MOV     A,R6
0029 5004              JNC     ?C0036
                                           ; SOURCE LINE # 200
                                           ; SOURCE LINE # 201
002B 2430              ADD     A,#030H
                                           ; SOURCE LINE # 202
002D 8002              SJMP    ?C0044
002F         ?C0036:
                                           ; SOURCE LINE # 204
                                           ; SOURCE LINE # 205
002F 2437              ADD     A,#037H
0031         ?C0044:
0031 FF                MOV     R7,A
0032 120000      R     LCALL   _LCD_WriteData
                                           ; SOURCE LINE # 206
                                           ; SOURCE LINE # 207
0035         ?C0035:
0035 1A                DEC     R2
0036 80D1              SJMP    ?C0033
                                           ; SOURCE LINE # 208
0038         ?C0038:
0038 22                RET     
C51 COMPILER V9.54   LCD1602                                                               08/11/2023 15:15:38 PAGE 11  

             ; FUNCTION _LCD_ShowHexNum (END)

             ; FUNCTION _LCD_ShowBinNum (BEGIN)
                                           ; SOURCE LINE # 218
0000 8A00        R     MOV     Number,R2
0002 8B00        R     MOV     Number+01H,R3
;---- Variable 'Column' assigned to Register 'R5' ----
;---- Variable 'Line' assigned to Register 'R7' ----
                                           ; SOURCE LINE # 219
                                           ; SOURCE LINE # 221
0004 120000      R     LCALL   _LCD_SetCursor
                                           ; SOURCE LINE # 222
;---- Variable 'i' assigned to Register 'R2' ----
0007 AA00        R     MOV     R2,Length
0009         ?C0039:
0009 EA                MOV     A,R2
000A D3                SETB    C
000B 9400              SUBB    A,#00H
000D 4028              JC      ?C0042
                                           ; SOURCE LINE # 223
                                           ; SOURCE LINE # 224
000F EA                MOV     A,R2
0010 24FF              ADD     A,#0FFH
0012 FD                MOV     R5,A
0013 E4                CLR     A
0014 34FF              ADDC    A,#0FFH
0016 FC                MOV     R4,A
0017 7F02              MOV     R7,#02H
0019 7E00              MOV     R6,#00H
001B 120000      R     LCALL   _LCD_Pow
001E AC00        R     MOV     R4,Number
0020 AD00        R     MOV     R5,Number+01H
0022 CF                XCH     A,R7
0023 CD                XCH     A,R5
0024 CF                XCH     A,R7
0025 CE                XCH     A,R6
0026 CC                XCH     A,R4
0027 CE                XCH     A,R6
0028 120000      E     LCALL   ?C?UIDIV
002B EF                MOV     A,R7
002C 5401              ANL     A,#01H
002E 2430              ADD     A,#030H
0030 FF                MOV     R7,A
0031 120000      R     LCALL   _LCD_WriteData
                                           ; SOURCE LINE # 225
0034 1A                DEC     R2
0035 80D2              SJMP    ?C0039
                                           ; SOURCE LINE # 226
0037         ?C0042:
0037 22                RET     
             ; FUNCTION _LCD_ShowBinNum (END)

C51 COMPILER V9.54   LCD1602                                                               08/11/2023 15:15:38 PAGE 12  

NAME                                    CLASS   MSPACE  TYPE    OFFSET  SIZE
====                                    =====   ======  ====    ======  ====


P0 . . . . . . . . . . . . . . . . . .  SFR      DATA   U_CHAR   0080H  1
P1 . . . . . . . . . . . . . . . . . .  SFR      DATA   U_CHAR   0090H  1
P2 . . . . . . . . . . . . . . . . . .  SFR      DATA   U_CHAR   00A0H  1
P3 . . . . . . . . . . . . . . . . . .  SFR      DATA   U_CHAR   00B0H  1
T0 . . . . . . . . . . . . . . . . . .  ABSBIT   -----  BIT      00B4H  1
AC . . . . . . . . . . . . . . . . . .  ABSBIT   -----  BIT      00D6H  1
T1 . . . . . . . . . . . . . . . . . .  ABSBIT   -----  BIT      00B5H  1
EA . . . . . . . . . . . . . . . . . .  ABSBIT   -----  BIT      00AFH  1
_LCD_WriteCommand. . . . . . . . . . .  PUBLIC   CODE   PROC     0000H  -----
  Command. . . . . . . . . . . . . . .  * REG *  DATA   U_CHAR   0007H  1
_LCD_ShowNum . . . . . . . . . . . . .  PUBLIC   CODE   PROC     0000H  -----
  Line . . . . . . . . . . . . . . . .  AUTO     DATA   U_CHAR   0007H  1
  Column . . . . . . . . . . . . . . .  AUTO     DATA   U_CHAR   0005H  1
  Number . . . . . . . . . . . . . . .  AUTO     DATA   U_INT    0002H  2
  Length . . . . . . . . . . . . . . .  AUTO     DATA   U_CHAR   0004H  1
  i. . . . . . . . . . . . . . . . . .  * REG *  DATA   U_CHAR   0002H  1
IE . . . . . . . . . . . . . . . . . .  SFR      DATA   U_CHAR   00A8H  1
RD . . . . . . . . . . . . . . . . . .  ABSBIT   -----  BIT      00B7H  1
ES . . . . . . . . . . . . . . . . . .  ABSBIT   -----  BIT      00ACH  1
IP . . . . . . . . . . . . . . . . . .  SFR      DATA   U_CHAR   00B8H  1
RI . . . . . . . . . . . . . . . . . .  ABSBIT   -----  BIT      0098H  1
INT0 . . . . . . . . . . . . . . . . .  ABSBIT   -----  BIT      00B2H  1
CY . . . . . . . . . . . . . . . . . .  ABSBIT   -----  BIT      00D7H  1
TI . . . . . . . . . . . . . . . . . .  ABSBIT   -----  BIT      0099H  1
INT1 . . . . . . . . . . . . . . . . .  ABSBIT   -----  BIT      00B3H  1
PS . . . . . . . . . . . . . . . . . .  ABSBIT   -----  BIT      00BCH  1
SP . . . . . . . . . . . . . . . . . .  SFR      DATA   U_CHAR   0081H  1
_LCD_ShowBinNum. . . . . . . . . . . .  PUBLIC   CODE   PROC     0000H  -----
  Line . . . . . . . . . . . . . . . .  AUTO     DATA   U_CHAR   0007H  1
  Column . . . . . . . . . . . . . . .  AUTO     DATA   U_CHAR   0005H  1
  Number . . . . . . . . . . . . . . .  AUTO     DATA   U_INT    0002H  2
  Length . . . . . . . . . . . . . . .  AUTO     DATA   U_CHAR   0004H  1
  i. . . . . . . . . . . . . . . . . .  * REG *  DATA   U_CHAR   0002H  1
OV . . . . . . . . . . . . . . . . . .  ABSBIT   -----  BIT      00D2H  1
LCD_Delay. . . . . . . . . . . . . . .  PUBLIC   CODE   PROC     0006H  -----
  i. . . . . . . . . . . . . . . . . .  * REG *  DATA   U_CHAR   0007H  1
  j. . . . . . . . . . . . . . . . . .  * REG *  DATA   U_CHAR   0006H  1
WR . . . . . . . . . . . . . . . . . .  ABSBIT   -----  BIT      00B6H  1
_LCD_ShowHexNum. . . . . . . . . . . .  PUBLIC   CODE   PROC     0000H  -----
  Line . . . . . . . . . . . . . . . .  AUTO     DATA   U_CHAR   0007H  1
  Column . . . . . . . . . . . . . . .  AUTO     DATA   U_CHAR   0005H  1
  Number . . . . . . . . . . . . . . .  AUTO     DATA   U_INT    0002H  2
  Length . . . . . . . . . . . . . . .  AUTO     DATA   U_CHAR   0004H  1
  i. . . . . . . . . . . . . . . . . .  * REG *  DATA   U_CHAR   0002H  1
  SingleNumber . . . . . . . . . . . .  * REG *  DATA   U_CHAR   0006H  1
SBUF . . . . . . . . . . . . . . . . .  SFR      DATA   U_CHAR   0099H  1
PCON . . . . . . . . . . . . . . . . .  SFR      DATA   U_CHAR   0087H  1
SCON . . . . . . . . . . . . . . . . .  SFR      DATA   U_CHAR   0098H  1
TMOD . . . . . . . . . . . . . . . . .  SFR      DATA   U_CHAR   0089H  1
TCON . . . . . . . . . . . . . . . . .  SFR      DATA   U_CHAR   0088H  1
IE0. . . . . . . . . . . . . . . . . .  ABSBIT   -----  BIT      0089H  1
_LCD_WriteData . . . . . . . . . . . .  PUBLIC   CODE   PROC     0014H  -----
  Data . . . . . . . . . . . . . . . .  * REG *  DATA   U_CHAR   0007H  1
IE1. . . . . . . . . . . . . . . . . .  ABSBIT   -----  BIT      008BH  1
B. . . . . . . . . . . . . . . . . . .  SFR      DATA   U_CHAR   00F0H  1
LCD_EN . . . . . . . . . . . . . . . .  ABSBIT   -----  BIT      00A7H  1
ACC. . . . . . . . . . . . . . . . . .  SFR      DATA   U_CHAR   00E0H  1
C51 COMPILER V9.54   LCD1602                                                               08/11/2023 15:15:38 PAGE 13  

NAME                                    CLASS   MSPACE  TYPE    OFFSET  SIZE
====                                    =====   ======  ====    ======  ====


ET0. . . . . . . . . . . . . . . . . .  ABSBIT   -----  BIT      00A9H  1
LCD_Init . . . . . . . . . . . . . . .  PUBLIC   CODE   PROC     0000H  -----
ET1. . . . . . . . . . . . . . . . . .  ABSBIT   -----  BIT      00ABH  1
TF0. . . . . . . . . . . . . . . . . .  ABSBIT   -----  BIT      008DH  1
TF1. . . . . . . . . . . . . . . . . .  ABSBIT   -----  BIT      008FH  1
RB8. . . . . . . . . . . . . . . . . .  ABSBIT   -----  BIT      009AH  1
TH0. . . . . . . . . . . . . . . . . .  SFR      DATA   U_CHAR   008CH  1
EX0. . . . . . . . . . . . . . . . . .  ABSBIT   -----  BIT      00A8H  1
IT0. . . . . . . . . . . . . . . . . .  ABSBIT   -----  BIT      0088H  1
TH1. . . . . . . . . . . . . . . . . .  SFR      DATA   U_CHAR   008DH  1
TB8. . . . . . . . . . . . . . . . . .  ABSBIT   -----  BIT      009BH  1
EX1. . . . . . . . . . . . . . . . . .  ABSBIT   -----  BIT      00AAH  1
IT1. . . . . . . . . . . . . . . . . .  ABSBIT   -----  BIT      008AH  1
P. . . . . . . . . . . . . . . . . . .  ABSBIT   -----  BIT      00D0H  1
SM0. . . . . . . . . . . . . . . . . .  ABSBIT   -----  BIT      009FH  1
TL0. . . . . . . . . . . . . . . . . .  SFR      DATA   U_CHAR   008AH  1
SM1. . . . . . . . . . . . . . . . . .  ABSBIT   -----  BIT      009EH  1
TL1. . . . . . . . . . . . . . . . . .  SFR      DATA   U_CHAR   008BH  1
SM2. . . . . . . . . . . . . . . . . .  ABSBIT   -----  BIT      009DH  1
_LCD_ShowString. . . . . . . . . . . .  PUBLIC   CODE   PROC     0000H  -----
  Line . . . . . . . . . . . . . . . .  * REG *  DATA   U_CHAR   0007H  1
  Column . . . . . . . . . . . . . . .  * REG *  DATA   U_CHAR   0005H  1
  String . . . . . . . . . . . . . . .  AUTO     DATA   PTR      0000H  3
  i. . . . . . . . . . . . . . . . . .  * REG *  DATA   U_CHAR   0005H  1
PT0. . . . . . . . . . . . . . . . . .  ABSBIT   -----  BIT      00B9H  1
PT1. . . . . . . . . . . . . . . . . .  ABSBIT   -----  BIT      00BBH  1
RS0. . . . . . . . . . . . . . . . . .  ABSBIT   -----  BIT      00D3H  1
TR0. . . . . . . . . . . . . . . . . .  ABSBIT   -----  BIT      008CH  1
RS1. . . . . . . . . . . . . . . . . .  ABSBIT   -----  BIT      00D4H  1
TR1. . . . . . . . . . . . . . . . . .  ABSBIT   -----  BIT      008EH  1
_LCD_ShowChar. . . . . . . . . . . . .  PUBLIC   CODE   PROC     0000H  -----
  Line . . . . . . . . . . . . . . . .  * REG *  DATA   U_CHAR   0006H  1
  Column . . . . . . . . . . . . . . .  * REG *  DATA   U_CHAR   0005H  1
  Char . . . . . . . . . . . . . . . .  * REG *  DATA   CHAR     0004H  1
PX0. . . . . . . . . . . . . . . . . .  ABSBIT   -----  BIT      00B8H  1
LCD_RS . . . . . . . . . . . . . . . .  ABSBIT   -----  BIT      00A6H  1
PX1. . . . . . . . . . . . . . . . . .  ABSBIT   -----  BIT      00BAH  1
DPH. . . . . . . . . . . . . . . . . .  SFR      DATA   U_CHAR   0083H  1
LCD_RW . . . . . . . . . . . . . . . .  ABSBIT   -----  BIT      00A5H  1
DPL. . . . . . . . . . . . . . . . . .  SFR      DATA   U_CHAR   0082H  1
_LCD_SetCursor . . . . . . . . . . . .  PUBLIC   CODE   PROC     0000H  -----
  Line . . . . . . . . . . . . . . . .  * REG *  DATA   U_CHAR   0006H  1
  Column . . . . . . . . . . . . . . .  * REG *  DATA   U_CHAR   0005H  1
REN. . . . . . . . . . . . . . . . . .  ABSBIT   -----  BIT      009CH  1
_LCD_ShowSignedNum . . . . . . . . . .  PUBLIC   CODE   PROC     0000H  -----
  Line . . . . . . . . . . . . . . . .  AUTO     DATA   U_CHAR   0007H  1
  Column . . . . . . . . . . . . . . .  AUTO     DATA   U_CHAR   0005H  1
  Number . . . . . . . . . . . . . . .  AUTO     DATA   INT      0002H  2
  Length . . . . . . . . . . . . . . .  AUTO     DATA   U_CHAR   0004H  1
  i. . . . . . . . . . . . . . . . . .  * REG *  DATA   U_CHAR   0002H  1
  Number1. . . . . . . . . . . . . . .  AUTO     DATA   U_INT    0005H  2
_LCD_Pow . . . . . . . . . . . . . . .  PUBLIC   CODE   PROC     000CH  -----
  X. . . . . . . . . . . . . . . . . .  AUTO     DATA   INT      0000H  2
  Y. . . . . . . . . . . . . . . . . .  AUTO     DATA   INT      0002H  2
  i. . . . . . . . . . . . . . . . . .  * REG *  DATA   U_CHAR   0003H  1
  Result . . . . . . . . . . . . . . .  * REG *  DATA   INT      0006H  2
RXD. . . . . . . . . . . . . . . . . .  ABSBIT   -----  BIT      00B0H  1
C51 COMPILER V9.54   LCD1602                                                               08/11/2023 15:15:38 PAGE 14  

NAME                                    CLASS   MSPACE  TYPE    OFFSET  SIZE
====                                    =====   ======  ====    ======  ====


TXD. . . . . . . . . . . . . . . . . .  ABSBIT   -----  BIT      00B1H  1
F0 . . . . . . . . . . . . . . . . . .  ABSBIT   -----  BIT      00D5H  1
PSW. . . . . . . . . . . . . . . . . .  SFR      DATA   U_CHAR   00D0H  1


MODULE INFORMATION:   STATIC OVERLAYABLE
   CODE SIZE        =    393    ----
   CONSTANT SIZE    =   ----    ----
   XDATA SIZE       =   ----    ----
   PDATA SIZE       =   ----    ----
   DATA SIZE        =   ----      29
   IDATA SIZE       =   ----    ----
   BIT SIZE         =   ----    ----
   EDATA SIZE       =   ----    ----
   HDATA SIZE       =   ----    ----
   XDATA CONST SIZE =   ----    ----
   FAR CONST SIZE   =   ----    ----
END OF MODULE INFORMATION.


C51 COMPILATION COMPLETE.  0 WARNING(S),  0 ERROR(S)
