C51 COMPILER V9.54   MAIN                                                                  08/11/2023 15:15:38 PAGE 1   


C51 COMPILER V9.54, COMPILATION OF MODULE MAIN
OBJECT MODULE PLACED IN .\build\Release\src\main.o
COMPILER INVOKED BY: d:\keil\C51\BIN\C51.exe .\SRC\MAIN.C OMF2 TABS(4) CODE NOCOND SYMBOLS PRINT(.\build\Release\src\mai
                    -n.lst) INCDIR(d:/keil/C51/INC;src) DEFINE(__UVISION_VERSION=526) OPTIMIZE(8,SPEED) SMALL ROM(LARGE) OBJECT(.\build\Relea
                    -se\src\main.o)

line level    source

   1          #include<REG51.H>
   2          #include"LCD1602.h"
   3          #include"Delay.h"
   4          #include"IR.h"
   5          
   6          unsigned char Num;
   7          unsigned char Address;
   8          unsigned char Command;
   9          
  10          void main()
  11          {
  12   1          LCD_Init();
  13   1          LCD_ShowString(1,1,"ADDR  CMD  NUM");
  14   1          LCD_ShowString(2,1,"00    00   000");
  15   1          
  16   1          IR_Init();
  17   1          
  18   1          while(1)
  19   1          {
  20   2              if(IR_GetDataFlag() || IR_GetRepeatFlag())  //如果收到数据帧或者收到连发帧
  21   2              {
  22   3                  Address=IR_GetAddress();        //获取遥控器地址码
  23   3                  Command=IR_GetCommand();        //获取遥控器命令码
  24   3                  
  25   3                  LCD_ShowHexNum(2,1,Address,2);  //显示遥控器地址码
  26   3                  LCD_ShowHexNum(2,7,Command,2);  //显示遥控器命令码
  27   3                  
  28   3                  if(Command==IR_VOL_MINUS)       //如果遥控器VOL-按键按下
  29   3                  {
  30   4                      Num--;                      //Num自减
  31   4                  }
  32   3                  if(Command==IR_VOL_ADD)         //如果遥控器VOL+按键按下
  33   3                  {
  34   4                      Num++;                      //Num自增
  35   4                  }
  36   3                  
  37   3                  LCD_ShowNum(2,12,Num,3);        //显示Num
  38   3              }
  39   2          }
  40   1      }
  41          
  42          
C51 COMPILER V9.54   MAIN                                                                  08/11/2023 15:15:38 PAGE 2   

ASSEMBLY LISTING OF GENERATED OBJECT CODE


             ; FUNCTION main (BEGIN)
                                           ; SOURCE LINE # 10
                                           ; SOURCE LINE # 11
                                           ; SOURCE LINE # 12
0000 120000      E     LCALL   LCD_Init
                                           ; SOURCE LINE # 13
0003 7BFF              MOV     R3,#0FFH
0005 7A00        R     MOV     R2,#HIGH ?SC_0
0007 7900        R     MOV     R1,#LOW ?SC_0
0009 7D01              MOV     R5,#01H
000B 7F01              MOV     R7,#01H
000D 120000      E     LCALL   _LCD_ShowString
                                           ; SOURCE LINE # 14
0010 7BFF              MOV     R3,#0FFH
0012 7A00        R     MOV     R2,#HIGH ?SC_15
0014 7900        R     MOV     R1,#LOW ?SC_15
0016 7D01              MOV     R5,#01H
0018 7F02              MOV     R7,#02H
001A 120000      E     LCALL   _LCD_ShowString
                                           ; SOURCE LINE # 16
001D 120000      E     LCALL   IR_Init
0020         ?C0001:
                                           ; SOURCE LINE # 18
                                           ; SOURCE LINE # 19
                                           ; SOURCE LINE # 20
0020 120000      E     LCALL   IR_GetDataFlag
0023 EF                MOV     A,R7
0024 7006              JNZ     ?C0004
0026 120000      E     LCALL   IR_GetRepeatFlag
0029 EF                MOV     A,R7
002A 60F4              JZ      ?C0001
002C         ?C0004:
                                           ; SOURCE LINE # 21
                                           ; SOURCE LINE # 22
002C 120000      E     LCALL   IR_GetAddress
002F 8F00        R     MOV     Address,R7
                                           ; SOURCE LINE # 23
0031 120000      E     LCALL   IR_GetCommand
0034 8F00        R     MOV     Command,R7
                                           ; SOURCE LINE # 25
0036 E500        R     MOV     A,Address
0038 FB                MOV     R3,A
0039 7A00              MOV     R2,#00H
003B 750002      E     MOV     ?_LCD_ShowHexNum?BYTE+04H,#02H
003E 7D01              MOV     R5,#01H
0040 7F02              MOV     R7,#02H
0042 120000      E     LCALL   _LCD_ShowHexNum
                                           ; SOURCE LINE # 26
0045 E500        R     MOV     A,Command
0047 FB                MOV     R3,A
0048 7A00              MOV     R2,#00H
004A 750002      E     MOV     ?_LCD_ShowHexNum?BYTE+04H,#02H
004D 7D07              MOV     R5,#07H
004F 7F02              MOV     R7,#02H
0051 120000      E     LCALL   _LCD_ShowHexNum
                                           ; SOURCE LINE # 28
0054 E500        R     MOV     A,Command
0056 B41502            CJNE    A,#015H,?C0005
                                           ; SOURCE LINE # 29
C51 COMPILER V9.54   MAIN                                                                  08/11/2023 15:15:38 PAGE 3   

                                           ; SOURCE LINE # 30
0059 1500        R     DEC     Num
                                           ; SOURCE LINE # 31
005B         ?C0005:
                                           ; SOURCE LINE # 32
005B E500        R     MOV     A,Command
005D B40902            CJNE    A,#09H,?C0006
                                           ; SOURCE LINE # 33
                                           ; SOURCE LINE # 34
0060 0500        R     INC     Num
                                           ; SOURCE LINE # 35
0062         ?C0006:
                                           ; SOURCE LINE # 37
0062 E500        R     MOV     A,Num
0064 FB                MOV     R3,A
0065 7A00              MOV     R2,#00H
0067 750003      E     MOV     ?_LCD_ShowNum?BYTE+04H,#03H
006A 7D0C              MOV     R5,#0CH
006C 7F02              MOV     R7,#02H
006E 120000      E     LCALL   _LCD_ShowNum
                                           ; SOURCE LINE # 38
                                           ; SOURCE LINE # 39
0071 80AD              SJMP    ?C0001
             ; FUNCTION main (END)

C51 COMPILER V9.54   MAIN                                                                  08/11/2023 15:15:38 PAGE 4   

NAME                                    CLASS   MSPACE  TYPE    OFFSET  SIZE
====                                    =====   ======  ====    ======  ====


IR_GetRepeatFlag . . . . . . . . . . .  EXTERN   CODE   PROC     -----  -----
P0 . . . . . . . . . . . . . . . . . .  SFR      DATA   U_CHAR   0080H  1
P1 . . . . . . . . . . . . . . . . . .  SFR      DATA   U_CHAR   0090H  1
P2 . . . . . . . . . . . . . . . . . .  SFR      DATA   U_CHAR   00A0H  1
P3 . . . . . . . . . . . . . . . . . .  SFR      DATA   U_CHAR   00B0H  1
T0 . . . . . . . . . . . . . . . . . .  ABSBIT   -----  BIT      00B4H  1
AC . . . . . . . . . . . . . . . . . .  ABSBIT   -----  BIT      00D6H  1
T1 . . . . . . . . . . . . . . . . . .  ABSBIT   -----  BIT      00B5H  1
EA . . . . . . . . . . . . . . . . . .  ABSBIT   -----  BIT      00AFH  1
_LCD_ShowNum . . . . . . . . . . . . .  EXTERN   CODE   PROC     -----  -----
IE . . . . . . . . . . . . . . . . . .  SFR      DATA   U_CHAR   00A8H  1
IR_Init. . . . . . . . . . . . . . . .  EXTERN   CODE   PROC     -----  -----
RD . . . . . . . . . . . . . . . . . .  ABSBIT   -----  BIT      00B7H  1
IR_GetDataFlag . . . . . . . . . . . .  EXTERN   CODE   PROC     -----  -----
ES . . . . . . . . . . . . . . . . . .  ABSBIT   -----  BIT      00ACH  1
IP . . . . . . . . . . . . . . . . . .  SFR      DATA   U_CHAR   00B8H  1
RI . . . . . . . . . . . . . . . . . .  ABSBIT   -----  BIT      0098H  1
INT0 . . . . . . . . . . . . . . . . .  ABSBIT   -----  BIT      00B2H  1
CY . . . . . . . . . . . . . . . . . .  ABSBIT   -----  BIT      00D7H  1
TI . . . . . . . . . . . . . . . . . .  ABSBIT   -----  BIT      0099H  1
INT1 . . . . . . . . . . . . . . . . .  ABSBIT   -----  BIT      00B3H  1
PS . . . . . . . . . . . . . . . . . .  ABSBIT   -----  BIT      00BCH  1
SP . . . . . . . . . . . . . . . . . .  SFR      DATA   U_CHAR   0081H  1
OV . . . . . . . . . . . . . . . . . .  ABSBIT   -----  BIT      00D2H  1
main . . . . . . . . . . . . . . . . .  PUBLIC   CODE   PROC     0000H  -----
WR . . . . . . . . . . . . . . . . . .  ABSBIT   -----  BIT      00B6H  1
Num. . . . . . . . . . . . . . . . . .  PUBLIC   DATA   U_CHAR   0000H  1
_LCD_ShowHexNum. . . . . . . . . . . .  EXTERN   CODE   PROC     -----  -----
SBUF . . . . . . . . . . . . . . . . .  SFR      DATA   U_CHAR   0099H  1
PCON . . . . . . . . . . . . . . . . .  SFR      DATA   U_CHAR   0087H  1
SCON . . . . . . . . . . . . . . . . .  SFR      DATA   U_CHAR   0098H  1
TMOD . . . . . . . . . . . . . . . . .  SFR      DATA   U_CHAR   0089H  1
TCON . . . . . . . . . . . . . . . . .  SFR      DATA   U_CHAR   0088H  1
IE0. . . . . . . . . . . . . . . . . .  ABSBIT   -----  BIT      0089H  1
IE1. . . . . . . . . . . . . . . . . .  ABSBIT   -----  BIT      008BH  1
B. . . . . . . . . . . . . . . . . . .  SFR      DATA   U_CHAR   00F0H  1
Command. . . . . . . . . . . . . . . .  PUBLIC   DATA   U_CHAR   0001H  1
ACC. . . . . . . . . . . . . . . . . .  SFR      DATA   U_CHAR   00E0H  1
ET0. . . . . . . . . . . . . . . . . .  ABSBIT   -----  BIT      00A9H  1
Address. . . . . . . . . . . . . . . .  PUBLIC   DATA   U_CHAR   0002H  1
LCD_Init . . . . . . . . . . . . . . .  EXTERN   CODE   PROC     -----  -----
ET1. . . . . . . . . . . . . . . . . .  ABSBIT   -----  BIT      00ABH  1
TF0. . . . . . . . . . . . . . . . . .  ABSBIT   -----  BIT      008DH  1
TF1. . . . . . . . . . . . . . . . . .  ABSBIT   -----  BIT      008FH  1
RB8. . . . . . . . . . . . . . . . . .  ABSBIT   -----  BIT      009AH  1
TH0. . . . . . . . . . . . . . . . . .  SFR      DATA   U_CHAR   008CH  1
EX0. . . . . . . . . . . . . . . . . .  ABSBIT   -----  BIT      00A8H  1
IT0. . . . . . . . . . . . . . . . . .  ABSBIT   -----  BIT      0088H  1
TH1. . . . . . . . . . . . . . . . . .  SFR      DATA   U_CHAR   008DH  1
TB8. . . . . . . . . . . . . . . . . .  ABSBIT   -----  BIT      009BH  1
EX1. . . . . . . . . . . . . . . . . .  ABSBIT   -----  BIT      00AAH  1
IT1. . . . . . . . . . . . . . . . . .  ABSBIT   -----  BIT      008AH  1
P. . . . . . . . . . . . . . . . . . .  ABSBIT   -----  BIT      00D0H  1
SM0. . . . . . . . . . . . . . . . . .  ABSBIT   -----  BIT      009FH  1
TL0. . . . . . . . . . . . . . . . . .  SFR      DATA   U_CHAR   008AH  1
SM1. . . . . . . . . . . . . . . . . .  ABSBIT   -----  BIT      009EH  1
TL1. . . . . . . . . . . . . . . . . .  SFR      DATA   U_CHAR   008BH  1
C51 COMPILER V9.54   MAIN                                                                  08/11/2023 15:15:38 PAGE 5   

NAME                                    CLASS   MSPACE  TYPE    OFFSET  SIZE
====                                    =====   ======  ====    ======  ====


SM2. . . . . . . . . . . . . . . . . .  ABSBIT   -----  BIT      009DH  1
_LCD_ShowString. . . . . . . . . . . .  EXTERN   CODE   PROC     -----  -----
PT0. . . . . . . . . . . . . . . . . .  ABSBIT   -----  BIT      00B9H  1
PT1. . . . . . . . . . . . . . . . . .  ABSBIT   -----  BIT      00BBH  1
RS0. . . . . . . . . . . . . . . . . .  ABSBIT   -----  BIT      00D3H  1
TR0. . . . . . . . . . . . . . . . . .  ABSBIT   -----  BIT      008CH  1
RS1. . . . . . . . . . . . . . . . . .  ABSBIT   -----  BIT      00D4H  1
TR1. . . . . . . . . . . . . . . . . .  ABSBIT   -----  BIT      008EH  1
PX0. . . . . . . . . . . . . . . . . .  ABSBIT   -----  BIT      00B8H  1
PX1. . . . . . . . . . . . . . . . . .  ABSBIT   -----  BIT      00BAH  1
DPH. . . . . . . . . . . . . . . . . .  SFR      DATA   U_CHAR   0083H  1
DPL. . . . . . . . . . . . . . . . . .  SFR      DATA   U_CHAR   0082H  1
IR_GetCommand. . . . . . . . . . . . .  EXTERN   CODE   PROC     -----  -----
REN. . . . . . . . . . . . . . . . . .  ABSBIT   -----  BIT      009CH  1
IR_GetAddress. . . . . . . . . . . . .  EXTERN   CODE   PROC     -----  -----
RXD. . . . . . . . . . . . . . . . . .  ABSBIT   -----  BIT      00B0H  1
TXD. . . . . . . . . . . . . . . . . .  ABSBIT   -----  BIT      00B1H  1
F0 . . . . . . . . . . . . . . . . . .  ABSBIT   -----  BIT      00D5H  1
PSW. . . . . . . . . . . . . . . . . .  SFR      DATA   U_CHAR   00D0H  1


MODULE INFORMATION:   STATIC OVERLAYABLE
   CODE SIZE        =    115    ----
   CONSTANT SIZE    =     30    ----
   XDATA SIZE       =   ----    ----
   PDATA SIZE       =   ----    ----
   DATA SIZE        =      3    ----
   IDATA SIZE       =   ----    ----
   BIT SIZE         =   ----    ----
   EDATA SIZE       =   ----    ----
   HDATA SIZE       =   ----    ----
   XDATA CONST SIZE =   ----    ----
   FAR CONST SIZE   =   ----    ----
END OF MODULE INFORMATION.


C51 COMPILATION COMPLETE.  0 WARNING(S),  0 ERROR(S)
