[2023-08-10 21:41:09]	compilation failed at : "c:\Users\赵建华\Desktop\keilvs\8-10AD模数转换\project\src\main.c", exit code: 2
command: 
  "d:\keil\C51\BIN\C51.exe" .\src\main.c OMF2 TABS(4) CODE NOCOND SYMBOLS PRINT(.\build\Release\src\main.lst) INCDIR(d:/keil/C51/INC;src) DEFINE(__UVISION_VERSION='526') OPTIMIZE(8,SPEED) SMALL ROM(LARGE) OBJECT(.\build\Release\src\main.o)
   at unify_builder.Program.Main(String[] args_)
---
C51 COMPILER V9.54 - SN: K1DZC-GDGGZC
COPYRIGHT Copyright (C) 2012 - 2015 ARM Ltd and ARM Germany GmbH. All rights reserved.
*** ERROR C141 IN LINE 6 OF .\SRC\MAIN.C: syntax error near '['

C51 COMPILATION COMPLETE.  0 WARNING(S),  1 ERROR(S)

[2023-08-10 21:41:26]	[done]
	build successfully !

[2023-08-10 21:43:17]	[done]
	build successfully !

[2023-08-10 21:46:21]	[done]
	build successfully !

[2023-08-10 22:06:20]	compilation failed at : "c:\Users\赵建华\Desktop\keilvs\8-10AD模数转换\project\src\main.c", exit code: 2
command: 
  "d:\keil\C51\BIN\C51.exe" .\src\main.c OMF2 TABS(4) CODE NOCOND SYMBOLS PRINT(.\build\Release\src\main.lst) INCDIR(d:/keil/C51/INC;src) DEFINE(__UVISION_VERSION='526') OPTIMIZE(8,SPEED) SMALL ROM(LARGE) OBJECT(.\build\Release\src\main.o)
   at unify_builder.Program.Main(String[] args_)
---
C51 COMPILER V9.54 - SN: K1DZC-GDGGZC
COPYRIGHT Copyright (C) 2012 - 2015 ARM Ltd and ARM Germany GmbH. All rights reserved.
*** ERROR C141 IN LINE 15 OF .\SRC\MAIN.C: syntax error near ';'
*** ERROR C141 IN LINE 15 OF .\SRC\MAIN.C: syntax error near ')'

C51 COMPILATION COMPLETE.  0 WARNING(S),  2 ERROR(S)

[2023-08-10 22:06:42]	[done]
	build successfully !

[2023-08-10 22:09:12]	[done]
	build successfully !

[2023-08-10 22:10:08]	[done]
	build successfully !

[2023-08-10 22:11:03]	[done]
	build successfully !

[2023-08-10 22:12:03]	[done]
	build successfully !

[2023-08-10 22:15:10]	[done]
	build successfully !

[2023-08-10 22:15:31]	[done]
	build successfully !

[2023-08-10 22:17:24]	[done]
	build successfully !

[2023-08-10 22:18:46]	[done]
	build successfully !

[2023-08-10 22:19:00]	[done]
	build successfully !

[2023-08-10 22:19:14]	[done]
	build successfully !

[2023-08-10 22:19:28]	[done]
	build successfully !

[2023-08-11 14:42:05]	[done]
	build successfully !

