C51 COMPILER V9.54   MAIN                                                                  08/07/2023 00:03:05 PAGE 1   


C51 COMPILER V9.54, COMPILATION OF MODULE MAIN
OBJECT MODULE PLACED IN .\build\Release\src\main.o
COMPILER INVOKED BY: d:\keil\C51\BIN\C51.exe .\SRC\MAIN.C OMF2 TABS(4) CODE NOCOND SYMBOLS PRINT(.\build\Release\src\mai
                    -n.lst) INCDIR(d:/keil/C51/INC;src) DEFINE(__UVISION_VERSION=526) OPTIMIZE(8,SPEED) SMALL ROM(LARGE) OBJECT(.\build\Relea
                    -se\src\main.o)

line level    source

   1          #include<REG51.H>
   2          #include"LCD1602.h"
   3          
   4          void main()
   5          {
   6   1          LCD_Init();                     //LCD初始化
   7   1          LCD_ShowChar(1,1,'A');          //在1行1列显示字符A
   8   1          LCD_ShowString(1,3,"Hello");    //在1行3列显示字符串Hello
   9   1          LCD_ShowNum(1,9,66,2);          //在1行9列显示数字66，长度为2
  10   1          LCD_ShowSignedNum(1,12,-66,2);  //在1行12列显示有符号数字-88，长度为2
  11   1          LCD_ShowHexNum(2,1,0xA5,2);     //在2行1列显示十六进制数字0xA5，长度为2
  12   1          LCD_ShowBinNum(2,4,0xA5,8);     //在2行4列显示二进制数字0xA5，长度为8
  13   1          LCD_ShowChar(2,13,0xDF);        //在2行13列显示编码为0xDF的字符
  14   1          LCD_ShowChar(2,14,'C');         //在2行14列显示字符C
  15   1          while(1)
  16   1          {
  17   2      
  18   2          }
  19   1      }
  20          
C51 COMPILER V9.54   MAIN                                                                  08/07/2023 00:03:05 PAGE 2   

ASSEMBLY LISTING OF GENERATED OBJECT CODE


             ; FUNCTION main (BEGIN)
                                           ; SOURCE LINE # 4
                                           ; SOURCE LINE # 5
                                           ; SOURCE LINE # 6
0000 120000      E     LCALL   LCD_Init
                                           ; SOURCE LINE # 7
0003 7B41              MOV     R3,#041H
0005 7D01              MOV     R5,#01H
0007 7F01              MOV     R7,#01H
0009 120000      E     LCALL   _LCD_ShowChar
                                           ; SOURCE LINE # 8
000C 7BFF              MOV     R3,#0FFH
000E 7A00        R     MOV     R2,#HIGH ?SC_0
0010 7900        R     MOV     R1,#LOW ?SC_0
0012 7D03              MOV     R5,#03H
0014 7F01              MOV     R7,#01H
0016 120000      E     LCALL   _LCD_ShowString
                                           ; SOURCE LINE # 9
0019 750002      E     MOV     ?_LCD_ShowNum?BYTE+04H,#02H
001C 7B42              MOV     R3,#042H
001E 7A00              MOV     R2,#00H
0020 7D09              MOV     R5,#09H
0022 7F01              MOV     R7,#01H
0024 120000      E     LCALL   _LCD_ShowNum
                                           ; SOURCE LINE # 10
0027 750002      E     MOV     ?_LCD_ShowSignedNum?BYTE+04H,#02H
002A 7BBE              MOV     R3,#0BEH
002C 7AFF              MOV     R2,#0FFH
002E 7D0C              MOV     R5,#0CH
0030 7F01              MOV     R7,#01H
0032 120000      E     LCALL   _LCD_ShowSignedNum
                                           ; SOURCE LINE # 11
0035 750002      E     MOV     ?_LCD_ShowHexNum?BYTE+04H,#02H
0038 7BA5              MOV     R3,#0A5H
003A 7A00              MOV     R2,#00H
003C 7D01              MOV     R5,#01H
003E 7F02              MOV     R7,#02H
0040 120000      E     LCALL   _LCD_ShowHexNum
                                           ; SOURCE LINE # 12
0043 750008      E     MOV     ?_LCD_ShowBinNum?BYTE+04H,#08H
0046 7BA5              MOV     R3,#0A5H
0048 7A00              MOV     R2,#00H
004A 7D04              MOV     R5,#04H
004C 7F02              MOV     R7,#02H
004E 120000      E     LCALL   _LCD_ShowBinNum
                                           ; SOURCE LINE # 13
0051 7BDF              MOV     R3,#0DFH
0053 7D0D              MOV     R5,#0DH
0055 7F02              MOV     R7,#02H
0057 120000      E     LCALL   _LCD_ShowChar
                                           ; SOURCE LINE # 14
005A 7B43              MOV     R3,#043H
005C 7D0E              MOV     R5,#0EH
005E 7F02              MOV     R7,#02H
0060 120000      E     LCALL   _LCD_ShowChar
0063         ?C0001:
                                           ; SOURCE LINE # 15
                                           ; SOURCE LINE # 16
                                           ; SOURCE LINE # 18
C51 COMPILER V9.54   MAIN                                                                  08/07/2023 00:03:05 PAGE 3   

0063 80FE              SJMP    ?C0001
             ; FUNCTION main (END)

C51 COMPILER V9.54   MAIN                                                                  08/07/2023 00:03:05 PAGE 4   

NAME                                    CLASS   MSPACE  TYPE    OFFSET  SIZE
====                                    =====   ======  ====    ======  ====


P0 . . . . . . . . . . . . . . . . . .  SFR      DATA   U_CHAR   0080H  1
P1 . . . . . . . . . . . . . . . . . .  SFR      DATA   U_CHAR   0090H  1
P2 . . . . . . . . . . . . . . . . . .  SFR      DATA   U_CHAR   00A0H  1
P3 . . . . . . . . . . . . . . . . . .  SFR      DATA   U_CHAR   00B0H  1
T0 . . . . . . . . . . . . . . . . . .  ABSBIT   -----  BIT      00B4H  1
AC . . . . . . . . . . . . . . . . . .  ABSBIT   -----  BIT      00D6H  1
T1 . . . . . . . . . . . . . . . . . .  ABSBIT   -----  BIT      00B5H  1
EA . . . . . . . . . . . . . . . . . .  ABSBIT   -----  BIT      00AFH  1
_LCD_ShowNum . . . . . . . . . . . . .  EXTERN   CODE   PROC     -----  -----
IE . . . . . . . . . . . . . . . . . .  SFR      DATA   U_CHAR   00A8H  1
RD . . . . . . . . . . . . . . . . . .  ABSBIT   -----  BIT      00B7H  1
ES . . . . . . . . . . . . . . . . . .  ABSBIT   -----  BIT      00ACH  1
IP . . . . . . . . . . . . . . . . . .  SFR      DATA   U_CHAR   00B8H  1
RI . . . . . . . . . . . . . . . . . .  ABSBIT   -----  BIT      0098H  1
INT0 . . . . . . . . . . . . . . . . .  ABSBIT   -----  BIT      00B2H  1
CY . . . . . . . . . . . . . . . . . .  ABSBIT   -----  BIT      00D7H  1
TI . . . . . . . . . . . . . . . . . .  ABSBIT   -----  BIT      0099H  1
INT1 . . . . . . . . . . . . . . . . .  ABSBIT   -----  BIT      00B3H  1
PS . . . . . . . . . . . . . . . . . .  ABSBIT   -----  BIT      00BCH  1
SP . . . . . . . . . . . . . . . . . .  SFR      DATA   U_CHAR   0081H  1
_LCD_ShowBinNum. . . . . . . . . . . .  EXTERN   CODE   PROC     -----  -----
OV . . . . . . . . . . . . . . . . . .  ABSBIT   -----  BIT      00D2H  1
main . . . . . . . . . . . . . . . . .  PUBLIC   CODE   PROC     0000H  -----
WR . . . . . . . . . . . . . . . . . .  ABSBIT   -----  BIT      00B6H  1
_LCD_ShowHexNum. . . . . . . . . . . .  EXTERN   CODE   PROC     -----  -----
SBUF . . . . . . . . . . . . . . . . .  SFR      DATA   U_CHAR   0099H  1
PCON . . . . . . . . . . . . . . . . .  SFR      DATA   U_CHAR   0087H  1
SCON . . . . . . . . . . . . . . . . .  SFR      DATA   U_CHAR   0098H  1
TMOD . . . . . . . . . . . . . . . . .  SFR      DATA   U_CHAR   0089H  1
TCON . . . . . . . . . . . . . . . . .  SFR      DATA   U_CHAR   0088H  1
IE0. . . . . . . . . . . . . . . . . .  ABSBIT   -----  BIT      0089H  1
IE1. . . . . . . . . . . . . . . . . .  ABSBIT   -----  BIT      008BH  1
B. . . . . . . . . . . . . . . . . . .  SFR      DATA   U_CHAR   00F0H  1
ACC. . . . . . . . . . . . . . . . . .  SFR      DATA   U_CHAR   00E0H  1
ET0. . . . . . . . . . . . . . . . . .  ABSBIT   -----  BIT      00A9H  1
LCD_Init . . . . . . . . . . . . . . .  EXTERN   CODE   PROC     -----  -----
ET1. . . . . . . . . . . . . . . . . .  ABSBIT   -----  BIT      00ABH  1
TF0. . . . . . . . . . . . . . . . . .  ABSBIT   -----  BIT      008DH  1
TF1. . . . . . . . . . . . . . . . . .  ABSBIT   -----  BIT      008FH  1
RB8. . . . . . . . . . . . . . . . . .  ABSBIT   -----  BIT      009AH  1
TH0. . . . . . . . . . . . . . . . . .  SFR      DATA   U_CHAR   008CH  1
EX0. . . . . . . . . . . . . . . . . .  ABSBIT   -----  BIT      00A8H  1
IT0. . . . . . . . . . . . . . . . . .  ABSBIT   -----  BIT      0088H  1
TH1. . . . . . . . . . . . . . . . . .  SFR      DATA   U_CHAR   008DH  1
TB8. . . . . . . . . . . . . . . . . .  ABSBIT   -----  BIT      009BH  1
EX1. . . . . . . . . . . . . . . . . .  ABSBIT   -----  BIT      00AAH  1
IT1. . . . . . . . . . . . . . . . . .  ABSBIT   -----  BIT      008AH  1
P. . . . . . . . . . . . . . . . . . .  ABSBIT   -----  BIT      00D0H  1
SM0. . . . . . . . . . . . . . . . . .  ABSBIT   -----  BIT      009FH  1
TL0. . . . . . . . . . . . . . . . . .  SFR      DATA   U_CHAR   008AH  1
SM1. . . . . . . . . . . . . . . . . .  ABSBIT   -----  BIT      009EH  1
TL1. . . . . . . . . . . . . . . . . .  SFR      DATA   U_CHAR   008BH  1
SM2. . . . . . . . . . . . . . . . . .  ABSBIT   -----  BIT      009DH  1
_LCD_ShowString. . . . . . . . . . . .  EXTERN   CODE   PROC     -----  -----
PT0. . . . . . . . . . . . . . . . . .  ABSBIT   -----  BIT      00B9H  1
PT1. . . . . . . . . . . . . . . . . .  ABSBIT   -----  BIT      00BBH  1
RS0. . . . . . . . . . . . . . . . . .  ABSBIT   -----  BIT      00D3H  1
C51 COMPILER V9.54   MAIN                                                                  08/07/2023 00:03:05 PAGE 5   

NAME                                    CLASS   MSPACE  TYPE    OFFSET  SIZE
====                                    =====   ======  ====    ======  ====


TR0. . . . . . . . . . . . . . . . . .  ABSBIT   -----  BIT      008CH  1
RS1. . . . . . . . . . . . . . . . . .  ABSBIT   -----  BIT      00D4H  1
TR1. . . . . . . . . . . . . . . . . .  ABSBIT   -----  BIT      008EH  1
_LCD_ShowChar. . . . . . . . . . . . .  EXTERN   CODE   PROC     -----  -----
PX0. . . . . . . . . . . . . . . . . .  ABSBIT   -----  BIT      00B8H  1
PX1. . . . . . . . . . . . . . . . . .  ABSBIT   -----  BIT      00BAH  1
DPH. . . . . . . . . . . . . . . . . .  SFR      DATA   U_CHAR   0083H  1
DPL. . . . . . . . . . . . . . . . . .  SFR      DATA   U_CHAR   0082H  1
REN. . . . . . . . . . . . . . . . . .  ABSBIT   -----  BIT      009CH  1
_LCD_ShowSignedNum . . . . . . . . . .  EXTERN   CODE   PROC     -----  -----
RXD. . . . . . . . . . . . . . . . . .  ABSBIT   -----  BIT      00B0H  1
TXD. . . . . . . . . . . . . . . . . .  ABSBIT   -----  BIT      00B1H  1
F0 . . . . . . . . . . . . . . . . . .  ABSBIT   -----  BIT      00D5H  1
PSW. . . . . . . . . . . . . . . . . .  SFR      DATA   U_CHAR   00D0H  1


MODULE INFORMATION:   STATIC OVERLAYABLE
   CODE SIZE        =    101    ----
   CONSTANT SIZE    =      6    ----
   XDATA SIZE       =   ----    ----
   PDATA SIZE       =   ----    ----
   DATA SIZE        =   ----    ----
   IDATA SIZE       =   ----    ----
   BIT SIZE         =   ----    ----
   EDATA SIZE       =   ----    ----
   HDATA SIZE       =   ----    ----
   XDATA CONST SIZE =   ----    ----
   FAR CONST SIZE   =   ----    ----
END OF MODULE INFORMATION.


C51 COMPILATION COMPLETE.  0 WARNING(S),  0 ERROR(S)
