C51 COMPILER V9.54   MAIN                                                                  08/10/2023 22:26:33 PAGE 1   


C51 COMPILER V9.54, COMPILATION OF MODULE MAIN
OBJECT MODULE PLACED IN .\build\Release\src\main.o
COMPILER INVOKED BY: d:\keil\C51\BIN\C51.exe .\SRC\MAIN.C OMF2 TABS(4) CODE NOCOND SYMBOLS PRINT(.\build\Release\src\mai
                    -n.lst) INCDIR(d:/keil/C51/INC;src) DEFINE(__UVISION_VERSION=526) OPTIMIZE(8,SPEED) SMALL ROM(LARGE) OBJECT(.\build\Relea
                    -se\src\main.o)

line level    source

   1          #include<REG51.H>
   2          #include"Delay.h"
   3          #include"Key.h"
   4          #include"Nixie.h"
   5          #include"Timer0.h"
   6          
   7          
   8          sbit DA=P2^1;
   9          unsigned char Counter,Compare;
  10          unsigned char i;
  11          
  12          
  13          void main()
  14          {
  15   1          Timer0_Init();
  16   1          while(1)
  17   1          {
  18   2              for ( i = 0; i < 100; i++)
  19   2              {
  20   3                  Compare=i;
  21   3                  Delay(10);
  22   3              }
  23   2              for ( i = 100; i >0; i--)
  24   2              {
  25   3                  Compare=i;
  26   3                  Delay(10);
  27   3              }
  28   2              
  29   2          }
  30   1      }
  31          
  32          void Timer0_Routine() interrupt 1
  33          {   
  34   1          TL0=0x9C;       //设置定时初值
  35   1          TH0=0xFF;       //设置定时初值
  36   1          Counter++;
  37   1          Counter%=100;   //Counter大于100,归零
  38   1          if(Counter<Compare)
  39   1          {
  40   2              DA=1;
  41   2          }
  42   1          else
  43   1          {
  44   2              DA=0;
  45   2          } 
  46   1      }
C51 COMPILER V9.54   MAIN                                                                  08/10/2023 22:26:33 PAGE 2   

ASSEMBLY LISTING OF GENERATED OBJECT CODE


             ; FUNCTION main (BEGIN)
                                           ; SOURCE LINE # 13
                                           ; SOURCE LINE # 14
                                           ; SOURCE LINE # 15
0000 120000      E     LCALL   Timer0_Init
0003         ?C0001:
                                           ; SOURCE LINE # 16
                                           ; SOURCE LINE # 17
                                           ; SOURCE LINE # 18
0003 E4                CLR     A
0004 F500        R     MOV     i,A
0006         ?C0003:
                                           ; SOURCE LINE # 19
                                           ; SOURCE LINE # 20
0006 850000      R     MOV     Compare,i
                                           ; SOURCE LINE # 21
0009 7F0A              MOV     R7,#0AH
000B 7E00              MOV     R6,#00H
000D 120000      E     LCALL   _Delay
                                           ; SOURCE LINE # 22
0010 0500        R     INC     i
0012 E500        R     MOV     A,i
0014 C3                CLR     C
0015 9464              SUBB    A,#064H
0017 40ED              JC      ?C0003
0019         ?C0004:
                                           ; SOURCE LINE # 23
0019 750064      R     MOV     i,#064H
001C         ?C0006:
001C E500        R     MOV     A,i
001E D3                SETB    C
001F 9400              SUBB    A,#00H
0021 40E0              JC      ?C0001
                                           ; SOURCE LINE # 24
                                           ; SOURCE LINE # 25
0023 850000      R     MOV     Compare,i
                                           ; SOURCE LINE # 26
0026 7F0A              MOV     R7,#0AH
0028 7E00              MOV     R6,#00H
002A 120000      E     LCALL   _Delay
                                           ; SOURCE LINE # 27
002D 1500        R     DEC     i
002F 80EB              SJMP    ?C0006
             ; FUNCTION main (END)

             ; FUNCTION Timer0_Routine (BEGIN)
0000 C0E0              PUSH    ACC
0002 C0F0              PUSH    B
0004 C0D0              PUSH    PSW
                                           ; SOURCE LINE # 32
                                           ; SOURCE LINE # 34
0006 758A9C            MOV     TL0,#09CH
                                           ; SOURCE LINE # 35
0009 758CFF            MOV     TH0,#0FFH
                                           ; SOURCE LINE # 36
000C 0500        R     INC     Counter
                                           ; SOURCE LINE # 37
000E E500        R     MOV     A,Counter
0010 75F064            MOV     B,#064H
C51 COMPILER V9.54   MAIN                                                                  08/10/2023 22:26:33 PAGE 3   

0013 84                DIV     AB
0014 85F000      R     MOV     Counter,B
                                           ; SOURCE LINE # 38
0017 E500        R     MOV     A,Counter
0019 C3                CLR     C
001A 9500        R     SUBB    A,Compare
001C 5004              JNC     ?C0010
                                           ; SOURCE LINE # 39
                                           ; SOURCE LINE # 40
001E D2A1              SETB    DA
                                           ; SOURCE LINE # 41
0020 8002              SJMP    ?C0012
0022         ?C0010:
                                           ; SOURCE LINE # 43
                                           ; SOURCE LINE # 44
0022 C2A1              CLR     DA
                                           ; SOURCE LINE # 45
                                           ; SOURCE LINE # 46
0024         ?C0012:
0024 D0D0              POP     PSW
0026 D0F0              POP     B
0028 D0E0              POP     ACC
002A 32                RETI    
             ; FUNCTION Timer0_Routine (END)

C51 COMPILER V9.54   MAIN                                                                  08/10/2023 22:26:33 PAGE 4   

NAME                                    CLASS   MSPACE  TYPE    OFFSET  SIZE
====                                    =====   ======  ====    ======  ====


Timer0_Routine . . . . . . . . . . . .  PUBLIC   CODE   PROC     0000H  -----
P0 . . . . . . . . . . . . . . . . . .  SFR      DATA   U_CHAR   0080H  1
P1 . . . . . . . . . . . . . . . . . .  SFR      DATA   U_CHAR   0090H  1
P2 . . . . . . . . . . . . . . . . . .  SFR      DATA   U_CHAR   00A0H  1
P3 . . . . . . . . . . . . . . . . . .  SFR      DATA   U_CHAR   00B0H  1
T0 . . . . . . . . . . . . . . . . . .  ABSBIT   -----  BIT      00B4H  1
AC . . . . . . . . . . . . . . . . . .  ABSBIT   -----  BIT      00D6H  1
DA . . . . . . . . . . . . . . . . . .  ABSBIT   -----  BIT      00A1H  1
T1 . . . . . . . . . . . . . . . . . .  ABSBIT   -----  BIT      00B5H  1
EA . . . . . . . . . . . . . . . . . .  ABSBIT   -----  BIT      00AFH  1
IE . . . . . . . . . . . . . . . . . .  SFR      DATA   U_CHAR   00A8H  1
RD . . . . . . . . . . . . . . . . . .  ABSBIT   -----  BIT      00B7H  1
ES . . . . . . . . . . . . . . . . . .  ABSBIT   -----  BIT      00ACH  1
IP . . . . . . . . . . . . . . . . . .  SFR      DATA   U_CHAR   00B8H  1
RI . . . . . . . . . . . . . . . . . .  ABSBIT   -----  BIT      0098H  1
INT0 . . . . . . . . . . . . . . . . .  ABSBIT   -----  BIT      00B2H  1
CY . . . . . . . . . . . . . . . . . .  ABSBIT   -----  BIT      00D7H  1
TI . . . . . . . . . . . . . . . . . .  ABSBIT   -----  BIT      0099H  1
INT1 . . . . . . . . . . . . . . . . .  ABSBIT   -----  BIT      00B3H  1
PS . . . . . . . . . . . . . . . . . .  ABSBIT   -----  BIT      00BCH  1
SP . . . . . . . . . . . . . . . . . .  SFR      DATA   U_CHAR   0081H  1
OV . . . . . . . . . . . . . . . . . .  ABSBIT   -----  BIT      00D2H  1
main . . . . . . . . . . . . . . . . .  PUBLIC   CODE   PROC     0000H  -----
WR . . . . . . . . . . . . . . . . . .  ABSBIT   -----  BIT      00B6H  1
Timer0_Init. . . . . . . . . . . . . .  EXTERN   CODE   PROC     -----  -----
SBUF . . . . . . . . . . . . . . . . .  SFR      DATA   U_CHAR   0099H  1
PCON . . . . . . . . . . . . . . . . .  SFR      DATA   U_CHAR   0087H  1
SCON . . . . . . . . . . . . . . . . .  SFR      DATA   U_CHAR   0098H  1
TMOD . . . . . . . . . . . . . . . . .  SFR      DATA   U_CHAR   0089H  1
TCON . . . . . . . . . . . . . . . . .  SFR      DATA   U_CHAR   0088H  1
IE0. . . . . . . . . . . . . . . . . .  ABSBIT   -----  BIT      0089H  1
IE1. . . . . . . . . . . . . . . . . .  ABSBIT   -----  BIT      008BH  1
B. . . . . . . . . . . . . . . . . . .  SFR      DATA   U_CHAR   00F0H  1
ACC. . . . . . . . . . . . . . . . . .  SFR      DATA   U_CHAR   00E0H  1
ET0. . . . . . . . . . . . . . . . . .  ABSBIT   -----  BIT      00A9H  1
ET1. . . . . . . . . . . . . . . . . .  ABSBIT   -----  BIT      00ABH  1
TF0. . . . . . . . . . . . . . . . . .  ABSBIT   -----  BIT      008DH  1
Compare. . . . . . . . . . . . . . . .  PUBLIC   DATA   U_CHAR   0000H  1
TF1. . . . . . . . . . . . . . . . . .  ABSBIT   -----  BIT      008FH  1
RB8. . . . . . . . . . . . . . . . . .  ABSBIT   -----  BIT      009AH  1
TH0. . . . . . . . . . . . . . . . . .  SFR      DATA   U_CHAR   008CH  1
EX0. . . . . . . . . . . . . . . . . .  ABSBIT   -----  BIT      00A8H  1
IT0. . . . . . . . . . . . . . . . . .  ABSBIT   -----  BIT      0088H  1
TH1. . . . . . . . . . . . . . . . . .  SFR      DATA   U_CHAR   008DH  1
TB8. . . . . . . . . . . . . . . . . .  ABSBIT   -----  BIT      009BH  1
EX1. . . . . . . . . . . . . . . . . .  ABSBIT   -----  BIT      00AAH  1
IT1. . . . . . . . . . . . . . . . . .  ABSBIT   -----  BIT      008AH  1
P. . . . . . . . . . . . . . . . . . .  ABSBIT   -----  BIT      00D0H  1
SM0. . . . . . . . . . . . . . . . . .  ABSBIT   -----  BIT      009FH  1
TL0. . . . . . . . . . . . . . . . . .  SFR      DATA   U_CHAR   008AH  1
SM1. . . . . . . . . . . . . . . . . .  ABSBIT   -----  BIT      009EH  1
TL1. . . . . . . . . . . . . . . . . .  SFR      DATA   U_CHAR   008BH  1
SM2. . . . . . . . . . . . . . . . . .  ABSBIT   -----  BIT      009DH  1
PT0. . . . . . . . . . . . . . . . . .  ABSBIT   -----  BIT      00B9H  1
PT1. . . . . . . . . . . . . . . . . .  ABSBIT   -----  BIT      00BBH  1
RS0. . . . . . . . . . . . . . . . . .  ABSBIT   -----  BIT      00D3H  1
TR0. . . . . . . . . . . . . . . . . .  ABSBIT   -----  BIT      008CH  1
C51 COMPILER V9.54   MAIN                                                                  08/10/2023 22:26:33 PAGE 5   

NAME                                    CLASS   MSPACE  TYPE    OFFSET  SIZE
====                                    =====   ======  ====    ======  ====


RS1. . . . . . . . . . . . . . . . . .  ABSBIT   -----  BIT      00D4H  1
TR1. . . . . . . . . . . . . . . . . .  ABSBIT   -----  BIT      008EH  1
PX0. . . . . . . . . . . . . . . . . .  ABSBIT   -----  BIT      00B8H  1
PX1. . . . . . . . . . . . . . . . . .  ABSBIT   -----  BIT      00BAH  1
DPH. . . . . . . . . . . . . . . . . .  SFR      DATA   U_CHAR   0083H  1
DPL. . . . . . . . . . . . . . . . . .  SFR      DATA   U_CHAR   0082H  1
Counter. . . . . . . . . . . . . . . .  PUBLIC   DATA   U_CHAR   0001H  1
REN. . . . . . . . . . . . . . . . . .  ABSBIT   -----  BIT      009CH  1
i. . . . . . . . . . . . . . . . . . .  PUBLIC   DATA   U_CHAR   0002H  1
RXD. . . . . . . . . . . . . . . . . .  ABSBIT   -----  BIT      00B0H  1
TXD. . . . . . . . . . . . . . . . . .  ABSBIT   -----  BIT      00B1H  1
_Delay . . . . . . . . . . . . . . . .  EXTERN   CODE   PROC     -----  -----
F0 . . . . . . . . . . . . . . . . . .  ABSBIT   -----  BIT      00D5H  1
PSW. . . . . . . . . . . . . . . . . .  SFR      DATA   U_CHAR   00D0H  1


MODULE INFORMATION:   STATIC OVERLAYABLE
   CODE SIZE        =     95    ----
   CONSTANT SIZE    =   ----    ----
   XDATA SIZE       =   ----    ----
   PDATA SIZE       =   ----    ----
   DATA SIZE        =      3    ----
   IDATA SIZE       =   ----    ----
   BIT SIZE         =   ----    ----
   EDATA SIZE       =   ----    ----
   HDATA SIZE       =   ----    ----
   XDATA CONST SIZE =   ----    ----
   FAR CONST SIZE   =   ----    ----
END OF MODULE INFORMATION.


C51 COMPILATION COMPLETE.  0 WARNING(S),  0 ERROR(S)
