[2023-07-21 21:34:27]	compilation failed at : "c:\Users\’‘Ω®ª™\Desktop\keilvs\≤‚ ‘\≤‚ ‘\src\MatrxKey.c", exit code: 2
command: 
  "d:\keil\C51\BIN\C51.exe" .\src\MatrxKey.c OMF2 TABS(4) CODE NOCOND SYMBOLS PRINT(.\build\Release\src\MatrxKey.lst) INCDIR(d:/keil/C51/INC;src) DEFINE(__UVISION_VERSION='526') OPTIMIZE(8,SPEED) SMALL ROM(LARGE) OBJECT(.\build\Release\src\MatrxKey.o)
   at unify_builder.Program.Main(String[] args_)
---
C51 COMPILER V9.54 - SN: K1DZC-GDGGZC
COPYRIGHT Copyright (C) 2012 - 2015 ARM Ltd and ARM Germany GmbH. All rights reserved.
*** ERROR C202 IN LINE 24 OF .\SRC\MATRXKEY.C: 'P1_3': undefined identifier
*** ERROR C202 IN LINE 25 OF .\SRC\MATRXKEY.C: 'P1_7': undefined identifier
*** ERROR C202 IN LINE 25 OF .\SRC\MATRXKEY.C: 'P1_7': undefined identifier
*** ERROR C202 IN LINE 26 OF .\SRC\MATRXKEY.C: 'P1_6': undefined identifier
*** ERROR C202 IN LINE 26 OF .\SRC\MATRXKEY.C: 'P1_6': undefined identifier
*** ERROR C202 IN LINE 27 OF .\SRC\MATRXKEY.C: 'P1_5': undefined identifier
*** ERROR C202 IN LINE 27 OF .\SRC\MATRXKEY.C: 'P1_5': undefined identifier
*** ERROR C202 IN LINE 28 OF .\SRC\MATRXKEY.C: 'P1_4': undefined identifier
*** ERROR C202 IN LINE 28 OF .\SRC\MATRXKEY.C: 'P1_4': undefined identifier
*** ERROR C202 IN LINE 31 OF .\SRC\MATRXKEY.C: 'P1_2': undefined identifier
*** ERROR C202 IN LINE 32 OF .\SRC\MATRXKEY.C: 'P1_7': undefined identifier
*** ERROR C202 IN LINE 32 OF .\SRC\MATRXKEY.C: 'P1_7': undefined identifier
*** ERROR C202 IN LINE 33 OF .\SRC\MATRXKEY.C: 'P1_6': undefined identifier
*** ERROR C202 IN LINE 33 OF .\SRC\MATRXKEY.C: 'P1_6': undefined identifier
*** ERROR C202 IN LINE 34 OF .\SRC\MATRXKEY.C: 'P1_5': undefined identifier
*** ERROR C202 IN LINE 34 OF .\SRC\MATRXKEY.C: 'P1_5': undefined identifier
*** ERROR C202 IN LINE 35 OF .\SRC\MATRXKEY.C: 'P1_4': undefined identifier
*** ERROR C202 IN LINE 35 OF .\SRC\MATRXKEY.C: 'P1_4': undefined identifier
*** ERROR C202 IN LINE 38 OF .\SRC\MATRXKEY.C: 'P1_1': undefined identifier
*** ERROR C202 IN LINE 39 OF .\SRC\MATRXKEY.C: 'P1_7': undefined identifier
*** ERROR C202 IN LINE 39 OF .\SRC\MATRXKEY.C: 'P1_7': undefined identifier
*** ERROR C202 IN LINE 40 OF .\SRC\MATRXKEY.C: 'P1_6': undefined identifier
*** ERROR C202 IN LINE 40 OF .\SRC\MATRXKEY.C: 'P1_6': undefined identifier
*** ERROR C202 IN LINE 41 OF .\SRC\MATRXKEY.C: 'P1_5': undefined identifier
*** ERROR C202 IN LINE 41 OF .\SRC\MATRXKEY.C: 'P1_5': undefined identifier
*** ERROR C202 IN LINE 42 OF .\SRC\MATRXKEY.C: 'P1_4': undefined identifier
*** ERROR C202 IN LINE 42 OF .\SRC\MATRXKEY.C: 'P1_4': undefined identifier
*** ERROR C202 IN LINE 45 OF .\SRC\MATRXKEY.C: 'P1_0': undefined identifier
*** ERROR C202 IN LINE 46 OF .\SRC\MATRXKEY.C: 'P1_7': undefined identifier
*** ERROR C202 IN LINE 46 OF .\SRC\MATRXKEY.C: 'P1_7': undefined identifier
*** ERROR C202 IN LINE 47 OF .\SRC\MATRXKEY.C: 'P1_6': undefined identifier
*** ERROR C202 IN LINE 47 OF .\SRC\MATRXKEY.C: 'P1_6': undefined identifier
*** ERROR C202 IN LINE 48 OF .\SRC\MATRXKEY.C: 'P1_5': undefined identifier
*** ERROR C202 IN LINE 48 OF .\SRC\MATRXKEY.C: 'P1_5': undefined identifier
*** ERROR C202 IN LINE 49 OF .\SRC\MATRXKEY.C: 'P1_4': undefined identifier
*** ERROR C202 IN LINE 49 OF .\SRC\MATRXKEY.C: 'P1_4': undefined identifier

C51 COMPILATION COMPLETE.  0 WARNING(S),  36 ERROR(S)

[2023-07-21 21:37:19]	compilation failed at : "c:\Users\’‘Ω®ª™\Desktop\keilvs\≤‚ ‘\≤‚ ‘\src\main.c", exit code: 2
command: 
  "d:\keil\C51\BIN\C51.exe" .\src\main.c OMF2 TABS(4) CODE NOCOND SYMBOLS PRINT(.\build\Release\src\main.lst) INCDIR(d:/keil/C51/INC;src) DEFINE(__UVISION_VERSION='526') OPTIMIZE(8,SPEED) SMALL ROM(LARGE) OBJECT(.\build\Release\src\main.o)
   at unify_builder.Program.Main(String[] args_)
---
C51 COMPILER V9.54 - SN: K1DZC-GDGGZC
COPYRIGHT Copyright (C) 2012 - 2015 ARM Ltd and ARM Germany GmbH. All rights reserved.
*** WARNING C318 IN LINE 2 OF .\SRC\MAIN.C: can't open file 'LCD1602.h'
*** WARNING C206 IN LINE 9 OF .\SRC\MAIN.C: 'LCD_Init': missing function-prototype
*** WARNING C206 IN LINE 10 OF .\SRC\MAIN.C: 'LCD_ShowString': missing function-prototype
*** ERROR C267 IN LINE 10 OF .\SRC\MAIN.C: 'LCD_ShowString': requires ANSI-style prototype

C51 COMPILATION COMPLETE.  3 WARNING(S),  1 ERROR(S)

[2023-07-21 21:38:27]	link failed !, exit code: 2
   at unify_builder.Program.Main(String[] args_)
---

LX51 LINKER/LOCATER V4.66.41.0 - SN: K1DZC-GDGGZC
COPYRIGHT ARM Germany GmbH 1995 - 2015
@c:\Users\’‘Ω®ª™\Desktop\keilvs\≤‚ ‘\≤‚ ‘\build\Release\≤‚ ‘.lnp .\build\Release\src\MatrxKey.o,.\build\Release\src\main.o TO .\build\Release\≤‚ ‘
PRINT(.\build\Release\≤‚ ‘.map) REMOVEUNUSED

*** ERROR L127: UNRESOLVED EXTERNAL SYMBOL
    SYMBOL:  _LCD_ShowNum
    MODULE:  .\BUILD\RELEASE\SRC\MAIN.O (MAIN)

*** ERROR L127: UNRESOLVED EXTERNAL SYMBOL
    SYMBOL:  ?_LCD_ShowNum?BYTE
    MODULE:  .\BUILD\RELEASE\SRC\MAIN.O (MAIN)

*** ERROR L127: UNRESOLVED EXTERNAL SYMBOL
    SYMBOL:  LCD_Init
    MODULE:  .\BUILD\RELEASE\SRC\MAIN.O (MAIN)

*** ERROR L127: UNRESOLVED EXTERNAL SYMBOL
    SYMBOL:  _LCD_ShowString
    MODULE:  .\BUILD\RELEASE\SRC\MAIN.O (MAIN)

*** ERROR L128: REFERENCE MADE TO UNRESOLVED EXTERNAL
    SYMBOL:  LCD_Init
    MODULE:  .\BUILD\RELEASE\SRC\MAIN.O (MAIN)
    ADDRESS: 1000100H

*** ERROR L128: REFERENCE MADE TO UNRESOLVED EXTERNAL
    SYMBOL:  _LCD_ShowString
    MODULE:  .\BUILD\RELEASE\SRC\MAIN.O (MAIN)
    ADDRESS: 100010DH

*** ERROR L128: REFERENCE MADE TO UNRESOLVED EXTERNAL
    SYMBOL:  ?_LCD_ShowNum?BYTE
    MODULE:  .\BUILD\RELEASE\SRC\MAIN.O (MAIN)
    ADDRESS: 100011CH

*** ERROR L128: REFERENCE MADE TO UNRESOLVED EXTERNAL
    SYMBOL:  _LCD_ShowNum
    MODULE:  .\BUILD\RELEASE\SRC\MAIN.O (MAIN)
    ADDRESS: 1000123H

Program Size: data=10.0 xdata=0 const=0 code=343
LX51 RUN COMPLETE.  0 WARNING(S),  8 ERROR(S)


[2023-07-21 21:39:20]	[done]
	build successfully !

