C51 COMPILER V9.54   MAIN                                                                  10/15/2023 12:28:59 PAGE 1   


C51 COMPILER V9.54, COMPILATION OF MODULE MAIN
OBJECT MODULE PLACED IN .\build\Release\src\main.o
COMPILER INVOKED BY: d:\keil\C51\BIN\C51.exe .\SRC\MAIN.C OMF2 TABS(4) CODE NOCOND SYMBOLS PRINT(.\build\Release\src\mai
                    -n.lst) INCDIR(d:/keil/C51/INC;src) DEFINE(__UVISION_VERSION=526) OPTIMIZE(8,SPEED) SMALL ROM(LARGE) OBJECT(.\build\Relea
                    -se\src\main.o)

line level    source

   1          /*
   2              名称:TIMER0,TIMER1,TIMER2实现外部信号计数与显示
   3              说明:T0,T1均工作于计数器方式,T2工作于16位自动重装方式
   4                  均实现了对外部输入信号的计数功能
   5                  计数值最大均为65535,即:0xFFFF
   6          
   7          */
   8          
   9          #include<reg52.h>
  10          sfr T2MOD =0xC9;//reg52.h中没定义,在此添加sfr定义
  11          sbit SW1=P1^5;
  12          sbit SW2=P1^6;
  13          sbit SW3=P1^7;
  14          //主程序
  15          void main()
  16          {
  17   1          //设置T/C0,T/C1为计数器,工作于方式1(16位)
  18   1          TMOD=0x55;
  19   1          //设置T2引脚计数时钟输入,默认为递增计数
  20   1          T2MOD=0x00;
  21   1          //设置TIMER2为计数器
  22   1          C_T2=1;
  23   1          //T2工作于自动重装模式(上溢时重装0x0000)
  24   1          RCAP2H=0x00;
  25   1          RCAP2L=0x00;
  26   1          //三者初值均为0x00
  27   1          TH0=0x00;
  28   1          TL0=0x00;
  29   1          TH1=0x00;
  30   1          TL1=0x00;
  31   1          TH2=0x00;
  32   1          TL2=0x00;
  33   1          //启动三个定时器/计数器
  34   1          TR0=1;
  35   1          TR1=1;
  36   1          TR2=1;
  37   1          while(1)
  38   1          {
  39   2              if(!SW1)//通过P2,P0端口显示T0二进制计数值
  40   2              {
  41   3                  P2=~TH0;
  42   3                  P0=~TL0;
  43   3              }
  44   2              else if(!SW2)//通过P2,P0端口显示T1二进制计数值
  45   2              {
  46   3                  P2=~TH1;
  47   3                  P0=~TL1;
  48   3              }
  49   2              else if(!SW3)//通过P2,P0端口显示T2二进制计数值
  50   2              {
  51   3                  P2=~TH2;
  52   3                  P0=~TL2;
  53   3              }
C51 COMPILER V9.54   MAIN                                                                  10/15/2023 12:28:59 PAGE 2   

  54   2          }
  55   1      }
C51 COMPILER V9.54   MAIN                                                                  10/15/2023 12:28:59 PAGE 3   

ASSEMBLY LISTING OF GENERATED OBJECT CODE


             ; FUNCTION main (BEGIN)
                                           ; SOURCE LINE # 15
                                           ; SOURCE LINE # 16
                                           ; SOURCE LINE # 18
0000 758955            MOV     TMOD,#055H
                                           ; SOURCE LINE # 20
0003 E4                CLR     A
0004 F5C9              MOV     T2MOD,A
                                           ; SOURCE LINE # 22
0006 D2C9              SETB    C_T2
                                           ; SOURCE LINE # 24
0008 F5CB              MOV     RCAP2H,A
                                           ; SOURCE LINE # 25
000A F5CA              MOV     RCAP2L,A
                                           ; SOURCE LINE # 27
000C F58C              MOV     TH0,A
                                           ; SOURCE LINE # 28
000E F58A              MOV     TL0,A
                                           ; SOURCE LINE # 29
0010 F58D              MOV     TH1,A
                                           ; SOURCE LINE # 30
0012 F58B              MOV     TL1,A
                                           ; SOURCE LINE # 31
0014 F5CD              MOV     TH2,A
                                           ; SOURCE LINE # 32
0016 F5CC              MOV     TL2,A
                                           ; SOURCE LINE # 34
0018 D28C              SETB    TR0
                                           ; SOURCE LINE # 35
001A D28E              SETB    TR1
                                           ; SOURCE LINE # 36
001C D2CA              SETB    TR2
001E         ?C0001:
                                           ; SOURCE LINE # 37
                                           ; SOURCE LINE # 38
                                           ; SOURCE LINE # 39
001E 209509            JB      SW1,?C0003
                                           ; SOURCE LINE # 40
                                           ; SOURCE LINE # 41
0021 E58C              MOV     A,TH0
0023 F4                CPL     A
0024 F5A0              MOV     P2,A
                                           ; SOURCE LINE # 42
0026 E58A              MOV     A,TL0
                                           ; SOURCE LINE # 43
0028 800A              SJMP    ?C0009
002A         ?C0003:
                                           ; SOURCE LINE # 44
002A 20960C            JB      SW2,?C0005
                                           ; SOURCE LINE # 45
                                           ; SOURCE LINE # 46
002D E58D              MOV     A,TH1
002F F4                CPL     A
0030 F5A0              MOV     P2,A
                                           ; SOURCE LINE # 47
0032 E58B              MOV     A,TL1
0034         ?C0009:
0034 F4                CPL     A
0035 F580              MOV     P0,A
C51 COMPILER V9.54   MAIN                                                                  10/15/2023 12:28:59 PAGE 4   

                                           ; SOURCE LINE # 48
0037 80E5              SJMP    ?C0001
0039         ?C0005:
                                           ; SOURCE LINE # 49
0039 2097E2            JB      SW3,?C0001
                                           ; SOURCE LINE # 50
                                           ; SOURCE LINE # 51
003C E5CD              MOV     A,TH2
003E F4                CPL     A
003F F5A0              MOV     P2,A
                                           ; SOURCE LINE # 52
0041 E5CC              MOV     A,TL2
0043 F4                CPL     A
0044 F580              MOV     P0,A
                                           ; SOURCE LINE # 53
                                           ; SOURCE LINE # 54
0046 80D6              SJMP    ?C0001
             ; FUNCTION main (END)

C51 COMPILER V9.54   MAIN                                                                  10/15/2023 12:28:59 PAGE 5   

NAME                                    CLASS   MSPACE  TYPE    OFFSET  SIZE
====                                    =====   ======  ====    ======  ====


P0 . . . . . . . . . . . . . . . . . .  SFR      DATA   U_CHAR   0080H  1
P1 . . . . . . . . . . . . . . . . . .  SFR      DATA   U_CHAR   0090H  1
P2 . . . . . . . . . . . . . . . . . .  SFR      DATA   U_CHAR   00A0H  1
P3 . . . . . . . . . . . . . . . . . .  SFR      DATA   U_CHAR   00B0H  1
T0 . . . . . . . . . . . . . . . . . .  ABSBIT   -----  BIT      00B4H  1
AC . . . . . . . . . . . . . . . . . .  ABSBIT   -----  BIT      00D6H  1
T1 . . . . . . . . . . . . . . . . . .  ABSBIT   -----  BIT      00B5H  1
T2 . . . . . . . . . . . . . . . . . .  ABSBIT   -----  BIT      0090H  1
EA . . . . . . . . . . . . . . . . . .  ABSBIT   -----  BIT      00AFH  1
IE . . . . . . . . . . . . . . . . . .  SFR      DATA   U_CHAR   00A8H  1
EXF2 . . . . . . . . . . . . . . . . .  ABSBIT   -----  BIT      00CEH  1
RD . . . . . . . . . . . . . . . . . .  ABSBIT   -----  BIT      00B7H  1
ES . . . . . . . . . . . . . . . . . .  ABSBIT   -----  BIT      00ACH  1
IP . . . . . . . . . . . . . . . . . .  SFR      DATA   U_CHAR   00B8H  1
RI . . . . . . . . . . . . . . . . . .  ABSBIT   -----  BIT      0098H  1
INT0 . . . . . . . . . . . . . . . . .  ABSBIT   -----  BIT      00B2H  1
CY . . . . . . . . . . . . . . . . . .  ABSBIT   -----  BIT      00D7H  1
TI . . . . . . . . . . . . . . . . . .  ABSBIT   -----  BIT      0099H  1
INT1 . . . . . . . . . . . . . . . . .  ABSBIT   -----  BIT      00B3H  1
RCAP2H . . . . . . . . . . . . . . . .  SFR      DATA   U_CHAR   00CBH  1
PS . . . . . . . . . . . . . . . . . .  ABSBIT   -----  BIT      00BCH  1
SP . . . . . . . . . . . . . . . . . .  SFR      DATA   U_CHAR   0081H  1
T2EX . . . . . . . . . . . . . . . . .  ABSBIT   -----  BIT      0091H  1
OV . . . . . . . . . . . . . . . . . .  ABSBIT   -----  BIT      00D2H  1
RCAP2L . . . . . . . . . . . . . . . .  SFR      DATA   U_CHAR   00CAH  1
main . . . . . . . . . . . . . . . . .  PUBLIC   CODE   PROC     0000H  -----
C_T2 . . . . . . . . . . . . . . . . .  ABSBIT   -----  BIT      00C9H  1
WR . . . . . . . . . . . . . . . . . .  ABSBIT   -----  BIT      00B6H  1
RCLK . . . . . . . . . . . . . . . . .  ABSBIT   -----  BIT      00CDH  1
TCLK . . . . . . . . . . . . . . . . .  ABSBIT   -----  BIT      00CCH  1
SBUF . . . . . . . . . . . . . . . . .  SFR      DATA   U_CHAR   0099H  1
PCON . . . . . . . . . . . . . . . . .  SFR      DATA   U_CHAR   0087H  1
SCON . . . . . . . . . . . . . . . . .  SFR      DATA   U_CHAR   0098H  1
TMOD . . . . . . . . . . . . . . . . .  SFR      DATA   U_CHAR   0089H  1
TCON . . . . . . . . . . . . . . . . .  SFR      DATA   U_CHAR   0088H  1
IE0. . . . . . . . . . . . . . . . . .  ABSBIT   -----  BIT      0089H  1
IE1. . . . . . . . . . . . . . . . . .  ABSBIT   -----  BIT      008BH  1
B. . . . . . . . . . . . . . . . . . .  SFR      DATA   U_CHAR   00F0H  1
CP_RL2 . . . . . . . . . . . . . . . .  ABSBIT   -----  BIT      00C8H  1
ACC. . . . . . . . . . . . . . . . . .  SFR      DATA   U_CHAR   00E0H  1
ET0. . . . . . . . . . . . . . . . . .  ABSBIT   -----  BIT      00A9H  1
ET1. . . . . . . . . . . . . . . . . .  ABSBIT   -----  BIT      00ABH  1
TF0. . . . . . . . . . . . . . . . . .  ABSBIT   -----  BIT      008DH  1
ET2. . . . . . . . . . . . . . . . . .  ABSBIT   -----  BIT      00ADH  1
TF1. . . . . . . . . . . . . . . . . .  ABSBIT   -----  BIT      008FH  1
TF2. . . . . . . . . . . . . . . . . .  ABSBIT   -----  BIT      00CFH  1
RB8. . . . . . . . . . . . . . . . . .  ABSBIT   -----  BIT      009AH  1
TH0. . . . . . . . . . . . . . . . . .  SFR      DATA   U_CHAR   008CH  1
EX0. . . . . . . . . . . . . . . . . .  ABSBIT   -----  BIT      00A8H  1
IT0. . . . . . . . . . . . . . . . . .  ABSBIT   -----  BIT      0088H  1
TH1. . . . . . . . . . . . . . . . . .  SFR      DATA   U_CHAR   008DH  1
TB8. . . . . . . . . . . . . . . . . .  ABSBIT   -----  BIT      009BH  1
EX1. . . . . . . . . . . . . . . . . .  ABSBIT   -----  BIT      00AAH  1
IT1. . . . . . . . . . . . . . . . . .  ABSBIT   -----  BIT      008AH  1
TH2. . . . . . . . . . . . . . . . . .  SFR      DATA   U_CHAR   00CDH  1
P. . . . . . . . . . . . . . . . . . .  ABSBIT   -----  BIT      00D0H  1
SM0. . . . . . . . . . . . . . . . . .  ABSBIT   -----  BIT      009FH  1
C51 COMPILER V9.54   MAIN                                                                  10/15/2023 12:28:59 PAGE 6   

NAME                                    CLASS   MSPACE  TYPE    OFFSET  SIZE
====                                    =====   ======  ====    ======  ====


TL0. . . . . . . . . . . . . . . . . .  SFR      DATA   U_CHAR   008AH  1
SM1. . . . . . . . . . . . . . . . . .  ABSBIT   -----  BIT      009EH  1
TL1. . . . . . . . . . . . . . . . . .  SFR      DATA   U_CHAR   008BH  1
SM2. . . . . . . . . . . . . . . . . .  ABSBIT   -----  BIT      009DH  1
TL2. . . . . . . . . . . . . . . . . .  SFR      DATA   U_CHAR   00CCH  1
PT0. . . . . . . . . . . . . . . . . .  ABSBIT   -----  BIT      00B9H  1
PT1. . . . . . . . . . . . . . . . . .  ABSBIT   -----  BIT      00BBH  1
RS0. . . . . . . . . . . . . . . . . .  ABSBIT   -----  BIT      00D3H  1
PT2. . . . . . . . . . . . . . . . . .  ABSBIT   -----  BIT      00BDH  1
TR0. . . . . . . . . . . . . . . . . .  ABSBIT   -----  BIT      008CH  1
RS1. . . . . . . . . . . . . . . . . .  ABSBIT   -----  BIT      00D4H  1
TR1. . . . . . . . . . . . . . . . . .  ABSBIT   -----  BIT      008EH  1
TR2. . . . . . . . . . . . . . . . . .  ABSBIT   -----  BIT      00CAH  1
PX0. . . . . . . . . . . . . . . . . .  ABSBIT   -----  BIT      00B8H  1
PX1. . . . . . . . . . . . . . . . . .  ABSBIT   -----  BIT      00BAH  1
SW1. . . . . . . . . . . . . . . . . .  ABSBIT   -----  BIT      0095H  1
SW2. . . . . . . . . . . . . . . . . .  ABSBIT   -----  BIT      0096H  1
DPH. . . . . . . . . . . . . . . . . .  SFR      DATA   U_CHAR   0083H  1
SW3. . . . . . . . . . . . . . . . . .  ABSBIT   -----  BIT      0097H  1
DPL. . . . . . . . . . . . . . . . . .  SFR      DATA   U_CHAR   0082H  1
EXEN2. . . . . . . . . . . . . . . . .  ABSBIT   -----  BIT      00CBH  1
REN. . . . . . . . . . . . . . . . . .  ABSBIT   -----  BIT      009CH  1
T2MOD. . . . . . . . . . . . . . . . .  SFR      DATA   U_CHAR   00C9H  1
T2CON. . . . . . . . . . . . . . . . .  SFR      DATA   U_CHAR   00C8H  1
RXD. . . . . . . . . . . . . . . . . .  ABSBIT   -----  BIT      00B0H  1
TXD. . . . . . . . . . . . . . . . . .  ABSBIT   -----  BIT      00B1H  1
F0 . . . . . . . . . . . . . . . . . .  ABSBIT   -----  BIT      00D5H  1
PSW. . . . . . . . . . . . . . . . . .  SFR      DATA   U_CHAR   00D0H  1


MODULE INFORMATION:   STATIC OVERLAYABLE
   CODE SIZE        =     72    ----
   CONSTANT SIZE    =   ----    ----
   XDATA SIZE       =   ----    ----
   PDATA SIZE       =   ----    ----
   DATA SIZE        =   ----    ----
   IDATA SIZE       =   ----    ----
   BIT SIZE         =   ----    ----
   EDATA SIZE       =   ----    ----
   HDATA SIZE       =   ----    ----
   XDATA CONST SIZE =   ----    ----
   FAR CONST SIZE   =   ----    ----
END OF MODULE INFORMATION.


C51 COMPILATION COMPLETE.  0 WARNING(S),  0 ERROR(S)
