C51 COMPILER V9.54   MAIN                                                                  09/11/2023 21:40:39 PAGE 1   


C51 COMPILER V9.54, COMPILATION OF MODULE MAIN
OBJECT MODULE PLACED IN .\build\Release\src\main.o
COMPILER INVOKED BY: d:\keil\C51\BIN\C51.exe .\SRC\MAIN.C OMF2 TABS(4) CODE NOCOND SYMBOLS PRINT(.\build\Release\src\mai
                    -n.lst) INCDIR(d:/keil/C51/INC;src) DEFINE(__UVISION_VERSION=526) OPTIMIZE(8,SPEED) SMALL ROM(LARGE) OBJECT(.\build\Relea
                    -se\src\main.o)

line level    source

   1          #include<reg51.h>
   2          unsigned char code table[] = {0x3f,0x06,0x5b,0x4f,0x66,0x6d,0x7d,0x07,0x7f,0x6f};
   3          sbit P3_7 = P3^7;
   4          void delay(unsigned char time){
   5   1          unsigned char tmp = 125;
   6   1          for(;time>0;time--)
   7   1              for(;tmp>0;tmp--);
   8   1      }
   9          void main(){
  10   1          unsigned char count = 0;
  11   1          P2 = table[count%10];
  12   1          P0 = table[count/10];
  13   1          while(1){
  14   2          if(P3_7==0){
  15   3              delay(10);
  16   3              if(P3_7==0){
  17   4                  count++;
  18   4                  if(count==100) count=0;
  19   4                  P2 = table[count%10];
  20   4                  P0 = table[count/10];
  21   4                  while(P3_7==0);
  22   4              }
  23   3          }
  24   2          }
  25   1      }
C51 COMPILER V9.54   MAIN                                                                  09/11/2023 21:40:39 PAGE 2   

ASSEMBLY LISTING OF GENERATED OBJECT CODE


             ; FUNCTION _delay (BEGIN)
                                           ; SOURCE LINE # 4
;---- Variable 'time' assigned to Register 'R7' ----
                                           ; SOURCE LINE # 5
;---- Variable 'tmp' assigned to Register 'R6' ----
0000 7E7D              MOV     R6,#07DH
                                           ; SOURCE LINE # 6
0002         ?C0001:
0002 EF                MOV     A,R7
0003 D3                SETB    C
0004 9400              SUBB    A,#00H
0006 400C              JC      ?C0007
                                           ; SOURCE LINE # 7
0008         ?C0004:
0008 EE                MOV     A,R6
0009 D3                SETB    C
000A 9400              SUBB    A,#00H
000C 4003              JC      ?C0003
000E 1E                DEC     R6
000F 80F7              SJMP    ?C0004
0011         ?C0003:
0011 1F                DEC     R7
0012 80EE              SJMP    ?C0001
                                           ; SOURCE LINE # 8
0014         ?C0007:
0014 22                RET     
             ; FUNCTION _delay (END)

             ; FUNCTION main (BEGIN)
                                           ; SOURCE LINE # 9
                                           ; SOURCE LINE # 10
;---- Variable 'count' assigned to Register 'R5' ----
0000 E4                CLR     A
0001 FD                MOV     R5,A
                                           ; SOURCE LINE # 11
0002 75F00A            MOV     B,#0AH
0005 84                DIV     AB
0006 E5F0              MOV     A,B
0008 900000      R     MOV     DPTR,#table
000B 93                MOVC    A,@A+DPTR
000C F5A0              MOV     P2,A
                                           ; SOURCE LINE # 12
000E ED                MOV     A,R5
000F 75F00A            MOV     B,#0AH
0012 84                DIV     AB
0013 93                MOVC    A,@A+DPTR
0014 F580              MOV     P0,A
0016         ?C0008:
                                           ; SOURCE LINE # 13
                                           ; SOURCE LINE # 14
0016 20B7FD            JB      P3_7,?C0008
                                           ; SOURCE LINE # 15
0019 7F0A              MOV     R7,#0AH
001B 120000      R     LCALL   _delay
                                           ; SOURCE LINE # 16
001E 20B7F5            JB      P3_7,?C0008
                                           ; SOURCE LINE # 17
0021 0D                INC     R5
                                           ; SOURCE LINE # 18
C51 COMPILER V9.54   MAIN                                                                  09/11/2023 21:40:39 PAGE 3   

0022 BD6402            CJNE    R5,#064H,?C0012
0025 E4                CLR     A
0026 FD                MOV     R5,A
0027         ?C0012:
                                           ; SOURCE LINE # 19
0027 ED                MOV     A,R5
0028 75F00A            MOV     B,#0AH
002B 84                DIV     AB
002C E5F0              MOV     A,B
002E 900000      R     MOV     DPTR,#table
0031 93                MOVC    A,@A+DPTR
0032 F5A0              MOV     P2,A
                                           ; SOURCE LINE # 20
0034 ED                MOV     A,R5
0035 75F00A            MOV     B,#0AH
0038 84                DIV     AB
0039 93                MOVC    A,@A+DPTR
003A F580              MOV     P0,A
003C         ?C0013:
                                           ; SOURCE LINE # 21
003C 20B7D7            JB      P3_7,?C0008
003F 80FB              SJMP    ?C0013
             ; FUNCTION main (END)

C51 COMPILER V9.54   MAIN                                                                  09/11/2023 21:40:39 PAGE 4   

NAME                                    CLASS   MSPACE  TYPE    OFFSET  SIZE
====                                    =====   ======  ====    ======  ====


P0 . . . . . . . . . . . . . . . . . .  SFR      DATA   U_CHAR   0080H  1
P1 . . . . . . . . . . . . . . . . . .  SFR      DATA   U_CHAR   0090H  1
P2 . . . . . . . . . . . . . . . . . .  SFR      DATA   U_CHAR   00A0H  1
P3 . . . . . . . . . . . . . . . . . .  SFR      DATA   U_CHAR   00B0H  1
T0 . . . . . . . . . . . . . . . . . .  ABSBIT   -----  BIT      00B4H  1
AC . . . . . . . . . . . . . . . . . .  ABSBIT   -----  BIT      00D6H  1
T1 . . . . . . . . . . . . . . . . . .  ABSBIT   -----  BIT      00B5H  1
EA . . . . . . . . . . . . . . . . . .  ABSBIT   -----  BIT      00AFH  1
table. . . . . . . . . . . . . . . . .  PUBLIC   CODE   ARRAY    0000H  10
IE . . . . . . . . . . . . . . . . . .  SFR      DATA   U_CHAR   00A8H  1
_delay . . . . . . . . . . . . . . . .  PUBLIC   CODE   PROC     0000H  -----
  time . . . . . . . . . . . . . . . .  * REG *  DATA   U_CHAR   0007H  1
  tmp. . . . . . . . . . . . . . . . .  * REG *  DATA   U_CHAR   0006H  1
RD . . . . . . . . . . . . . . . . . .  ABSBIT   -----  BIT      00B7H  1
ES . . . . . . . . . . . . . . . . . .  ABSBIT   -----  BIT      00ACH  1
IP . . . . . . . . . . . . . . . . . .  SFR      DATA   U_CHAR   00B8H  1
P3_7 . . . . . . . . . . . . . . . . .  ABSBIT   -----  BIT      00B7H  1
RI . . . . . . . . . . . . . . . . . .  ABSBIT   -----  BIT      0098H  1
INT0 . . . . . . . . . . . . . . . . .  ABSBIT   -----  BIT      00B2H  1
CY . . . . . . . . . . . . . . . . . .  ABSBIT   -----  BIT      00D7H  1
TI . . . . . . . . . . . . . . . . . .  ABSBIT   -----  BIT      0099H  1
INT1 . . . . . . . . . . . . . . . . .  ABSBIT   -----  BIT      00B3H  1
PS . . . . . . . . . . . . . . . . . .  ABSBIT   -----  BIT      00BCH  1
SP . . . . . . . . . . . . . . . . . .  SFR      DATA   U_CHAR   0081H  1
OV . . . . . . . . . . . . . . . . . .  ABSBIT   -----  BIT      00D2H  1
main . . . . . . . . . . . . . . . . .  PUBLIC   CODE   PROC     0000H  -----
  count. . . . . . . . . . . . . . . .  * REG *  DATA   U_CHAR   0005H  1
WR . . . . . . . . . . . . . . . . . .  ABSBIT   -----  BIT      00B6H  1
SBUF . . . . . . . . . . . . . . . . .  SFR      DATA   U_CHAR   0099H  1
PCON . . . . . . . . . . . . . . . . .  SFR      DATA   U_CHAR   0087H  1
SCON . . . . . . . . . . . . . . . . .  SFR      DATA   U_CHAR   0098H  1
TMOD . . . . . . . . . . . . . . . . .  SFR      DATA   U_CHAR   0089H  1
TCON . . . . . . . . . . . . . . . . .  SFR      DATA   U_CHAR   0088H  1
IE0. . . . . . . . . . . . . . . . . .  ABSBIT   -----  BIT      0089H  1
IE1. . . . . . . . . . . . . . . . . .  ABSBIT   -----  BIT      008BH  1
B. . . . . . . . . . . . . . . . . . .  SFR      DATA   U_CHAR   00F0H  1
ACC. . . . . . . . . . . . . . . . . .  SFR      DATA   U_CHAR   00E0H  1
ET0. . . . . . . . . . . . . . . . . .  ABSBIT   -----  BIT      00A9H  1
ET1. . . . . . . . . . . . . . . . . .  ABSBIT   -----  BIT      00ABH  1
TF0. . . . . . . . . . . . . . . . . .  ABSBIT   -----  BIT      008DH  1
TF1. . . . . . . . . . . . . . . . . .  ABSBIT   -----  BIT      008FH  1
RB8. . . . . . . . . . . . . . . . . .  ABSBIT   -----  BIT      009AH  1
TH0. . . . . . . . . . . . . . . . . .  SFR      DATA   U_CHAR   008CH  1
EX0. . . . . . . . . . . . . . . . . .  ABSBIT   -----  BIT      00A8H  1
IT0. . . . . . . . . . . . . . . . . .  ABSBIT   -----  BIT      0088H  1
TH1. . . . . . . . . . . . . . . . . .  SFR      DATA   U_CHAR   008DH  1
TB8. . . . . . . . . . . . . . . . . .  ABSBIT   -----  BIT      009BH  1
EX1. . . . . . . . . . . . . . . . . .  ABSBIT   -----  BIT      00AAH  1
IT1. . . . . . . . . . . . . . . . . .  ABSBIT   -----  BIT      008AH  1
P. . . . . . . . . . . . . . . . . . .  ABSBIT   -----  BIT      00D0H  1
SM0. . . . . . . . . . . . . . . . . .  ABSBIT   -----  BIT      009FH  1
TL0. . . . . . . . . . . . . . . . . .  SFR      DATA   U_CHAR   008AH  1
SM1. . . . . . . . . . . . . . . . . .  ABSBIT   -----  BIT      009EH  1
TL1. . . . . . . . . . . . . . . . . .  SFR      DATA   U_CHAR   008BH  1
SM2. . . . . . . . . . . . . . . . . .  ABSBIT   -----  BIT      009DH  1
PT0. . . . . . . . . . . . . . . . . .  ABSBIT   -----  BIT      00B9H  1
PT1. . . . . . . . . . . . . . . . . .  ABSBIT   -----  BIT      00BBH  1
C51 COMPILER V9.54   MAIN                                                                  09/11/2023 21:40:39 PAGE 5   

NAME                                    CLASS   MSPACE  TYPE    OFFSET  SIZE
====                                    =====   ======  ====    ======  ====


RS0. . . . . . . . . . . . . . . . . .  ABSBIT   -----  BIT      00D3H  1
TR0. . . . . . . . . . . . . . . . . .  ABSBIT   -----  BIT      008CH  1
RS1. . . . . . . . . . . . . . . . . .  ABSBIT   -----  BIT      00D4H  1
TR1. . . . . . . . . . . . . . . . . .  ABSBIT   -----  BIT      008EH  1
PX0. . . . . . . . . . . . . . . . . .  ABSBIT   -----  BIT      00B8H  1
PX1. . . . . . . . . . . . . . . . . .  ABSBIT   -----  BIT      00BAH  1
DPH. . . . . . . . . . . . . . . . . .  SFR      DATA   U_CHAR   0083H  1
DPL. . . . . . . . . . . . . . . . . .  SFR      DATA   U_CHAR   0082H  1
REN. . . . . . . . . . . . . . . . . .  ABSBIT   -----  BIT      009CH  1
RXD. . . . . . . . . . . . . . . . . .  ABSBIT   -----  BIT      00B0H  1
TXD. . . . . . . . . . . . . . . . . .  ABSBIT   -----  BIT      00B1H  1
F0 . . . . . . . . . . . . . . . . . .  ABSBIT   -----  BIT      00D5H  1
PSW. . . . . . . . . . . . . . . . . .  SFR      DATA   U_CHAR   00D0H  1


MODULE INFORMATION:   STATIC OVERLAYABLE
   CODE SIZE        =     86    ----
   CONSTANT SIZE    =     10    ----
   XDATA SIZE       =   ----    ----
   PDATA SIZE       =   ----    ----
   DATA SIZE        =   ----    ----
   IDATA SIZE       =   ----    ----
   BIT SIZE         =   ----    ----
   EDATA SIZE       =   ----    ----
   HDATA SIZE       =   ----    ----
   XDATA CONST SIZE =   ----    ----
   FAR CONST SIZE   =   ----    ----
END OF MODULE INFORMATION.


C51 COMPILATION COMPLETE.  0 WARNING(S),  0 ERROR(S)
