C51 COMPILER V9.54   MAIN                                                                  09/24/2023 19:34:45 PAGE 1   


C51 COMPILER V9.54, COMPILATION OF MODULE MAIN
OBJECT MODULE PLACED IN .\build\Release\src\main.o
COMPILER INVOKED BY: d:\keil\C51\BIN\C51.exe .\SRC\MAIN.C OMF2 TABS(4) CODE NOCOND SYMBOLS PRINT(.\build\Release\src\mai
                    -n.lst) INCDIR(d:/keil/C51/INC;src) DEFINE(__UVISION_VERSION=526) OPTIMIZE(8,SPEED) SMALL ROM(LARGE) OBJECT(.\build\Relea
                    -se\src\main.o)

line level    source

   1          //实例18：用swtich语句的控制P0口8位LED的点亮状态
   2          
   3          #include<reg51.h>   //包含单片机寄存器的头文件
   4          
   5          sbit S1=P1^4;      //将S1位定义为P1.4
   6          
   7          /*****************************
   8          
   9          函数功能：延时一段时间
  10          
  11          *****************************/
  12          
  13          void delay(void)
  14          
  15          {
  16   1      
  17   1      unsigned int n;
  18   1      
  19   1      for(n=0;n<10000;n++)
  20   1      
  21   1      ;
  22   1      
  23   1      }
  24          
  25          /*****************************
  26          
  27          函数功能：主函数
  28          
  29          *****************************/
  30          
  31          void main(void)
  32          
  33          {
  34   1      
  35   1      unsigned char i;
  36   1      
  37   1      i=0;//将i初始化为0
  38   1      
  39   1      while(1)
  40   1      
  41   1      {
  42   2      
  43   2      if(S1==0)//如果S1键按下
  44   2      
  45   2      delay();//延时一段时间
  46   2      
  47   2      if(S1==0)//如果再次检测到S1键按下
  48   2      
  49   2      i++;    //i自增1
  50   2      
  51   2      if(i==9)  //如果i=9，重新将其置为1
  52   2      
  53   2      i=1;
C51 COMPILER V9.54   MAIN                                                                  09/24/2023 19:34:45 PAGE 2   

  54   2      
  55   2      switch(i)//使用多分支选择语句
  56   2      
  57   2      {
  58   3      
  59   3      case1:P0=0xfe;   //第一个LED亮
  60   3      
  61   3      break;
  62   3      
  63   3      case2:P0=0xfd;   //第二个LED亮
  64   3      
  65   3      break;
  66   3      
  67   3      case3:P0=0xfb;    //第三个LED亮
  68   3      
  69   3      break;
  70   3      
  71   3      case4:P0=0xf7;    //第四个LED亮
  72   3      
  73   3      break;
  74   3      
  75   3      case5:P0=0xef;    //第五个LED亮
  76   3      
  77   3      break;
  78   3      
  79   3      case6:P0=0xdf;    //第六个LED亮
  80   3      
  81   3      break;
  82   3      
  83   3      case7:P0=0xbf;    //第七个LED亮
  84   3      
  85   3      break;
  86   3      
  87   3      case8:P0=0x7f;    //第八个LED亮
  88   3      
  89   3      break;
  90   3      
  91   3      default:   //缺省值，关闭所有LED
  92   3      
  93   3      P0=0xff;
  94   3      
  95   3      }
  96   2      
  97   2      }
*** ERROR C141 IN LINE 97 OF .\SRC\MAIN.C: syntax error near ''

C51 COMPILATION COMPLETE.  0 WARNING(S),  1 ERROR(S)
