C51 COMPILER V9.54   MAIN                                                                  07/29/2023 22:29:52 PAGE 1   


C51 COMPILER V9.54, COMPILATION OF MODULE MAIN
OBJECT MODULE PLACED IN .\build\Release\src\main.o
COMPILER INVOKED BY: d:\keil\C51\BIN\C51.exe .\SRC\MAIN.C OMF2 TABS(4) CODE NOCOND SYMBOLS PRINT(.\build\Release\src\mai
                    -n.lst) INCDIR(d:/keil/C51/INC;src) DEFINE(__UVISION_VERSION=526) OPTIMIZE(8,SPEED) SMALL ROM(LARGE) OBJECT(.\build\Relea
                    -se\src\main.o)

line level    source

   1          #include<REG51.H>
   2          #include"LCD1602.h"
   3          #include"DS1302.h"
   4          #include"Delay.h"
   5          
   6          unsigned char Second,Minute;
   7          
   8          void main()
   9          {
  10   1          LCD_Init();
  11   1          DS1302_Init();
  12   1      
  13   1          LCD_ShowString(1,1,"  -  -  ");//静态字符初始化显示
  14   1          LCD_ShowString(2,1,"  :  :  ");
  15   1          DS1302_SetTime();//设置时间
  16   1          while(1)
  17   1          {
  18   2              DS1302_ReadTime();//读取时间
  19   2              LCD_ShowNum(1,1,DS1302_Time[0],2);//显示年
  20   2              LCD_ShowNum(1,4,DS1302_Time[1],2);//显示月
  21   2              LCD_ShowNum(1,7,DS1302_Time[2],2);//显示日
  22   2              LCD_ShowNum(2,1,DS1302_Time[3],2);//显示时
  23   2              LCD_ShowNum(2,4,DS1302_Time[4],2);//显示分
  24   2              LCD_ShowNum(2,7,DS1302_Time[5],2);//显示秒
  25   2          
  26   2          }
  27   1      }
C51 COMPILER V9.54   MAIN                                                                  07/29/2023 22:29:52 PAGE 2   

ASSEMBLY LISTING OF GENERATED OBJECT CODE


             ; FUNCTION main (BEGIN)
                                           ; SOURCE LINE # 8
                                           ; SOURCE LINE # 9
                                           ; SOURCE LINE # 10
0000 120000      E     LCALL   LCD_Init
                                           ; SOURCE LINE # 11
0003 120000      E     LCALL   DS1302_Init
                                           ; SOURCE LINE # 13
0006 7BFF              MOV     R3,#0FFH
0008 7A00        R     MOV     R2,#HIGH ?SC_0
000A 7900        R     MOV     R1,#LOW ?SC_0
000C 7D01              MOV     R5,#01H
000E 7F01              MOV     R7,#01H
0010 120000      E     LCALL   _LCD_ShowString
                                           ; SOURCE LINE # 14
0013 7BFF              MOV     R3,#0FFH
0015 7A00        R     MOV     R2,#HIGH ?SC_9
0017 7900        R     MOV     R1,#LOW ?SC_9
0019 7D01              MOV     R5,#01H
001B 7F02              MOV     R7,#02H
001D 120000      E     LCALL   _LCD_ShowString
                                           ; SOURCE LINE # 15
0020 120000      E     LCALL   DS1302_SetTime
0023         ?C0001:
                                           ; SOURCE LINE # 16
                                           ; SOURCE LINE # 17
                                           ; SOURCE LINE # 18
0023 120000      E     LCALL   DS1302_ReadTime
                                           ; SOURCE LINE # 19
0026 E500        E     MOV     A,DS1302_Time
0028 FB                MOV     R3,A
0029 7A00              MOV     R2,#00H
002B 750002      E     MOV     ?_LCD_ShowNum?BYTE+04H,#02H
002E 7D01              MOV     R5,#01H
0030 7F01              MOV     R7,#01H
0032 120000      E     LCALL   _LCD_ShowNum
                                           ; SOURCE LINE # 20
0035 E500        E     MOV     A,DS1302_Time+01H
0037 FB                MOV     R3,A
0038 7A00              MOV     R2,#00H
003A 750002      E     MOV     ?_LCD_ShowNum?BYTE+04H,#02H
003D 7D04              MOV     R5,#04H
003F 7F01              MOV     R7,#01H
0041 120000      E     LCALL   _LCD_ShowNum
                                           ; SOURCE LINE # 21
0044 E500        E     MOV     A,DS1302_Time+02H
0046 FB                MOV     R3,A
0047 7A00              MOV     R2,#00H
0049 750002      E     MOV     ?_LCD_ShowNum?BYTE+04H,#02H
004C 7D07              MOV     R5,#07H
004E 7F01              MOV     R7,#01H
0050 120000      E     LCALL   _LCD_ShowNum
                                           ; SOURCE LINE # 22
0053 E500        E     MOV     A,DS1302_Time+03H
0055 FB                MOV     R3,A
0056 7A00              MOV     R2,#00H
0058 750002      E     MOV     ?_LCD_ShowNum?BYTE+04H,#02H
005B 7D01              MOV     R5,#01H
005D 7F02              MOV     R7,#02H
C51 COMPILER V9.54   MAIN                                                                  07/29/2023 22:29:52 PAGE 3   

005F 120000      E     LCALL   _LCD_ShowNum
                                           ; SOURCE LINE # 23
0062 E500        E     MOV     A,DS1302_Time+04H
0064 FB                MOV     R3,A
0065 7A00              MOV     R2,#00H
0067 750002      E     MOV     ?_LCD_ShowNum?BYTE+04H,#02H
006A 7D04              MOV     R5,#04H
006C 7F02              MOV     R7,#02H
006E 120000      E     LCALL   _LCD_ShowNum
                                           ; SOURCE LINE # 24
0071 E500        E     MOV     A,DS1302_Time+05H
0073 FB                MOV     R3,A
0074 7A00              MOV     R2,#00H
0076 750002      E     MOV     ?_LCD_ShowNum?BYTE+04H,#02H
0079 7D07              MOV     R5,#07H
007B 7F02              MOV     R7,#02H
007D 120000      E     LCALL   _LCD_ShowNum
                                           ; SOURCE LINE # 26
0080 80A1              SJMP    ?C0001
             ; FUNCTION main (END)

C51 COMPILER V9.54   MAIN                                                                  07/29/2023 22:29:52 PAGE 4   

NAME                                    CLASS   MSPACE  TYPE    OFFSET  SIZE
====                                    =====   ======  ====    ======  ====


DS1302_SetTime . . . . . . . . . . . .  EXTERN   CODE   PROC     -----  -----
P0 . . . . . . . . . . . . . . . . . .  SFR      DATA   U_CHAR   0080H  1
P1 . . . . . . . . . . . . . . . . . .  SFR      DATA   U_CHAR   0090H  1
P2 . . . . . . . . . . . . . . . . . .  SFR      DATA   U_CHAR   00A0H  1
P3 . . . . . . . . . . . . . . . . . .  SFR      DATA   U_CHAR   00B0H  1
T0 . . . . . . . . . . . . . . . . . .  ABSBIT   -----  BIT      00B4H  1
AC . . . . . . . . . . . . . . . . . .  ABSBIT   -----  BIT      00D6H  1
T1 . . . . . . . . . . . . . . . . . .  ABSBIT   -----  BIT      00B5H  1
EA . . . . . . . . . . . . . . . . . .  ABSBIT   -----  BIT      00AFH  1
_LCD_ShowNum . . . . . . . . . . . . .  EXTERN   CODE   PROC     -----  -----
IE . . . . . . . . . . . . . . . . . .  SFR      DATA   U_CHAR   00A8H  1
RD . . . . . . . . . . . . . . . . . .  ABSBIT   -----  BIT      00B7H  1
ES . . . . . . . . . . . . . . . . . .  ABSBIT   -----  BIT      00ACH  1
IP . . . . . . . . . . . . . . . . . .  SFR      DATA   U_CHAR   00B8H  1
RI . . . . . . . . . . . . . . . . . .  ABSBIT   -----  BIT      0098H  1
INT0 . . . . . . . . . . . . . . . . .  ABSBIT   -----  BIT      00B2H  1
CY . . . . . . . . . . . . . . . . . .  ABSBIT   -----  BIT      00D7H  1
TI . . . . . . . . . . . . . . . . . .  ABSBIT   -----  BIT      0099H  1
INT1 . . . . . . . . . . . . . . . . .  ABSBIT   -----  BIT      00B3H  1
PS . . . . . . . . . . . . . . . . . .  ABSBIT   -----  BIT      00BCH  1
SP . . . . . . . . . . . . . . . . . .  SFR      DATA   U_CHAR   0081H  1
OV . . . . . . . . . . . . . . . . . .  ABSBIT   -----  BIT      00D2H  1
main . . . . . . . . . . . . . . . . .  PUBLIC   CODE   PROC     0000H  -----
WR . . . . . . . . . . . . . . . . . .  ABSBIT   -----  BIT      00B6H  1
SBUF . . . . . . . . . . . . . . . . .  SFR      DATA   U_CHAR   0099H  1
PCON . . . . . . . . . . . . . . . . .  SFR      DATA   U_CHAR   0087H  1
SCON . . . . . . . . . . . . . . . . .  SFR      DATA   U_CHAR   0098H  1
TMOD . . . . . . . . . . . . . . . . .  SFR      DATA   U_CHAR   0089H  1
TCON . . . . . . . . . . . . . . . . .  SFR      DATA   U_CHAR   0088H  1
IE0. . . . . . . . . . . . . . . . . .  ABSBIT   -----  BIT      0089H  1
IE1. . . . . . . . . . . . . . . . . .  ABSBIT   -----  BIT      008BH  1
B. . . . . . . . . . . . . . . . . . .  SFR      DATA   U_CHAR   00F0H  1
ACC. . . . . . . . . . . . . . . . . .  SFR      DATA   U_CHAR   00E0H  1
ET0. . . . . . . . . . . . . . . . . .  ABSBIT   -----  BIT      00A9H  1
LCD_Init . . . . . . . . . . . . . . .  EXTERN   CODE   PROC     -----  -----
ET1. . . . . . . . . . . . . . . . . .  ABSBIT   -----  BIT      00ABH  1
TF0. . . . . . . . . . . . . . . . . .  ABSBIT   -----  BIT      008DH  1
TF1. . . . . . . . . . . . . . . . . .  ABSBIT   -----  BIT      008FH  1
RB8. . . . . . . . . . . . . . . . . .  ABSBIT   -----  BIT      009AH  1
TH0. . . . . . . . . . . . . . . . . .  SFR      DATA   U_CHAR   008CH  1
EX0. . . . . . . . . . . . . . . . . .  ABSBIT   -----  BIT      00A8H  1
IT0. . . . . . . . . . . . . . . . . .  ABSBIT   -----  BIT      0088H  1
TH1. . . . . . . . . . . . . . . . . .  SFR      DATA   U_CHAR   008DH  1
TB8. . . . . . . . . . . . . . . . . .  ABSBIT   -----  BIT      009BH  1
EX1. . . . . . . . . . . . . . . . . .  ABSBIT   -----  BIT      00AAH  1
IT1. . . . . . . . . . . . . . . . . .  ABSBIT   -----  BIT      008AH  1
DS1302_ReadTime. . . . . . . . . . . .  EXTERN   CODE   PROC     -----  -----
P. . . . . . . . . . . . . . . . . . .  ABSBIT   -----  BIT      00D0H  1
DS1302_Time. . . . . . . . . . . . . .  EXTERN   DATA   ARRAY    -----  -----
SM0. . . . . . . . . . . . . . . . . .  ABSBIT   -----  BIT      009FH  1
TL0. . . . . . . . . . . . . . . . . .  SFR      DATA   U_CHAR   008AH  1
SM1. . . . . . . . . . . . . . . . . .  ABSBIT   -----  BIT      009EH  1
TL1. . . . . . . . . . . . . . . . . .  SFR      DATA   U_CHAR   008BH  1
SM2. . . . . . . . . . . . . . . . . .  ABSBIT   -----  BIT      009DH  1
_LCD_ShowString. . . . . . . . . . . .  EXTERN   CODE   PROC     -----  -----
PT0. . . . . . . . . . . . . . . . . .  ABSBIT   -----  BIT      00B9H  1
DS1302_Init. . . . . . . . . . . . . .  EXTERN   CODE   PROC     -----  -----
C51 COMPILER V9.54   MAIN                                                                  07/29/2023 22:29:52 PAGE 5   

NAME                                    CLASS   MSPACE  TYPE    OFFSET  SIZE
====                                    =====   ======  ====    ======  ====


PT1. . . . . . . . . . . . . . . . . .  ABSBIT   -----  BIT      00BBH  1
RS0. . . . . . . . . . . . . . . . . .  ABSBIT   -----  BIT      00D3H  1
TR0. . . . . . . . . . . . . . . . . .  ABSBIT   -----  BIT      008CH  1
RS1. . . . . . . . . . . . . . . . . .  ABSBIT   -----  BIT      00D4H  1
TR1. . . . . . . . . . . . . . . . . .  ABSBIT   -----  BIT      008EH  1
PX0. . . . . . . . . . . . . . . . . .  ABSBIT   -----  BIT      00B8H  1
PX1. . . . . . . . . . . . . . . . . .  ABSBIT   -----  BIT      00BAH  1
DPH. . . . . . . . . . . . . . . . . .  SFR      DATA   U_CHAR   0083H  1
Second . . . . . . . . . . . . . . . .  PUBLIC   DATA   U_CHAR   0000H  1
DPL. . . . . . . . . . . . . . . . . .  SFR      DATA   U_CHAR   0082H  1
REN. . . . . . . . . . . . . . . . . .  ABSBIT   -----  BIT      009CH  1
RXD. . . . . . . . . . . . . . . . . .  ABSBIT   -----  BIT      00B0H  1
TXD. . . . . . . . . . . . . . . . . .  ABSBIT   -----  BIT      00B1H  1
Minute . . . . . . . . . . . . . . . .  PUBLIC   DATA   U_CHAR   0001H  1
F0 . . . . . . . . . . . . . . . . . .  ABSBIT   -----  BIT      00D5H  1
PSW. . . . . . . . . . . . . . . . . .  SFR      DATA   U_CHAR   00D0H  1


MODULE INFORMATION:   STATIC OVERLAYABLE
   CODE SIZE        =    130    ----
   CONSTANT SIZE    =     18    ----
   XDATA SIZE       =   ----    ----
   PDATA SIZE       =   ----    ----
   DATA SIZE        =      2    ----
   IDATA SIZE       =   ----    ----
   BIT SIZE         =   ----    ----
   EDATA SIZE       =   ----    ----
   HDATA SIZE       =   ----    ----
   XDATA CONST SIZE =   ----    ----
   FAR CONST SIZE   =   ----    ----
END OF MODULE INFORMATION.


C51 COMPILATION COMPLETE.  0 WARNING(S),  0 ERROR(S)
