C51 COMPILER V9.54   AT24C02                                                               08/05/2023 12:11:08 PAGE 1   


C51 COMPILER V9.54, COMPILATION OF MODULE AT24C02
OBJECT MODULE PLACED IN .\build\Release\src\AT24C02.o
COMPILER INVOKED BY: d:\keil\C51\BIN\C51.exe .\SRC\AT24C02.C OMF2 TABS(4) CODE NOCOND SYMBOLS PRINT(.\build\Release\src\
                    -AT24C02.lst) INCDIR(d:/keil/C51/INC;src) DEFINE(__UVISION_VERSION=526) OPTIMIZE(8,SPEED) SMALL ROM(LARGE) OBJECT(.\build
                    -\Release\src\AT24C02.o)

line level    source

   1          #include<REG51.H>
   2          #include"I2C.h"
   3          
   4          #define AT24C02_ADDRESS  0xA0
   5          /// @brief AT24C02 写入一个字节
   6          /// @param WordAddress  写入字节的地址
   7          /// @param  Date 要写入的数据
   8          void AT24C02_WriteByte(unsigned char WordAddress,Data)
   9          {
  10   1          I2C_Start();
  11   1          I2C_SendByte(AT24C02_ADDRESS);
  12   1          I2C_ReceiveAck();
  13   1          I2C_SendByte(WordAddress);
  14   1          I2C_ReceiveAck();
  15   1          I2C_SendByte(Data);
  16   1          I2C_ReceiveAck();
  17   1          I2C_Stop();
  18   1      }
  19          /// @brief AT24C02  读取一个字节
  20          /// @param WordAddress 要读出字节的地址
  21          /// @return 读出的数据
  22          unsigned char AT24C02_ReadByte(unsigned char WordAddress)
  23          {
  24   1          unsigned char Data;
  25   1          I2C_Start();
  26   1          I2C_SendByte(AT24C02_ADDRESS);
  27   1          I2C_ReceiveAck();
  28   1          I2C_SendByte(WordAddress);
  29   1          I2C_ReceiveAck();
  30   1          I2C_Start();
  31   1          I2C_SendByte(AT24C02_ADDRESS|0x01);
  32   1          I2C_ReceiveAck();
  33   1          Data=I2C_ReceiveByte();
  34   1          I2C_SendAck(1);
  35   1          I2C_Stop();
  36   1          return Data;
  37   1      }
C51 COMPILER V9.54   AT24C02                                                               08/05/2023 12:11:08 PAGE 2   

ASSEMBLY LISTING OF GENERATED OBJECT CODE


             ; FUNCTION _AT24C02_WriteByte (BEGIN)
                                           ; SOURCE LINE # 8
0000 8F00        R     MOV     WordAddress,R7
0002 8C00        R     MOV     Data,R4
0004 8D00        R     MOV     Data+01H,R5
                                           ; SOURCE LINE # 9
                                           ; SOURCE LINE # 10
0006 120000      E     LCALL   I2C_Start
                                           ; SOURCE LINE # 11
0009 7FA0              MOV     R7,#0A0H
000B 120000      E     LCALL   _I2C_SendByte
                                           ; SOURCE LINE # 12
000E 120000      E     LCALL   I2C_ReceiveAck
                                           ; SOURCE LINE # 13
0011 AF00        R     MOV     R7,WordAddress
0013 120000      E     LCALL   _I2C_SendByte
                                           ; SOURCE LINE # 14
0016 120000      E     LCALL   I2C_ReceiveAck
                                           ; SOURCE LINE # 15
0019 AF00        R     MOV     R7,Data+01H
001B 120000      E     LCALL   _I2C_SendByte
                                           ; SOURCE LINE # 16
001E 120000      E     LCALL   I2C_ReceiveAck
                                           ; SOURCE LINE # 17
0021 020000      E     LJMP    I2C_Stop
             ; FUNCTION _AT24C02_WriteByte (END)

             ; FUNCTION _AT24C02_ReadByte (BEGIN)
                                           ; SOURCE LINE # 22
0000 8F00        R     MOV     WordAddress,R7
                                           ; SOURCE LINE # 23
                                           ; SOURCE LINE # 25
0002 120000      E     LCALL   I2C_Start
                                           ; SOURCE LINE # 26
0005 7FA0              MOV     R7,#0A0H
0007 120000      E     LCALL   _I2C_SendByte
                                           ; SOURCE LINE # 27
000A 120000      E     LCALL   I2C_ReceiveAck
                                           ; SOURCE LINE # 28
000D AF00        R     MOV     R7,WordAddress
000F 120000      E     LCALL   _I2C_SendByte
                                           ; SOURCE LINE # 29
0012 120000      E     LCALL   I2C_ReceiveAck
                                           ; SOURCE LINE # 30
0015 120000      E     LCALL   I2C_Start
                                           ; SOURCE LINE # 31
0018 7FA1              MOV     R7,#0A1H
001A 120000      E     LCALL   _I2C_SendByte
                                           ; SOURCE LINE # 32
001D 120000      E     LCALL   I2C_ReceiveAck
                                           ; SOURCE LINE # 33
0020 120000      E     LCALL   I2C_ReceiveByte
0023 8F00        R     MOV     Data,R7
                                           ; SOURCE LINE # 34
0025 7F01              MOV     R7,#01H
0027 120000      E     LCALL   _I2C_SendAck
                                           ; SOURCE LINE # 35
002A 120000      E     LCALL   I2C_Stop
                                           ; SOURCE LINE # 36
C51 COMPILER V9.54   AT24C02                                                               08/05/2023 12:11:08 PAGE 3   

002D AF00        R     MOV     R7,Data
                                           ; SOURCE LINE # 37
002F         ?C0002:
002F 22                RET     
             ; FUNCTION _AT24C02_ReadByte (END)

C51 COMPILER V9.54   AT24C02                                                               08/05/2023 12:11:08 PAGE 4   

NAME                                    CLASS   MSPACE  TYPE    OFFSET  SIZE
====                                    =====   ======  ====    ======  ====


P0 . . . . . . . . . . . . . . . . . .  SFR      DATA   U_CHAR   0080H  1
P1 . . . . . . . . . . . . . . . . . .  SFR      DATA   U_CHAR   0090H  1
P2 . . . . . . . . . . . . . . . . . .  SFR      DATA   U_CHAR   00A0H  1
P3 . . . . . . . . . . . . . . . . . .  SFR      DATA   U_CHAR   00B0H  1
T0 . . . . . . . . . . . . . . . . . .  ABSBIT   -----  BIT      00B4H  1
AC . . . . . . . . . . . . . . . . . .  ABSBIT   -----  BIT      00D6H  1
T1 . . . . . . . . . . . . . . . . . .  ABSBIT   -----  BIT      00B5H  1
EA . . . . . . . . . . . . . . . . . .  ABSBIT   -----  BIT      00AFH  1
IE . . . . . . . . . . . . . . . . . .  SFR      DATA   U_CHAR   00A8H  1
RD . . . . . . . . . . . . . . . . . .  ABSBIT   -----  BIT      00B7H  1
_AT24C02_ReadByte. . . . . . . . . . .  PUBLIC   CODE   PROC     0000H  -----
  WordAddress. . . . . . . . . . . . .  AUTO     DATA   U_CHAR   0000H  1
  Data . . . . . . . . . . . . . . . .  AUTO     DATA   U_CHAR   0001H  1
ES . . . . . . . . . . . . . . . . . .  ABSBIT   -----  BIT      00ACH  1
IP . . . . . . . . . . . . . . . . . .  SFR      DATA   U_CHAR   00B8H  1
RI . . . . . . . . . . . . . . . . . .  ABSBIT   -----  BIT      0098H  1
INT0 . . . . . . . . . . . . . . . . .  ABSBIT   -----  BIT      00B2H  1
CY . . . . . . . . . . . . . . . . . .  ABSBIT   -----  BIT      00D7H  1
TI . . . . . . . . . . . . . . . . . .  ABSBIT   -----  BIT      0099H  1
INT1 . . . . . . . . . . . . . . . . .  ABSBIT   -----  BIT      00B3H  1
PS . . . . . . . . . . . . . . . . . .  ABSBIT   -----  BIT      00BCH  1
SP . . . . . . . . . . . . . . . . . .  SFR      DATA   U_CHAR   0081H  1
OV . . . . . . . . . . . . . . . . . .  ABSBIT   -----  BIT      00D2H  1
_AT24C02_WriteByte . . . . . . . . . .  PUBLIC   CODE   PROC     0000H  -----
  WordAddress. . . . . . . . . . . . .  AUTO     DATA   U_CHAR   0000H  1
  Data . . . . . . . . . . . . . . . .  AUTO     DATA   INT      0001H  2
WR . . . . . . . . . . . . . . . . . .  ABSBIT   -----  BIT      00B6H  1
I2C_Start. . . . . . . . . . . . . . .  EXTERN   CODE   PROC     -----  -----
SBUF . . . . . . . . . . . . . . . . .  SFR      DATA   U_CHAR   0099H  1
PCON . . . . . . . . . . . . . . . . .  SFR      DATA   U_CHAR   0087H  1
SCON . . . . . . . . . . . . . . . . .  SFR      DATA   U_CHAR   0098H  1
TMOD . . . . . . . . . . . . . . . . .  SFR      DATA   U_CHAR   0089H  1
TCON . . . . . . . . . . . . . . . . .  SFR      DATA   U_CHAR   0088H  1
_I2C_SendAck . . . . . . . . . . . . .  EXTERN   CODE   PROC     -----  -----
IE0. . . . . . . . . . . . . . . . . .  ABSBIT   -----  BIT      0089H  1
IE1. . . . . . . . . . . . . . . . . .  ABSBIT   -----  BIT      008BH  1
B. . . . . . . . . . . . . . . . . . .  SFR      DATA   U_CHAR   00F0H  1
_I2C_SendByte. . . . . . . . . . . . .  EXTERN   CODE   PROC     -----  -----
I2C_Stop . . . . . . . . . . . . . . .  EXTERN   CODE   PROC     -----  -----
ACC. . . . . . . . . . . . . . . . . .  SFR      DATA   U_CHAR   00E0H  1
ET0. . . . . . . . . . . . . . . . . .  ABSBIT   -----  BIT      00A9H  1
ET1. . . . . . . . . . . . . . . . . .  ABSBIT   -----  BIT      00ABH  1
TF0. . . . . . . . . . . . . . . . . .  ABSBIT   -----  BIT      008DH  1
TF1. . . . . . . . . . . . . . . . . .  ABSBIT   -----  BIT      008FH  1
RB8. . . . . . . . . . . . . . . . . .  ABSBIT   -----  BIT      009AH  1
TH0. . . . . . . . . . . . . . . . . .  SFR      DATA   U_CHAR   008CH  1
EX0. . . . . . . . . . . . . . . . . .  ABSBIT   -----  BIT      00A8H  1
IT0. . . . . . . . . . . . . . . . . .  ABSBIT   -----  BIT      0088H  1
TH1. . . . . . . . . . . . . . . . . .  SFR      DATA   U_CHAR   008DH  1
TB8. . . . . . . . . . . . . . . . . .  ABSBIT   -----  BIT      009BH  1
EX1. . . . . . . . . . . . . . . . . .  ABSBIT   -----  BIT      00AAH  1
IT1. . . . . . . . . . . . . . . . . .  ABSBIT   -----  BIT      008AH  1
P. . . . . . . . . . . . . . . . . . .  ABSBIT   -----  BIT      00D0H  1
SM0. . . . . . . . . . . . . . . . . .  ABSBIT   -----  BIT      009FH  1
TL0. . . . . . . . . . . . . . . . . .  SFR      DATA   U_CHAR   008AH  1
SM1. . . . . . . . . . . . . . . . . .  ABSBIT   -----  BIT      009EH  1
TL1. . . . . . . . . . . . . . . . . .  SFR      DATA   U_CHAR   008BH  1
C51 COMPILER V9.54   AT24C02                                                               08/05/2023 12:11:08 PAGE 5   

NAME                                    CLASS   MSPACE  TYPE    OFFSET  SIZE
====                                    =====   ======  ====    ======  ====


SM2. . . . . . . . . . . . . . . . . .  ABSBIT   -----  BIT      009DH  1
PT0. . . . . . . . . . . . . . . . . .  ABSBIT   -----  BIT      00B9H  1
PT1. . . . . . . . . . . . . . . . . .  ABSBIT   -----  BIT      00BBH  1
RS0. . . . . . . . . . . . . . . . . .  ABSBIT   -----  BIT      00D3H  1
TR0. . . . . . . . . . . . . . . . . .  ABSBIT   -----  BIT      008CH  1
RS1. . . . . . . . . . . . . . . . . .  ABSBIT   -----  BIT      00D4H  1
TR1. . . . . . . . . . . . . . . . . .  ABSBIT   -----  BIT      008EH  1
PX0. . . . . . . . . . . . . . . . . .  ABSBIT   -----  BIT      00B8H  1
PX1. . . . . . . . . . . . . . . . . .  ABSBIT   -----  BIT      00BAH  1
DPH. . . . . . . . . . . . . . . . . .  SFR      DATA   U_CHAR   0083H  1
DPL. . . . . . . . . . . . . . . . . .  SFR      DATA   U_CHAR   0082H  1
REN. . . . . . . . . . . . . . . . . .  ABSBIT   -----  BIT      009CH  1
RXD. . . . . . . . . . . . . . . . . .  ABSBIT   -----  BIT      00B0H  1
TXD. . . . . . . . . . . . . . . . . .  ABSBIT   -----  BIT      00B1H  1
F0 . . . . . . . . . . . . . . . . . .  ABSBIT   -----  BIT      00D5H  1
I2C_ReceiveAck . . . . . . . . . . . .  EXTERN   CODE   PROC     -----  -----
PSW. . . . . . . . . . . . . . . . . .  SFR      DATA   U_CHAR   00D0H  1
I2C_ReceiveByte. . . . . . . . . . . .  EXTERN   CODE   PROC     -----  -----


MODULE INFORMATION:   STATIC OVERLAYABLE
   CODE SIZE        =     84    ----
   CONSTANT SIZE    =   ----    ----
   XDATA SIZE       =   ----    ----
   PDATA SIZE       =   ----    ----
   DATA SIZE        =   ----       5
   IDATA SIZE       =   ----    ----
   BIT SIZE         =   ----    ----
   EDATA SIZE       =   ----    ----
   HDATA SIZE       =   ----    ----
   XDATA CONST SIZE =   ----    ----
   FAR CONST SIZE   =   ----    ----
END OF MODULE INFORMATION.


C51 COMPILATION COMPLETE.  0 WARNING(S),  0 ERROR(S)
