C51 COMPILER V9.54   DS18B20                                                               08/05/2023 12:11:08 PAGE 1   


C51 COMPILER V9.54, COMPILATION OF MODULE DS18B20
OBJECT MODULE PLACED IN .\build\Release\src\DS18B20.o
COMPILER INVOKED BY: d:\keil\C51\BIN\C51.exe .\SRC\DS18B20.C OMF2 TABS(4) CODE NOCOND SYMBOLS PRINT(.\build\Release\src\
                    -DS18B20.lst) INCDIR(d:/keil/C51/INC;src) DEFINE(__UVISION_VERSION=526) OPTIMIZE(8,SPEED) SMALL ROM(LARGE) OBJECT(.\build
                    -\Release\src\DS18B20.o)

line level    source

   1          #include<REG51.H>
   2          #include"OneWire.h"
   3          #include"LCD1602.h"
   4          
   5          #define DS18B20_SKIP_ROM    0xCC
   6          #define DS18B20_CONVERT_T    0x44
   7          #define DS18B20_READ_SCRATCHPAD   0xBE
   8          
   9          void DS18B20_Convert(void)
  10          {
  11   1          OneWire_Init();
  12   1          OneWire_SendByte(DS18B20_SKIP_ROM);
  13   1          OneWire_SendByte(DS18B20_CONVERT_T);
  14   1      }
  15          
  16          
  17          float DS18B20_ReadT(void)
  18          {
  19   1          unsigned char TLSB,TMSB;
  20   1          int Temp;
  21   1          float T;
  22   1          OneWire_Init();
  23   1          OneWire_SendByte(DS18B20_SKIP_ROM);
  24   1          OneWire_SendByte(DS18B20_READ_SCRATCHPAD);
  25   1          TLSB=OneWire_ReceiveByte();
  26   1          TMSB=OneWire_ReceiveByte();
  27   1          Temp=(TMSB<<8)|TLSB;
  28   1          T=Temp/16.0;
  29   1          return T;
  30   1      }
C51 COMPILER V9.54   DS18B20                                                               08/05/2023 12:11:08 PAGE 2   

ASSEMBLY LISTING OF GENERATED OBJECT CODE


             ; FUNCTION DS18B20_Convert (BEGIN)
                                           ; SOURCE LINE # 9
                                           ; SOURCE LINE # 10
                                           ; SOURCE LINE # 11
0000 120000      E     LCALL   OneWire_Init
                                           ; SOURCE LINE # 12
0003 7FCC              MOV     R7,#0CCH
0005 120000      E     LCALL   _OneWire_SendByte
                                           ; SOURCE LINE # 13
0008 7F44              MOV     R7,#044H
000A 020000      E     LJMP    _OneWire_SendByte
             ; FUNCTION DS18B20_Convert (END)

             ; FUNCTION DS18B20_ReadT (BEGIN)
                                           ; SOURCE LINE # 17
                                           ; SOURCE LINE # 18
                                           ; SOURCE LINE # 22
0000 120000      E     LCALL   OneWire_Init
                                           ; SOURCE LINE # 23
0003 7FCC              MOV     R7,#0CCH
0005 120000      E     LCALL   _OneWire_SendByte
                                           ; SOURCE LINE # 24
0008 7FBE              MOV     R7,#0BEH
000A 120000      E     LCALL   _OneWire_SendByte
                                           ; SOURCE LINE # 25
000D 120000      E     LCALL   OneWire_ReceiveByte
0010 8F00        R     MOV     TLSB,R7
                                           ; SOURCE LINE # 26
0012 120000      E     LCALL   OneWire_ReceiveByte
;---- Variable 'TMSB' assigned to Register 'R7' ----
                                           ; SOURCE LINE # 27
0015 EF                MOV     A,R7
0016 FE                MOV     R6,A
0017 E500        R     MOV     A,TLSB
0019 FF                MOV     R7,A
;---- Variable 'Temp' assigned to Register 'R6/R7' ----
                                           ; SOURCE LINE # 28
001A FD                MOV     R5,A
001B AC06              MOV     R4,AR6
001D EC                MOV     A,R4
001E 120000      E     LCALL   ?C?FCASTI
0021 E4                CLR     A
0022 FB                MOV     R3,A
0023 FA                MOV     R2,A
0024 7980              MOV     R1,#080H
0026 7841              MOV     R0,#041H
0028 120000      E     LCALL   ?C?FPDIV
;---- Variable 'T' assigned to Register 'R4/R5/R6/R7' ----
                                           ; SOURCE LINE # 29
                                           ; SOURCE LINE # 30
002B         ?C0002:
002B 22                RET     
             ; FUNCTION DS18B20_ReadT (END)

C51 COMPILER V9.54   DS18B20                                                               08/05/2023 12:11:08 PAGE 3   

NAME                                    CLASS   MSPACE  TYPE    OFFSET  SIZE
====                                    =====   ======  ====    ======  ====


P0 . . . . . . . . . . . . . . . . . .  SFR      DATA   U_CHAR   0080H  1
P1 . . . . . . . . . . . . . . . . . .  SFR      DATA   U_CHAR   0090H  1
P2 . . . . . . . . . . . . . . . . . .  SFR      DATA   U_CHAR   00A0H  1
P3 . . . . . . . . . . . . . . . . . .  SFR      DATA   U_CHAR   00B0H  1
T0 . . . . . . . . . . . . . . . . . .  ABSBIT   -----  BIT      00B4H  1
AC . . . . . . . . . . . . . . . . . .  ABSBIT   -----  BIT      00D6H  1
T1 . . . . . . . . . . . . . . . . . .  ABSBIT   -----  BIT      00B5H  1
EA . . . . . . . . . . . . . . . . . .  ABSBIT   -----  BIT      00AFH  1
IE . . . . . . . . . . . . . . . . . .  SFR      DATA   U_CHAR   00A8H  1
RD . . . . . . . . . . . . . . . . . .  ABSBIT   -----  BIT      00B7H  1
ES . . . . . . . . . . . . . . . . . .  ABSBIT   -----  BIT      00ACH  1
IP . . . . . . . . . . . . . . . . . .  SFR      DATA   U_CHAR   00B8H  1
RI . . . . . . . . . . . . . . . . . .  ABSBIT   -----  BIT      0098H  1
INT0 . . . . . . . . . . . . . . . . .  ABSBIT   -----  BIT      00B2H  1
CY . . . . . . . . . . . . . . . . . .  ABSBIT   -----  BIT      00D7H  1
TI . . . . . . . . . . . . . . . . . .  ABSBIT   -----  BIT      0099H  1
INT1 . . . . . . . . . . . . . . . . .  ABSBIT   -----  BIT      00B3H  1
PS . . . . . . . . . . . . . . . . . .  ABSBIT   -----  BIT      00BCH  1
SP . . . . . . . . . . . . . . . . . .  SFR      DATA   U_CHAR   0081H  1
OV . . . . . . . . . . . . . . . . . .  ABSBIT   -----  BIT      00D2H  1
WR . . . . . . . . . . . . . . . . . .  ABSBIT   -----  BIT      00B6H  1
SBUF . . . . . . . . . . . . . . . . .  SFR      DATA   U_CHAR   0099H  1
PCON . . . . . . . . . . . . . . . . .  SFR      DATA   U_CHAR   0087H  1
OneWire_Init . . . . . . . . . . . . .  EXTERN   CODE   PROC     -----  -----
SCON . . . . . . . . . . . . . . . . .  SFR      DATA   U_CHAR   0098H  1
TMOD . . . . . . . . . . . . . . . . .  SFR      DATA   U_CHAR   0089H  1
TCON . . . . . . . . . . . . . . . . .  SFR      DATA   U_CHAR   0088H  1
IE0. . . . . . . . . . . . . . . . . .  ABSBIT   -----  BIT      0089H  1
IE1. . . . . . . . . . . . . . . . . .  ABSBIT   -----  BIT      008BH  1
_OneWire_SendByte. . . . . . . . . . .  EXTERN   CODE   PROC     -----  -----
B. . . . . . . . . . . . . . . . . . .  SFR      DATA   U_CHAR   00F0H  1
ACC. . . . . . . . . . . . . . . . . .  SFR      DATA   U_CHAR   00E0H  1
ET0. . . . . . . . . . . . . . . . . .  ABSBIT   -----  BIT      00A9H  1
ET1. . . . . . . . . . . . . . . . . .  ABSBIT   -----  BIT      00ABH  1
TF0. . . . . . . . . . . . . . . . . .  ABSBIT   -----  BIT      008DH  1
TF1. . . . . . . . . . . . . . . . . .  ABSBIT   -----  BIT      008FH  1
RB8. . . . . . . . . . . . . . . . . .  ABSBIT   -----  BIT      009AH  1
TH0. . . . . . . . . . . . . . . . . .  SFR      DATA   U_CHAR   008CH  1
EX0. . . . . . . . . . . . . . . . . .  ABSBIT   -----  BIT      00A8H  1
IT0. . . . . . . . . . . . . . . . . .  ABSBIT   -----  BIT      0088H  1
TH1. . . . . . . . . . . . . . . . . .  SFR      DATA   U_CHAR   008DH  1
TB8. . . . . . . . . . . . . . . . . .  ABSBIT   -----  BIT      009BH  1
EX1. . . . . . . . . . . . . . . . . .  ABSBIT   -----  BIT      00AAH  1
IT1. . . . . . . . . . . . . . . . . .  ABSBIT   -----  BIT      008AH  1
P. . . . . . . . . . . . . . . . . . .  ABSBIT   -----  BIT      00D0H  1
SM0. . . . . . . . . . . . . . . . . .  ABSBIT   -----  BIT      009FH  1
TL0. . . . . . . . . . . . . . . . . .  SFR      DATA   U_CHAR   008AH  1
SM1. . . . . . . . . . . . . . . . . .  ABSBIT   -----  BIT      009EH  1
TL1. . . . . . . . . . . . . . . . . .  SFR      DATA   U_CHAR   008BH  1
SM2. . . . . . . . . . . . . . . . . .  ABSBIT   -----  BIT      009DH  1
PT0. . . . . . . . . . . . . . . . . .  ABSBIT   -----  BIT      00B9H  1
PT1. . . . . . . . . . . . . . . . . .  ABSBIT   -----  BIT      00BBH  1
RS0. . . . . . . . . . . . . . . . . .  ABSBIT   -----  BIT      00D3H  1
TR0. . . . . . . . . . . . . . . . . .  ABSBIT   -----  BIT      008CH  1
RS1. . . . . . . . . . . . . . . . . .  ABSBIT   -----  BIT      00D4H  1
TR1. . . . . . . . . . . . . . . . . .  ABSBIT   -----  BIT      008EH  1
PX0. . . . . . . . . . . . . . . . . .  ABSBIT   -----  BIT      00B8H  1
C51 COMPILER V9.54   DS18B20                                                               08/05/2023 12:11:08 PAGE 4   

NAME                                    CLASS   MSPACE  TYPE    OFFSET  SIZE
====                                    =====   ======  ====    ======  ====


DS18B20_ReadT. . . . . . . . . . . . .  PUBLIC   CODE   PROC     0000H  -----
  TLSB . . . . . . . . . . . . . . . .  AUTO     DATA   U_CHAR   0000H  1
  TMSB . . . . . . . . . . . . . . . .  * REG *  DATA   U_CHAR   0007H  1
  Temp . . . . . . . . . . . . . . . .  * REG *  DATA   INT      0006H  2
  T. . . . . . . . . . . . . . . . . .  * REG *  DATA   FLOAT    0004H  4
PX1. . . . . . . . . . . . . . . . . .  ABSBIT   -----  BIT      00BAH  1
DPH. . . . . . . . . . . . . . . . . .  SFR      DATA   U_CHAR   0083H  1
DPL. . . . . . . . . . . . . . . . . .  SFR      DATA   U_CHAR   0082H  1
REN. . . . . . . . . . . . . . . . . .  ABSBIT   -----  BIT      009CH  1
DS18B20_Convert. . . . . . . . . . . .  PUBLIC   CODE   PROC     0000H  -----
RXD. . . . . . . . . . . . . . . . . .  ABSBIT   -----  BIT      00B0H  1
TXD. . . . . . . . . . . . . . . . . .  ABSBIT   -----  BIT      00B1H  1
F0 . . . . . . . . . . . . . . . . . .  ABSBIT   -----  BIT      00D5H  1
PSW. . . . . . . . . . . . . . . . . .  SFR      DATA   U_CHAR   00D0H  1
OneWire_ReceiveByte. . . . . . . . . .  EXTERN   CODE   PROC     -----  -----


MODULE INFORMATION:   STATIC OVERLAYABLE
   CODE SIZE        =     57    ----
   CONSTANT SIZE    =   ----    ----
   XDATA SIZE       =   ----    ----
   PDATA SIZE       =   ----    ----
   DATA SIZE        =   ----       1
   IDATA SIZE       =   ----    ----
   BIT SIZE         =   ----    ----
   EDATA SIZE       =   ----    ----
   HDATA SIZE       =   ----    ----
   XDATA CONST SIZE =   ----    ----
   FAR CONST SIZE   =   ----    ----
END OF MODULE INFORMATION.


C51 COMPILATION COMPLETE.  0 WARNING(S),  0 ERROR(S)
