[2023-08-06 23:17:45]	compilation failed at : "c:\Users\’‘Ω®ª™\Desktop\keilvs\8-6LCD1602“∫æßœ‘ æ∆¡\project\src\LCD1602.c", exit code: 2
command: 
  "d:\keil\C51\BIN\C51.exe" .\src\LCD1602.c OMF2 TABS(4) CODE NOCOND SYMBOLS PRINT(.\build\Release\src\LCD1602.lst) INCDIR(d:/keil/C51/INC;src) DEFINE(__UVISION_VERSION='526') OPTIMIZE(8,SPEED) SMALL ROM(LARGE) OBJECT(.\build\Release\src\LCD1602.o)
   at unify_builder.Program.Main(String[] args_)
---
C51 COMPILER V9.54 - SN: K1DZC-GDGGZC
COPYRIGHT Copyright (C) 2012 - 2015 ARM Ltd and ARM Germany GmbH. All rights reserved.
*** ERROR C141 IN LINE 54 OF .\SRC\LCD1602.C: syntax error near 'Char', expected ')'
*** ERROR C202 IN LINE 64 OF .\SRC\LCD1602.C: 'Char': undefined identifier

C51 COMPILATION COMPLETE.  0 WARNING(S),  2 ERROR(S)

[2023-08-06 23:18:09]	compilation failed at : "c:\Users\’‘Ω®ª™\Desktop\keilvs\8-6LCD1602“∫æßœ‘ æ∆¡\project\src\main.c", exit code: 2
command: 
  "d:\keil\C51\BIN\C51.exe" .\src\main.c OMF2 TABS(4) CODE NOCOND SYMBOLS PRINT(.\build\Release\src\main.lst) INCDIR(d:/keil/C51/INC;src) DEFINE(__UVISION_VERSION='526') OPTIMIZE(8,SPEED) SMALL ROM(LARGE) OBJECT(.\build\Release\src\main.o)
   at unify_builder.Program.Main(String[] args_)
---
C51 COMPILER V9.54 - SN: K1DZC-GDGGZC
COPYRIGHT Copyright (C) 2012 - 2015 ARM Ltd and ARM Germany GmbH. All rights reserved.
*** ERROR C141 IN LINE 8 OF .\SRC\LCD1602.h: syntax error near 'Char', expected ')'

C51 COMPILATION COMPLETE.  0 WARNING(S),  1 ERROR(S)

[2023-08-06 23:18:22]	[done]
	build successfully !

[2023-08-06 23:19:54]	[done]
	build successfully !

[2023-08-06 23:33:22]	compilation failed at : "c:\Users\’‘Ω®ª™\Desktop\keilvs\8-6LCD1602“∫æßœ‘ æ∆¡\project\src\main.c", exit code: 2
command: 
  "d:\keil\C51\BIN\C51.exe" .\src\main.c OMF2 TABS(4) CODE NOCOND SYMBOLS PRINT(.\build\Release\src\main.lst) INCDIR(d:/keil/C51/INC;src) DEFINE(__UVISION_VERSION='526') OPTIMIZE(8,SPEED) SMALL ROM(LARGE) OBJECT(.\build\Release\src\main.o)
   at unify_builder.Program.Main(String[] args_)
---
C51 COMPILER V9.54 - SN: K1DZC-GDGGZC
COPYRIGHT Copyright (C) 2012 - 2015 ARM Ltd and ARM Germany GmbH. All rights reserved.
*** ERROR C141 IN LINE 5 OF .\SRC\MAIN.C: syntax error near '{'

C51 COMPILATION COMPLETE.  0 WARNING(S),  1 ERROR(S)

[2023-08-06 23:33:52]	compilation failed at : "c:\Users\’‘Ω®ª™\Desktop\keilvs\8-6LCD1602“∫æßœ‘ æ∆¡\project\src\main.c", exit code: 2
command: 
  "d:\keil\C51\BIN\C51.exe" .\src\main.c OMF2 TABS(4) CODE NOCOND SYMBOLS PRINT(.\build\Release\src\main.lst) INCDIR(d:/keil/C51/INC;src) DEFINE(__UVISION_VERSION='526') OPTIMIZE(8,SPEED) SMALL ROM(LARGE) OBJECT(.\build\Release\src\main.o)
   at unify_builder.Program.Main(String[] args_)
---
C51 COMPILER V9.54 - SN: K1DZC-GDGGZC
COPYRIGHT Copyright (C) 2012 - 2015 ARM Ltd and ARM Germany GmbH. All rights reserved.
*** ERROR C141 IN LINE 5 OF .\SRC\MAIN.C: syntax error near '{'

C51 COMPILATION COMPLETE.  0 WARNING(S),  1 ERROR(S)

[2023-08-06 23:34:03]	compilation failed at : "c:\Users\’‘Ω®ª™\Desktop\keilvs\8-6LCD1602“∫æßœ‘ æ∆¡\project\src\main.c", exit code: 2
command: 
  "d:\keil\C51\BIN\C51.exe" .\src\main.c OMF2 TABS(4) CODE NOCOND SYMBOLS PRINT(.\build\Release\src\main.lst) INCDIR(d:/keil/C51/INC;src) DEFINE(__UVISION_VERSION='526') OPTIMIZE(8,SPEED) SMALL ROM(LARGE) OBJECT(.\build\Release\src\main.o)
   at unify_builder.Program.Main(String[] args_)
---
C51 COMPILER V9.54 - SN: K1DZC-GDGGZC
COPYRIGHT Copyright (C) 2012 - 2015 ARM Ltd and ARM Germany GmbH. All rights reserved.
*** ERROR C141 IN LINE 10 OF .\SRC\LCD1602.h: syntax error near '{'

C51 COMPILATION COMPLETE.  0 WARNING(S),  1 ERROR(S)

[2023-08-06 23:34:13]	[done]
	build successfully !

[2023-08-06 23:34:24]	[done]
	build successfully !

[2023-08-06 23:36:29]	[done]
	build successfully !

[2023-08-06 23:36:32]	[done]
	build successfully !

[2023-08-06 23:45:35]	[done]
	build successfully !

[2023-08-06 23:45:44]	[done]
	build successfully !

[2023-08-06 23:51:42]	[done]
	build successfully !

[2023-08-06 23:54:37]	compilation failed at : "c:\Users\’‘Ω®ª™\Desktop\keilvs\8-6LCD1602“∫æßœ‘ æ∆¡\project\src\main.c", exit code: 2
command: 
  "d:\keil\C51\BIN\C51.exe" .\src\main.c OMF2 TABS(4) CODE NOCOND SYMBOLS PRINT(.\build\Release\src\main.lst) INCDIR(d:/keil/C51/INC;src) DEFINE(__UVISION_VERSION='526') OPTIMIZE(8,SPEED) SMALL ROM(LARGE) OBJECT(.\build\Release\src\main.o)
   at unify_builder.Program.Main(String[] args_)
---
C51 COMPILER V9.54 - SN: K1DZC-GDGGZC
COPYRIGHT Copyright (C) 2012 - 2015 ARM Ltd and ARM Germany GmbH. All rights reserved.
*** WARNING C206 IN LINE 21 OF .\SRC\MAIN.C: 'LCD_SetCursor': missing function-prototype
*** ERROR C267 IN LINE 21 OF .\SRC\MAIN.C: 'LCD_SetCursor': requires ANSI-style prototype

C51 COMPILATION COMPLETE.  1 WARNING(S),  1 ERROR(S)

[2023-08-06 23:55:21]	[done]
	build successfully !

[2023-08-06 23:57:16]	[done]
	build successfully !

[2023-08-07 00:01:51]	[done]
	build successfully !

[2023-08-07 00:03:06]	[done]
	build successfully !

