C51 COMPILER V9.54   MAIN                                                                  09/23/2023 20:40:21 PAGE 1   


C51 COMPILER V9.54, COMPILATION OF MODULE MAIN
OBJECT MODULE PLACED IN .\build\Release\src\main.o
COMPILER INVOKED BY: d:\keil\C51\BIN\C51.exe .\SRC\MAIN.C OMF2 TABS(4) CODE NOCOND SYMBOLS PRINT(.\build\Release\src\mai
                    -n.lst) INCDIR(d:/keil/C51/INC;src) DEFINE(__UVISION_VERSION=526) OPTIMIZE(8,SPEED) SMALL ROM(LARGE) OBJECT(.\build\Relea
                    -se\src\main.o)

line level    source

   1          //实例19：用for语句控制蜂鸣器鸣笛次数
   2          
   3          #include<reg51.h>   //包含单片机寄存器的头文件
   4          
   5          sbit sound=P3^7;   //将sound位定义为P3.7
   6          
   7          /****************************************
   8          
   9          函数功能：延时形成1600Hz音频
  10          
  11          ****************************************/
  12          
  13          void delay1600(void)
  14          
  15          {
  16   1      
  17   1      unsigned char n;
  18   1      
  19   1      for(n=0;n<100;n++)
  20   1      
  21   1      ;
  22   1      
  23   1      }
  24          
  25          /****************************************
  26          
  27          函数功能：延时形成800Hz音频
  28          
  29          ****************************************/
  30          
  31          void delay800(void)
  32          
  33          {
  34   1      
  35   1      unsigned char n;
  36   1      
  37   1      for(n=0;n<200;n++)
  38   1      
  39   1      ;
  40   1      
  41   1      }
  42          
  43          /****************************************
  44          
  45          函数功能：主函数
  46          
  47          ****************************************/
  48          
  49          void main(void)
  50          
  51          {
  52   1      
  53   1      unsigned int i;
C51 COMPILER V9.54   MAIN                                                                  09/23/2023 20:40:21 PAGE 2   

  54   1      
  55   1      while(1)
  56   1      
  57   1      {
  58   2      
  59   2      for(i=0;i<830;i++)
  60   2      
  61   2      {
  62   3      
  63   3      sound=0;  //P3.7输出低电平
  64   3      
  65   3      delay1600();
  66   3      
  67   3      sound=1;  //P3.7输出高电平
  68   3      
  69   3      delay1600();
  70   3      
  71   3      }
  72   2      
  73   2      for(i=0;i<200;i++)
  74   2      
  75   2      {
  76   3      
  77   3      sound=0;  //P3.7输出低电平
  78   3      
  79   3      delay800();
  80   3      
  81   3      sound=1;  //P3.7输出高电平
  82   3      
  83   3      delay800();
  84   3      
  85   3      }
  86   2      
  87   2      }
  88   1      
  89   1      }
C51 COMPILER V9.54   MAIN                                                                  09/23/2023 20:40:21 PAGE 3   

ASSEMBLY LISTING OF GENERATED OBJECT CODE


             ; FUNCTION delay1600 (BEGIN)
                                           ; SOURCE LINE # 13
                                           ; SOURCE LINE # 15
                                           ; SOURCE LINE # 19
;---- Variable 'n' assigned to Register 'R7' ----
0000 E4                CLR     A
0001 FF                MOV     R7,A
0002         ?C0001:
0002 0F                INC     R7
0003 BF64FC            CJNE    R7,#064H,?C0001
                                           ; SOURCE LINE # 23
0006         ?C0004:
0006 22                RET     
             ; FUNCTION delay1600 (END)

             ; FUNCTION delay800 (BEGIN)
                                           ; SOURCE LINE # 31
                                           ; SOURCE LINE # 33
                                           ; SOURCE LINE # 37
;---- Variable 'n' assigned to Register 'R7' ----
0000 E4                CLR     A
0001 FF                MOV     R7,A
0002         ?C0005:
0002 0F                INC     R7
0003 BFC8FC            CJNE    R7,#0C8H,?C0005
                                           ; SOURCE LINE # 41
0006         ?C0008:
0006 22                RET     
             ; FUNCTION delay800 (END)

             ; FUNCTION main (BEGIN)
                                           ; SOURCE LINE # 49
                                           ; SOURCE LINE # 51
0000         ?C0009:
                                           ; SOURCE LINE # 55
                                           ; SOURCE LINE # 57
                                           ; SOURCE LINE # 59
;---- Variable 'i' assigned to Register 'R4/R5' ----
0000 E4                CLR     A
0001 FD                MOV     R5,A
0002 FC                MOV     R4,A
0003         ?C0011:
                                           ; SOURCE LINE # 61
                                           ; SOURCE LINE # 63
0003 C2B7              CLR     sound
                                           ; SOURCE LINE # 65
0005 120000      R     LCALL   delay1600
                                           ; SOURCE LINE # 67
0008 D2B7              SETB    sound
                                           ; SOURCE LINE # 69
000A 120000      R     LCALL   delay1600
                                           ; SOURCE LINE # 71
000D 0D                INC     R5
000E BD0001            CJNE    R5,#00H,?C0018
0011 0C                INC     R4
0012         ?C0018:
0012 BC03EE            CJNE    R4,#03H,?C0011
0015 BD3EEB            CJNE    R5,#03EH,?C0011
0018         ?C0012:
C51 COMPILER V9.54   MAIN                                                                  09/23/2023 20:40:21 PAGE 4   

                                           ; SOURCE LINE # 73
0018 E4                CLR     A
0019 FC                MOV     R4,A
001A FD                MOV     R5,A
001B         ?C0014:
001B C3                CLR     C
001C ED                MOV     A,R5
001D 94C8              SUBB    A,#0C8H
001F EC                MOV     A,R4
0020 9400              SUBB    A,#00H
0022 50DC              JNC     ?C0009
                                           ; SOURCE LINE # 75
                                           ; SOURCE LINE # 77
0024 C2B7              CLR     sound
                                           ; SOURCE LINE # 79
0026 120000      R     LCALL   delay800
                                           ; SOURCE LINE # 81
0029 D2B7              SETB    sound
                                           ; SOURCE LINE # 83
002B 120000      R     LCALL   delay800
                                           ; SOURCE LINE # 85
002E 0D                INC     R5
002F BD0001            CJNE    R5,#00H,?C0019
0032 0C                INC     R4
0033         ?C0019:
0033 80E6              SJMP    ?C0014
             ; FUNCTION main (END)

C51 COMPILER V9.54   MAIN                                                                  09/23/2023 20:40:21 PAGE 5   

NAME                                    CLASS   MSPACE  TYPE    OFFSET  SIZE
====                                    =====   ======  ====    ======  ====


P0 . . . . . . . . . . . . . . . . . .  SFR      DATA   U_CHAR   0080H  1
P1 . . . . . . . . . . . . . . . . . .  SFR      DATA   U_CHAR   0090H  1
P2 . . . . . . . . . . . . . . . . . .  SFR      DATA   U_CHAR   00A0H  1
P3 . . . . . . . . . . . . . . . . . .  SFR      DATA   U_CHAR   00B0H  1
T0 . . . . . . . . . . . . . . . . . .  ABSBIT   -----  BIT      00B4H  1
AC . . . . . . . . . . . . . . . . . .  ABSBIT   -----  BIT      00D6H  1
T1 . . . . . . . . . . . . . . . . . .  ABSBIT   -----  BIT      00B5H  1
EA . . . . . . . . . . . . . . . . . .  ABSBIT   -----  BIT      00AFH  1
IE . . . . . . . . . . . . . . . . . .  SFR      DATA   U_CHAR   00A8H  1
RD . . . . . . . . . . . . . . . . . .  ABSBIT   -----  BIT      00B7H  1
ES . . . . . . . . . . . . . . . . . .  ABSBIT   -----  BIT      00ACH  1
IP . . . . . . . . . . . . . . . . . .  SFR      DATA   U_CHAR   00B8H  1
RI . . . . . . . . . . . . . . . . . .  ABSBIT   -----  BIT      0098H  1
INT0 . . . . . . . . . . . . . . . . .  ABSBIT   -----  BIT      00B2H  1
CY . . . . . . . . . . . . . . . . . .  ABSBIT   -----  BIT      00D7H  1
TI . . . . . . . . . . . . . . . . . .  ABSBIT   -----  BIT      0099H  1
INT1 . . . . . . . . . . . . . . . . .  ABSBIT   -----  BIT      00B3H  1
PS . . . . . . . . . . . . . . . . . .  ABSBIT   -----  BIT      00BCH  1
SP . . . . . . . . . . . . . . . . . .  SFR      DATA   U_CHAR   0081H  1
OV . . . . . . . . . . . . . . . . . .  ABSBIT   -----  BIT      00D2H  1
main . . . . . . . . . . . . . . . . .  PUBLIC   CODE   PROC     0000H  -----
  i. . . . . . . . . . . . . . . . . .  * REG *  DATA   U_INT    0004H  2
WR . . . . . . . . . . . . . . . . . .  ABSBIT   -----  BIT      00B6H  1
delay800 . . . . . . . . . . . . . . .  PUBLIC   CODE   PROC     0000H  -----
  n. . . . . . . . . . . . . . . . . .  * REG *  DATA   U_CHAR   0007H  1
sound. . . . . . . . . . . . . . . . .  ABSBIT   -----  BIT      00B7H  1
SBUF . . . . . . . . . . . . . . . . .  SFR      DATA   U_CHAR   0099H  1
PCON . . . . . . . . . . . . . . . . .  SFR      DATA   U_CHAR   0087H  1
SCON . . . . . . . . . . . . . . . . .  SFR      DATA   U_CHAR   0098H  1
TMOD . . . . . . . . . . . . . . . . .  SFR      DATA   U_CHAR   0089H  1
TCON . . . . . . . . . . . . . . . . .  SFR      DATA   U_CHAR   0088H  1
IE0. . . . . . . . . . . . . . . . . .  ABSBIT   -----  BIT      0089H  1
IE1. . . . . . . . . . . . . . . . . .  ABSBIT   -----  BIT      008BH  1
B. . . . . . . . . . . . . . . . . . .  SFR      DATA   U_CHAR   00F0H  1
ACC. . . . . . . . . . . . . . . . . .  SFR      DATA   U_CHAR   00E0H  1
ET0. . . . . . . . . . . . . . . . . .  ABSBIT   -----  BIT      00A9H  1
ET1. . . . . . . . . . . . . . . . . .  ABSBIT   -----  BIT      00ABH  1
TF0. . . . . . . . . . . . . . . . . .  ABSBIT   -----  BIT      008DH  1
TF1. . . . . . . . . . . . . . . . . .  ABSBIT   -----  BIT      008FH  1
RB8. . . . . . . . . . . . . . . . . .  ABSBIT   -----  BIT      009AH  1
TH0. . . . . . . . . . . . . . . . . .  SFR      DATA   U_CHAR   008CH  1
EX0. . . . . . . . . . . . . . . . . .  ABSBIT   -----  BIT      00A8H  1
IT0. . . . . . . . . . . . . . . . . .  ABSBIT   -----  BIT      0088H  1
TH1. . . . . . . . . . . . . . . . . .  SFR      DATA   U_CHAR   008DH  1
TB8. . . . . . . . . . . . . . . . . .  ABSBIT   -----  BIT      009BH  1
EX1. . . . . . . . . . . . . . . . . .  ABSBIT   -----  BIT      00AAH  1
IT1. . . . . . . . . . . . . . . . . .  ABSBIT   -----  BIT      008AH  1
P. . . . . . . . . . . . . . . . . . .  ABSBIT   -----  BIT      00D0H  1
SM0. . . . . . . . . . . . . . . . . .  ABSBIT   -----  BIT      009FH  1
TL0. . . . . . . . . . . . . . . . . .  SFR      DATA   U_CHAR   008AH  1
SM1. . . . . . . . . . . . . . . . . .  ABSBIT   -----  BIT      009EH  1
TL1. . . . . . . . . . . . . . . . . .  SFR      DATA   U_CHAR   008BH  1
SM2. . . . . . . . . . . . . . . . . .  ABSBIT   -----  BIT      009DH  1
PT0. . . . . . . . . . . . . . . . . .  ABSBIT   -----  BIT      00B9H  1
PT1. . . . . . . . . . . . . . . . . .  ABSBIT   -----  BIT      00BBH  1
RS0. . . . . . . . . . . . . . . . . .  ABSBIT   -----  BIT      00D3H  1
TR0. . . . . . . . . . . . . . . . . .  ABSBIT   -----  BIT      008CH  1
C51 COMPILER V9.54   MAIN                                                                  09/23/2023 20:40:21 PAGE 6   

NAME                                    CLASS   MSPACE  TYPE    OFFSET  SIZE
====                                    =====   ======  ====    ======  ====


RS1. . . . . . . . . . . . . . . . . .  ABSBIT   -----  BIT      00D4H  1
TR1. . . . . . . . . . . . . . . . . .  ABSBIT   -----  BIT      008EH  1
PX0. . . . . . . . . . . . . . . . . .  ABSBIT   -----  BIT      00B8H  1
PX1. . . . . . . . . . . . . . . . . .  ABSBIT   -----  BIT      00BAH  1
delay1600. . . . . . . . . . . . . . .  PUBLIC   CODE   PROC     0000H  -----
  n. . . . . . . . . . . . . . . . . .  * REG *  DATA   U_CHAR   0007H  1
DPH. . . . . . . . . . . . . . . . . .  SFR      DATA   U_CHAR   0083H  1
DPL. . . . . . . . . . . . . . . . . .  SFR      DATA   U_CHAR   0082H  1
REN. . . . . . . . . . . . . . . . . .  ABSBIT   -----  BIT      009CH  1
RXD. . . . . . . . . . . . . . . . . .  ABSBIT   -----  BIT      00B0H  1
TXD. . . . . . . . . . . . . . . . . .  ABSBIT   -----  BIT      00B1H  1
F0 . . . . . . . . . . . . . . . . . .  ABSBIT   -----  BIT      00D5H  1
PSW. . . . . . . . . . . . . . . . . .  SFR      DATA   U_CHAR   00D0H  1


MODULE INFORMATION:   STATIC OVERLAYABLE
   CODE SIZE        =     67    ----
   CONSTANT SIZE    =   ----    ----
   XDATA SIZE       =   ----    ----
   PDATA SIZE       =   ----    ----
   DATA SIZE        =   ----    ----
   IDATA SIZE       =   ----    ----
   BIT SIZE         =   ----    ----
   EDATA SIZE       =   ----    ----
   HDATA SIZE       =   ----    ----
   XDATA CONST SIZE =   ----    ----
   FAR CONST SIZE   =   ----    ----
END OF MODULE INFORMATION.


C51 COMPILATION COMPLETE.  0 WARNING(S),  0 ERROR(S)
