C51 COMPILER V9.54   MAIN                                                                  07/31/2023 22:37:58 PAGE 1   


C51 COMPILER V9.54, COMPILATION OF MODULE MAIN
OBJECT MODULE PLACED IN .\build\Release\src\main.o
COMPILER INVOKED BY: d:\keil\C51\BIN\C51.exe .\SRC\MAIN.C OMF2 TABS(4) CODE NOCOND SYMBOLS PRINT(.\build\Release\src\mai
                    -n.lst) INCDIR(d:/keil/C51/INC;src) DEFINE(__UVISION_VERSION=526) OPTIMIZE(8,SPEED) SMALL ROM(LARGE) OBJECT(.\build\Relea
                    -se\src\main.o)

line level    source

   1          #include<REG51.H>
   2          #include"Delay.h"
   3          #include"Nixie.h"
   4          #include"Key.h"
   5          #include"Buzzer.h"
   6          #include"Timer0.h"
   7          
   8          sbit Buzzzer=P2^5;
   9          
  10          #define SPEED 50
  11          
  12          
  13          code unsigned int FreqTable[]={
  14              63628,63731,63835,63928,64021,64103,64185,64260,64331,64400,64463,64528,
  15              64580,64633,64684,64732,64777,64820,64860,64898,64934,64968,65000,65030,
  16              65058,65085,65110,65134,65157,65178,65198,65217,65235,65252,65268,65283,
  17          };
  18          
  19          unsigned char Music[]={
  20              14,4,
  21              14,4,
  22              20,4,
  23              20,4,
  24              22,4,
  25              22,4,
  26              20,4+4,
  27              18,4,
  28              18,4,
  29              17,4,
  30              17,4,
  31              15,4,
  32              15,4,
  33              13,4+4,
  34          
  35          
  36              0xFF,
  37          
  38          
  39              };
  40          
  41          unsigned char FreqSelect,MusicSelect;
  42          
  43          
  44          unsigned char FreqSlect;
  45          
  46          void main()
  47          {
  48   1          Timer0_Init();
  49   1          while(1)
  50   1          {
  51   2              if(Music[MusicSelect]!=0xFF)
  52   2              {
  53   3             FreqSelect=Music[MusicSelect];
C51 COMPILER V9.54   MAIN                                                                  07/31/2023 22:37:58 PAGE 2   

  54   3             MusicSelect++;
  55   3             Delay(SPEED/4*Music[MusicSelect]);
  56   3             MusicSelect++;
  57   3             TR0=0;
  58   3             Delay(5);
  59   3             TR0=1;
  60   3              }
  61   2              else
  62   2              {
  63   3                  TR0=0;
  64   3                  while(1);
  65   3              }
  66   2             
  67   2          }
  68   1      }
  69          
  70          void Timer0_Routine() interrupt 1
  71          {   
  72   1          if(FreqTable[FreqSlect])
  73   1          {
  74   2          TL0 = FreqTable[FreqSlect]%256;     //设置定时初值
  75   2          TH0 = FreqTable[FreqSlect]/256;     //设置定时初值
  76   2          Buzzzer=!Buzzzer;
  77   2          }
  78   1          
  79   1      }
  80             
C51 COMPILER V9.54   MAIN                                                                  07/31/2023 22:37:58 PAGE 3   

ASSEMBLY LISTING OF GENERATED OBJECT CODE


             ; FUNCTION main (BEGIN)
                                           ; SOURCE LINE # 46
                                           ; SOURCE LINE # 47
                                           ; SOURCE LINE # 48
0000 120000      E     LCALL   Timer0_Init
0003         ?C0001:
                                           ; SOURCE LINE # 49
                                           ; SOURCE LINE # 50
                                           ; SOURCE LINE # 51
0003 7400        R     MOV     A,#LOW Music
0005 2500        R     ADD     A,MusicSelect
0007 F8                MOV     R0,A
0008 E6                MOV     A,@R0
0009 FF                MOV     R7,A
000A F4                CPL     A
000B 6023              JZ      ?C0003
                                           ; SOURCE LINE # 52
                                           ; SOURCE LINE # 53
000D 8F00        R     MOV     FreqSelect,R7
                                           ; SOURCE LINE # 54
000F 0500        R     INC     MusicSelect
                                           ; SOURCE LINE # 55
0011 7400        R     MOV     A,#LOW Music
0013 2500        R     ADD     A,MusicSelect
0015 F8                MOV     R0,A
0016 E6                MOV     A,@R0
0017 75F00C            MOV     B,#0CH
001A A4                MUL     AB
001B FF                MOV     R7,A
001C AEF0              MOV     R6,B
001E 120000      E     LCALL   _Delay
                                           ; SOURCE LINE # 56
0021 0500        R     INC     MusicSelect
                                           ; SOURCE LINE # 57
0023 C28C              CLR     TR0
                                           ; SOURCE LINE # 58
0025 7F05              MOV     R7,#05H
0027 7E00              MOV     R6,#00H
0029 120000      E     LCALL   _Delay
                                           ; SOURCE LINE # 59
002C D28C              SETB    TR0
                                           ; SOURCE LINE # 60
002E 80D3              SJMP    ?C0001
0030         ?C0003:
                                           ; SOURCE LINE # 62
                                           ; SOURCE LINE # 63
0030 C28C              CLR     TR0
0032         ?C0005:
                                           ; SOURCE LINE # 64
0032 80FE              SJMP    ?C0005
             ; FUNCTION main (END)

             ; FUNCTION Timer0_Routine (BEGIN)
0000 C0E0              PUSH    ACC
0002 C083              PUSH    DPH
0004 C082              PUSH    DPL
0006 C0D0              PUSH    PSW
0008 75D000            MOV     PSW,#00H
000B C006              PUSH    AR6
C51 COMPILER V9.54   MAIN                                                                  07/31/2023 22:37:58 PAGE 4   

                                           ; SOURCE LINE # 70
                                           ; SOURCE LINE # 72
000D E500        R     MOV     A,FreqSlect
000F 25E0              ADD     A,ACC
0011 2400        R     ADD     A,#LOW FreqTable
0013 F582              MOV     DPL,A
0015 E4                CLR     A
0016 3400        R     ADDC    A,#HIGH FreqTable
0018 F583              MOV     DPH,A
001A 7401              MOV     A,#01H
001C 93                MOVC    A,@A+DPTR
001D 7002              JNZ     ?C0010
001F E4                CLR     A
0020 93                MOVC    A,@A+DPTR
0021         ?C0010:
0021 601A              JZ      ?C0009
                                           ; SOURCE LINE # 73
                                           ; SOURCE LINE # 74
0023 E500        R     MOV     A,FreqSlect
0025 25E0              ADD     A,ACC
0027 2400        R     ADD     A,#LOW FreqTable
0029 F582              MOV     DPL,A
002B E4                CLR     A
002C 3400        R     ADDC    A,#HIGH FreqTable
002E F583              MOV     DPH,A
0030 E4                CLR     A
0031 93                MOVC    A,@A+DPTR
0032 FE                MOV     R6,A
0033 7401              MOV     A,#01H
0035 93                MOVC    A,@A+DPTR
0036 F58A              MOV     TL0,A
                                           ; SOURCE LINE # 75
0038 EE                MOV     A,R6
0039 F58C              MOV     TH0,A
                                           ; SOURCE LINE # 76
003B B2A5              CPL     Buzzzer
                                           ; SOURCE LINE # 77
                                           ; SOURCE LINE # 79
003D         ?C0009:
003D D006              POP     AR6
003F D0D0              POP     PSW
0041 D082              POP     DPL
0043 D083              POP     DPH
0045 D0E0              POP     ACC
0047 32                RETI    
             ; FUNCTION Timer0_Routine (END)

C51 COMPILER V9.54   MAIN                                                                  07/31/2023 22:37:58 PAGE 5   

NAME                                    CLASS   MSPACE  TYPE    OFFSET  SIZE
====                                    =====   ======  ====    ======  ====


Timer0_Routine . . . . . . . . . . . .  PUBLIC   CODE   PROC     0000H  -----
P0 . . . . . . . . . . . . . . . . . .  SFR      DATA   U_CHAR   0080H  1
Buzzzer. . . . . . . . . . . . . . . .  ABSBIT   -----  BIT      00A5H  1
P1 . . . . . . . . . . . . . . . . . .  SFR      DATA   U_CHAR   0090H  1
P2 . . . . . . . . . . . . . . . . . .  SFR      DATA   U_CHAR   00A0H  1
P3 . . . . . . . . . . . . . . . . . .  SFR      DATA   U_CHAR   00B0H  1
Music. . . . . . . . . . . . . . . . .  PUBLIC   DATA   ARRAY    0000H  29
T0 . . . . . . . . . . . . . . . . . .  ABSBIT   -----  BIT      00B4H  1
AC . . . . . . . . . . . . . . . . . .  ABSBIT   -----  BIT      00D6H  1
T1 . . . . . . . . . . . . . . . . . .  ABSBIT   -----  BIT      00B5H  1
EA . . . . . . . . . . . . . . . . . .  ABSBIT   -----  BIT      00AFH  1
IE . . . . . . . . . . . . . . . . . .  SFR      DATA   U_CHAR   00A8H  1
FreqSlect. . . . . . . . . . . . . . .  PUBLIC   DATA   U_CHAR   001DH  1
RD . . . . . . . . . . . . . . . . . .  ABSBIT   -----  BIT      00B7H  1
ES . . . . . . . . . . . . . . . . . .  ABSBIT   -----  BIT      00ACH  1
IP . . . . . . . . . . . . . . . . . .  SFR      DATA   U_CHAR   00B8H  1
RI . . . . . . . . . . . . . . . . . .  ABSBIT   -----  BIT      0098H  1
INT0 . . . . . . . . . . . . . . . . .  ABSBIT   -----  BIT      00B2H  1
CY . . . . . . . . . . . . . . . . . .  ABSBIT   -----  BIT      00D7H  1
TI . . . . . . . . . . . . . . . . . .  ABSBIT   -----  BIT      0099H  1
INT1 . . . . . . . . . . . . . . . . .  ABSBIT   -----  BIT      00B3H  1
PS . . . . . . . . . . . . . . . . . .  ABSBIT   -----  BIT      00BCH  1
SP . . . . . . . . . . . . . . . . . .  SFR      DATA   U_CHAR   0081H  1
OV . . . . . . . . . . . . . . . . . .  ABSBIT   -----  BIT      00D2H  1
main . . . . . . . . . . . . . . . . .  PUBLIC   CODE   PROC     0000H  -----
WR . . . . . . . . . . . . . . . . . .  ABSBIT   -----  BIT      00B6H  1
Timer0_Init. . . . . . . . . . . . . .  EXTERN   CODE   PROC     -----  -----
SBUF . . . . . . . . . . . . . . . . .  SFR      DATA   U_CHAR   0099H  1
PCON . . . . . . . . . . . . . . . . .  SFR      DATA   U_CHAR   0087H  1
SCON . . . . . . . . . . . . . . . . .  SFR      DATA   U_CHAR   0098H  1
TMOD . . . . . . . . . . . . . . . . .  SFR      DATA   U_CHAR   0089H  1
TCON . . . . . . . . . . . . . . . . .  SFR      DATA   U_CHAR   0088H  1
IE0. . . . . . . . . . . . . . . . . .  ABSBIT   -----  BIT      0089H  1
IE1. . . . . . . . . . . . . . . . . .  ABSBIT   -----  BIT      008BH  1
B. . . . . . . . . . . . . . . . . . .  SFR      DATA   U_CHAR   00F0H  1
ACC. . . . . . . . . . . . . . . . . .  SFR      DATA   U_CHAR   00E0H  1
ET0. . . . . . . . . . . . . . . . . .  ABSBIT   -----  BIT      00A9H  1
ET1. . . . . . . . . . . . . . . . . .  ABSBIT   -----  BIT      00ABH  1
TF0. . . . . . . . . . . . . . . . . .  ABSBIT   -----  BIT      008DH  1
TF1. . . . . . . . . . . . . . . . . .  ABSBIT   -----  BIT      008FH  1
RB8. . . . . . . . . . . . . . . . . .  ABSBIT   -----  BIT      009AH  1
TH0. . . . . . . . . . . . . . . . . .  SFR      DATA   U_CHAR   008CH  1
EX0. . . . . . . . . . . . . . . . . .  ABSBIT   -----  BIT      00A8H  1
IT0. . . . . . . . . . . . . . . . . .  ABSBIT   -----  BIT      0088H  1
TH1. . . . . . . . . . . . . . . . . .  SFR      DATA   U_CHAR   008DH  1
TB8. . . . . . . . . . . . . . . . . .  ABSBIT   -----  BIT      009BH  1
EX1. . . . . . . . . . . . . . . . . .  ABSBIT   -----  BIT      00AAH  1
IT1. . . . . . . . . . . . . . . . . .  ABSBIT   -----  BIT      008AH  1
P. . . . . . . . . . . . . . . . . . .  ABSBIT   -----  BIT      00D0H  1
SM0. . . . . . . . . . . . . . . . . .  ABSBIT   -----  BIT      009FH  1
TL0. . . . . . . . . . . . . . . . . .  SFR      DATA   U_CHAR   008AH  1
SM1. . . . . . . . . . . . . . . . . .  ABSBIT   -----  BIT      009EH  1
TL1. . . . . . . . . . . . . . . . . .  SFR      DATA   U_CHAR   008BH  1
SM2. . . . . . . . . . . . . . . . . .  ABSBIT   -----  BIT      009DH  1
PT0. . . . . . . . . . . . . . . . . .  ABSBIT   -----  BIT      00B9H  1
PT1. . . . . . . . . . . . . . . . . .  ABSBIT   -----  BIT      00BBH  1
RS0. . . . . . . . . . . . . . . . . .  ABSBIT   -----  BIT      00D3H  1
C51 COMPILER V9.54   MAIN                                                                  07/31/2023 22:37:58 PAGE 6   

NAME                                    CLASS   MSPACE  TYPE    OFFSET  SIZE
====                                    =====   ======  ====    ======  ====


TR0. . . . . . . . . . . . . . . . . .  ABSBIT   -----  BIT      008CH  1
RS1. . . . . . . . . . . . . . . . . .  ABSBIT   -----  BIT      00D4H  1
TR1. . . . . . . . . . . . . . . . . .  ABSBIT   -----  BIT      008EH  1
PX0. . . . . . . . . . . . . . . . . .  ABSBIT   -----  BIT      00B8H  1
PX1. . . . . . . . . . . . . . . . . .  ABSBIT   -----  BIT      00BAH  1
DPH. . . . . . . . . . . . . . . . . .  SFR      DATA   U_CHAR   0083H  1
DPL. . . . . . . . . . . . . . . . . .  SFR      DATA   U_CHAR   0082H  1
REN. . . . . . . . . . . . . . . . . .  ABSBIT   -----  BIT      009CH  1
MusicSelect. . . . . . . . . . . . . .  PUBLIC   DATA   U_CHAR   001EH  1
RXD. . . . . . . . . . . . . . . . . .  ABSBIT   -----  BIT      00B0H  1
TXD. . . . . . . . . . . . . . . . . .  ABSBIT   -----  BIT      00B1H  1
_Delay . . . . . . . . . . . . . . . .  EXTERN   CODE   PROC     -----  -----
FreqSelect . . . . . . . . . . . . . .  PUBLIC   DATA   U_CHAR   001FH  1
F0 . . . . . . . . . . . . . . . . . .  ABSBIT   -----  BIT      00D5H  1
PSW. . . . . . . . . . . . . . . . . .  SFR      DATA   U_CHAR   00D0H  1
FreqTable. . . . . . . . . . . . . . .  PUBLIC   CODE   ARRAY    0000H  72


MODULE INFORMATION:   STATIC OVERLAYABLE
   CODE SIZE        =    127    ----
   CONSTANT SIZE    =     72    ----
   XDATA SIZE       =   ----    ----
   PDATA SIZE       =   ----    ----
   DATA SIZE        =     32    ----
   IDATA SIZE       =   ----    ----
   BIT SIZE         =   ----    ----
   EDATA SIZE       =   ----    ----
   HDATA SIZE       =   ----    ----
   XDATA CONST SIZE =   ----    ----
   FAR CONST SIZE   =   ----    ----
END OF MODULE INFORMATION.


C51 COMPILATION COMPLETE.  0 WARNING(S),  0 ERROR(S)
