[2023-07-27 22:07:13]	compilation failed at : "c:\Users\赵建华\Desktop\keilvs\7-27-2LED显示屏显示动画\project\src\MatrixLED.c", exit code: 2
command: 
  "d:\keil\C51\BIN\C51.exe" .\src\MatrixLED.c OMF2 TABS(4) CODE NOCOND SYMBOLS PRINT(.\build\Release\src\MatrixLED.lst) INCDIR(d:/keil/C51/INC;src) DEFINE(__UVISION_VERSION='526') OPTIMIZE(8,SPEED) SMALL ROM(LARGE) OBJECT(.\build\Release\src\MatrixLED.o)
   at unify_builder.Program.Main(String[] args_)
---
C51 COMPILER V9.54 - SN: K1DZC-GDGGZC
COPYRIGHT Copyright (C) 2012 - 2015 ARM Ltd and ARM Germany GmbH. All rights reserved.
*** ERROR C202 IN LINE 11 OF .\SRC\MATRIXLED.C: 'SER': undefined identifier
*** ERROR C202 IN LINE 12 OF .\SRC\MATRIXLED.C: 'SCK': undefined identifier
*** ERROR C202 IN LINE 13 OF .\SRC\MATRIXLED.C: 'SCK': undefined identifier
*** ERROR C202 IN LINE 15 OF .\SRC\MATRIXLED.C: 'RCK': undefined identifier
*** ERROR C202 IN LINE 16 OF .\SRC\MATRIXLED.C: 'RCK': undefined identifier
*** ERROR C202 IN LINE 23 OF .\SRC\MATRIXLED.C: 'MATRIX_LED_PORT': undefined identifier
*** ERROR C202 IN LINE 25 OF .\SRC\MATRIXLED.C: 'MATRIX_LED_PORT': undefined identifier

C51 COMPILATION COMPLETE.  0 WARNING(S),  7 ERROR(S)

[2023-07-27 22:08:55]	[done]
	build successfully !

[2023-07-27 22:09:33]	[done]
	build successfully !

[2023-07-27 22:31:06]	[done]
	build successfully !

[2023-07-27 22:35:30]	[done]
	build successfully !

[2023-07-27 22:36:07]	[done]
	build successfully !

[2023-07-27 22:37:15]	[done]
	build successfully !

[2023-07-27 22:37:33]	[done]
	build successfully !

[2023-07-27 22:37:55]	[done]
	build successfully !

[2023-07-27 22:38:03]	[done]
	build successfully !

[2023-07-27 22:38:19]	[done]
	build successfully !

[2023-07-27 22:39:09]	[done]
	build successfully !

[2023-07-27 22:41:46]	[done]
	build successfully !

