C51 COMPILER V9.54   MAIN                                                                  09/22/2023 21:23:18 PAGE 1   


C51 COMPILER V9.54, COMPILATION OF MODULE MAIN
OBJECT MODULE PLACED IN .\build\Release\src\main.o
COMPILER INVOKED BY: d:\keil\C51\BIN\C51.exe .\SRC\MAIN.C OMF2 TABS(4) CODE NOCOND SYMBOLS PRINT(.\build\Release\src\mai
                    -n.lst) INCDIR(d:/keil/C51/INC;src) DEFINE(__UVISION_VERSION=526) OPTIMIZE(8,SPEED) SMALL ROM(LARGE) OBJECT(.\build\Relea
                    -se\src\main.o)

line level    source

   1          //实例16：用右移运算流水点亮P1口8位LED
   2          
   3          #include<reg51.h>   //包含单片机寄存器的头文件
   4          
   5          /*****************************
   6          
   7          函数功能：延时一段时间
   8          
   9          *****************************/
  10          
  11          void delay(void)
  12          
  13          {
  14   1      
  15   1      unsigned int n;
  16   1      
  17   1      for(n=0;n<30000;n++)
  18   1      
  19   1      ;
  20   1      
  21   1      }
  22          
  23          /*****************************
  24          
  25          函数功能：主函数
  26          
  27          *****************************/
  28          
  29          void main(void)
  30          
  31          {
  32   1      
  33   1      unsigned char i;
  34   1      
  35   1      while(1)
  36   1      
  37   1      {
  38   2      
  39   2      P1=0xff;
  40   2      
  41   2      delay();
  42   2      
  43   2      for(i=0;i<8;i++)//设置循环次数为8
  44   2      
  45   2      {
  46   3      
  47   3      P1=P1>>1;    //每次循环P1的各二进位右移1位，高位补0
  48   3      
  49   3      delay();    //调用延时函数
  50   3      
  51   3      }
  52   2      
  53   2      }
C51 COMPILER V9.54   MAIN                                                                  09/22/2023 21:23:18 PAGE 2   

  54   1      
  55   1      }
C51 COMPILER V9.54   MAIN                                                                  09/22/2023 21:23:18 PAGE 3   

ASSEMBLY LISTING OF GENERATED OBJECT CODE


             ; FUNCTION delay (BEGIN)
                                           ; SOURCE LINE # 11
                                           ; SOURCE LINE # 13
                                           ; SOURCE LINE # 17
;---- Variable 'n' assigned to Register 'R6/R7' ----
0000 E4                CLR     A
0001 FF                MOV     R7,A
0002 FE                MOV     R6,A
0003         ?C0001:
0003 0F                INC     R7
0004 BF0001            CJNE    R7,#00H,?C0011
0007 0E                INC     R6
0008         ?C0011:
0008 BE75F8            CJNE    R6,#075H,?C0001
000B BF30F5            CJNE    R7,#030H,?C0001
                                           ; SOURCE LINE # 21
000E         ?C0004:
000E 22                RET     
             ; FUNCTION delay (END)

             ; FUNCTION main (BEGIN)
                                           ; SOURCE LINE # 29
                                           ; SOURCE LINE # 31
0000         ?C0005:
                                           ; SOURCE LINE # 35
                                           ; SOURCE LINE # 37
                                           ; SOURCE LINE # 39
0000 7590FF            MOV     P1,#0FFH
                                           ; SOURCE LINE # 41
0003 120000      R     LCALL   delay
                                           ; SOURCE LINE # 43
;---- Variable 'i' assigned to Register 'R5' ----
0006 E4                CLR     A
0007 FD                MOV     R5,A
0008         ?C0007:
                                           ; SOURCE LINE # 45
                                           ; SOURCE LINE # 47
0008 E590              MOV     A,P1
000A C3                CLR     C
000B 13                RRC     A
000C F590              MOV     P1,A
                                           ; SOURCE LINE # 49
000E 120000      R     LCALL   delay
                                           ; SOURCE LINE # 51
0011 0D                INC     R5
0012 BD08F3            CJNE    R5,#08H,?C0007
0015 80E9              SJMP    ?C0005
             ; FUNCTION main (END)

C51 COMPILER V9.54   MAIN                                                                  09/22/2023 21:23:18 PAGE 4   

NAME                                    CLASS   MSPACE  TYPE    OFFSET  SIZE
====                                    =====   ======  ====    ======  ====


P0 . . . . . . . . . . . . . . . . . .  SFR      DATA   U_CHAR   0080H  1
P1 . . . . . . . . . . . . . . . . . .  SFR      DATA   U_CHAR   0090H  1
P2 . . . . . . . . . . . . . . . . . .  SFR      DATA   U_CHAR   00A0H  1
P3 . . . . . . . . . . . . . . . . . .  SFR      DATA   U_CHAR   00B0H  1
T0 . . . . . . . . . . . . . . . . . .  ABSBIT   -----  BIT      00B4H  1
AC . . . . . . . . . . . . . . . . . .  ABSBIT   -----  BIT      00D6H  1
T1 . . . . . . . . . . . . . . . . . .  ABSBIT   -----  BIT      00B5H  1
EA . . . . . . . . . . . . . . . . . .  ABSBIT   -----  BIT      00AFH  1
IE . . . . . . . . . . . . . . . . . .  SFR      DATA   U_CHAR   00A8H  1
delay. . . . . . . . . . . . . . . . .  PUBLIC   CODE   PROC     0000H  -----
  n. . . . . . . . . . . . . . . . . .  * REG *  DATA   U_INT    0006H  2
RD . . . . . . . . . . . . . . . . . .  ABSBIT   -----  BIT      00B7H  1
ES . . . . . . . . . . . . . . . . . .  ABSBIT   -----  BIT      00ACH  1
IP . . . . . . . . . . . . . . . . . .  SFR      DATA   U_CHAR   00B8H  1
RI . . . . . . . . . . . . . . . . . .  ABSBIT   -----  BIT      0098H  1
INT0 . . . . . . . . . . . . . . . . .  ABSBIT   -----  BIT      00B2H  1
CY . . . . . . . . . . . . . . . . . .  ABSBIT   -----  BIT      00D7H  1
TI . . . . . . . . . . . . . . . . . .  ABSBIT   -----  BIT      0099H  1
INT1 . . . . . . . . . . . . . . . . .  ABSBIT   -----  BIT      00B3H  1
PS . . . . . . . . . . . . . . . . . .  ABSBIT   -----  BIT      00BCH  1
SP . . . . . . . . . . . . . . . . . .  SFR      DATA   U_CHAR   0081H  1
OV . . . . . . . . . . . . . . . . . .  ABSBIT   -----  BIT      00D2H  1
main . . . . . . . . . . . . . . . . .  PUBLIC   CODE   PROC     0000H  -----
  i. . . . . . . . . . . . . . . . . .  * REG *  DATA   U_CHAR   0005H  1
WR . . . . . . . . . . . . . . . . . .  ABSBIT   -----  BIT      00B6H  1
SBUF . . . . . . . . . . . . . . . . .  SFR      DATA   U_CHAR   0099H  1
PCON . . . . . . . . . . . . . . . . .  SFR      DATA   U_CHAR   0087H  1
SCON . . . . . . . . . . . . . . . . .  SFR      DATA   U_CHAR   0098H  1
TMOD . . . . . . . . . . . . . . . . .  SFR      DATA   U_CHAR   0089H  1
TCON . . . . . . . . . . . . . . . . .  SFR      DATA   U_CHAR   0088H  1
IE0. . . . . . . . . . . . . . . . . .  ABSBIT   -----  BIT      0089H  1
IE1. . . . . . . . . . . . . . . . . .  ABSBIT   -----  BIT      008BH  1
B. . . . . . . . . . . . . . . . . . .  SFR      DATA   U_CHAR   00F0H  1
ACC. . . . . . . . . . . . . . . . . .  SFR      DATA   U_CHAR   00E0H  1
ET0. . . . . . . . . . . . . . . . . .  ABSBIT   -----  BIT      00A9H  1
ET1. . . . . . . . . . . . . . . . . .  ABSBIT   -----  BIT      00ABH  1
TF0. . . . . . . . . . . . . . . . . .  ABSBIT   -----  BIT      008DH  1
TF1. . . . . . . . . . . . . . . . . .  ABSBIT   -----  BIT      008FH  1
RB8. . . . . . . . . . . . . . . . . .  ABSBIT   -----  BIT      009AH  1
TH0. . . . . . . . . . . . . . . . . .  SFR      DATA   U_CHAR   008CH  1
EX0. . . . . . . . . . . . . . . . . .  ABSBIT   -----  BIT      00A8H  1
IT0. . . . . . . . . . . . . . . . . .  ABSBIT   -----  BIT      0088H  1
TH1. . . . . . . . . . . . . . . . . .  SFR      DATA   U_CHAR   008DH  1
TB8. . . . . . . . . . . . . . . . . .  ABSBIT   -----  BIT      009BH  1
EX1. . . . . . . . . . . . . . . . . .  ABSBIT   -----  BIT      00AAH  1
IT1. . . . . . . . . . . . . . . . . .  ABSBIT   -----  BIT      008AH  1
P. . . . . . . . . . . . . . . . . . .  ABSBIT   -----  BIT      00D0H  1
SM0. . . . . . . . . . . . . . . . . .  ABSBIT   -----  BIT      009FH  1
TL0. . . . . . . . . . . . . . . . . .  SFR      DATA   U_CHAR   008AH  1
SM1. . . . . . . . . . . . . . . . . .  ABSBIT   -----  BIT      009EH  1
TL1. . . . . . . . . . . . . . . . . .  SFR      DATA   U_CHAR   008BH  1
SM2. . . . . . . . . . . . . . . . . .  ABSBIT   -----  BIT      009DH  1
PT0. . . . . . . . . . . . . . . . . .  ABSBIT   -----  BIT      00B9H  1
PT1. . . . . . . . . . . . . . . . . .  ABSBIT   -----  BIT      00BBH  1
RS0. . . . . . . . . . . . . . . . . .  ABSBIT   -----  BIT      00D3H  1
TR0. . . . . . . . . . . . . . . . . .  ABSBIT   -----  BIT      008CH  1
RS1. . . . . . . . . . . . . . . . . .  ABSBIT   -----  BIT      00D4H  1
C51 COMPILER V9.54   MAIN                                                                  09/22/2023 21:23:18 PAGE 5   

NAME                                    CLASS   MSPACE  TYPE    OFFSET  SIZE
====                                    =====   ======  ====    ======  ====


TR1. . . . . . . . . . . . . . . . . .  ABSBIT   -----  BIT      008EH  1
PX0. . . . . . . . . . . . . . . . . .  ABSBIT   -----  BIT      00B8H  1
PX1. . . . . . . . . . . . . . . . . .  ABSBIT   -----  BIT      00BAH  1
DPH. . . . . . . . . . . . . . . . . .  SFR      DATA   U_CHAR   0083H  1
DPL. . . . . . . . . . . . . . . . . .  SFR      DATA   U_CHAR   0082H  1
REN. . . . . . . . . . . . . . . . . .  ABSBIT   -----  BIT      009CH  1
RXD. . . . . . . . . . . . . . . . . .  ABSBIT   -----  BIT      00B0H  1
TXD. . . . . . . . . . . . . . . . . .  ABSBIT   -----  BIT      00B1H  1
F0 . . . . . . . . . . . . . . . . . .  ABSBIT   -----  BIT      00D5H  1
PSW. . . . . . . . . . . . . . . . . .  SFR      DATA   U_CHAR   00D0H  1


MODULE INFORMATION:   STATIC OVERLAYABLE
   CODE SIZE        =     38    ----
   CONSTANT SIZE    =   ----    ----
   XDATA SIZE       =   ----    ----
   PDATA SIZE       =   ----    ----
   DATA SIZE        =   ----    ----
   IDATA SIZE       =   ----    ----
   BIT SIZE         =   ----    ----
   EDATA SIZE       =   ----    ----
   HDATA SIZE       =   ----    ----
   XDATA CONST SIZE =   ----    ----
   FAR CONST SIZE   =   ----    ----
END OF MODULE INFORMATION.


C51 COMPILATION COMPLETE.  0 WARNING(S),  0 ERROR(S)
