[2023-08-11 13:49:58]	[done]
	build successfully !

[2023-08-11 13:55:09]	[done]
	build successfully !

[2023-08-11 13:59:57]	[done]
	build successfully !

[2023-08-11 14:15:42]	compilation failed at : "c:\Users\赵建华\Desktop\keilvs\8-11红外遥控\project\src\main.c", exit code: 2
command: 
  "d:\keil\C51\BIN\C51.exe" .\src\main.c OMF2 TABS(4) CODE NOCOND SYMBOLS PRINT(.\build\Release\src\main.lst) INCDIR(d:/keil/C51/INC;src) DEFINE(__UVISION_VERSION='526') OPTIMIZE(8,SPEED) SMALL ROM(LARGE) OBJECT(.\build\Release\src\main.o)
   at unify_builder.Program.Main(String[] args_)
---
C51 COMPILER V9.54 - SN: K1DZC-GDGGZC
COPYRIGHT Copyright (C) 2012 - 2015 ARM Ltd and ARM Germany GmbH. All rights reserved.
*** ERROR C301 IN LINE 5 OF .\SRC\IR.h: identifier expected

C51 COMPILATION COMPLETE.  0 WARNING(S),  1 ERROR(S)

[2023-08-11 14:15:51]	[done]
	build successfully !

[2023-08-11 14:15:57]	[done]
	build successfully !

[2023-08-11 14:29:46]	link failed !, exit code: 2
   at unify_builder.Program.Main(String[] args_)
---

LX51 LINKER/LOCATER V4.66.41.0 - SN: K1DZC-GDGGZC
COPYRIGHT ARM Germany GmbH 1995 - 2015
@c:\Users\赵建华\Desktop\keilvs\8-11红外遥控\project\build\Release\project.lnp .\build\Release\src\Delay.o,.\build\Release\src\IR.o,.\build\Release\src\Int0.o,.\build\Release\src\LCD1602.o,.\build\Release\src\Timer0.o,.\build\Release\src\main.o TO .\build\Release\project
PRINT(.\build\Release\project.map) REMOVEUNUSED

*** ERROR L104: MULTIPLE PUBLIC DEFINITIONS
    SYMBOL:  Int0_Rontine
    MODULE:  .\BUILD\RELEASE\SRC\MAIN.O (MAIN)
   DEFINED:  .\BUILD\RELEASE\SRC\IR.O (IR)

*** WARNING L30: MEMORY SPACE OVERLAP
    FROM:    C:000003H   
    TO:      C:000006H   

Program Size: data=39.0 xdata=0 const=0 code=543
LX51 RUN COMPLETE.  1 WARNING(S),  1 ERROR(S)


[2023-08-11 14:31:02]	compilation failed at : "c:\Users\赵建华\Desktop\keilvs\8-11红外遥控\project\src\main.c", exit code: 2
command: 
  "d:\keil\C51\BIN\C51.exe" .\src\main.c OMF2 TABS(4) CODE NOCOND SYMBOLS PRINT(.\build\Release\src\main.lst) INCDIR(d:/keil/C51/INC;src) DEFINE(__UVISION_VERSION='526') OPTIMIZE(8,SPEED) SMALL ROM(LARGE) OBJECT(.\build\Release\src\main.o)
   at unify_builder.Program.Main(String[] args_)
---
C51 COMPILER V9.54 - SN: K1DZC-GDGGZC
COPYRIGHT Copyright (C) 2012 - 2015 ARM Ltd and ARM Germany GmbH. All rights reserved.
*** ERROR C141 IN LINE 4 OF .\SRC\IR.h: syntax error near ';'

C51 COMPILATION COMPLETE.  0 WARNING(S),  1 ERROR(S)

[2023-08-11 14:32:46]	link failed !, exit code: 2
   at unify_builder.Program.Main(String[] args_)
---

LX51 LINKER/LOCATER V4.66.41.0 - SN: K1DZC-GDGGZC
COPYRIGHT ARM Germany GmbH 1995 - 2015
@c:\Users\赵建华\Desktop\keilvs\8-11红外遥控\project\build\Release\project.lnp .\build\Release\src\Delay.o,.\build\Release\src\IR.o,.\build\Release\src\Int0.o,.\build\Release\src\LCD1602.o,.\build\Release\src\Timer0.o,.\build\Release\src\main.o TO .\build\Release\project
PRINT(.\build\Release\project.map) REMOVEUNUSED

*** ERROR L104: MULTIPLE PUBLIC DEFINITIONS
    SYMBOL:  Int0_Rontine
    MODULE:  .\BUILD\RELEASE\SRC\MAIN.O (MAIN)
   DEFINED:  .\BUILD\RELEASE\SRC\IR.O (IR)

*** WARNING L30: MEMORY SPACE OVERLAP
    FROM:    C:000003H   
    TO:      C:000006H   

Program Size: data=39.0 xdata=0 const=0 code=543
LX51 RUN COMPLETE.  1 WARNING(S),  1 ERROR(S)


[2023-08-11 14:34:13]	link failed !, exit code: 2
   at unify_builder.Program.Main(String[] args_)
---

LX51 LINKER/LOCATER V4.66.41.0 - SN: K1DZC-GDGGZC
COPYRIGHT ARM Germany GmbH 1995 - 2015
@c:\Users\赵建华\Desktop\keilvs\8-11红外遥控\project\build\Release\project.lnp .\build\Release\src\Delay.o,.\build\Release\src\IR.o,.\build\Release\src\Int0.o,.\build\Release\src\LCD1602.o,.\build\Release\src\Timer0.o,.\build\Release\src\main.o TO .\build\Release\project
PRINT(.\build\Release\project.map) REMOVEUNUSED

*** ERROR L104: MULTIPLE PUBLIC DEFINITIONS
    SYMBOL:  Int0_Rontine
    MODULE:  .\BUILD\RELEASE\SRC\MAIN.O (MAIN)
   DEFINED:  .\BUILD\RELEASE\SRC\IR.O (IR)

*** WARNING L30: MEMORY SPACE OVERLAP
    FROM:    C:000003H   
    TO:      C:000006H   

Program Size: data=39.0 xdata=0 const=0 code=543
LX51 RUN COMPLETE.  1 WARNING(S),  1 ERROR(S)


[2023-08-11 14:34:44]	link failed !, exit code: 2
   at unify_builder.Program.Main(String[] args_)
---

LX51 LINKER/LOCATER V4.66.41.0 - SN: K1DZC-GDGGZC
COPYRIGHT ARM Germany GmbH 1995 - 2015
@c:\Users\赵建华\Desktop\keilvs\8-11红外遥控\project\build\Release\project.lnp .\build\Release\src\Delay.o,.\build\Release\src\IR.o,.\build\Release\src\Int0.o,.\build\Release\src\LCD1602.o,.\build\Release\src\Timer0.o,.\build\Release\src\main.o TO .\build\Release\project
PRINT(.\build\Release\project.map) REMOVEUNUSED

*** ERROR L104: MULTIPLE PUBLIC DEFINITIONS
    SYMBOL:  Int0_Rontine
    MODULE:  .\BUILD\RELEASE\SRC\MAIN.O (MAIN)
   DEFINED:  .\BUILD\RELEASE\SRC\IR.O (IR)

*** WARNING L30: MEMORY SPACE OVERLAP
    FROM:    C:000003H   
    TO:      C:000006H   

Program Size: data=39.0 xdata=0 const=0 code=543
LX51 RUN COMPLETE.  1 WARNING(S),  1 ERROR(S)


[2023-08-11 14:34:51]	link failed !, exit code: 2
   at unify_builder.Program.Main(String[] args_)
---

LX51 LINKER/LOCATER V4.66.41.0 - SN: K1DZC-GDGGZC
COPYRIGHT ARM Germany GmbH 1995 - 2015
@c:\Users\赵建华\Desktop\keilvs\8-11红外遥控\project\build\Release\project.lnp .\build\Release\src\Delay.o,.\build\Release\src\IR.o,.\build\Release\src\Int0.o,.\build\Release\src\LCD1602.o,.\build\Release\src\Timer0.o,.\build\Release\src\main.o TO .\build\Release\project
PRINT(.\build\Release\project.map) REMOVEUNUSED

*** ERROR L104: MULTIPLE PUBLIC DEFINITIONS
    SYMBOL:  Int0_Rontine
    MODULE:  .\BUILD\RELEASE\SRC\MAIN.O (MAIN)
   DEFINED:  .\BUILD\RELEASE\SRC\IR.O (IR)

*** WARNING L30: MEMORY SPACE OVERLAP
    FROM:    C:000003H   
    TO:      C:000006H   

Program Size: data=39.0 xdata=0 const=0 code=543
LX51 RUN COMPLETE.  1 WARNING(S),  1 ERROR(S)


[2023-08-11 14:34:55]	link failed !, exit code: 2
   at unify_builder.Program.Main(String[] args_)
---

LX51 LINKER/LOCATER V4.66.41.0 - SN: K1DZC-GDGGZC
COPYRIGHT ARM Germany GmbH 1995 - 2015
@c:\Users\赵建华\Desktop\keilvs\8-11红外遥控\project\build\Release\project.lnp .\build\Release\src\Delay.o,.\build\Release\src\IR.o,.\build\Release\src\Int0.o,.\build\Release\src\LCD1602.o,.\build\Release\src\Timer0.o,.\build\Release\src\main.o TO .\build\Release\project
PRINT(.\build\Release\project.map) REMOVEUNUSED

*** ERROR L104: MULTIPLE PUBLIC DEFINITIONS
    SYMBOL:  Int0_Rontine
    MODULE:  .\BUILD\RELEASE\SRC\MAIN.O (MAIN)
   DEFINED:  .\BUILD\RELEASE\SRC\IR.O (IR)

*** WARNING L30: MEMORY SPACE OVERLAP
    FROM:    C:000003H   
    TO:      C:000006H   

Program Size: data=39.0 xdata=0 const=0 code=543
LX51 RUN COMPLETE.  1 WARNING(S),  1 ERROR(S)


[2023-08-11 14:34:59]	link failed !, exit code: 2
   at unify_builder.Program.Main(String[] args_)
---

LX51 LINKER/LOCATER V4.66.41.0 - SN: K1DZC-GDGGZC
COPYRIGHT ARM Germany GmbH 1995 - 2015
@c:\Users\赵建华\Desktop\keilvs\8-11红外遥控\project\build\Release\project.lnp .\build\Release\src\Delay.o,.\build\Release\src\IR.o,.\build\Release\src\Int0.o,.\build\Release\src\LCD1602.o,.\build\Release\src\Timer0.o,.\build\Release\src\main.o TO .\build\Release\project
PRINT(.\build\Release\project.map) REMOVEUNUSED

*** ERROR L104: MULTIPLE PUBLIC DEFINITIONS
    SYMBOL:  Int0_Rontine
    MODULE:  .\BUILD\RELEASE\SRC\MAIN.O (MAIN)
   DEFINED:  .\BUILD\RELEASE\SRC\IR.O (IR)

*** WARNING L30: MEMORY SPACE OVERLAP
    FROM:    C:000003H   
    TO:      C:000006H   

Program Size: data=39.0 xdata=0 const=0 code=543
LX51 RUN COMPLETE.  1 WARNING(S),  1 ERROR(S)


[2023-08-11 14:35:25]	link failed !, exit code: 2
   at unify_builder.Program.Main(String[] args_)
---

LX51 LINKER/LOCATER V4.66.41.0 - SN: K1DZC-GDGGZC
COPYRIGHT ARM Germany GmbH 1995 - 2015
@c:\Users\赵建华\Desktop\keilvs\8-11红外遥控\project\build\Release\project.lnp .\build\Release\src\Delay.o,.\build\Release\src\IR.o,.\build\Release\src\Int0.o,.\build\Release\src\LCD1602.o,.\build\Release\src\Timer0.o,.\build\Release\src\main.o TO .\build\Release\project
PRINT(.\build\Release\project.map) REMOVEUNUSED

*** ERROR L104: MULTIPLE PUBLIC DEFINITIONS
    SYMBOL:  Int0_Rontine
    MODULE:  .\BUILD\RELEASE\SRC\MAIN.O (MAIN)
   DEFINED:  .\BUILD\RELEASE\SRC\IR.O (IR)

*** WARNING L30: MEMORY SPACE OVERLAP
    FROM:    C:000003H   
    TO:      C:000006H   

Program Size: data=39.0 xdata=0 const=0 code=543
LX51 RUN COMPLETE.  1 WARNING(S),  1 ERROR(S)


[2023-08-11 14:38:26]	link failed !, exit code: 2
   at unify_builder.Program.Main(String[] args_)
---

LX51 LINKER/LOCATER V4.66.41.0 - SN: K1DZC-GDGGZC
COPYRIGHT ARM Germany GmbH 1995 - 2015
@c:\Users\赵建华\Desktop\keilvs\8-11红外遥控\project\build\Release\project.lnp .\build\Release\src\Delay.o,.\build\Release\src\IR.o,.\build\Release\src\Int0.o,.\build\Release\src\LCD1602.o,.\build\Release\src\Timer0.o,.\build\Release\src\main.o TO .\build\Release\project
PRINT(.\build\Release\project.map) REMOVEUNUSED

*** ERROR L104: MULTIPLE PUBLIC DEFINITIONS
    SYMBOL:  Int0_Rontine
    MODULE:  .\BUILD\RELEASE\SRC\MAIN.O (MAIN)
   DEFINED:  .\BUILD\RELEASE\SRC\IR.O (IR)

*** WARNING L30: MEMORY SPACE OVERLAP
    FROM:    C:000003H   
    TO:      C:000006H   

Program Size: data=39.0 xdata=0 const=0 code=543
LX51 RUN COMPLETE.  1 WARNING(S),  1 ERROR(S)


[2023-08-11 14:38:47]	link failed !, exit code: 2
   at unify_builder.Program.Main(String[] args_)
---

LX51 LINKER/LOCATER V4.66.41.0 - SN: K1DZC-GDGGZC
COPYRIGHT ARM Germany GmbH 1995 - 2015
@c:\Users\赵建华\Desktop\keilvs\8-11红外遥控\project\build\Release\project.lnp .\build\Release\src\Delay.o,.\build\Release\src\IR.o,.\build\Release\src\Int0.o,.\build\Release\src\LCD1602.o,.\build\Release\src\Timer0.o,.\build\Release\src\main.o TO .\build\Release\project
PRINT(.\build\Release\project.map) REMOVEUNUSED

*** ERROR L104: MULTIPLE PUBLIC DEFINITIONS
    SYMBOL:  Int0_Rontine
    MODULE:  .\BUILD\RELEASE\SRC\MAIN.O (MAIN)
   DEFINED:  .\BUILD\RELEASE\SRC\IR.O (IR)

*** WARNING L30: MEMORY SPACE OVERLAP
    FROM:    C:000003H   
    TO:      C:000006H   

Program Size: data=39.0 xdata=0 const=0 code=543
LX51 RUN COMPLETE.  1 WARNING(S),  1 ERROR(S)


[2023-08-11 15:10:59]	[done]
	build successfully !

[2023-08-11 15:15:39]	[done]
	build successfully !

