[2023-08-04 21:10:23]	[done]
	build successfully !

[2023-08-04 21:12:22]	[done]
	build successfully !

[2023-08-04 22:42:05]	[done]
	build successfully !

[2023-08-04 22:54:57]	compilation failed at : "c:\Users\赵建华\Desktop\keilvs\8-4DS18B02温度读取\project\src\OneWire.c", exit code: 2
command: 
  "d:\keil\C51\BIN\C51.exe" .\src\OneWire.c OMF2 TABS(4) CODE NOCOND SYMBOLS PRINT(.\build\Release\src\OneWire.lst) INCDIR(d:/keil/C51/INC;src) DEFINE(__UVISION_VERSION='526') OPTIMIZE(8,SPEED) SMALL ROM(LARGE) OBJECT(.\build\Release\src\OneWire.o)
   at unify_builder.Program.Main(String[] args_)
---
C51 COMPILER V9.54 - SN: K1DZC-GDGGZC
COPYRIGHT Copyright (C) 2012 - 2015 ARM Ltd and ARM Germany GmbH. All rights reserved.
*** ERROR C141 IN LINE 23 OF .\SRC\ONEWIRE.C: syntax error near 'unsigned'
*** ERROR C202 IN LINE 23 OF .\SRC\ONEWIRE.C: 'i': undefined identifier
*** ERROR C202 IN LINE 24 OF .\SRC\ONEWIRE.C: 'i': undefined identifier
*** ERROR C202 IN LINE 24 OF .\SRC\ONEWIRE.C: 'i': undefined identifier
*** ERROR C202 IN LINE 26 OF .\SRC\ONEWIRE.C: 'i': undefined identifier
*** ERROR C202 IN LINE 26 OF .\SRC\ONEWIRE.C: 'i': undefined identifier

C51 COMPILATION COMPLETE.  0 WARNING(S),  6 ERROR(S)

[2023-08-04 22:55:40]	[done]
	build successfully !

[2023-08-04 23:06:24]	[done]
	build successfully !

[2023-08-04 23:11:01]	compilation failed at : "c:\Users\赵建华\Desktop\keilvs\8-4DS18B02温度读取\project\src\main.c", exit code: 2
command: 
  "d:\keil\C51\BIN\C51.exe" .\src\main.c OMF2 TABS(4) CODE NOCOND SYMBOLS PRINT(.\build\Release\src\main.lst) INCDIR(d:/keil/C51/INC;src) DEFINE(__UVISION_VERSION='526') OPTIMIZE(8,SPEED) SMALL ROM(LARGE) OBJECT(.\build\Release\src\main.o)
   at unify_builder.Program.Main(String[] args_)
---
C51 COMPILER V9.54 - SN: K1DZC-GDGGZC
COPYRIGHT Copyright (C) 2012 - 2015 ARM Ltd and ARM Germany GmbH. All rights reserved.
*** ERROR C208 IN LINE 27 OF .\SRC\MAIN.C: '_LCD_ShowChar': too many actual parameters

C51 COMPILATION COMPLETE.  0 WARNING(S),  1 ERROR(S)

[2023-08-04 23:11:47]	[done]
	build successfully !

[2023-08-04 23:16:22]	[done]
	build successfully !

[2023-08-04 23:17:51]	[done]
	build successfully !

[2023-08-04 23:22:50]	[done]
	build successfully !

