C51 COMPILER V9.54   MAIN                                                                  07/23/2023 22:52:56 PAGE 1   


C51 COMPILER V9.54, COMPILATION OF MODULE MAIN
OBJECT MODULE PLACED IN .\build\Release\src\main.o
COMPILER INVOKED BY: d:\keil\C51\BIN\C51.exe .\SRC\MAIN.C OMF2 TABS(4) CODE NOCOND SYMBOLS PRINT(.\build\Release\src\mai
                    -n.lst) INCDIR(d:/keil/C51/INC;src) DEFINE(__UVISION_VERSION=526) OPTIMIZE(8,SPEED) SMALL ROM(LARGE) OBJECT(.\build\Relea
                    -se\src\main.o)

line level    source

   1          #include<REG51.H>
   2          #include"Delay.h"
   3          #include"LCD1602.h"
   4          #include "Timer0.h"
   5          
   6          unsigned char Sec=55,Min=59,Hour=23;
   7          
   8          void main()
   9          {
  10   1          LCD_Init();
  11   1          Timer0_Init();
  12   1          LCD_ShowString(1,1,"CLOCK:");
  13   1          LCD_ShowString(2,1,"  :  :");
  14   1          while(1)
  15   1          {
  16   2              LCD_ShowNum(2,1,Hour,2);
  17   2              LCD_ShowNum(2,4,Min,2);
  18   2              LCD_ShowNum(2,7,Sec,2);
  19   2          }
  20   1      }
  21          void Timer0_Routine() interrupt 1
  22          {   
  23   1          static unsigned int T0Count;
  24   1          TL0 = 0x66;     //设置定时初值
  25   1          TH0 = 0xFC;     //设置定时初值
  26   1          T0Count++;
  27   1          if(T0Count>=1000)
  28   1          {
  29   2               T0Count=0;
  30   2               Sec++;
  31   2               if(Sec>=60)
  32   2               {
  33   3                  Sec=0;
  34   3                  Min++;
  35   3                  if(Min>=60)
  36   3                  {
  37   4                      Min=0;
  38   4                      Hour++;
  39   4                      if(Hour>=24)
  40   4                      {
  41   5                          Hour=0;
  42   5                      }
  43   4                  }
  44   3               }
  45   2          }
  46   1         
  47   1      }
C51 COMPILER V9.54   MAIN                                                                  07/23/2023 22:52:56 PAGE 2   

ASSEMBLY LISTING OF GENERATED OBJECT CODE


             ; FUNCTION main (BEGIN)
                                           ; SOURCE LINE # 8
                                           ; SOURCE LINE # 9
                                           ; SOURCE LINE # 10
0000 120000      E     LCALL   LCD_Init
                                           ; SOURCE LINE # 11
0003 120000      E     LCALL   Timer0_Init
                                           ; SOURCE LINE # 12
0006 7BFF              MOV     R3,#0FFH
0008 7A00        R     MOV     R2,#HIGH ?SC_0
000A 7900        R     MOV     R1,#LOW ?SC_0
000C 7D01              MOV     R5,#01H
000E 7F01              MOV     R7,#01H
0010 120000      E     LCALL   _LCD_ShowString
                                           ; SOURCE LINE # 13
0013 7BFF              MOV     R3,#0FFH
0015 7A00        R     MOV     R2,#HIGH ?SC_7
0017 7900        R     MOV     R1,#LOW ?SC_7
0019 7D01              MOV     R5,#01H
001B 7F02              MOV     R7,#02H
001D 120000      E     LCALL   _LCD_ShowString
0020         ?C0001:
                                           ; SOURCE LINE # 14
                                           ; SOURCE LINE # 15
                                           ; SOURCE LINE # 16
0020 E500        R     MOV     A,Hour
0022 FB                MOV     R3,A
0023 7A00              MOV     R2,#00H
0025 750002      E     MOV     ?_LCD_ShowNum?BYTE+04H,#02H
0028 7D01              MOV     R5,#01H
002A 7F02              MOV     R7,#02H
002C 120000      E     LCALL   _LCD_ShowNum
                                           ; SOURCE LINE # 17
002F E500        R     MOV     A,Min
0031 FB                MOV     R3,A
0032 7A00              MOV     R2,#00H
0034 750002      E     MOV     ?_LCD_ShowNum?BYTE+04H,#02H
0037 7D04              MOV     R5,#04H
0039 7F02              MOV     R7,#02H
003B 120000      E     LCALL   _LCD_ShowNum
                                           ; SOURCE LINE # 18
003E E500        R     MOV     A,Sec
0040 FB                MOV     R3,A
0041 7A00              MOV     R2,#00H
0043 750002      E     MOV     ?_LCD_ShowNum?BYTE+04H,#02H
0046 7D07              MOV     R5,#07H
0048 7F02              MOV     R7,#02H
004A 120000      E     LCALL   _LCD_ShowNum
                                           ; SOURCE LINE # 19
004D 80D1              SJMP    ?C0001
             ; FUNCTION main (END)

             ; FUNCTION Timer0_Routine (BEGIN)
0000 C0E0              PUSH    ACC
0002 C0D0              PUSH    PSW
                                           ; SOURCE LINE # 21
                                           ; SOURCE LINE # 24
0004 758A66            MOV     TL0,#066H
                                           ; SOURCE LINE # 25
C51 COMPILER V9.54   MAIN                                                                  07/23/2023 22:52:56 PAGE 3   

0007 758CFC            MOV     TH0,#0FCH
                                           ; SOURCE LINE # 26
000A 0500        R     INC     T0Count+01H
000C E500        R     MOV     A,T0Count+01H
000E 7002              JNZ     ?C0009
0010 0500        R     INC     T0Count
0012         ?C0009:
                                           ; SOURCE LINE # 27
0012 C3                CLR     C
0013 94E8              SUBB    A,#0E8H
0015 E500        R     MOV     A,T0Count
0017 9403              SUBB    A,#03H
0019 4027              JC      ?C0008
                                           ; SOURCE LINE # 28
                                           ; SOURCE LINE # 29
001B 750000      R     MOV     T0Count,#00H
001E 750000      R     MOV     T0Count+01H,#00H
                                           ; SOURCE LINE # 30
0021 0500        R     INC     Sec
                                           ; SOURCE LINE # 31
0023 E500        R     MOV     A,Sec
0025 943C              SUBB    A,#03CH
0027 4019              JC      ?C0008
                                           ; SOURCE LINE # 32
                                           ; SOURCE LINE # 33
0029 750000      R     MOV     Sec,#00H
                                           ; SOURCE LINE # 34
002C 0500        R     INC     Min
                                           ; SOURCE LINE # 35
002E E500        R     MOV     A,Min
0030 943C              SUBB    A,#03CH
0032 400E              JC      ?C0008
                                           ; SOURCE LINE # 36
                                           ; SOURCE LINE # 37
0034 750000      R     MOV     Min,#00H
                                           ; SOURCE LINE # 38
0037 0500        R     INC     Hour
                                           ; SOURCE LINE # 39
0039 E500        R     MOV     A,Hour
003B 9418              SUBB    A,#018H
003D 4003              JC      ?C0008
                                           ; SOURCE LINE # 40
                                           ; SOURCE LINE # 41
003F 750000      R     MOV     Hour,#00H
                                           ; SOURCE LINE # 42
                                           ; SOURCE LINE # 43
                                           ; SOURCE LINE # 44
                                           ; SOURCE LINE # 45
                                           ; SOURCE LINE # 47
0042         ?C0008:
0042 D0D0              POP     PSW
0044 D0E0              POP     ACC
0046 32                RETI    
             ; FUNCTION Timer0_Routine (END)

C51 COMPILER V9.54   MAIN                                                                  07/23/2023 22:52:56 PAGE 4   

NAME                                    CLASS   MSPACE  TYPE    OFFSET  SIZE
====                                    =====   ======  ====    ======  ====


Timer0_Routine . . . . . . . . . . . .  PUBLIC   CODE   PROC     0000H  -----
  T0Count. . . . . . . . . . . . . . .  STATIC   DATA   U_INT    0000H  2
P0 . . . . . . . . . . . . . . . . . .  SFR      DATA   U_CHAR   0080H  1
P1 . . . . . . . . . . . . . . . . . .  SFR      DATA   U_CHAR   0090H  1
P2 . . . . . . . . . . . . . . . . . .  SFR      DATA   U_CHAR   00A0H  1
P3 . . . . . . . . . . . . . . . . . .  SFR      DATA   U_CHAR   00B0H  1
T0 . . . . . . . . . . . . . . . . . .  ABSBIT   -----  BIT      00B4H  1
AC . . . . . . . . . . . . . . . . . .  ABSBIT   -----  BIT      00D6H  1
T1 . . . . . . . . . . . . . . . . . .  ABSBIT   -----  BIT      00B5H  1
EA . . . . . . . . . . . . . . . . . .  ABSBIT   -----  BIT      00AFH  1
_LCD_ShowNum . . . . . . . . . . . . .  EXTERN   CODE   PROC     -----  -----
IE . . . . . . . . . . . . . . . . . .  SFR      DATA   U_CHAR   00A8H  1
RD . . . . . . . . . . . . . . . . . .  ABSBIT   -----  BIT      00B7H  1
ES . . . . . . . . . . . . . . . . . .  ABSBIT   -----  BIT      00ACH  1
IP . . . . . . . . . . . . . . . . . .  SFR      DATA   U_CHAR   00B8H  1
RI . . . . . . . . . . . . . . . . . .  ABSBIT   -----  BIT      0098H  1
Sec. . . . . . . . . . . . . . . . . .  PUBLIC   DATA   U_CHAR   0002H  1
INT0 . . . . . . . . . . . . . . . . .  ABSBIT   -----  BIT      00B2H  1
CY . . . . . . . . . . . . . . . . . .  ABSBIT   -----  BIT      00D7H  1
TI . . . . . . . . . . . . . . . . . .  ABSBIT   -----  BIT      0099H  1
INT1 . . . . . . . . . . . . . . . . .  ABSBIT   -----  BIT      00B3H  1
Hour . . . . . . . . . . . . . . . . .  PUBLIC   DATA   U_CHAR   0003H  1
PS . . . . . . . . . . . . . . . . . .  ABSBIT   -----  BIT      00BCH  1
SP . . . . . . . . . . . . . . . . . .  SFR      DATA   U_CHAR   0081H  1
Min. . . . . . . . . . . . . . . . . .  PUBLIC   DATA   U_CHAR   0004H  1
OV . . . . . . . . . . . . . . . . . .  ABSBIT   -----  BIT      00D2H  1
main . . . . . . . . . . . . . . . . .  PUBLIC   CODE   PROC     0000H  -----
WR . . . . . . . . . . . . . . . . . .  ABSBIT   -----  BIT      00B6H  1
Timer0_Init. . . . . . . . . . . . . .  EXTERN   CODE   PROC     -----  -----
SBUF . . . . . . . . . . . . . . . . .  SFR      DATA   U_CHAR   0099H  1
PCON . . . . . . . . . . . . . . . . .  SFR      DATA   U_CHAR   0087H  1
SCON . . . . . . . . . . . . . . . . .  SFR      DATA   U_CHAR   0098H  1
TMOD . . . . . . . . . . . . . . . . .  SFR      DATA   U_CHAR   0089H  1
TCON . . . . . . . . . . . . . . . . .  SFR      DATA   U_CHAR   0088H  1
IE0. . . . . . . . . . . . . . . . . .  ABSBIT   -----  BIT      0089H  1
IE1. . . . . . . . . . . . . . . . . .  ABSBIT   -----  BIT      008BH  1
B. . . . . . . . . . . . . . . . . . .  SFR      DATA   U_CHAR   00F0H  1
ACC. . . . . . . . . . . . . . . . . .  SFR      DATA   U_CHAR   00E0H  1
ET0. . . . . . . . . . . . . . . . . .  ABSBIT   -----  BIT      00A9H  1
LCD_Init . . . . . . . . . . . . . . .  EXTERN   CODE   PROC     -----  -----
ET1. . . . . . . . . . . . . . . . . .  ABSBIT   -----  BIT      00ABH  1
TF0. . . . . . . . . . . . . . . . . .  ABSBIT   -----  BIT      008DH  1
TF1. . . . . . . . . . . . . . . . . .  ABSBIT   -----  BIT      008FH  1
RB8. . . . . . . . . . . . . . . . . .  ABSBIT   -----  BIT      009AH  1
TH0. . . . . . . . . . . . . . . . . .  SFR      DATA   U_CHAR   008CH  1
EX0. . . . . . . . . . . . . . . . . .  ABSBIT   -----  BIT      00A8H  1
IT0. . . . . . . . . . . . . . . . . .  ABSBIT   -----  BIT      0088H  1
TH1. . . . . . . . . . . . . . . . . .  SFR      DATA   U_CHAR   008DH  1
TB8. . . . . . . . . . . . . . . . . .  ABSBIT   -----  BIT      009BH  1
EX1. . . . . . . . . . . . . . . . . .  ABSBIT   -----  BIT      00AAH  1
IT1. . . . . . . . . . . . . . . . . .  ABSBIT   -----  BIT      008AH  1
P. . . . . . . . . . . . . . . . . . .  ABSBIT   -----  BIT      00D0H  1
SM0. . . . . . . . . . . . . . . . . .  ABSBIT   -----  BIT      009FH  1
TL0. . . . . . . . . . . . . . . . . .  SFR      DATA   U_CHAR   008AH  1
SM1. . . . . . . . . . . . . . . . . .  ABSBIT   -----  BIT      009EH  1
TL1. . . . . . . . . . . . . . . . . .  SFR      DATA   U_CHAR   008BH  1
SM2. . . . . . . . . . . . . . . . . .  ABSBIT   -----  BIT      009DH  1
C51 COMPILER V9.54   MAIN                                                                  07/23/2023 22:52:56 PAGE 5   

NAME                                    CLASS   MSPACE  TYPE    OFFSET  SIZE
====                                    =====   ======  ====    ======  ====


_LCD_ShowString. . . . . . . . . . . .  EXTERN   CODE   PROC     -----  -----
PT0. . . . . . . . . . . . . . . . . .  ABSBIT   -----  BIT      00B9H  1
PT1. . . . . . . . . . . . . . . . . .  ABSBIT   -----  BIT      00BBH  1
RS0. . . . . . . . . . . . . . . . . .  ABSBIT   -----  BIT      00D3H  1
TR0. . . . . . . . . . . . . . . . . .  ABSBIT   -----  BIT      008CH  1
RS1. . . . . . . . . . . . . . . . . .  ABSBIT   -----  BIT      00D4H  1
TR1. . . . . . . . . . . . . . . . . .  ABSBIT   -----  BIT      008EH  1
PX0. . . . . . . . . . . . . . . . . .  ABSBIT   -----  BIT      00B8H  1
PX1. . . . . . . . . . . . . . . . . .  ABSBIT   -----  BIT      00BAH  1
DPH. . . . . . . . . . . . . . . . . .  SFR      DATA   U_CHAR   0083H  1
DPL. . . . . . . . . . . . . . . . . .  SFR      DATA   U_CHAR   0082H  1
REN. . . . . . . . . . . . . . . . . .  ABSBIT   -----  BIT      009CH  1
RXD. . . . . . . . . . . . . . . . . .  ABSBIT   -----  BIT      00B0H  1
TXD. . . . . . . . . . . . . . . . . .  ABSBIT   -----  BIT      00B1H  1
F0 . . . . . . . . . . . . . . . . . .  ABSBIT   -----  BIT      00D5H  1
PSW. . . . . . . . . . . . . . . . . .  SFR      DATA   U_CHAR   00D0H  1


MODULE INFORMATION:   STATIC OVERLAYABLE
   CODE SIZE        =    153    ----
   CONSTANT SIZE    =     14    ----
   XDATA SIZE       =   ----    ----
   PDATA SIZE       =   ----    ----
   DATA SIZE        =      5    ----
   IDATA SIZE       =   ----    ----
   BIT SIZE         =   ----    ----
   EDATA SIZE       =   ----    ----
   HDATA SIZE       =   ----    ----
   XDATA CONST SIZE =   ----    ----
   FAR CONST SIZE   =   ----    ----
END OF MODULE INFORMATION.


C51 COMPILATION COMPLETE.  0 WARNING(S),  0 ERROR(S)
