C51 COMPILER V9.54   MAIN                                                                  09/16/2023 14:56:30 PAGE 1   


C51 COMPILER V9.54, COMPILATION OF MODULE MAIN
OBJECT MODULE PLACED IN .\build\Release\src\main.o
COMPILER INVOKED BY: d:\keil\C51\BIN\C51.exe .\SRC\MAIN.C OMF2 TABS(4) CODE NOCOND SYMBOLS PRINT(.\build\Release\src\mai
                    -n.lst) INCDIR(d:/keil/C51/INC;src) DEFINE(__UVISION_VERSION=526) OPTIMIZE(8,SPEED) SMALL ROM(LARGE) OBJECT(.\build\Relea
                    -se\src\main.o)

line level    source

   1          //实例6：用不同数据类型控制灯闪烁时间
   2          
   3          #include<reg51.h>    //包含单片机寄存器的头文件
   4          
   5          /******************************************************
   6          
   7          函数功能：用整形数据延时一段时间
   8          
   9          ******************************************************/
  10          
  11          void int_delay(void)//延时一段较长的时间
  12          
  13          {
  14   1      
  15   1      unsigned int m;     //定义无符号整形变量，双字节数据，值域为0~65535
  16   1      
  17   1      for(m=0;m<36000;m++)
  18   1      
  19   1      ;            //空操作
  20   1      
  21   1      }
  22          
  23          /******************************************************
  24          
  25          函数功能：用字符型数据延时一段时间
  26          
  27          ******************************************************/
  28          
  29          
  30          
  31          
  32          void char_delay(void)//延时一段较短的时间
  33          
  34          {
  35   1      
  36   1      unsigned char i,j;    //定义无符号字符型变量，单字节数据，值域0~255
  37   1      
  38   1      for(i=0;i<200;i++)
  39   1      
  40   1      for(j=0;j<180;j++)
  41   1      
  42   1      ;         //空操作
  43   1      
  44   1      }
  45          
  46          /******************************************************
  47          
  48          函数功能：主函数
  49          
  50          ******************************************************/
  51          
  52          void main(void)
  53          
C51 COMPILER V9.54   MAIN                                                                  09/16/2023 14:56:30 PAGE 2   

  54          {
  55   1      
  56   1      unsigned char i;
  57   1      
  58   1      while(1)
  59   1      
  60   1      {
  61   2      
  62   2      for(i=0;i<3;i++)
  63   2      
  64   2      {
  65   3      
  66   3      P1=0xfe;      //P1.0口的灯点亮
  67   3      
  68   3      int_delay();//延时一段较长的时间
  69   3      
  70   3      P1=0xff;      //熄灭
  71   3      
  72   3      int_delay();//延时一段较长的时间
  73   3      
  74   3      }
  75   2      
  76   2      for(i=0;i<3;i++)
  77   2      
  78   2      {
  79   3      
  80   3      P1=0xef;      //P1.4口的灯点亮
  81   3      
  82   3      char_delay();//延时一段较短的时间
  83   3      
  84   3      P1=0xff;      //熄灭
  85   3      
  86   3      char_delay();//延时一段较短的时间
  87   3      
  88   3      }
  89   2      
  90   2      }
  91   1      
  92   1      }
C51 COMPILER V9.54   MAIN                                                                  09/16/2023 14:56:30 PAGE 3   

ASSEMBLY LISTING OF GENERATED OBJECT CODE


             ; FUNCTION int_delay (BEGIN)
                                           ; SOURCE LINE # 11
                                           ; SOURCE LINE # 13
                                           ; SOURCE LINE # 17
;---- Variable 'm' assigned to Register 'DPTR' ----
0000 900000            MOV     DPTR,#00H
0003         ?C0001:
0003 AF82              MOV     R7,DPL
0005 AE83              MOV     R6,DPH
0007 E4                CLR     A
0008 FC                MOV     R4,A
0009 FD                MOV     R5,A
000A 7BA0              MOV     R3,#0A0H
000C 7A8C              MOV     R2,#08CH
000E F9                MOV     R1,A
000F F8                MOV     R0,A
0010 D3                SETB    C
0011 120000      E     LCALL   ?C?SLCMP
0014 4003              JC      ?C0004
0016 A3                INC     DPTR
0017 80EA              SJMP    ?C0001
                                           ; SOURCE LINE # 21
0019         ?C0004:
0019 22                RET     
             ; FUNCTION int_delay (END)

             ; FUNCTION char_delay (BEGIN)
                                           ; SOURCE LINE # 32
                                           ; SOURCE LINE # 34
                                           ; SOURCE LINE # 38
;---- Variable 'i' assigned to Register 'R7' ----
0000 E4                CLR     A
0001 FF                MOV     R7,A
0002         ?C0005:
                                           ; SOURCE LINE # 40
;---- Variable 'j' assigned to Register 'R6' ----
0002 E4                CLR     A
0003 FE                MOV     R6,A
0004         ?C0008:
0004 0E                INC     R6
0005 BEB4FC            CJNE    R6,#0B4H,?C0008
0008         ?C0007:
0008 0F                INC     R7
0009 BFC8F6            CJNE    R7,#0C8H,?C0005
                                           ; SOURCE LINE # 44
000C         ?C0011:
000C 22                RET     
             ; FUNCTION char_delay (END)

             ; FUNCTION main (BEGIN)
                                           ; SOURCE LINE # 52
                                           ; SOURCE LINE # 54
0000         ?C0012:
                                           ; SOURCE LINE # 58
                                           ; SOURCE LINE # 60
                                           ; SOURCE LINE # 62
0000 E4                CLR     A
0001 F500        R     MOV     i,A
0003         ?C0014:
C51 COMPILER V9.54   MAIN                                                                  09/16/2023 14:56:30 PAGE 4   

                                           ; SOURCE LINE # 64
                                           ; SOURCE LINE # 66
0003 7590FE            MOV     P1,#0FEH
                                           ; SOURCE LINE # 68
0006 120000      R     LCALL   int_delay
                                           ; SOURCE LINE # 70
0009 7590FF            MOV     P1,#0FFH
                                           ; SOURCE LINE # 72
000C 120000      R     LCALL   int_delay
                                           ; SOURCE LINE # 74
000F 0500        R     INC     i
0011 E500        R     MOV     A,i
0013 C3                CLR     C
0014 9403              SUBB    A,#03H
0016 40EB              JC      ?C0014
0018         ?C0015:
                                           ; SOURCE LINE # 76
0018 E4                CLR     A
0019 F500        R     MOV     i,A
001B         ?C0017:
001B E500        R     MOV     A,i
001D C3                CLR     C
001E 9403              SUBB    A,#03H
0020 50DE              JNC     ?C0012
                                           ; SOURCE LINE # 78
                                           ; SOURCE LINE # 80
0022 7590EF            MOV     P1,#0EFH
                                           ; SOURCE LINE # 82
0025 120000      R     LCALL   char_delay
                                           ; SOURCE LINE # 84
0028 7590FF            MOV     P1,#0FFH
                                           ; SOURCE LINE # 86
002B 120000      R     LCALL   char_delay
                                           ; SOURCE LINE # 88
002E 0500        R     INC     i
0030 80E9              SJMP    ?C0017
             ; FUNCTION main (END)

C51 COMPILER V9.54   MAIN                                                                  09/16/2023 14:56:30 PAGE 5   

NAME                                    CLASS   MSPACE  TYPE    OFFSET  SIZE
====                                    =====   ======  ====    ======  ====


P0 . . . . . . . . . . . . . . . . . .  SFR      DATA   U_CHAR   0080H  1
P1 . . . . . . . . . . . . . . . . . .  SFR      DATA   U_CHAR   0090H  1
P2 . . . . . . . . . . . . . . . . . .  SFR      DATA   U_CHAR   00A0H  1
P3 . . . . . . . . . . . . . . . . . .  SFR      DATA   U_CHAR   00B0H  1
T0 . . . . . . . . . . . . . . . . . .  ABSBIT   -----  BIT      00B4H  1
AC . . . . . . . . . . . . . . . . . .  ABSBIT   -----  BIT      00D6H  1
T1 . . . . . . . . . . . . . . . . . .  ABSBIT   -----  BIT      00B5H  1
EA . . . . . . . . . . . . . . . . . .  ABSBIT   -----  BIT      00AFH  1
IE . . . . . . . . . . . . . . . . . .  SFR      DATA   U_CHAR   00A8H  1
char_delay . . . . . . . . . . . . . .  PUBLIC   CODE   PROC     0000H  -----
  i. . . . . . . . . . . . . . . . . .  * REG *  DATA   U_CHAR   0007H  1
  j. . . . . . . . . . . . . . . . . .  * REG *  DATA   U_CHAR   0006H  1
RD . . . . . . . . . . . . . . . . . .  ABSBIT   -----  BIT      00B7H  1
ES . . . . . . . . . . . . . . . . . .  ABSBIT   -----  BIT      00ACH  1
IP . . . . . . . . . . . . . . . . . .  SFR      DATA   U_CHAR   00B8H  1
RI . . . . . . . . . . . . . . . . . .  ABSBIT   -----  BIT      0098H  1
INT0 . . . . . . . . . . . . . . . . .  ABSBIT   -----  BIT      00B2H  1
CY . . . . . . . . . . . . . . . . . .  ABSBIT   -----  BIT      00D7H  1
TI . . . . . . . . . . . . . . . . . .  ABSBIT   -----  BIT      0099H  1
INT1 . . . . . . . . . . . . . . . . .  ABSBIT   -----  BIT      00B3H  1
PS . . . . . . . . . . . . . . . . . .  ABSBIT   -----  BIT      00BCH  1
SP . . . . . . . . . . . . . . . . . .  SFR      DATA   U_CHAR   0081H  1
OV . . . . . . . . . . . . . . . . . .  ABSBIT   -----  BIT      00D2H  1
main . . . . . . . . . . . . . . . . .  PUBLIC   CODE   PROC     0000H  -----
  i. . . . . . . . . . . . . . . . . .  AUTO     DATA   U_CHAR   0000H  1
WR . . . . . . . . . . . . . . . . . .  ABSBIT   -----  BIT      00B6H  1
SBUF . . . . . . . . . . . . . . . . .  SFR      DATA   U_CHAR   0099H  1
PCON . . . . . . . . . . . . . . . . .  SFR      DATA   U_CHAR   0087H  1
SCON . . . . . . . . . . . . . . . . .  SFR      DATA   U_CHAR   0098H  1
TMOD . . . . . . . . . . . . . . . . .  SFR      DATA   U_CHAR   0089H  1
TCON . . . . . . . . . . . . . . . . .  SFR      DATA   U_CHAR   0088H  1
IE0. . . . . . . . . . . . . . . . . .  ABSBIT   -----  BIT      0089H  1
int_delay. . . . . . . . . . . . . . .  PUBLIC   CODE   PROC     0000H  -----
  m. . . . . . . . . . . . . . . . . .  * REG *  DATA   U_INT    0082H  2
IE1. . . . . . . . . . . . . . . . . .  ABSBIT   -----  BIT      008BH  1
B. . . . . . . . . . . . . . . . . . .  SFR      DATA   U_CHAR   00F0H  1
ACC. . . . . . . . . . . . . . . . . .  SFR      DATA   U_CHAR   00E0H  1
ET0. . . . . . . . . . . . . . . . . .  ABSBIT   -----  BIT      00A9H  1
ET1. . . . . . . . . . . . . . . . . .  ABSBIT   -----  BIT      00ABH  1
TF0. . . . . . . . . . . . . . . . . .  ABSBIT   -----  BIT      008DH  1
TF1. . . . . . . . . . . . . . . . . .  ABSBIT   -----  BIT      008FH  1
RB8. . . . . . . . . . . . . . . . . .  ABSBIT   -----  BIT      009AH  1
TH0. . . . . . . . . . . . . . . . . .  SFR      DATA   U_CHAR   008CH  1
EX0. . . . . . . . . . . . . . . . . .  ABSBIT   -----  BIT      00A8H  1
IT0. . . . . . . . . . . . . . . . . .  ABSBIT   -----  BIT      0088H  1
TH1. . . . . . . . . . . . . . . . . .  SFR      DATA   U_CHAR   008DH  1
TB8. . . . . . . . . . . . . . . . . .  ABSBIT   -----  BIT      009BH  1
EX1. . . . . . . . . . . . . . . . . .  ABSBIT   -----  BIT      00AAH  1
IT1. . . . . . . . . . . . . . . . . .  ABSBIT   -----  BIT      008AH  1
P. . . . . . . . . . . . . . . . . . .  ABSBIT   -----  BIT      00D0H  1
SM0. . . . . . . . . . . . . . . . . .  ABSBIT   -----  BIT      009FH  1
TL0. . . . . . . . . . . . . . . . . .  SFR      DATA   U_CHAR   008AH  1
SM1. . . . . . . . . . . . . . . . . .  ABSBIT   -----  BIT      009EH  1
TL1. . . . . . . . . . . . . . . . . .  SFR      DATA   U_CHAR   008BH  1
SM2. . . . . . . . . . . . . . . . . .  ABSBIT   -----  BIT      009DH  1
PT0. . . . . . . . . . . . . . . . . .  ABSBIT   -----  BIT      00B9H  1
PT1. . . . . . . . . . . . . . . . . .  ABSBIT   -----  BIT      00BBH  1
C51 COMPILER V9.54   MAIN                                                                  09/16/2023 14:56:30 PAGE 6   

NAME                                    CLASS   MSPACE  TYPE    OFFSET  SIZE
====                                    =====   ======  ====    ======  ====


RS0. . . . . . . . . . . . . . . . . .  ABSBIT   -----  BIT      00D3H  1
TR0. . . . . . . . . . . . . . . . . .  ABSBIT   -----  BIT      008CH  1
RS1. . . . . . . . . . . . . . . . . .  ABSBIT   -----  BIT      00D4H  1
TR1. . . . . . . . . . . . . . . . . .  ABSBIT   -----  BIT      008EH  1
PX0. . . . . . . . . . . . . . . . . .  ABSBIT   -----  BIT      00B8H  1
PX1. . . . . . . . . . . . . . . . . .  ABSBIT   -----  BIT      00BAH  1
DPH. . . . . . . . . . . . . . . . . .  SFR      DATA   U_CHAR   0083H  1
DPL. . . . . . . . . . . . . . . . . .  SFR      DATA   U_CHAR   0082H  1
REN. . . . . . . . . . . . . . . . . .  ABSBIT   -----  BIT      009CH  1
RXD. . . . . . . . . . . . . . . . . .  ABSBIT   -----  BIT      00B0H  1
TXD. . . . . . . . . . . . . . . . . .  ABSBIT   -----  BIT      00B1H  1
F0 . . . . . . . . . . . . . . . . . .  ABSBIT   -----  BIT      00D5H  1
PSW. . . . . . . . . . . . . . . . . .  SFR      DATA   U_CHAR   00D0H  1


MODULE INFORMATION:   STATIC OVERLAYABLE
   CODE SIZE        =     89    ----
   CONSTANT SIZE    =   ----    ----
   XDATA SIZE       =   ----    ----
   PDATA SIZE       =   ----    ----
   DATA SIZE        =   ----       1
   IDATA SIZE       =   ----    ----
   BIT SIZE         =   ----    ----
   EDATA SIZE       =   ----    ----
   HDATA SIZE       =   ----    ----
   XDATA CONST SIZE =   ----    ----
   FAR CONST SIZE   =   ----    ----
END OF MODULE INFORMATION.


C51 COMPILATION COMPLETE.  0 WARNING(S),  0 ERROR(S)
