[2023-07-30 22:40:58]	compilation failed at : "c:\Users\赵建华\Desktop\keilvs\7-30蜂鸣器播放提示音\project\src\Nixie.c", exit code: 2
command: 
  "d:\keil\C51\BIN\C51.exe" .\src\Nixie.c OMF2 TABS(4) CODE NOCOND SYMBOLS PRINT(.\build\Release\src\Nixie.lst) INCDIR(d:/keil/C51/INC;src) DEFINE(__UVISION_VERSION='526') OPTIMIZE(8,SPEED) SMALL ROM(LARGE) OBJECT(.\build\Release\src\Nixie.o)
   at unify_builder.Program.Main(String[] args_)
---
C51 COMPILER V9.54 - SN: K1DZC-GDGGZC
COPYRIGHT Copyright (C) 2012 - 2015 ARM Ltd and ARM Germany GmbH. All rights reserved.
*** WARNING C318 IN LINE 1 OF .\SRC\NIXIE.C: can't open file 'REGX52.H'
*** ERROR C202 IN LINE 10 OF .\SRC\NIXIE.C: 'P2_4': undefined identifier
*** ERROR C202 IN LINE 10 OF .\SRC\NIXIE.C: 'P2_3': undefined identifier
*** ERROR C202 IN LINE 10 OF .\SRC\NIXIE.C: 'P2_2': undefined identifier
*** ERROR C202 IN LINE 11 OF .\SRC\NIXIE.C: 'P2_4': undefined identifier
*** ERROR C202 IN LINE 11 OF .\SRC\NIXIE.C: 'P2_3': undefined identifier
*** ERROR C202 IN LINE 11 OF .\SRC\NIXIE.C: 'P2_2': undefined identifier
*** ERROR C202 IN LINE 12 OF .\SRC\NIXIE.C: 'P2_4': undefined identifier
*** ERROR C202 IN LINE 12 OF .\SRC\NIXIE.C: 'P2_3': undefined identifier
*** ERROR C202 IN LINE 12 OF .\SRC\NIXIE.C: 'P2_2': undefined identifier
*** ERROR C202 IN LINE 13 OF .\SRC\NIXIE.C: 'P2_4': undefined identifier
*** ERROR C202 IN LINE 13 OF .\SRC\NIXIE.C: 'P2_3': undefined identifier
*** ERROR C202 IN LINE 13 OF .\SRC\NIXIE.C: 'P2_2': undefined identifier
*** ERROR C202 IN LINE 14 OF .\SRC\NIXIE.C: 'P2_4': undefined identifier
*** ERROR C202 IN LINE 14 OF .\SRC\NIXIE.C: 'P2_3': undefined identifier
*** ERROR C202 IN LINE 14 OF .\SRC\NIXIE.C: 'P2_2': undefined identifier
*** ERROR C202 IN LINE 15 OF .\SRC\NIXIE.C: 'P2_4': undefined identifier
*** ERROR C202 IN LINE 15 OF .\SRC\NIXIE.C: 'P2_3': undefined identifier
*** ERROR C202 IN LINE 15 OF .\SRC\NIXIE.C: 'P2_2': undefined identifier
*** ERROR C202 IN LINE 16 OF .\SRC\NIXIE.C: 'P2_4': undefined identifier
*** ERROR C202 IN LINE 16 OF .\SRC\NIXIE.C: 'P2_3': undefined identifier
*** ERROR C202 IN LINE 16 OF .\SRC\NIXIE.C: 'P2_2': undefined identifier
*** ERROR C202 IN LINE 17 OF .\SRC\NIXIE.C: 'P2_4': undefined identifier
*** ERROR C202 IN LINE 17 OF .\SRC\NIXIE.C: 'P2_3': undefined identifier
*** ERROR C202 IN LINE 17 OF .\SRC\NIXIE.C: 'P2_2': undefined identifier
*** ERROR C202 IN LINE 20 OF .\SRC\NIXIE.C: 'P0': undefined identifier
*** ERROR C202 IN LINE 22 OF .\SRC\NIXIE.C: 'P0': undefined identifier

C51 COMPILATION COMPLETE.  1 WARNING(S),  26 ERROR(S)

[2023-07-30 22:41:11]	compilation failed at : "c:\Users\赵建华\Desktop\keilvs\7-30蜂鸣器播放提示音\project\src\Nixie.c", exit code: 2
command: 
  "d:\keil\C51\BIN\C51.exe" .\src\Nixie.c OMF2 TABS(4) CODE NOCOND SYMBOLS PRINT(.\build\Release\src\Nixie.lst) INCDIR(d:/keil/C51/INC;src) DEFINE(__UVISION_VERSION='526') OPTIMIZE(8,SPEED) SMALL ROM(LARGE) OBJECT(.\build\Release\src\Nixie.o)
   at unify_builder.Program.Main(String[] args_)
---
C51 COMPILER V9.54 - SN: K1DZC-GDGGZC
COPYRIGHT Copyright (C) 2012 - 2015 ARM Ltd and ARM Germany GmbH. All rights reserved.
*** ERROR C202 IN LINE 10 OF .\SRC\NIXIE.C: 'P2_4': undefined identifier
*** ERROR C202 IN LINE 10 OF .\SRC\NIXIE.C: 'P2_3': undefined identifier
*** ERROR C202 IN LINE 10 OF .\SRC\NIXIE.C: 'P2_2': undefined identifier
*** ERROR C202 IN LINE 11 OF .\SRC\NIXIE.C: 'P2_4': undefined identifier
*** ERROR C202 IN LINE 11 OF .\SRC\NIXIE.C: 'P2_3': undefined identifier
*** ERROR C202 IN LINE 11 OF .\SRC\NIXIE.C: 'P2_2': undefined identifier
*** ERROR C202 IN LINE 12 OF .\SRC\NIXIE.C: 'P2_4': undefined identifier
*** ERROR C202 IN LINE 12 OF .\SRC\NIXIE.C: 'P2_3': undefined identifier
*** ERROR C202 IN LINE 12 OF .\SRC\NIXIE.C: 'P2_2': undefined identifier
*** ERROR C202 IN LINE 13 OF .\SRC\NIXIE.C: 'P2_4': undefined identifier
*** ERROR C202 IN LINE 13 OF .\SRC\NIXIE.C: 'P2_3': undefined identifier
*** ERROR C202 IN LINE 13 OF .\SRC\NIXIE.C: 'P2_2': undefined identifier
*** ERROR C202 IN LINE 14 OF .\SRC\NIXIE.C: 'P2_4': undefined identifier
*** ERROR C202 IN LINE 14 OF .\SRC\NIXIE.C: 'P2_3': undefined identifier
*** ERROR C202 IN LINE 14 OF .\SRC\NIXIE.C: 'P2_2': undefined identifier
*** ERROR C202 IN LINE 15 OF .\SRC\NIXIE.C: 'P2_4': undefined identifier
*** ERROR C202 IN LINE 15 OF .\SRC\NIXIE.C: 'P2_3': undefined identifier
*** ERROR C202 IN LINE 15 OF .\SRC\NIXIE.C: 'P2_2': undefined identifier
*** ERROR C202 IN LINE 16 OF .\SRC\NIXIE.C: 'P2_4': undefined identifier
*** ERROR C202 IN LINE 16 OF .\SRC\NIXIE.C: 'P2_3': undefined identifier
*** ERROR C202 IN LINE 16 OF .\SRC\NIXIE.C: 'P2_2': undefined identifier
*** ERROR C202 IN LINE 17 OF .\SRC\NIXIE.C: 'P2_4': undefined identifier
*** ERROR C202 IN LINE 17 OF .\SRC\NIXIE.C: 'P2_3': undefined identifier
*** ERROR C202 IN LINE 17 OF .\SRC\NIXIE.C: 'P2_2': undefined identifier

C51 COMPILATION COMPLETE.  0 WARNING(S),  24 ERROR(S)

[2023-07-30 22:42:09]	[done]
	build successfully !

[2023-07-30 22:42:53]	[done]
	build successfully !

[2023-07-30 22:46:33]	[done]
	build successfully !

[2023-07-30 22:47:21]	[done]
	build successfully !

[2023-07-30 22:48:19]	[done]
	build successfully !

[2023-07-30 22:49:28]	[done]
	build successfully !

[2023-07-30 22:55:46]	compilation failed at : "c:\Users\赵建华\Desktop\keilvs\7-30蜂鸣器播放提示音\project\src\Buzzer.c", exit code: 2
command: 
  "d:\keil\C51\BIN\C51.exe" .\src\Buzzer.c OMF2 TABS(4) CODE NOCOND SYMBOLS PRINT(.\build\Release\src\Buzzer.lst) INCDIR(d:/keil/C51/INC;src) DEFINE(__UVISION_VERSION='526') OPTIMIZE(8,SPEED) SMALL ROM(LARGE) OBJECT(.\build\Release\src\Buzzer.o)
   at unify_builder.Program.Main(String[] args_)
---
C51 COMPILER V9.54 - SN: K1DZC-GDGGZC
COPYRIGHT Copyright (C) 2012 - 2015 ARM Ltd and ARM Germany GmbH. All rights reserved.
*** ERROR C202 IN LINE 9 OF .\SRC\BUZZER.C: 'i': undefined identifier

C51 COMPILATION COMPLETE.  0 WARNING(S),  1 ERROR(S)

[2023-07-30 22:56:04]	[done]
	build successfully !

[2023-07-30 22:58:18]	compilation failed at : "c:\Users\赵建华\Desktop\keilvs\7-30蜂鸣器播放提示音\project\src\Buzzer.c", exit code: 2
command: 
  "d:\keil\C51\BIN\C51.exe" .\src\Buzzer.c OMF2 TABS(4) CODE NOCOND SYMBOLS PRINT(.\build\Release\src\Buzzer.lst) INCDIR(d:/keil/C51/INC;src) DEFINE(__UVISION_VERSION='526') OPTIMIZE(8,SPEED) SMALL ROM(LARGE) OBJECT(.\build\Release\src\Buzzer.o)
   at unify_builder.Program.Main(String[] args_)
---
C51 COMPILER V9.54 - SN: K1DZC-GDGGZC
COPYRIGHT Copyright (C) 2012 - 2015 ARM Ltd and ARM Germany GmbH. All rights reserved.
*** WARNING C206 IN LINE 11 OF .\SRC\BUZZER.C: '_nop_': missing function-prototype
*** ERROR C264 IN LINE 11 OF .\SRC\BUZZER.C: intrinsic '_nop_': declaration/activation error

C51 COMPILATION COMPLETE.  1 WARNING(S),  1 ERROR(S)

[2023-07-30 22:59:44]	[done]
	build successfully !

[2023-07-30 23:00:39]	[done]
	build successfully !

[2023-07-30 23:01:02]	[done]
	build successfully !

[2023-07-30 23:03:01]	[done]
	build successfully !

