C51 COMPILER V9.54   MAIN                                                                  09/15/2023 14:59:00 PAGE 1   


C51 COMPILER V9.54, COMPILATION OF MODULE MAIN
OBJECT MODULE PLACED IN .\build\Release\src\main.o
COMPILER INVOKED BY: d:\keil\C51\BIN\C51.exe .\SRC\MAIN.C OMF2 TABS(4) CODE NOCOND SYMBOLS PRINT(.\build\Release\src\mai
                    -n.lst) INCDIR(d:/keil/C51/INC;src) DEFINE(__UVISION_VERSION=526) OPTIMIZE(8,SPEED) SMALL ROM(LARGE) OBJECT(.\build\Relea
                    -se\src\main.o)

line level    source

   1          //实例23：用P0口显示字符串常量
   2          
   3          #include<reg51.h>//包含单片机寄存器的头文件
   4          
   5          /*************************************************
   6          
   7          函数功能：延时约150ms(3*200*250=150000μs=150ms
   8          
   9          *************************************************/
  10          
  11          void delay150ms(void)
  12          
  13          {
  14   1      
  15   1      unsigned char m,n;
  16   1      
  17   1      for(m=0;m<200;m++)
  18   1      
  19   1      for(n=0;n<250;n++)
  20   1      
  21   1      ;
  22   1      
  23   1      }
  24          
  25          /*************************************************
  26          
  27          函数功能：主函数
  28          
  29          *************************************************/
  30          
  31          void main(void)
  32          
  33          {
  34   1      
  35   1      unsigned char str[]={"Now,Temperatureis:"};   //将字符串赋给字符型全部元素赋值
  36   1      
  37   1      unsigned char i;
  38   1      
  39   1      while(1)
  40   1      
  41   1      {
  42   2      
  43   2      i=0;//将i初始化为0，从第一个元素开始显示
  44   2      
  45   2      while(str[i]!='\0')//只要没有显示到结束标志'\0'
  46   2      
  47   2      {
  48   3      
  49   3      P0=str[i];      //将第i个字符送到P0口显示
  50   3      
  51   3      delay150ms();   //调用150ms延时函数
  52   3      
  53   3      i++;             //指向下一个待显字符
C51 COMPILER V9.54   MAIN                                                                  09/15/2023 14:59:00 PAGE 2   

  54   3      
  55   3      }
  56   2      
  57   2      }
  58   1      
  59   1          
  60   1      }
C51 COMPILER V9.54   MAIN                                                                  09/15/2023 14:59:00 PAGE 3   

ASSEMBLY LISTING OF GENERATED OBJECT CODE


             ; FUNCTION delay150ms (BEGIN)
                                           ; SOURCE LINE # 11
                                           ; SOURCE LINE # 13
                                           ; SOURCE LINE # 17
;---- Variable 'm' assigned to Register 'R7' ----
0000 E4                CLR     A
0001 FF                MOV     R7,A
0002         ?C0001:
                                           ; SOURCE LINE # 19
;---- Variable 'n' assigned to Register 'R6' ----
0002 E4                CLR     A
0003 FE                MOV     R6,A
0004         ?C0004:
0004 0E                INC     R6
0005 BEFAFC            CJNE    R6,#0FAH,?C0004
0008         ?C0003:
0008 0F                INC     R7
0009 BFC8F6            CJNE    R7,#0C8H,?C0001
                                           ; SOURCE LINE # 23
000C         ?C0007:
000C 22                RET     
             ; FUNCTION delay150ms (END)

             ; FUNCTION main (BEGIN)
                                           ; SOURCE LINE # 31
                                           ; SOURCE LINE # 33
                                           ; SOURCE LINE # 35
0000 7800        R     MOV     R0,#LOW str
0002 7C00        R     MOV     R4,#HIGH str
0004 7D00              MOV     R5,#00H
0006 7BFF              MOV     R3,#0FFH
0008 7A00        R     MOV     R2,#HIGH _?ix1000
000A 7900        R     MOV     R1,#LOW _?ix1000
000C 7E00              MOV     R6,#00H
000E 7F13              MOV     R7,#013H
0010 120000      E     LCALL   ?C?COPY
0013         ?C0008:
                                           ; SOURCE LINE # 39
                                           ; SOURCE LINE # 41
                                           ; SOURCE LINE # 43
;---- Variable 'i' assigned to Register 'R5' ----
0013 E4                CLR     A
0014 FD                MOV     R5,A
0015         ?C0010:
                                           ; SOURCE LINE # 45
0015 7400        R     MOV     A,#LOW str
0017 2D                ADD     A,R5
0018 F8                MOV     R0,A
0019 E6                MOV     A,@R0
001A FF                MOV     R7,A
001B 60F6              JZ      ?C0008
                                           ; SOURCE LINE # 47
                                           ; SOURCE LINE # 49
001D F580              MOV     P0,A
                                           ; SOURCE LINE # 51
001F 120000      R     LCALL   delay150ms
                                           ; SOURCE LINE # 53
0022 0D                INC     R5
                                           ; SOURCE LINE # 55
C51 COMPILER V9.54   MAIN                                                                  09/15/2023 14:59:00 PAGE 4   

0023 80F0              SJMP    ?C0010
             ; FUNCTION main (END)

C51 COMPILER V9.54   MAIN                                                                  09/15/2023 14:59:00 PAGE 5   

NAME                                    CLASS   MSPACE  TYPE    OFFSET  SIZE
====                                    =====   ======  ====    ======  ====


P0 . . . . . . . . . . . . . . . . . .  SFR      DATA   U_CHAR   0080H  1
P1 . . . . . . . . . . . . . . . . . .  SFR      DATA   U_CHAR   0090H  1
P2 . . . . . . . . . . . . . . . . . .  SFR      DATA   U_CHAR   00A0H  1
P3 . . . . . . . . . . . . . . . . . .  SFR      DATA   U_CHAR   00B0H  1
T0 . . . . . . . . . . . . . . . . . .  ABSBIT   -----  BIT      00B4H  1
AC . . . . . . . . . . . . . . . . . .  ABSBIT   -----  BIT      00D6H  1
T1 . . . . . . . . . . . . . . . . . .  ABSBIT   -----  BIT      00B5H  1
EA . . . . . . . . . . . . . . . . . .  ABSBIT   -----  BIT      00AFH  1
delay150ms . . . . . . . . . . . . . .  PUBLIC   CODE   PROC     0000H  -----
  m. . . . . . . . . . . . . . . . . .  * REG *  DATA   U_CHAR   0007H  1
  n. . . . . . . . . . . . . . . . . .  * REG *  DATA   U_CHAR   0006H  1
IE . . . . . . . . . . . . . . . . . .  SFR      DATA   U_CHAR   00A8H  1
RD . . . . . . . . . . . . . . . . . .  ABSBIT   -----  BIT      00B7H  1
ES . . . . . . . . . . . . . . . . . .  ABSBIT   -----  BIT      00ACH  1
IP . . . . . . . . . . . . . . . . . .  SFR      DATA   U_CHAR   00B8H  1
RI . . . . . . . . . . . . . . . . . .  ABSBIT   -----  BIT      0098H  1
INT0 . . . . . . . . . . . . . . . . .  ABSBIT   -----  BIT      00B2H  1
CY . . . . . . . . . . . . . . . . . .  ABSBIT   -----  BIT      00D7H  1
TI . . . . . . . . . . . . . . . . . .  ABSBIT   -----  BIT      0099H  1
INT1 . . . . . . . . . . . . . . . . .  ABSBIT   -----  BIT      00B3H  1
PS . . . . . . . . . . . . . . . . . .  ABSBIT   -----  BIT      00BCH  1
SP . . . . . . . . . . . . . . . . . .  SFR      DATA   U_CHAR   0081H  1
OV . . . . . . . . . . . . . . . . . .  ABSBIT   -----  BIT      00D2H  1
main . . . . . . . . . . . . . . . . .  PUBLIC   CODE   PROC     0000H  -----
  str. . . . . . . . . . . . . . . . .  AUTO     DATA   ARRAY    0000H  19
  i. . . . . . . . . . . . . . . . . .  * REG *  DATA   U_CHAR   0005H  1
WR . . . . . . . . . . . . . . . . . .  ABSBIT   -----  BIT      00B6H  1
SBUF . . . . . . . . . . . . . . . . .  SFR      DATA   U_CHAR   0099H  1
PCON . . . . . . . . . . . . . . . . .  SFR      DATA   U_CHAR   0087H  1
SCON . . . . . . . . . . . . . . . . .  SFR      DATA   U_CHAR   0098H  1
TMOD . . . . . . . . . . . . . . . . .  SFR      DATA   U_CHAR   0089H  1
TCON . . . . . . . . . . . . . . . . .  SFR      DATA   U_CHAR   0088H  1
IE0. . . . . . . . . . . . . . . . . .  ABSBIT   -----  BIT      0089H  1
IE1. . . . . . . . . . . . . . . . . .  ABSBIT   -----  BIT      008BH  1
B. . . . . . . . . . . . . . . . . . .  SFR      DATA   U_CHAR   00F0H  1
_?ix1000 . . . . . . . . . . . . . . .  STATIC   CODE   ARRAY    0000H  19
ACC. . . . . . . . . . . . . . . . . .  SFR      DATA   U_CHAR   00E0H  1
ET0. . . . . . . . . . . . . . . . . .  ABSBIT   -----  BIT      00A9H  1
ET1. . . . . . . . . . . . . . . . . .  ABSBIT   -----  BIT      00ABH  1
TF0. . . . . . . . . . . . . . . . . .  ABSBIT   -----  BIT      008DH  1
TF1. . . . . . . . . . . . . . . . . .  ABSBIT   -----  BIT      008FH  1
RB8. . . . . . . . . . . . . . . . . .  ABSBIT   -----  BIT      009AH  1
TH0. . . . . . . . . . . . . . . . . .  SFR      DATA   U_CHAR   008CH  1
EX0. . . . . . . . . . . . . . . . . .  ABSBIT   -----  BIT      00A8H  1
IT0. . . . . . . . . . . . . . . . . .  ABSBIT   -----  BIT      0088H  1
TH1. . . . . . . . . . . . . . . . . .  SFR      DATA   U_CHAR   008DH  1
TB8. . . . . . . . . . . . . . . . . .  ABSBIT   -----  BIT      009BH  1
EX1. . . . . . . . . . . . . . . . . .  ABSBIT   -----  BIT      00AAH  1
IT1. . . . . . . . . . . . . . . . . .  ABSBIT   -----  BIT      008AH  1
P. . . . . . . . . . . . . . . . . . .  ABSBIT   -----  BIT      00D0H  1
SM0. . . . . . . . . . . . . . . . . .  ABSBIT   -----  BIT      009FH  1
TL0. . . . . . . . . . . . . . . . . .  SFR      DATA   U_CHAR   008AH  1
SM1. . . . . . . . . . . . . . . . . .  ABSBIT   -----  BIT      009EH  1
TL1. . . . . . . . . . . . . . . . . .  SFR      DATA   U_CHAR   008BH  1
SM2. . . . . . . . . . . . . . . . . .  ABSBIT   -----  BIT      009DH  1
PT0. . . . . . . . . . . . . . . . . .  ABSBIT   -----  BIT      00B9H  1
PT1. . . . . . . . . . . . . . . . . .  ABSBIT   -----  BIT      00BBH  1
C51 COMPILER V9.54   MAIN                                                                  09/15/2023 14:59:00 PAGE 6   

NAME                                    CLASS   MSPACE  TYPE    OFFSET  SIZE
====                                    =====   ======  ====    ======  ====


RS0. . . . . . . . . . . . . . . . . .  ABSBIT   -----  BIT      00D3H  1
TR0. . . . . . . . . . . . . . . . . .  ABSBIT   -----  BIT      008CH  1
RS1. . . . . . . . . . . . . . . . . .  ABSBIT   -----  BIT      00D4H  1
TR1. . . . . . . . . . . . . . . . . .  ABSBIT   -----  BIT      008EH  1
PX0. . . . . . . . . . . . . . . . . .  ABSBIT   -----  BIT      00B8H  1
PX1. . . . . . . . . . . . . . . . . .  ABSBIT   -----  BIT      00BAH  1
DPH. . . . . . . . . . . . . . . . . .  SFR      DATA   U_CHAR   0083H  1
DPL. . . . . . . . . . . . . . . . . .  SFR      DATA   U_CHAR   0082H  1
REN. . . . . . . . . . . . . . . . . .  ABSBIT   -----  BIT      009CH  1
RXD. . . . . . . . . . . . . . . . . .  ABSBIT   -----  BIT      00B0H  1
TXD. . . . . . . . . . . . . . . . . .  ABSBIT   -----  BIT      00B1H  1
F0 . . . . . . . . . . . . . . . . . .  ABSBIT   -----  BIT      00D5H  1
PSW. . . . . . . . . . . . . . . . . .  SFR      DATA   U_CHAR   00D0H  1


MODULE INFORMATION:   STATIC OVERLAYABLE
   CODE SIZE        =     50    ----
   CONSTANT SIZE    =     19    ----
   XDATA SIZE       =   ----    ----
   PDATA SIZE       =   ----    ----
   DATA SIZE        =   ----      19
   IDATA SIZE       =   ----    ----
   BIT SIZE         =   ----    ----
   EDATA SIZE       =   ----    ----
   HDATA SIZE       =   ----    ----
   XDATA CONST SIZE =   ----    ----
   FAR CONST SIZE   =   ----    ----
END OF MODULE INFORMATION.


C51 COMPILATION COMPLETE.  0 WARNING(S),  0 ERROR(S)
