[2023-09-25 21:56:07]	compilation failed at : "c:\Users\赵建华\Desktop\keilvs\9-25\project\src\main.c", exit code: 2
command: 
  "d:\keil\C51\BIN\C51.exe" .\src\main.c OMF2 TABS(4) CODE NOCOND SYMBOLS PRINT(.\build\Release\src\main.lst) INCDIR(d:/keil/C51/INC;src) DEFINE(__UVISION_VERSION='526') OPTIMIZE(8,SPEED) SMALL ROM(LARGE) OBJECT(.\build\Release\src\main.o)
   at unify_builder.Program.Main(String[] args_)
---
C51 COMPILER V9.54 - SN: K1DZC-GDGGZC
COPYRIGHT Copyright (C) 2012 - 2015 ARM Ltd and ARM Germany GmbH. All rights reserved.
*** ERROR C100 IN LINE 7 OF .\SRC\MAIN.C: unprintable character 0xCA skipped
*** ERROR C100 IN LINE 7 OF .\SRC\MAIN.C: unprintable character 0xC7 skipped
*** ERROR C100 IN LINE 7 OF .\SRC\MAIN.C: unprintable character 0xD7 skipped
*** ERROR C100 IN LINE 7 OF .\SRC\MAIN.C: unprintable character 0xF7 skipped
*** ERROR C100 IN LINE 7 OF .\SRC\MAIN.C: unprintable character 0xCE skipped
*** ERROR C100 IN LINE 7 OF .\SRC\MAIN.C: unprintable character 0xAA skipped
*** ERROR C100 IN LINE 7 OF .\SRC\MAIN.C: unprintable character 0xD7 skipped
*** ERROR C100 IN LINE 7 OF .\SRC\MAIN.C: unprintable character 0xD6 skipped
*** ERROR C100 IN LINE 7 OF .\SRC\MAIN.C: unprintable character 0xB7 skipped
*** ERROR C100 IN LINE 7 OF .\SRC\MAIN.C: unprintable character 0xFB skipped
*** ERROR C100 IN LINE 7 OF .\SRC\MAIN.C: unprintable character 0xCA skipped
*** ERROR C100 IN LINE 7 OF .\SRC\MAIN.C: unprintable character 0xD7 skipped
*** ERROR C100 IN LINE 7 OF .\SRC\MAIN.C: unprintable character 0xE9 skipped
*** ERROR C100 IN LINE 7 OF .\SRC\MAIN.C: unprintable character 0xC0 skipped
*** ERROR C100 IN LINE 7 OF .\SRC\MAIN.C: unprintable character 0xB4 skipped
*** ERROR C100 IN LINE 7 OF .\SRC\MAIN.C: unprintable character 0xB4 skipped
*** ERROR C100 IN LINE 7 OF .\SRC\MAIN.C: unprintable character 0xA6 skipped
*** ERROR C100 IN LINE 7 OF .\SRC\MAIN.C: unprintable character 0xC0 skipped
*** ERROR C100 IN LINE 7 OF .\SRC\MAIN.C: unprintable character 0xED skipped
*** ERROR C100 IN LINE 7 OF .\SRC\MAIN.C: unprintable character 0xB5 skipped
*** ERROR C100 IN LINE 7 OF .\SRC\MAIN.C: unprintable character 0xC4 skipped
*** ERROR C100 IN LINE 11 OF .\SRC\MAIN.C: unprintable character 0xD7 skipped
*** ERROR C100 IN LINE 11 OF .\SRC\MAIN.C: unprintable character 0xD6 skipped
*** ERROR C100 IN LINE 11 OF .\SRC\MAIN.C: unprintable character 0xB7 skipped
*** ERROR C100 IN LINE 11 OF .\SRC\MAIN.C: unprintable character 0xFB skipped
*** ERROR C100 IN LINE 11 OF .\SRC\MAIN.C: unprintable character 0xB4 skipped
*** ERROR C100 IN LINE 11 OF .\SRC\MAIN.C: unprintable character 0xAE skipped
*** ERROR C100 IN LINE 11 OF .\SRC\MAIN.C: unprintable character 0xB5 skipped
*** ERROR C100 IN LINE 11 OF .\SRC\MAIN.C: unprintable character 0xC4 skipped
*** ERROR C100 IN LINE 11 OF .\SRC\MAIN.C: unprintable character 0xCA skipped
*** ERROR C100 IN LINE 11 OF .\SRC\MAIN.C: unprintable character 0xD7 skipped
*** ERROR C100 IN LINE 11 OF .\SRC\MAIN.C: unprintable character 0xB5 skipped
*** ERROR C100 IN LINE 11 OF .\SRC\MAIN.C: unprintable character 0xD8 skipped
*** ERROR C100 IN LINE 11 OF .\SRC\MAIN.C: unprintable character 0xD6 skipped
*** ERROR C100 IN LINE 11 OF .\SRC\MAIN.C: unprintable character 0xB7 skipped
*** ERROR C141 IN LINE 45 OF .\SRC\MAIN.C: syntax error near '*', expected ')'
*** ERROR C202 IN LINE 57 OF .\SRC\MAIN.C: 'x': undefined identifier
*** ERROR C202 IN LINE 61 OF .\SRC\MAIN.C: 'x': undefined identifier

C51 COMPILATION COMPLETE.  0 WARNING(S),  38 ERROR(S)

[2023-09-25 21:56:29]	compilation failed at : "c:\Users\赵建华\Desktop\keilvs\9-25\project\src\main.c", exit code: 2
command: 
  "d:\keil\C51\BIN\C51.exe" .\src\main.c OMF2 TABS(4) CODE NOCOND SYMBOLS PRINT(.\build\Release\src\main.lst) INCDIR(d:/keil/C51/INC;src) DEFINE(__UVISION_VERSION='526') OPTIMIZE(8,SPEED) SMALL ROM(LARGE) OBJECT(.\build\Release\src\main.o)
   at unify_builder.Program.Main(String[] args_)
---
C51 COMPILER V9.54 - SN: K1DZC-GDGGZC
COPYRIGHT Copyright (C) 2012 - 2015 ARM Ltd and ARM Germany GmbH. All rights reserved.
*** ERROR C141 IN LINE 41 OF .\SRC\MAIN.C: syntax error near '*', expected ')'
*** ERROR C202 IN LINE 53 OF .\SRC\MAIN.C: 'x': undefined identifier
*** ERROR C202 IN LINE 57 OF .\SRC\MAIN.C: 'x': undefined identifier

C51 COMPILATION COMPLETE.  0 WARNING(S),  3 ERROR(S)

[2023-09-25 21:57:04]	[done]
	build successfully !

