C51 COMPILER V9.54   MAIN                                                                  07/16/2023 23:03:54 PAGE 1   


C51 COMPILER V9.54, COMPILATION OF MODULE MAIN
OBJECT MODULE PLACED IN .\Objects\main.obj
COMPILER INVOKED BY: D:\keil\C51\BIN\C51.EXE main.c OPTIMIZE(8,SPEED) BROWSE DEBUG OBJECTEXTEND PRINT(.\Listings\main.ls
                    -t) TABS(2) OBJECT(.\Objects\main.obj)

line level    source

   1          #include <REGX52.H>
   2          
   3          void Delay(unsigned int xms)
   4          {
   5   1        unsigned char i, j;
   6   1      
   7   1        while(xms--)
   8   1        {
   9   2        i = 2;
  10   2        j = 199;
  11   2        do
  12   2        {
  13   3          while (--j);
  14   3        } while (--i);
  15   2        }
  16   1        
  17   1      }
  18          
  19          void main()
  20          {
  21   1        unsigned char LEDNum;
  22   1        P2=0x01;
  23   1        while(1)
  24   1        {
  25   2          if(P3_1==0)
  26   2          {
  27   3            Delay(20);
  28   3            while(P3_1==0);
  29   3            Delay(20);
  30   3            LEDNum++;
  31   3            if(LEDNum>=8)
  32   3            LEDNum=0;
  33   3            P2=~(0x01<<LEDNum);
  34   3          }
  35   2          if(P3_0==0)
  36   2          {
  37   3            Delay(20);
  38   3            while(P3_0==0);
  39   3            Delay(20);
  40   3            if(LEDNum==0)
  41   3                LEDNum=7;
  42   3            else
  43   3                LEDNum--;
  44   3            P2=~(0x01<<LEDNum);
  45   3          }
  46   2        }
  47   1      }


MODULE INFORMATION:   STATIC OVERLAYABLE
   CODE SIZE        =     99    ----
   CONSTANT SIZE    =   ----    ----
   XDATA SIZE       =   ----    ----
   PDATA SIZE       =   ----    ----
C51 COMPILER V9.54   MAIN                                                                  07/16/2023 23:03:54 PAGE 2   

   DATA SIZE        =   ----    ----
   IDATA SIZE       =   ----    ----
   BIT SIZE         =   ----    ----
END OF MODULE INFORMATION.


C51 COMPILATION COMPLETE.  0 WARNING(S),  0 ERROR(S)
