[2023-07-29 20:58:36]	compilation failed at : "c:\Users\赵建华\Desktop\keilvs\7-28DS1302实时闹钟\project\src\LCD1602.c", exit code: 2
command: 
  "d:\keil\C51\BIN\C51.exe" .\src\LCD1602.c OMF2 TABS(4) CODE NOCOND SYMBOLS PRINT(.\build\Release\src\LCD1602.lst) INCDIR(d:/keil/C51/INC;src) DEFINE(__UVISION_VERSION='526') OPTIMIZE(8,SPEED) SMALL ROM(LARGE) OBJECT(.\build\Release\src\LCD1602.o)
   at unify_builder.Program.Main(String[] args_)
---
C51 COMPILER V9.54 - SN: K1DZC-GDGGZC
COPYRIGHT Copyright (C) 2012 - 2015 ARM Ltd and ARM Germany GmbH. All rights reserved.
*** WARNING C318 IN LINE 1 OF .\SRC\LCD1602.C: can't open file 'REGX52.H'
*** ERROR C202 IN LINE 4 OF .\SRC\LCD1602.C: 'P2': undefined identifier
*** ERROR C202 IN LINE 5 OF .\SRC\LCD1602.C: 'P2': undefined identifier
*** ERROR C202 IN LINE 6 OF .\SRC\LCD1602.C: 'P2': undefined identifier
*** ERROR C202 IN LINE 34 OF .\SRC\LCD1602.C: 'LCD_RS': undefined identifier
*** ERROR C202 IN LINE 35 OF .\SRC\LCD1602.C: 'LCD_RW': undefined identifier
*** ERROR C202 IN LINE 36 OF .\SRC\LCD1602.C: 'P0': undefined identifier
*** ERROR C202 IN LINE 37 OF .\SRC\LCD1602.C: 'LCD_EN': undefined identifier
*** ERROR C202 IN LINE 39 OF .\SRC\LCD1602.C: 'LCD_EN': undefined identifier
*** ERROR C202 IN LINE 50 OF .\SRC\LCD1602.C: 'LCD_RS': undefined identifier
*** ERROR C202 IN LINE 51 OF .\SRC\LCD1602.C: 'LCD_RW': undefined identifier
*** ERROR C202 IN LINE 52 OF .\SRC\LCD1602.C: 'P0': undefined identifier
*** ERROR C202 IN LINE 53 OF .\SRC\LCD1602.C: 'LCD_EN': undefined identifier
*** ERROR C202 IN LINE 55 OF .\SRC\LCD1602.C: 'LCD_EN': undefined identifier

C51 COMPILATION COMPLETE.  1 WARNING(S),  13 ERROR(S)

[2023-07-29 20:59:30]	[done]
	build successfully !

[2023-07-29 20:59:34]	[done]
	build successfully !

[2023-07-29 21:01:59]	[done]
	build successfully !

[2023-07-29 21:03:28]	[done]
	build successfully !

[2023-07-29 21:05:07]	[done]
	build successfully !

[2023-07-29 21:21:33]	[done]
	build successfully !

[2023-07-29 21:29:25]	[done]
	build successfully !

[2023-07-29 21:31:00]	[done]
	build successfully !

[2023-07-29 21:33:34]	[done]
	build successfully !

[2023-07-29 21:35:06]	[done]
	build successfully !

[2023-07-29 21:35:34]	[done]
	build successfully !

[2023-07-29 21:38:11]	[done]
	build successfully !

[2023-07-29 21:41:27]	[done]
	build successfully !

[2023-07-29 21:45:16]	[done]
	build successfully !

[2023-07-29 21:49:09]	[done]
	build successfully !

[2023-07-29 21:50:56]	[done]
	build successfully !

[2023-07-29 21:51:22]	[done]
	build successfully !

[2023-07-29 22:07:57]	compilation failed at : "c:\Users\赵建华\Desktop\keilvs\7-28DS1302实时闹钟\project\src\DS1302.c", exit code: 2
command: 
  "d:\keil\C51\BIN\C51.exe" .\src\DS1302.c OMF2 TABS(4) CODE NOCOND SYMBOLS PRINT(.\build\Release\src\DS1302.lst) INCDIR(d:/keil/C51/INC;src) DEFINE(__UVISION_VERSION='526') OPTIMIZE(8,SPEED) SMALL ROM(LARGE) OBJECT(.\build\Release\src\DS1302.o)
   at unify_builder.Program.Main(String[] args_)
---
C51 COMPILER V9.54 - SN: K1DZC-GDGGZC
COPYRIGHT Copyright (C) 2012 - 2015 ARM Ltd and ARM Germany GmbH. All rights reserved.
*** ERROR C141 IN LINE 75 OF .\SRC\DS1302.C: syntax error near ';'

C51 COMPILATION COMPLETE.  0 WARNING(S),  1 ERROR(S)

[2023-07-29 22:10:10]	compilation failed at : "c:\Users\赵建华\Desktop\keilvs\7-28DS1302实时闹钟\project\src\DS1302.c", exit code: 2
command: 
  "d:\keil\C51\BIN\C51.exe" .\src\DS1302.c OMF2 TABS(4) CODE NOCOND SYMBOLS PRINT(.\build\Release\src\DS1302.lst) INCDIR(d:/keil/C51/INC;src) DEFINE(__UVISION_VERSION='526') OPTIMIZE(8,SPEED) SMALL ROM(LARGE) OBJECT(.\build\Release\src\DS1302.o)
   at unify_builder.Program.Main(String[] args_)
---
C51 COMPILER V9.54 - SN: K1DZC-GDGGZC
COPYRIGHT Copyright (C) 2012 - 2015 ARM Ltd and ARM Germany GmbH. All rights reserved.
*** ERROR C141 IN LINE 75 OF .\SRC\DS1302.C: syntax error near ';'

C51 COMPILATION COMPLETE.  0 WARNING(S),  1 ERROR(S)

[2023-07-29 22:11:53]	compilation failed at : "c:\Users\赵建华\Desktop\keilvs\7-28DS1302实时闹钟\project\src\DS1302.c", exit code: 2
command: 
  "d:\keil\C51\BIN\C51.exe" .\src\DS1302.c OMF2 TABS(4) CODE NOCOND SYMBOLS PRINT(.\build\Release\src\DS1302.lst) INCDIR(d:/keil/C51/INC;src) DEFINE(__UVISION_VERSION='526') OPTIMIZE(8,SPEED) SMALL ROM(LARGE) OBJECT(.\build\Release\src\DS1302.o)
   at unify_builder.Program.Main(String[] args_)
---
C51 COMPILER V9.54 - SN: K1DZC-GDGGZC
COPYRIGHT Copyright (C) 2012 - 2015 ARM Ltd and ARM Germany GmbH. All rights reserved.
*** ERROR C141 IN LINE 75 OF .\SRC\DS1302.C: syntax error near ';'

C51 COMPILATION COMPLETE.  0 WARNING(S),  1 ERROR(S)

[2023-07-29 22:12:45]	compilation failed at : "c:\Users\赵建华\Desktop\keilvs\7-28DS1302实时闹钟\project\src\DS1302.c", exit code: 2
command: 
  "d:\keil\C51\BIN\C51.exe" .\src\DS1302.c OMF2 TABS(4) CODE NOCOND SYMBOLS PRINT(.\build\Release\src\DS1302.lst) INCDIR(d:/keil/C51/INC;src) DEFINE(__UVISION_VERSION='526') OPTIMIZE(8,SPEED) SMALL ROM(LARGE) OBJECT(.\build\Release\src\DS1302.o)
   at unify_builder.Program.Main(String[] args_)
---
C51 COMPILER V9.54 - SN: K1DZC-GDGGZC
COPYRIGHT Copyright (C) 2012 - 2015 ARM Ltd and ARM Germany GmbH. All rights reserved.
*** ERROR C141 IN LINE 75 OF .\SRC\DS1302.C: syntax error near ';'

C51 COMPILATION COMPLETE.  0 WARNING(S),  1 ERROR(S)

[2023-07-29 22:13:53]	[done]
	build successfully !

[2023-07-29 22:13:56]	[done]
	build successfully !

[2023-07-29 22:14:46]	[done]
	build successfully !

[2023-07-29 22:15:08]	[done]
	build successfully !

[2023-07-29 22:17:51]	[done]
	build successfully !

[2023-07-29 22:21:10]	[done]
	build successfully !

[2023-07-29 22:21:29]	[done]
	build successfully !

[2023-07-29 22:29:52]	[done]
	build successfully !

