C51 COMPILER V9.54   MAIN                                                                  07/20/2023 21:59:50 PAGE 1   


C51 COMPILER V9.54, COMPILATION OF MODULE MAIN
OBJECT MODULE PLACED IN .\Objects\main.obj
COMPILER INVOKED BY: D:\keil\C51\BIN\C51.EXE main.c OPTIMIZE(8,SPEED) BROWSE DEBUG OBJECTEXTEND PRINT(.\Listings\main.ls
                    -t) TABS(2) OBJECT(.\Objects\main.obj)

line level    source

   1          #include<REG51.H>
   2          #include"Delay.h"
   3          #include"LCD1602.h"
   4          #include"MatixKey.h"
   5          
   6          unsigned char KeyNum;
   7          unsigned int  Password,count;
   8          
   9          
  10          void main()
  11          {
  12   1          LCD_Init();
  13   1          LCD_ShowString(1,1,"Password");
  14   1          while (1)
  15   1          {
  16   2             KeyNum=MatrixKey();
  17   2             if(KeyNum)
  18   2             {
  19   3              if(KeyNum <=10)//如果s1~s10按键按下,输入密码
  20   3              {
  21   4                  if(count<4)
  22   4                  {
  23   5                  Password*=10;
  24   5                  Password+=KeyNum%10;
  25   5                  count++;
  26   5                  }
  27   4                  
  28   4              } 
  29   3              LCD_ShowNum(2,1,Password,4);
  30   3             }
  31   2             if(KeyNum==11)
  32   2             {
  33   3              if(Password==2345)
  34   3              {
  35   4                  LCD_ShowString(1,14,"OK");
  36   4              }
  37   3              else{
  38   4                  LCD_ShowString(1,14,"ERR");
  39   4              }
  40   3             }
  41   2          }
  42   1      }


MODULE INFORMATION:   STATIC OVERLAYABLE
   CODE SIZE        =    137    ----
   CONSTANT SIZE    =     16    ----
   XDATA SIZE       =   ----    ----
   PDATA SIZE       =   ----    ----
   DATA SIZE        =      5    ----
   IDATA SIZE       =   ----    ----
   BIT SIZE         =   ----    ----
END OF MODULE INFORMATION.


C51 COMPILATION COMPLETE.  0 WARNING(S),  0 ERROR(S)
