C51 COMPILER V9.54   MATIXKEY                                                              07/20/2023 21:59:50 PAGE 1   


C51 COMPILER V9.54, COMPILATION OF MODULE MATIXKEY
OBJECT MODULE PLACED IN .\Objects\MatixKey.obj
COMPILER INVOKED BY: D:\keil\C51\BIN\C51.EXE MatixKey.c OPTIMIZE(8,SPEED) BROWSE DEBUG OBJECTEXTEND PRINT(.\Listings\Mat
                    -ixKey.lst) TABS(2) OBJECT(.\Objects\MatixKey.obj)

line level    source

   1          #include<REG51.H>
   2          #include"Delay.h"
   3          sbit P1_3=P1^3;
   4          sbit P1_4=P1^4;
   5          sbit P1_0=P1^0;
   6          sbit P1_1=P1^1;
   7          sbit P1_2=P1^3;
   8          sbit P1_5=P1^5;
   9          sbit P1_6=P1^6;
  10          sbit P1_7=P1^7;
  11          
  12          
  13          unsigned char MatrixKey()
  14          {
  15   1          unsigned char KeyNumber=0;
  16   1      
  17   1          P1=0xFF;
  18   1          P1_3=0;
  19   1          if (P1_7==0)
  20   1          {
  21   2              Delay(20);
  22   2              while (P1_7==0);
  23   2              Delay(20);
  24   2              KeyNumber=1;
  25   2          }
  26   1          if (P1_6==0)
  27   1          {
  28   2              Delay(20);
  29   2              while (P1_6==0);
  30   2              Delay(20);
  31   2              KeyNumber=5;
  32   2          }
  33   1          if (P1_5==0)
  34   1          {
  35   2              Delay(20);
  36   2              while (P1_5==0);
  37   2              Delay(20);
  38   2              KeyNumber=9;
  39   2          }
  40   1          if (P1_4==0)
  41   1          {
  42   2              Delay(20);
  43   2              while (P1_4==0);
  44   2              Delay(20);
  45   2              KeyNumber=13;
  46   2          }
  47   1          
  48   1          P1=0xFF;
  49   1          P1_2=0;
  50   1          if (P1_7==0)
  51   1          {
  52   2              Delay(20);
  53   2              while (P1_7==0);
  54   2              Delay(20);
C51 COMPILER V9.54   MATIXKEY                                                              07/20/2023 21:59:50 PAGE 2   

  55   2              KeyNumber=2;
  56   2          }
  57   1          if (P1_6==0)
  58   1          {
  59   2              Delay(20);
  60   2              while (P1_6==0);
  61   2              Delay(20);
  62   2              KeyNumber=6;
  63   2          }
  64   1          if (P1_5==0)
  65   1          {
  66   2              Delay(20);
  67   2              while (P1_5==0);
  68   2              Delay(20);
  69   2              KeyNumber=10;
  70   2          }
  71   1          if (P1_4==0)
  72   1          {
  73   2              Delay(20);
  74   2              while (P1_4==0);
  75   2              Delay(20);
  76   2              KeyNumber=14;
  77   2          }
  78   1      
  79   1      
  80   1          P1=0xFF;
  81   1          P1_1=0;
  82   1          if (P1_7==0)
  83   1          {
  84   2              Delay(20);
  85   2              while (P1_7==0);
  86   2              Delay(20);
  87   2              KeyNumber=3;
  88   2          }
  89   1          if (P1_6==0)
  90   1          {
  91   2              Delay(20);
  92   2              while (P1_6==0);
  93   2              Delay(20);
  94   2              KeyNumber=7;
  95   2          }
  96   1          if (P1_5==0)
  97   1          {
  98   2              Delay(20);
  99   2              while (P1_5==0);
 100   2              Delay(20);
 101   2              KeyNumber=11;
 102   2          }
 103   1          if (P1_4==0)
 104   1          {
 105   2              Delay(20);
 106   2              while (P1_4==0);
 107   2              Delay(20);
 108   2              KeyNumber=15;
 109   2          }
 110   1      
 111   1      
 112   1          P1=0xFF;
 113   1          P1_0=0;
 114   1          if (P1_7==0)
 115   1          {
 116   2              Delay(20);
C51 COMPILER V9.54   MATIXKEY                                                              07/20/2023 21:59:50 PAGE 3   

 117   2              while (P1_7==0);
 118   2              Delay(20);
 119   2              KeyNumber=4;
 120   2          }
 121   1          if (P1_6==0)
 122   1          {
 123   2              Delay(20);
 124   2              while (P1_6==0);
 125   2              Delay(20);
 126   2              KeyNumber=8;
 127   2          }
 128   1          if (P1_5==0)
 129   1          {
 130   2              Delay(20);
 131   2              while (P1_5==0);
 132   2              Delay(20);
 133   2              KeyNumber=12;
 134   2          }
 135   1          if (P1_4==0)
 136   1          {
 137   2              Delay(20);
 138   2              while (P1_4==0);
 139   2              Delay(20);
 140   2              KeyNumber=16;
 141   2          }
 142   1      
 143   1      
 144   1      
 145   1          return KeyNumber;
 146   1      }


MODULE INFORMATION:   STATIC OVERLAYABLE
   CODE SIZE        =    393    ----
   CONSTANT SIZE    =   ----    ----
   XDATA SIZE       =   ----    ----
   PDATA SIZE       =   ----    ----
   DATA SIZE        =   ----       1
   IDATA SIZE       =   ----    ----
   BIT SIZE         =   ----    ----
END OF MODULE INFORMATION.


C51 COMPILATION COMPLETE.  0 WARNING(S),  0 ERROR(S)
