C51 COMPILER V9.54   MAIN                                                                  09/26/2023 21:25:34 PAGE 1   


C51 COMPILER V9.54, COMPILATION OF MODULE MAIN
OBJECT MODULE PLACED IN .\build\Release\src\main.o
COMPILER INVOKED BY: d:\keil\C51\BIN\C51.exe .\SRC\MAIN.C OMF2 TABS(4) CODE NOCOND SYMBOLS PRINT(.\build\Release\src\mai
                    -n.lst) INCDIR(d:/keil/C51/INC;src) DEFINE(__UVISION_VERSION=526) OPTIMIZE(8,SPEED) SMALL ROM(LARGE) OBJECT(.\build\Relea
                    -se\src\main.o)

line level    source

   1          //实例29：用数组作函数参数控制流水花样
   2          
   3          #include<reg51.h>
   4          
   5          
   6          /*************************************************
   7          
   8          函数功能：延时约150ms
   9          
  10          *************************************************/
  11          
  12          void delay(void)
  13          
  14          {
  15   1      
  16   1      unsigned char m,n;
  17   1      
  18   1      for(m=0;m<200;m++)
  19   1      
  20   1      for(n=0;n<250;n++)
  21   1      
  22   1      ;
  23   1      
  24   1      }
  25          
  26          /*************************************************
  27          
  28          函数功能：流水点亮P0口8位LED
  29          
  30          *************************************************/
  31          
  32          void led_flow(unsignedchar a [8])
*** ERROR C141 IN LINE 32 OF .\SRC\MAIN.C: syntax error near 'a', expected ')'
  33          
  34          {
  35   1      
  36   1      unsigned char i;
  37   1      
  38   1      for(i=0;i<8;i++)
  39   1      
  40   1      {
  41   2      
  42   2       P0 = a[i];
*** ERROR C202 IN LINE 42 OF .\SRC\MAIN.C: 'a': undefined identifier
  43   2      
  44   2      delay();
  45   2      
  46   2      }
  47   1      
  48   1      }
  49          
  50          
  51           
C51 COMPILER V9.54   MAIN                                                                  09/26/2023 21:25:34 PAGE 2   

  52          
  53          /*************************************************
  54          
  55          函数功能：主函数
  56          
  57          *************************************************/
  58          
  59          void main(void)
  60          
  61          {
  62   1      
  63   1      unsigned  char code Tab[]={0xFE,0xFD,0xFB,0xF7,0xEF,0xDF,0xBF,0x7F};
  64   1      
  65   1      //流水灯控制码
  66   1      
  67   1      led_flow(Tab);
  68   1      
  69   1      }

C51 COMPILATION COMPLETE.  0 WARNING(S),  2 ERROR(S)
