C51 COMPILER V9.54   MAIN                                                                  07/17/2023 22:22:43 PAGE 1   


C51 COMPILER V9.54, COMPILATION OF MODULE MAIN
OBJECT MODULE PLACED IN .\Objects\main.obj
COMPILER INVOKED BY: D:\keil\C51\BIN\C51.EXE main.c OPTIMIZE(8,SPEED) BROWSE DEBUG OBJECTEXTEND PRINT(.\Listings\main.ls
                    -t) TABS(2) OBJECT(.\Objects\main.obj)

line level    source

   1          #include <REGX52.H>
   2          
   3          unsigned char NixieTable[]={0x3F,0x06,0x5B,0x4F,0x66,0x6D,0x7D,0x07,0x7F,0x6F};
   4          
   5          void Delay(unsigned int xms)    //@11.0592MHz
   6          {
   7   1        unsigned char i, j;
   8   1        while(xms--)
   9   1        {
  10   2          i = 11;
  11   2        j = 190;
  12   2        do
  13   2        {
  14   3          while (--j);
  15   3        } while (--i);
  16   2        }
  17   1      
  18   1        
  19   1      }
  20          
  21          void Nixie(unsigned char Location,number)
  22          {
  23   1        switch(Location)
  24   1        {
  25   2            case 1:P2_4=1;P2_3=1;P2_2=1;break;
  26   2            case 2:P2_4=1;P2_3=1;P2_2=0;break;
  27   2            case 3:P2_4=1;P2_3=0;P2_2=1;break;
  28   2            case 4:P2_4=1;P2_3=0;P2_2=0;break;
  29   2            case 5:P2_4=0;P2_3=1;P2_2=1;break;
  30   2            case 6:P2_4=0;P2_3=1;P2_2=0;break;
  31   2            case 7:P2_4=0;P2_3=0;P2_2=1;break;
  32   2            case 8:P2_4=0;P2_3=0;P2_2=0;break;
  33   2          
  34   2        }
  35   1          P0=NixieTable[number];
  36   1          Delay(1);
  37   1          P0=0x00;
  38   1      }
  39          
  40          void main()
  41          {
  42   1        
  43   1        while(1)
  44   1        {
  45   2        Nixie(1,1);
  46   2        //Delay(200);
  47   2        Nixie(2,2);
  48   2        //Delay(200);
  49   2        Nixie(3,3);
  50   2        //Delay(200);
  51   2        
  52   2        }
  53   1      
  54   1          
C51 COMPILER V9.54   MAIN                                                                  07/17/2023 22:22:43 PAGE 2   

  55   1      }


MODULE INFORMATION:   STATIC OVERLAYABLE
   CODE SIZE        =    159    ----
   CONSTANT SIZE    =   ----    ----
   XDATA SIZE       =   ----    ----
   PDATA SIZE       =   ----    ----
   DATA SIZE        =     10    ----
   IDATA SIZE       =   ----    ----
   BIT SIZE         =   ----    ----
END OF MODULE INFORMATION.


C51 COMPILATION COMPLETE.  0 WARNING(S),  0 ERROR(S)
