C51 COMPILER V9.54   XPT2046                                                               08/11/2023 14:42:05 PAGE 1   


C51 COMPILER V9.54, COMPILATION OF MODULE XPT2046
OBJECT MODULE PLACED IN .\build\Release\src\XPT2046.o
COMPILER INVOKED BY: d:\keil\C51\BIN\C51.exe .\SRC\XPT2046.C OMF2 TABS(4) CODE NOCOND SYMBOLS PRINT(.\build\Release\src\
                    -XPT2046.lst) INCDIR(d:/keil/C51/INC;src) DEFINE(__UVISION_VERSION=526) OPTIMIZE(8,SPEED) SMALL ROM(LARGE) OBJECT(.\build
                    -\Release\src\XPT2046.o)

line level    source

   1          #include<REG51.H>
   2          
   3          
   4          sbit XPT2046_CS=P3^5;
   5          sbit XPT2046_DCLK=P3^6;
   6          sbit XPT2046_DIN=P3^4;
   7          sbit XPT2046_DOUT=P3^7;
   8          
   9          
  10          unsigned int XPT2046_ReadAD(unsigned char Command)
  11          {
  12   1          unsigned int ADVAlue=0;
  13   1          unsigned char i;
  14   1          XPT2046_DCLK=0;
  15   1          XPT2046_CS=0;
  16   1          
  17   1          for ( i = 0; i < 8; i++)
  18   1          {     
  19   2              XPT2046_DIN=Command&(0x80>>i);
  20   2              XPT2046_DCLK=1;
  21   2              XPT2046_DCLK=0;
  22   2          }
  23   1          for ( i = 0; i < 16; i++)
  24   1          {
  25   2              XPT2046_DCLK=1;
  26   2              XPT2046_DCLK=0;
  27   2              if(XPT2046_DOUT)
  28   2              {
  29   3                  ADVAlue|=(0x8000>>i);
  30   3              }
  31   2          }
  32   1          XPT2046_CS=1;    
  33   1          if(Command&0x08)
  34   1          return  ADVAlue>>8;
  35   1          return  ADVAlue>>4;
  36   1      }
  37          
C51 COMPILER V9.54   XPT2046                                                               08/11/2023 14:42:05 PAGE 2   

ASSEMBLY LISTING OF GENERATED OBJECT CODE


             ; FUNCTION _XPT2046_ReadAD (BEGIN)
                                           ; SOURCE LINE # 10
;---- Variable 'Command' assigned to Register 'R5' ----
0000 AD07              MOV     R5,AR7
                                           ; SOURCE LINE # 11
                                           ; SOURCE LINE # 12
0002 E4                CLR     A
0003 F500        R     MOV     ADVAlue,A
0005 F500        R     MOV     ADVAlue+01H,A
                                           ; SOURCE LINE # 14
0007 C2B6              CLR     XPT2046_DCLK
                                           ; SOURCE LINE # 15
0009 C2B5              CLR     XPT2046_CS
                                           ; SOURCE LINE # 17
;---- Variable 'i' assigned to Register 'R3' ----
000B FB                MOV     R3,A
000C         ?C0001:
                                           ; SOURCE LINE # 18
                                           ; SOURCE LINE # 19
000C 7480              MOV     A,#080H
000E 7E00              MOV     R6,#00H
0010 A803              MOV     R0,AR3
0012 08                INC     R0
0013 8006              SJMP    ?C0011
0015         ?C0010:
0015 CE                XCH     A,R6
0016 A2E7              MOV     C,ACC.7
0018 13                RRC     A
0019 CE                XCH     A,R6
001A 13                RRC     A
001B         ?C0011:
001B D8F8              DJNZ    R0,?C0010
001D FF                MOV     R7,A
001E ED                MOV     A,R5
001F F582              MOV     DPL,A
0021 EF                MOV     A,R7
0022 5582              ANL     A,DPL
0024 24FF              ADD     A,#0FFH
0026 92B4              MOV     XPT2046_DIN,C
                                           ; SOURCE LINE # 20
0028 D2B6              SETB    XPT2046_DCLK
                                           ; SOURCE LINE # 21
002A C2B6              CLR     XPT2046_DCLK
                                           ; SOURCE LINE # 22
002C 0B                INC     R3
002D BB08DC            CJNE    R3,#08H,?C0001
0030         ?C0002:
                                           ; SOURCE LINE # 23
0030 E4                CLR     A
0031 FB                MOV     R3,A
0032         ?C0004:
                                           ; SOURCE LINE # 24
                                           ; SOURCE LINE # 25
0032 D2B6              SETB    XPT2046_DCLK
                                           ; SOURCE LINE # 26
0034 C2B6              CLR     XPT2046_DCLK
                                           ; SOURCE LINE # 27
0036 30B714            JNB     XPT2046_DOUT,?C0006
                                           ; SOURCE LINE # 28
C51 COMPILER V9.54   XPT2046                                                               08/11/2023 14:42:05 PAGE 3   

                                           ; SOURCE LINE # 29
0039 E4                CLR     A
003A 7E80              MOV     R6,#080H
003C A803              MOV     R0,AR3
003E 08                INC     R0
003F 8005              SJMP    ?C0013
0041         ?C0012:
0041 CE                XCH     A,R6
0042 C3                CLR     C
0043 13                RRC     A
0044 CE                XCH     A,R6
0045 13                RRC     A
0046         ?C0013:
0046 D8F9              DJNZ    R0,?C0012
0048 4200        R     ORL     ADVAlue+01H,A
004A EE                MOV     A,R6
004B 4200        R     ORL     ADVAlue,A
                                           ; SOURCE LINE # 30
                                           ; SOURCE LINE # 31
004D         ?C0006:
004D 0B                INC     R3
004E BB10E1            CJNE    R3,#010H,?C0004
0051         ?C0005:
                                           ; SOURCE LINE # 32
0051 D2B5              SETB    XPT2046_CS
                                           ; SOURCE LINE # 33
0053 ED                MOV     A,R5
0054 30E306            JNB     ACC.3,?C0008
                                           ; SOURCE LINE # 34
0057 E500        R     MOV     A,ADVAlue
0059 FF                MOV     R7,A
005A 7E00              MOV     R6,#00H
005C 22                RET     
005D         ?C0008:
                                           ; SOURCE LINE # 35
005D E500        R     MOV     A,ADVAlue
005F C4                SWAP    A
0060 F8                MOV     R0,A
0061 54F0              ANL     A,#0F0H
0063 C8                XCH     A,R0
0064 68                XRL     A,R0
0065 FE                MOV     R6,A
0066 E500        R     MOV     A,ADVAlue+01H
0068 C4                SWAP    A
0069 540F              ANL     A,#0FH
006B 48                ORL     A,R0
006C FF                MOV     R7,A
                                           ; SOURCE LINE # 36
006D         ?C0009:
006D 22                RET     
             ; FUNCTION _XPT2046_ReadAD (END)

C51 COMPILER V9.54   XPT2046                                                               08/11/2023 14:42:05 PAGE 4   

NAME                                    CLASS   MSPACE  TYPE    OFFSET  SIZE
====                                    =====   ======  ====    ======  ====


P0 . . . . . . . . . . . . . . . . . .  SFR      DATA   U_CHAR   0080H  1
P1 . . . . . . . . . . . . . . . . . .  SFR      DATA   U_CHAR   0090H  1
P2 . . . . . . . . . . . . . . . . . .  SFR      DATA   U_CHAR   00A0H  1
P3 . . . . . . . . . . . . . . . . . .  SFR      DATA   U_CHAR   00B0H  1
T0 . . . . . . . . . . . . . . . . . .  ABSBIT   -----  BIT      00B4H  1
AC . . . . . . . . . . . . . . . . . .  ABSBIT   -----  BIT      00D6H  1
T1 . . . . . . . . . . . . . . . . . .  ABSBIT   -----  BIT      00B5H  1
EA . . . . . . . . . . . . . . . . . .  ABSBIT   -----  BIT      00AFH  1
XPT2046_DIN. . . . . . . . . . . . . .  ABSBIT   -----  BIT      00B4H  1
IE . . . . . . . . . . . . . . . . . .  SFR      DATA   U_CHAR   00A8H  1
RD . . . . . . . . . . . . . . . . . .  ABSBIT   -----  BIT      00B7H  1
ES . . . . . . . . . . . . . . . . . .  ABSBIT   -----  BIT      00ACH  1
IP . . . . . . . . . . . . . . . . . .  SFR      DATA   U_CHAR   00B8H  1
RI . . . . . . . . . . . . . . . . . .  ABSBIT   -----  BIT      0098H  1
INT0 . . . . . . . . . . . . . . . . .  ABSBIT   -----  BIT      00B2H  1
CY . . . . . . . . . . . . . . . . . .  ABSBIT   -----  BIT      00D7H  1
TI . . . . . . . . . . . . . . . . . .  ABSBIT   -----  BIT      0099H  1
INT1 . . . . . . . . . . . . . . . . .  ABSBIT   -----  BIT      00B3H  1
PS . . . . . . . . . . . . . . . . . .  ABSBIT   -----  BIT      00BCH  1
SP . . . . . . . . . . . . . . . . . .  SFR      DATA   U_CHAR   0081H  1
OV . . . . . . . . . . . . . . . . . .  ABSBIT   -----  BIT      00D2H  1
WR . . . . . . . . . . . . . . . . . .  ABSBIT   -----  BIT      00B6H  1
_XPT2046_ReadAD. . . . . . . . . . . .  PUBLIC   CODE   PROC     0000H  -----
  Command. . . . . . . . . . . . . . .  * REG *  DATA   U_CHAR   0005H  1
  ADVAlue. . . . . . . . . . . . . . .  AUTO     DATA   U_INT    0000H  2
  i. . . . . . . . . . . . . . . . . .  * REG *  DATA   U_CHAR   0003H  1
SBUF . . . . . . . . . . . . . . . . .  SFR      DATA   U_CHAR   0099H  1
PCON . . . . . . . . . . . . . . . . .  SFR      DATA   U_CHAR   0087H  1
SCON . . . . . . . . . . . . . . . . .  SFR      DATA   U_CHAR   0098H  1
TMOD . . . . . . . . . . . . . . . . .  SFR      DATA   U_CHAR   0089H  1
TCON . . . . . . . . . . . . . . . . .  SFR      DATA   U_CHAR   0088H  1
IE0. . . . . . . . . . . . . . . . . .  ABSBIT   -----  BIT      0089H  1
IE1. . . . . . . . . . . . . . . . . .  ABSBIT   -----  BIT      008BH  1
XPT2046_CS . . . . . . . . . . . . . .  ABSBIT   -----  BIT      00B5H  1
B. . . . . . . . . . . . . . . . . . .  SFR      DATA   U_CHAR   00F0H  1
ACC. . . . . . . . . . . . . . . . . .  SFR      DATA   U_CHAR   00E0H  1
ET0. . . . . . . . . . . . . . . . . .  ABSBIT   -----  BIT      00A9H  1
XPT2046_DCLK . . . . . . . . . . . . .  ABSBIT   -----  BIT      00B6H  1
ET1. . . . . . . . . . . . . . . . . .  ABSBIT   -----  BIT      00ABH  1
TF0. . . . . . . . . . . . . . . . . .  ABSBIT   -----  BIT      008DH  1
TF1. . . . . . . . . . . . . . . . . .  ABSBIT   -----  BIT      008FH  1
RB8. . . . . . . . . . . . . . . . . .  ABSBIT   -----  BIT      009AH  1
TH0. . . . . . . . . . . . . . . . . .  SFR      DATA   U_CHAR   008CH  1
EX0. . . . . . . . . . . . . . . . . .  ABSBIT   -----  BIT      00A8H  1
IT0. . . . . . . . . . . . . . . . . .  ABSBIT   -----  BIT      0088H  1
TH1. . . . . . . . . . . . . . . . . .  SFR      DATA   U_CHAR   008DH  1
TB8. . . . . . . . . . . . . . . . . .  ABSBIT   -----  BIT      009BH  1
EX1. . . . . . . . . . . . . . . . . .  ABSBIT   -----  BIT      00AAH  1
IT1. . . . . . . . . . . . . . . . . .  ABSBIT   -----  BIT      008AH  1
P. . . . . . . . . . . . . . . . . . .  ABSBIT   -----  BIT      00D0H  1
SM0. . . . . . . . . . . . . . . . . .  ABSBIT   -----  BIT      009FH  1
TL0. . . . . . . . . . . . . . . . . .  SFR      DATA   U_CHAR   008AH  1
SM1. . . . . . . . . . . . . . . . . .  ABSBIT   -----  BIT      009EH  1
TL1. . . . . . . . . . . . . . . . . .  SFR      DATA   U_CHAR   008BH  1
SM2. . . . . . . . . . . . . . . . . .  ABSBIT   -----  BIT      009DH  1
PT0. . . . . . . . . . . . . . . . . .  ABSBIT   -----  BIT      00B9H  1
PT1. . . . . . . . . . . . . . . . . .  ABSBIT   -----  BIT      00BBH  1
C51 COMPILER V9.54   XPT2046                                                               08/11/2023 14:42:05 PAGE 5   

NAME                                    CLASS   MSPACE  TYPE    OFFSET  SIZE
====                                    =====   ======  ====    ======  ====


RS0. . . . . . . . . . . . . . . . . .  ABSBIT   -----  BIT      00D3H  1
TR0. . . . . . . . . . . . . . . . . .  ABSBIT   -----  BIT      008CH  1
RS1. . . . . . . . . . . . . . . . . .  ABSBIT   -----  BIT      00D4H  1
TR1. . . . . . . . . . . . . . . . . .  ABSBIT   -----  BIT      008EH  1
PX0. . . . . . . . . . . . . . . . . .  ABSBIT   -----  BIT      00B8H  1
PX1. . . . . . . . . . . . . . . . . .  ABSBIT   -----  BIT      00BAH  1
DPH. . . . . . . . . . . . . . . . . .  SFR      DATA   U_CHAR   0083H  1
DPL. . . . . . . . . . . . . . . . . .  SFR      DATA   U_CHAR   0082H  1
REN. . . . . . . . . . . . . . . . . .  ABSBIT   -----  BIT      009CH  1
XPT2046_DOUT . . . . . . . . . . . . .  ABSBIT   -----  BIT      00B7H  1
RXD. . . . . . . . . . . . . . . . . .  ABSBIT   -----  BIT      00B0H  1
TXD. . . . . . . . . . . . . . . . . .  ABSBIT   -----  BIT      00B1H  1
F0 . . . . . . . . . . . . . . . . . .  ABSBIT   -----  BIT      00D5H  1
PSW. . . . . . . . . . . . . . . . . .  SFR      DATA   U_CHAR   00D0H  1


MODULE INFORMATION:   STATIC OVERLAYABLE
   CODE SIZE        =    110    ----
   CONSTANT SIZE    =   ----    ----
   XDATA SIZE       =   ----    ----
   PDATA SIZE       =   ----    ----
   DATA SIZE        =   ----       2
   IDATA SIZE       =   ----    ----
   BIT SIZE         =   ----    ----
   EDATA SIZE       =   ----    ----
   HDATA SIZE       =   ----    ----
   XDATA CONST SIZE =   ----    ----
   FAR CONST SIZE   =   ----    ----
END OF MODULE INFORMATION.


C51 COMPILATION COMPLETE.  0 WARNING(S),  0 ERROR(S)
