C51 COMPILER V9.54   MAIN                                                                  09/06/2023 21:38:35 PAGE 1   


C51 COMPILER V9.54, COMPILATION OF MODULE MAIN
OBJECT MODULE PLACED IN .\build\Release\src\main.o
COMPILER INVOKED BY: d:\keil\C51\BIN\C51.exe .\SRC\MAIN.C OMF2 TABS(4) CODE NOCOND SYMBOLS PRINT(.\build\Release\src\mai
                    -n.lst) INCDIR(d:/keil/C51/INC;src) DEFINE(__UVISION_VERSION=526) OPTIMIZE(8,SPEED) SMALL ROM(LARGE) OBJECT(.\build\Relea
                    -se\src\main.o)

line level    source

   1          #include <reg52.h>
   2          sbit Q1 = P2^0;
   3          unsigned char num[]={0xff,0xf9,0xa4,0xb0,0x99,0x92,0x82,0xf8,0x80,0x90};
   4          unsigned char i;
   5          void int_0() interrupt 0
   6          {
   7   1          if(i<9)
   8   1              i++;
   9   1          else
  10   1              i=1;
  11   1          P0=num[i];
  12   1      }
  13          void delay()
  14          {
  15   1          unsigned char j;
  16   1          for(j=0;j<20;j++)
  17   1          {
  18   2              TH1=(65536-50000)/256;
  19   2              TL1=(65536-50000)%256;
  20   2              TR1=1;
  21   2              while(!TF1);
  22   2              TF1=0;
  23   2          }
  24   1      }
  25          void LED()
  26          {
  27   1          unsigned char k,w,n;
  28   1          w=0x01;
  29   1          for(k=0;k<8;k++)
  30   1          {
  31   2              P1 = ~w;
  32   2              for(n=0;n<i;n++)
  33   2              {
  34   3                  delay();
  35   3              }
  36   2              w<<=1;
  37   2          }
  38   1      }
  39          void main()
  40          {
  41   1          TMOD = 0x10;
  42   1          EX0 =1;
  43   1          IT0 =1;
  44   1          EA = 1;
  45   1          Q1 = 0;
  46   1          i=0;
  47   1          P0 = num[i];
  48   1          P1 = 0xff;
  49   1          while(1)
  50   1          {
  51   2              if(i!=0)
  52   2              LED();
  53   2          }
C51 COMPILER V9.54   MAIN                                                                  09/06/2023 21:38:35 PAGE 2   

  54   1      }
C51 COMPILER V9.54   MAIN                                                                  09/06/2023 21:38:35 PAGE 3   

ASSEMBLY LISTING OF GENERATED OBJECT CODE


             ; FUNCTION int_0 (BEGIN)
0000 C0E0              PUSH    ACC
0002 C0D0              PUSH    PSW
0004 75D000            MOV     PSW,#00H
0007 C000              PUSH    AR0
                                           ; SOURCE LINE # 5
                                           ; SOURCE LINE # 7
0009 E500        R     MOV     A,i
000B C3                CLR     C
000C 9409              SUBB    A,#09H
000E 5004              JNC     ?C0001
                                           ; SOURCE LINE # 8
0010 0500        R     INC     i
0012 8003              SJMP    ?C0002
0014         ?C0001:
                                           ; SOURCE LINE # 10
0014 750001      R     MOV     i,#01H
0017         ?C0002:
                                           ; SOURCE LINE # 11
0017 7400        R     MOV     A,#LOW num
0019 2500        R     ADD     A,i
001B F8                MOV     R0,A
001C E6                MOV     A,@R0
001D F580              MOV     P0,A
                                           ; SOURCE LINE # 12
001F D000              POP     AR0
0021 D0D0              POP     PSW
0023 D0E0              POP     ACC
0025 32                RETI    
             ; FUNCTION int_0 (END)

             ; FUNCTION delay (BEGIN)
                                           ; SOURCE LINE # 13
                                           ; SOURCE LINE # 14
                                           ; SOURCE LINE # 16
;---- Variable 'j' assigned to Register 'R7' ----
0000 E4                CLR     A
0001 FF                MOV     R7,A
0002         ?C0004:
                                           ; SOURCE LINE # 17
                                           ; SOURCE LINE # 18
0002 758D3C            MOV     TH1,#03CH
                                           ; SOURCE LINE # 19
0005 758BB0            MOV     TL1,#0B0H
                                           ; SOURCE LINE # 20
0008 D28E              SETB    TR1
000A         ?C0007:
                                           ; SOURCE LINE # 21
000A 308FFD            JNB     TF1,?C0007
000D         ?C0008:
                                           ; SOURCE LINE # 22
000D C28F              CLR     TF1
                                           ; SOURCE LINE # 23
000F 0F                INC     R7
0010 BF14EF            CJNE    R7,#014H,?C0004
                                           ; SOURCE LINE # 24
0013         ?C0009:
0013 22                RET     
             ; FUNCTION delay (END)
C51 COMPILER V9.54   MAIN                                                                  09/06/2023 21:38:35 PAGE 4   


             ; FUNCTION LED (BEGIN)
                                           ; SOURCE LINE # 25
                                           ; SOURCE LINE # 26
                                           ; SOURCE LINE # 28
;---- Variable 'w' assigned to Register 'R6' ----
0000 7E01              MOV     R6,#01H
                                           ; SOURCE LINE # 29
;---- Variable 'k' assigned to Register 'R5' ----
0002 E4                CLR     A
0003 FD                MOV     R5,A
0004         ?C0010:
                                           ; SOURCE LINE # 30
                                           ; SOURCE LINE # 31
0004 EE                MOV     A,R6
0005 F4                CPL     A
0006 F590              MOV     P1,A
                                           ; SOURCE LINE # 32
;---- Variable 'n' assigned to Register 'R4' ----
0008 E4                CLR     A
0009 FC                MOV     R4,A
000A         ?C0013:
000A EC                MOV     A,R4
000B C3                CLR     C
000C 9500        R     SUBB    A,i
000E 5006              JNC     ?C0014
                                           ; SOURCE LINE # 33
                                           ; SOURCE LINE # 34
0010 120000      R     LCALL   delay
                                           ; SOURCE LINE # 35
0013 0C                INC     R4
0014 80F4              SJMP    ?C0013
0016         ?C0014:
                                           ; SOURCE LINE # 36
0016 EE                MOV     A,R6
0017 25E0              ADD     A,ACC
0019 FE                MOV     R6,A
                                           ; SOURCE LINE # 37
001A 0D                INC     R5
001B BD08E6            CJNE    R5,#08H,?C0010
                                           ; SOURCE LINE # 38
001E         ?C0016:
001E 22                RET     
             ; FUNCTION LED (END)

             ; FUNCTION main (BEGIN)
                                           ; SOURCE LINE # 39
                                           ; SOURCE LINE # 40
                                           ; SOURCE LINE # 41
0000 758910            MOV     TMOD,#010H
                                           ; SOURCE LINE # 42
0003 D2A8              SETB    EX0
                                           ; SOURCE LINE # 43
0005 D288              SETB    IT0
                                           ; SOURCE LINE # 44
0007 D2AF              SETB    EA
                                           ; SOURCE LINE # 45
0009 C2A0              CLR     Q1
                                           ; SOURCE LINE # 46
000B E4                CLR     A
000C F500        R     MOV     i,A
                                           ; SOURCE LINE # 47
C51 COMPILER V9.54   MAIN                                                                  09/06/2023 21:38:35 PAGE 5   

000E 7400        R     MOV     A,#LOW num
0010 2500        R     ADD     A,i
0012 F8                MOV     R0,A
0013 E6                MOV     A,@R0
0014 F580              MOV     P0,A
                                           ; SOURCE LINE # 48
0016 7590FF            MOV     P1,#0FFH
0019         ?C0017:
                                           ; SOURCE LINE # 49
                                           ; SOURCE LINE # 50
                                           ; SOURCE LINE # 51
0019 E500        R     MOV     A,i
001B 60FC              JZ      ?C0017
                                           ; SOURCE LINE # 52
001D 120000      R     LCALL   LED
                                           ; SOURCE LINE # 53
0020 80F7              SJMP    ?C0017
             ; FUNCTION main (END)

C51 COMPILER V9.54   MAIN                                                                  09/06/2023 21:38:35 PAGE 6   

NAME                                    CLASS   MSPACE  TYPE    OFFSET  SIZE
====                                    =====   ======  ====    ======  ====


P0 . . . . . . . . . . . . . . . . . .  SFR      DATA   U_CHAR   0080H  1
P1 . . . . . . . . . . . . . . . . . .  SFR      DATA   U_CHAR   0090H  1
Q1 . . . . . . . . . . . . . . . . . .  ABSBIT   -----  BIT      00A0H  1
P2 . . . . . . . . . . . . . . . . . .  SFR      DATA   U_CHAR   00A0H  1
P3 . . . . . . . . . . . . . . . . . .  SFR      DATA   U_CHAR   00B0H  1
T0 . . . . . . . . . . . . . . . . . .  ABSBIT   -----  BIT      00B4H  1
AC . . . . . . . . . . . . . . . . . .  ABSBIT   -----  BIT      00D6H  1
T1 . . . . . . . . . . . . . . . . . .  ABSBIT   -----  BIT      00B5H  1
T2 . . . . . . . . . . . . . . . . . .  ABSBIT   -----  BIT      0090H  1
EA . . . . . . . . . . . . . . . . . .  ABSBIT   -----  BIT      00AFH  1
IE . . . . . . . . . . . . . . . . . .  SFR      DATA   U_CHAR   00A8H  1
delay. . . . . . . . . . . . . . . . .  PUBLIC   CODE   PROC     0000H  -----
  j. . . . . . . . . . . . . . . . . .  * REG *  DATA   U_CHAR   0007H  1
EXF2 . . . . . . . . . . . . . . . . .  ABSBIT   -----  BIT      00CEH  1
RD . . . . . . . . . . . . . . . . . .  ABSBIT   -----  BIT      00B7H  1
ES . . . . . . . . . . . . . . . . . .  ABSBIT   -----  BIT      00ACH  1
IP . . . . . . . . . . . . . . . . . .  SFR      DATA   U_CHAR   00B8H  1
RI . . . . . . . . . . . . . . . . . .  ABSBIT   -----  BIT      0098H  1
INT0 . . . . . . . . . . . . . . . . .  ABSBIT   -----  BIT      00B2H  1
CY . . . . . . . . . . . . . . . . . .  ABSBIT   -----  BIT      00D7H  1
TI . . . . . . . . . . . . . . . . . .  ABSBIT   -----  BIT      0099H  1
INT1 . . . . . . . . . . . . . . . . .  ABSBIT   -----  BIT      00B3H  1
RCAP2H . . . . . . . . . . . . . . . .  SFR      DATA   U_CHAR   00CBH  1
PS . . . . . . . . . . . . . . . . . .  ABSBIT   -----  BIT      00BCH  1
SP . . . . . . . . . . . . . . . . . .  SFR      DATA   U_CHAR   0081H  1
T2EX . . . . . . . . . . . . . . . . .  ABSBIT   -----  BIT      0091H  1
OV . . . . . . . . . . . . . . . . . .  ABSBIT   -----  BIT      00D2H  1
RCAP2L . . . . . . . . . . . . . . . .  SFR      DATA   U_CHAR   00CAH  1
main . . . . . . . . . . . . . . . . .  PUBLIC   CODE   PROC     0000H  -----
C_T2 . . . . . . . . . . . . . . . . .  ABSBIT   -----  BIT      00C9H  1
WR . . . . . . . . . . . . . . . . . .  ABSBIT   -----  BIT      00B6H  1
RCLK . . . . . . . . . . . . . . . . .  ABSBIT   -----  BIT      00CDH  1
TCLK . . . . . . . . . . . . . . . . .  ABSBIT   -----  BIT      00CCH  1
SBUF . . . . . . . . . . . . . . . . .  SFR      DATA   U_CHAR   0099H  1
PCON . . . . . . . . . . . . . . . . .  SFR      DATA   U_CHAR   0087H  1
SCON . . . . . . . . . . . . . . . . .  SFR      DATA   U_CHAR   0098H  1
TMOD . . . . . . . . . . . . . . . . .  SFR      DATA   U_CHAR   0089H  1
TCON . . . . . . . . . . . . . . . . .  SFR      DATA   U_CHAR   0088H  1
IE0. . . . . . . . . . . . . . . . . .  ABSBIT   -----  BIT      0089H  1
IE1. . . . . . . . . . . . . . . . . .  ABSBIT   -----  BIT      008BH  1
B. . . . . . . . . . . . . . . . . . .  SFR      DATA   U_CHAR   00F0H  1
CP_RL2 . . . . . . . . . . . . . . . .  ABSBIT   -----  BIT      00C8H  1
ACC. . . . . . . . . . . . . . . . . .  SFR      DATA   U_CHAR   00E0H  1
ET0. . . . . . . . . . . . . . . . . .  ABSBIT   -----  BIT      00A9H  1
ET1. . . . . . . . . . . . . . . . . .  ABSBIT   -----  BIT      00ABH  1
TF0. . . . . . . . . . . . . . . . . .  ABSBIT   -----  BIT      008DH  1
ET2. . . . . . . . . . . . . . . . . .  ABSBIT   -----  BIT      00ADH  1
TF1. . . . . . . . . . . . . . . . . .  ABSBIT   -----  BIT      008FH  1
TF2. . . . . . . . . . . . . . . . . .  ABSBIT   -----  BIT      00CFH  1
RB8. . . . . . . . . . . . . . . . . .  ABSBIT   -----  BIT      009AH  1
TH0. . . . . . . . . . . . . . . . . .  SFR      DATA   U_CHAR   008CH  1
EX0. . . . . . . . . . . . . . . . . .  ABSBIT   -----  BIT      00A8H  1
IT0. . . . . . . . . . . . . . . . . .  ABSBIT   -----  BIT      0088H  1
TH1. . . . . . . . . . . . . . . . . .  SFR      DATA   U_CHAR   008DH  1
TB8. . . . . . . . . . . . . . . . . .  ABSBIT   -----  BIT      009BH  1
EX1. . . . . . . . . . . . . . . . . .  ABSBIT   -----  BIT      00AAH  1
IT1. . . . . . . . . . . . . . . . . .  ABSBIT   -----  BIT      008AH  1
C51 COMPILER V9.54   MAIN                                                                  09/06/2023 21:38:35 PAGE 7   

NAME                                    CLASS   MSPACE  TYPE    OFFSET  SIZE
====                                    =====   ======  ====    ======  ====


TH2. . . . . . . . . . . . . . . . . .  SFR      DATA   U_CHAR   00CDH  1
P. . . . . . . . . . . . . . . . . . .  ABSBIT   -----  BIT      00D0H  1
SM0. . . . . . . . . . . . . . . . . .  ABSBIT   -----  BIT      009FH  1
TL0. . . . . . . . . . . . . . . . . .  SFR      DATA   U_CHAR   008AH  1
num. . . . . . . . . . . . . . . . . .  PUBLIC   DATA   ARRAY    0000H  10
SM1. . . . . . . . . . . . . . . . . .  ABSBIT   -----  BIT      009EH  1
TL1. . . . . . . . . . . . . . . . . .  SFR      DATA   U_CHAR   008BH  1
SM2. . . . . . . . . . . . . . . . . .  ABSBIT   -----  BIT      009DH  1
TL2. . . . . . . . . . . . . . . . . .  SFR      DATA   U_CHAR   00CCH  1
PT0. . . . . . . . . . . . . . . . . .  ABSBIT   -----  BIT      00B9H  1
LED. . . . . . . . . . . . . . . . . .  PUBLIC   CODE   PROC     0000H  -----
  k. . . . . . . . . . . . . . . . . .  * REG *  DATA   U_CHAR   0005H  1
  w. . . . . . . . . . . . . . . . . .  * REG *  DATA   U_CHAR   0006H  1
  n. . . . . . . . . . . . . . . . . .  * REG *  DATA   U_CHAR   0004H  1
PT1. . . . . . . . . . . . . . . . . .  ABSBIT   -----  BIT      00BBH  1
RS0. . . . . . . . . . . . . . . . . .  ABSBIT   -----  BIT      00D3H  1
PT2. . . . . . . . . . . . . . . . . .  ABSBIT   -----  BIT      00BDH  1
TR0. . . . . . . . . . . . . . . . . .  ABSBIT   -----  BIT      008CH  1
RS1. . . . . . . . . . . . . . . . . .  ABSBIT   -----  BIT      00D4H  1
TR1. . . . . . . . . . . . . . . . . .  ABSBIT   -----  BIT      008EH  1
TR2. . . . . . . . . . . . . . . . . .  ABSBIT   -----  BIT      00CAH  1
PX0. . . . . . . . . . . . . . . . . .  ABSBIT   -----  BIT      00B8H  1
PX1. . . . . . . . . . . . . . . . . .  ABSBIT   -----  BIT      00BAH  1
int_0. . . . . . . . . . . . . . . . .  PUBLIC   CODE   PROC     0000H  -----
DPH. . . . . . . . . . . . . . . . . .  SFR      DATA   U_CHAR   0083H  1
DPL. . . . . . . . . . . . . . . . . .  SFR      DATA   U_CHAR   0082H  1
EXEN2. . . . . . . . . . . . . . . . .  ABSBIT   -----  BIT      00CBH  1
REN. . . . . . . . . . . . . . . . . .  ABSBIT   -----  BIT      009CH  1
T2CON. . . . . . . . . . . . . . . . .  SFR      DATA   U_CHAR   00C8H  1
i. . . . . . . . . . . . . . . . . . .  PUBLIC   DATA   U_CHAR   000AH  1
RXD. . . . . . . . . . . . . . . . . .  ABSBIT   -----  BIT      00B0H  1
TXD. . . . . . . . . . . . . . . . . .  ABSBIT   -----  BIT      00B1H  1
F0 . . . . . . . . . . . . . . . . . .  ABSBIT   -----  BIT      00D5H  1
PSW. . . . . . . . . . . . . . . . . .  SFR      DATA   U_CHAR   00D0H  1


MODULE INFORMATION:   STATIC OVERLAYABLE
   CODE SIZE        =    126    ----
   CONSTANT SIZE    =   ----    ----
   XDATA SIZE       =   ----    ----
   PDATA SIZE       =   ----    ----
   DATA SIZE        =     11    ----
   IDATA SIZE       =   ----    ----
   BIT SIZE         =   ----    ----
   EDATA SIZE       =   ----    ----
   HDATA SIZE       =   ----    ----
   XDATA CONST SIZE =   ----    ----
   FAR CONST SIZE   =   ----    ----
END OF MODULE INFORMATION.


C51 COMPILATION COMPLETE.  0 WARNING(S),  0 ERROR(S)
