C51 COMPILER V9.54   MOTOR                                                                 08/11/2023 16:16:51 PAGE 1   


C51 COMPILER V9.54, COMPILATION OF MODULE MOTOR
OBJECT MODULE PLACED IN .\build\Release\src\Motor.o
COMPILER INVOKED BY: d:\keil\C51\BIN\C51.exe .\SRC\MOTOR.C OMF2 TABS(4) CODE NOCOND SYMBOLS PRINT(.\build\Release\src\Mo
                    -tor.lst) INCDIR(d:/keil/C51/INC;src) DEFINE(__UVISION_VERSION=526) OPTIMIZE(8,SPEED) SMALL ROM(LARGE) OBJECT(.\build\Rel
                    -ease\src\Motor.o)

line level    source

   1          #include<REG51.H>
   2          #include"Timer1.h"
   3          
   4          
   5          sbit Motor=P1^0;
   6          unsigned char Counter,Compare;
   7          
   8          
   9          void Motor_Init(void)
  10          {
  11   1           Timer1_Init();
  12   1      }
  13          
  14          
  15          
  16          void Motor_SetSpeed(unsigned char Speed)
  17          {
  18   1          Compare=Speed;
  19   1      }
  20          
  21          
  22          void Timer1_Routine() interrupt 3
  23          {   
  24   1          TL1=0x9C;       //设置定时初值
  25   1          TH1=0xFF;       //设置定时初值
  26   1          Counter++;
  27   1          Counter%=100;   //Counter大于100,归零
  28   1          if(Counter<Compare)
  29   1          {
  30   2              Motor=1;
  31   2          }
  32   1          else
  33   1          {
  34   2              Motor=0;
  35   2          } 
  36   1      }
C51 COMPILER V9.54   MOTOR                                                                 08/11/2023 16:16:51 PAGE 2   

ASSEMBLY LISTING OF GENERATED OBJECT CODE


             ; FUNCTION Motor_Init (BEGIN)
                                           ; SOURCE LINE # 9
                                           ; SOURCE LINE # 10
                                           ; SOURCE LINE # 11
0000 020000      E     LJMP    Timer1_Init
             ; FUNCTION Motor_Init (END)

             ; FUNCTION _Motor_SetSpeed (BEGIN)
                                           ; SOURCE LINE # 16
;---- Variable 'Speed' assigned to Register 'R7' ----
                                           ; SOURCE LINE # 17
                                           ; SOURCE LINE # 18
0000 8F00        R     MOV     Compare,R7
                                           ; SOURCE LINE # 19
0002 22                RET     
             ; FUNCTION _Motor_SetSpeed (END)

             ; FUNCTION Timer1_Routine (BEGIN)
0000 C0E0              PUSH    ACC
0002 C0F0              PUSH    B
0004 C0D0              PUSH    PSW
                                           ; SOURCE LINE # 22
                                           ; SOURCE LINE # 24
0006 758B9C            MOV     TL1,#09CH
                                           ; SOURCE LINE # 25
0009 758DFF            MOV     TH1,#0FFH
                                           ; SOURCE LINE # 26
000C 0500        R     INC     Counter
                                           ; SOURCE LINE # 27
000E E500        R     MOV     A,Counter
0010 75F064            MOV     B,#064H
0013 84                DIV     AB
0014 85F000      R     MOV     Counter,B
                                           ; SOURCE LINE # 28
0017 E500        R     MOV     A,Counter
0019 C3                CLR     C
001A 9500        R     SUBB    A,Compare
001C 5004              JNC     ?C0003
                                           ; SOURCE LINE # 29
                                           ; SOURCE LINE # 30
001E D290              SETB    Motor
                                           ; SOURCE LINE # 31
0020 8002              SJMP    ?C0005
0022         ?C0003:
                                           ; SOURCE LINE # 33
                                           ; SOURCE LINE # 34
0022 C290              CLR     Motor
                                           ; SOURCE LINE # 35
                                           ; SOURCE LINE # 36
0024         ?C0005:
0024 D0D0              POP     PSW
0026 D0F0              POP     B
0028 D0E0              POP     ACC
002A 32                RETI    
             ; FUNCTION Timer1_Routine (END)

C51 COMPILER V9.54   MOTOR                                                                 08/11/2023 16:16:51 PAGE 3   

NAME                                    CLASS   MSPACE  TYPE    OFFSET  SIZE
====                                    =====   ======  ====    ======  ====


P0 . . . . . . . . . . . . . . . . . .  SFR      DATA   U_CHAR   0080H  1
Timer1_Routine . . . . . . . . . . . .  PUBLIC   CODE   PROC     0000H  -----
P1 . . . . . . . . . . . . . . . . . .  SFR      DATA   U_CHAR   0090H  1
P2 . . . . . . . . . . . . . . . . . .  SFR      DATA   U_CHAR   00A0H  1
P3 . . . . . . . . . . . . . . . . . .  SFR      DATA   U_CHAR   00B0H  1
T0 . . . . . . . . . . . . . . . . . .  ABSBIT   -----  BIT      00B4H  1
AC . . . . . . . . . . . . . . . . . .  ABSBIT   -----  BIT      00D6H  1
T1 . . . . . . . . . . . . . . . . . .  ABSBIT   -----  BIT      00B5H  1
EA . . . . . . . . . . . . . . . . . .  ABSBIT   -----  BIT      00AFH  1
Motor_Init . . . . . . . . . . . . . .  PUBLIC   CODE   PROC     0000H  -----
IE . . . . . . . . . . . . . . . . . .  SFR      DATA   U_CHAR   00A8H  1
Motor. . . . . . . . . . . . . . . . .  ABSBIT   -----  BIT      0090H  1
RD . . . . . . . . . . . . . . . . . .  ABSBIT   -----  BIT      00B7H  1
_Motor_SetSpeed. . . . . . . . . . . .  PUBLIC   CODE   PROC     0000H  -----
  Speed. . . . . . . . . . . . . . . .  * REG *  DATA   U_CHAR   0007H  1
ES . . . . . . . . . . . . . . . . . .  ABSBIT   -----  BIT      00ACH  1
IP . . . . . . . . . . . . . . . . . .  SFR      DATA   U_CHAR   00B8H  1
RI . . . . . . . . . . . . . . . . . .  ABSBIT   -----  BIT      0098H  1
INT0 . . . . . . . . . . . . . . . . .  ABSBIT   -----  BIT      00B2H  1
CY . . . . . . . . . . . . . . . . . .  ABSBIT   -----  BIT      00D7H  1
TI . . . . . . . . . . . . . . . . . .  ABSBIT   -----  BIT      0099H  1
INT1 . . . . . . . . . . . . . . . . .  ABSBIT   -----  BIT      00B3H  1
PS . . . . . . . . . . . . . . . . . .  ABSBIT   -----  BIT      00BCH  1
SP . . . . . . . . . . . . . . . . . .  SFR      DATA   U_CHAR   0081H  1
OV . . . . . . . . . . . . . . . . . .  ABSBIT   -----  BIT      00D2H  1
WR . . . . . . . . . . . . . . . . . .  ABSBIT   -----  BIT      00B6H  1
Timer1_Init. . . . . . . . . . . . . .  EXTERN   CODE   PROC     -----  -----
SBUF . . . . . . . . . . . . . . . . .  SFR      DATA   U_CHAR   0099H  1
PCON . . . . . . . . . . . . . . . . .  SFR      DATA   U_CHAR   0087H  1
SCON . . . . . . . . . . . . . . . . .  SFR      DATA   U_CHAR   0098H  1
TMOD . . . . . . . . . . . . . . . . .  SFR      DATA   U_CHAR   0089H  1
TCON . . . . . . . . . . . . . . . . .  SFR      DATA   U_CHAR   0088H  1
IE0. . . . . . . . . . . . . . . . . .  ABSBIT   -----  BIT      0089H  1
IE1. . . . . . . . . . . . . . . . . .  ABSBIT   -----  BIT      008BH  1
B. . . . . . . . . . . . . . . . . . .  SFR      DATA   U_CHAR   00F0H  1
ACC. . . . . . . . . . . . . . . . . .  SFR      DATA   U_CHAR   00E0H  1
ET0. . . . . . . . . . . . . . . . . .  ABSBIT   -----  BIT      00A9H  1
ET1. . . . . . . . . . . . . . . . . .  ABSBIT   -----  BIT      00ABH  1
TF0. . . . . . . . . . . . . . . . . .  ABSBIT   -----  BIT      008DH  1
Compare. . . . . . . . . . . . . . . .  PUBLIC   DATA   U_CHAR   0000H  1
TF1. . . . . . . . . . . . . . . . . .  ABSBIT   -----  BIT      008FH  1
RB8. . . . . . . . . . . . . . . . . .  ABSBIT   -----  BIT      009AH  1
TH0. . . . . . . . . . . . . . . . . .  SFR      DATA   U_CHAR   008CH  1
EX0. . . . . . . . . . . . . . . . . .  ABSBIT   -----  BIT      00A8H  1
IT0. . . . . . . . . . . . . . . . . .  ABSBIT   -----  BIT      0088H  1
TH1. . . . . . . . . . . . . . . . . .  SFR      DATA   U_CHAR   008DH  1
TB8. . . . . . . . . . . . . . . . . .  ABSBIT   -----  BIT      009BH  1
EX1. . . . . . . . . . . . . . . . . .  ABSBIT   -----  BIT      00AAH  1
IT1. . . . . . . . . . . . . . . . . .  ABSBIT   -----  BIT      008AH  1
P. . . . . . . . . . . . . . . . . . .  ABSBIT   -----  BIT      00D0H  1
SM0. . . . . . . . . . . . . . . . . .  ABSBIT   -----  BIT      009FH  1
TL0. . . . . . . . . . . . . . . . . .  SFR      DATA   U_CHAR   008AH  1
SM1. . . . . . . . . . . . . . . . . .  ABSBIT   -----  BIT      009EH  1
TL1. . . . . . . . . . . . . . . . . .  SFR      DATA   U_CHAR   008BH  1
SM2. . . . . . . . . . . . . . . . . .  ABSBIT   -----  BIT      009DH  1
PT0. . . . . . . . . . . . . . . . . .  ABSBIT   -----  BIT      00B9H  1
PT1. . . . . . . . . . . . . . . . . .  ABSBIT   -----  BIT      00BBH  1
C51 COMPILER V9.54   MOTOR                                                                 08/11/2023 16:16:51 PAGE 4   

NAME                                    CLASS   MSPACE  TYPE    OFFSET  SIZE
====                                    =====   ======  ====    ======  ====


RS0. . . . . . . . . . . . . . . . . .  ABSBIT   -----  BIT      00D3H  1
TR0. . . . . . . . . . . . . . . . . .  ABSBIT   -----  BIT      008CH  1
RS1. . . . . . . . . . . . . . . . . .  ABSBIT   -----  BIT      00D4H  1
TR1. . . . . . . . . . . . . . . . . .  ABSBIT   -----  BIT      008EH  1
PX0. . . . . . . . . . . . . . . . . .  ABSBIT   -----  BIT      00B8H  1
PX1. . . . . . . . . . . . . . . . . .  ABSBIT   -----  BIT      00BAH  1
DPH. . . . . . . . . . . . . . . . . .  SFR      DATA   U_CHAR   0083H  1
DPL. . . . . . . . . . . . . . . . . .  SFR      DATA   U_CHAR   0082H  1
Counter. . . . . . . . . . . . . . . .  PUBLIC   DATA   U_CHAR   0001H  1
REN. . . . . . . . . . . . . . . . . .  ABSBIT   -----  BIT      009CH  1
RXD. . . . . . . . . . . . . . . . . .  ABSBIT   -----  BIT      00B0H  1
TXD. . . . . . . . . . . . . . . . . .  ABSBIT   -----  BIT      00B1H  1
F0 . . . . . . . . . . . . . . . . . .  ABSBIT   -----  BIT      00D5H  1
PSW. . . . . . . . . . . . . . . . . .  SFR      DATA   U_CHAR   00D0H  1


MODULE INFORMATION:   STATIC OVERLAYABLE
   CODE SIZE        =     52    ----
   CONSTANT SIZE    =   ----    ----
   XDATA SIZE       =   ----    ----
   PDATA SIZE       =   ----    ----
   DATA SIZE        =      2    ----
   IDATA SIZE       =   ----    ----
   BIT SIZE         =   ----    ----
   EDATA SIZE       =   ----    ----
   HDATA SIZE       =   ----    ----
   XDATA CONST SIZE =   ----    ----
   FAR CONST SIZE   =   ----    ----
END OF MODULE INFORMATION.


C51 COMPILATION COMPLETE.  0 WARNING(S),  0 ERROR(S)
